<?xml version="1.0" encoding="UTF-8"?>
<!-- Generated by org.testng.reporters.JUnitReportReporter -->
<testsuite hostname="DESKTOP-4EHNAOM" failures="0" tests="4" name="NewFrameWork.TestClassMwc" time="6.452" errors="0" timestamp="2024-06-07T16:52:02 IST" skipped="0">
  <testcase classname="NewFrameWork.TestClassMwc" name="MWCRestApiFuntValidations" time="0.183"/>
  <system-out/>
  <testcase classname="NewFrameWork.TestClassMwc" name="MWCRestApiFuntValidations" time="5.577"/>
  <system-out/>
  <testcase classname="NewFrameWork.TestClassMwc" name="MWCRestApiFuntValidations" time="0.478"/>
  <system-out/>
  <testcase classname="NewFrameWork.TestClassMwc" name="MWCRestApiFuntValidations" time="0.214"/>
  <system-out/>
</testsuite> <!-- NewFrameWork.TestClassMwc -->
