<?xml version="1.0" encoding="UTF-8"?>
<!-- Generated by org.testng.reporters.JUnitReportReporter -->
<testsuite hostname="DESKTOP-4EHNAOM" failures="0" tests="344" name="MonacoAdminPortalPKG.MWCApiTestclass" time="49.108" errors="0" timestamp="2024-05-23T09:38:12 IST" skipped="0">
  <testcase classname="MonacoAdminPortalPKG.MWCApiTestclass" name="MWCAdminRestApiTest" time="0.199"/>
  <system-out/>
  <testcase classname="MonacoAdminPortalPKG.MWCApiTestclass" name="MWCAdminRestApiTest" time="0.118"/>
  <system-out/>
  <testcase classname="MonacoAdminPortalPKG.MWCApiTestclass" name="MWCAdminRestApiTest" time="0.120"/>
  <system-out/>
  <testcase classname="MonacoAdminPortalPKG.MWCApiTestclass" name="MWCAdminRestApiTest" time="0.099"/>
  <system-out/>
  <testcase classname="MonacoAdminPortalPKG.MWCApiTestclass" name="MWCAdminRestApiTest" time="0.155"/>
  <system-out/>
  <testcase classname="MonacoAdminPortalPKG.MWCApiTestclass" name="MWCAdminRestApiTest" time="0.015"/>
  <system-out/>
  <testcase classname="MonacoAdminPortalPKG.MWCApiTestclass" name="MWCAdminRestApiTest" time="0.088"/>
  <system-out/>
  <testcase classname="MonacoAdminPortalPKG.MWCApiTestclass" name="MWCAdminRestApiTest" time="0.024"/>
  <system-out/>
  <testcase classname="MonacoAdminPortalPKG.MWCApiTestclass" name="MWCAdminRestApiTest" time="0.017"/>
  <system-out/>
  <testcase classname="MonacoAdminPortalPKG.MWCApiTestclass" name="MWCAdminRestApiTest" time="0.163"/>
  <system-out/>
  <testcase classname="MonacoAdminPortalPKG.MWCApiTestclass" name="MWCAdminRestApiTest" time="0.171"/>
  <system-out/>
  <testcase classname="MonacoAdminPortalPKG.MWCApiTestclass" name="MWCAdminRestApiTest" time="0.226"/>
  <system-out/>
  <testcase classname="MonacoAdminPortalPKG.MWCApiTestclass" name="MWCAdminRestApiTest" time="0.139"/>
  <system-out/>
  <testcase classname="MonacoAdminPortalPKG.MWCApiTestclass" name="MWCAdminRestApiTest" time="0.058"/>
  <system-out/>
  <testcase classname="MonacoAdminPortalPKG.MWCApiTestclass" name="MWCAdminRestApiTest" time="0.103"/>
  <system-out/>
  <testcase classname="MonacoAdminPortalPKG.MWCApiTestclass" name="MWCAdminRestApiTest" time="0.025"/>
  <system-out/>
  <testcase classname="MonacoAdminPortalPKG.MWCApiTestclass" name="MWCAdminRestApiTest" time="0.199"/>
  <system-out/>
  <testcase classname="MonacoAdminPortalPKG.MWCApiTestclass" name="MWCAdminRestApiTest" time="0.090"/>
  <system-out/>
  <testcase classname="MonacoAdminPortalPKG.MWCApiTestclass" name="MWCAdminRestApiTest" time="0.100"/>
  <system-out/>
  <testcase classname="MonacoAdminPortalPKG.MWCApiTestclass" name="MWCAdminRestApiTest" time="0.026"/>
  <system-out/>
  <testcase classname="MonacoAdminPortalPKG.MWCApiTestclass" name="MWCAdminRestApiTest" time="0.036"/>
  <system-out/>
  <testcase classname="MonacoAdminPortalPKG.MWCApiTestclass" name="MWCAdminRestApiTest" time="0.052"/>
  <system-out/>
  <testcase classname="MonacoAdminPortalPKG.MWCApiTestclass" name="MWCAdminRestApiTest" time="0.401"/>
  <system-out/>
  <testcase classname="MonacoAdminPortalPKG.MWCApiTestclass" name="MWCAdminRestApiTest" time="0.156"/>
  <system-out/>
  <testcase classname="MonacoAdminPortalPKG.MWCApiTestclass" name="MWCAdminRestApiTest" time="0.045"/>
  <system-out/>
  <testcase classname="MonacoAdminPortalPKG.MWCApiTestclass" name="MWCAdminRestApiTest" time="0.152"/>
  <system-out/>
  <testcase classname="MonacoAdminPortalPKG.MWCApiTestclass" name="MWCAdminRestApiTest" time="0.145"/>
  <system-out/>
  <testcase classname="MonacoAdminPortalPKG.MWCApiTestclass" name="MWCAdminRestApiTest" time="0.141"/>
  <system-out/>
  <testcase classname="MonacoAdminPortalPKG.MWCApiTestclass" name="MWCAdminRestApiTest" time="0.176"/>
  <system-out/>
  <testcase classname="MonacoAdminPortalPKG.MWCApiTestclass" name="MWCAdminRestApiTest" time="0.093"/>
  <system-out/>
  <testcase classname="MonacoAdminPortalPKG.MWCApiTestclass" name="MWCAdminRestApiTest" time="0.148"/>
  <system-out/>
  <testcase classname="MonacoAdminPortalPKG.MWCApiTestclass" name="MWCAdminRestApiTest" time="0.069"/>
  <system-out/>
  <testcase classname="MonacoAdminPortalPKG.MWCApiTestclass" name="MWCAdminRestApiTest" time="0.106"/>
  <system-out/>
  <testcase classname="MonacoAdminPortalPKG.MWCApiTestclass" name="MWCAdminRestApiTest" time="0.173"/>
  <system-out/>
  <testcase classname="MonacoAdminPortalPKG.MWCApiTestclass" name="MWCAdminRestApiTest" time="0.290"/>
  <system-out/>
  <testcase classname="MonacoAdminPortalPKG.MWCApiTestclass" name="MWCAdminRestApiTest" time="0.140"/>
  <system-out/>
  <testcase classname="MonacoAdminPortalPKG.MWCApiTestclass" name="MWCAdminRestApiTest" time="0.092"/>
  <system-out/>
  <testcase classname="MonacoAdminPortalPKG.MWCApiTestclass" name="MWCAdminRestApiTest" time="0.039"/>
  <system-out/>
  <testcase classname="MonacoAdminPortalPKG.MWCApiTestclass" name="MWCAdminRestApiTest" time="0.088"/>
  <system-out/>
  <testcase classname="MonacoAdminPortalPKG.MWCApiTestclass" name="MWCAdminRestApiTest" time="0.099"/>
  <system-out/>
  <testcase classname="MonacoAdminPortalPKG.MWCApiTestclass" name="MWCAdminRestApiTest" time="0.120"/>
  <system-out/>
  <testcase classname="MonacoAdminPortalPKG.MWCApiTestclass" name="MWCAdminRestApiTest" time="0.152"/>
  <system-out/>
  <testcase classname="MonacoAdminPortalPKG.MWCApiTestclass" name="MWCAdminRestApiTest" time="0.158"/>
  <system-out/>
  <testcase classname="MonacoAdminPortalPKG.MWCApiTestclass" name="MWCAdminRestApiTest" time="0.024"/>
  <system-out/>
  <testcase classname="MonacoAdminPortalPKG.MWCApiTestclass" name="MWCAdminRestApiTest" time="0.104"/>
  <system-out/>
  <testcase classname="MonacoAdminPortalPKG.MWCApiTestclass" name="MWCAdminRestApiTest" time="0.046"/>
  <system-out/>
  <testcase classname="MonacoAdminPortalPKG.MWCApiTestclass" name="MWCAdminRestApiTest" time="0.109"/>
  <system-out/>
  <testcase classname="MonacoAdminPortalPKG.MWCApiTestclass" name="MWCAdminRestApiTest" time="0.119"/>
  <system-out/>
  <testcase classname="MonacoAdminPortalPKG.MWCApiTestclass" name="MWCAdminRestApiTest" time="0.126"/>
  <system-out/>
  <testcase classname="MonacoAdminPortalPKG.MWCApiTestclass" name="MWCAdminRestApiTest" time="0.190"/>
  <system-out/>
  <testcase classname="MonacoAdminPortalPKG.MWCApiTestclass" name="MWCAdminRestApiTest" time="0.152"/>
  <system-out/>
  <testcase classname="MonacoAdminPortalPKG.MWCApiTestclass" name="MWCAdminRestApiTest" time="0.047"/>
  <system-out/>
  <testcase classname="MonacoAdminPortalPKG.MWCApiTestclass" name="MWCAdminRestApiTest" time="0.161"/>
  <system-out/>
  <testcase classname="MonacoAdminPortalPKG.MWCApiTestclass" name="MWCAdminRestApiTest" time="0.105"/>
  <system-out/>
  <testcase classname="MonacoAdminPortalPKG.MWCApiTestclass" name="MWCAdminRestApiTest" time="0.093"/>
  <system-out/>
  <testcase classname="MonacoAdminPortalPKG.MWCApiTestclass" name="MWCAdminRestApiTest" time="0.209"/>
  <system-out/>
  <testcase classname="MonacoAdminPortalPKG.MWCApiTestclass" name="MWCAdminRestApiTest" time="0.125"/>
  <system-out/>
  <testcase classname="MonacoAdminPortalPKG.MWCApiTestclass" name="MWCAdminRestApiTest" time="0.172"/>
  <system-out/>
  <testcase classname="MonacoAdminPortalPKG.MWCApiTestclass" name="MWCAdminRestApiTest" time="0.176"/>
  <system-out/>
  <testcase classname="MonacoAdminPortalPKG.MWCApiTestclass" name="MWCAdminRestApiTest" time="0.251"/>
  <system-out/>
  <testcase classname="MonacoAdminPortalPKG.MWCApiTestclass" name="MWCAdminRestApiTest" time="0.117"/>
  <system-out/>
  <testcase classname="MonacoAdminPortalPKG.MWCApiTestclass" name="MWCAdminRestApiTest" time="0.109"/>
  <system-out/>
  <testcase classname="MonacoAdminPortalPKG.MWCApiTestclass" name="MWCAdminRestApiTest" time="0.057"/>
  <system-out/>
  <testcase classname="MonacoAdminPortalPKG.MWCApiTestclass" name="MWCAdminRestApiTest" time="0.140"/>
  <system-out/>
  <testcase classname="MonacoAdminPortalPKG.MWCApiTestclass" name="MWCAdminRestApiTest" time="0.142"/>
  <system-out/>
  <testcase classname="MonacoAdminPortalPKG.MWCApiTestclass" name="MWCAdminRestApiTest" time="0.180"/>
  <system-out/>
  <testcase classname="MonacoAdminPortalPKG.MWCApiTestclass" name="MWCAdminRestApiTest" time="0.135"/>
  <system-out/>
  <testcase classname="MonacoAdminPortalPKG.MWCApiTestclass" name="MWCAdminRestApiTest" time="0.113"/>
  <system-out/>
  <testcase classname="MonacoAdminPortalPKG.MWCApiTestclass" name="MWCAdminRestApiTest" time="0.124"/>
  <system-out/>
  <testcase classname="MonacoAdminPortalPKG.MWCApiTestclass" name="MWCAdminRestApiTest" time="0.065"/>
  <system-out/>
  <testcase classname="MonacoAdminPortalPKG.MWCApiTestclass" name="MWCAdminRestApiTest" time="0.132"/>
  <system-out/>
  <testcase classname="MonacoAdminPortalPKG.MWCApiTestclass" name="MWCAdminRestApiTest" time="0.130"/>
  <system-out/>
  <testcase classname="MonacoAdminPortalPKG.MWCApiTestclass" name="MWCAdminRestApiTest" time="0.016"/>
  <system-out/>
  <testcase classname="MonacoAdminPortalPKG.MWCApiTestclass" name="MWCAdminRestApiTest" time="0.039"/>
  <system-out/>
  <testcase classname="MonacoAdminPortalPKG.MWCApiTestclass" name="MWCAdminRestApiTest" time="0.207"/>
  <system-out/>
  <testcase classname="MonacoAdminPortalPKG.MWCApiTestclass" name="MWCAdminRestApiTest" time="0.241"/>
  <system-out/>
  <testcase classname="MonacoAdminPortalPKG.MWCApiTestclass" name="MWCAdminRestApiTest" time="0.068"/>
  <system-out/>
  <testcase classname="MonacoAdminPortalPKG.MWCApiTestclass" name="MWCAdminRestApiTest" time="0.139"/>
  <system-out/>
  <testcase classname="MonacoAdminPortalPKG.MWCApiTestclass" name="MWCAdminRestApiTest" time="0.212"/>
  <system-out/>
  <testcase classname="MonacoAdminPortalPKG.MWCApiTestclass" name="MWCAdminRestApiTest" time="0.113"/>
  <system-out/>
  <testcase classname="MonacoAdminPortalPKG.MWCApiTestclass" name="MWCAdminRestApiTest" time="0.140"/>
  <system-out/>
  <testcase classname="MonacoAdminPortalPKG.MWCApiTestclass" name="MWCAdminRestApiTest" time="0.138"/>
  <system-out/>
  <testcase classname="MonacoAdminPortalPKG.MWCApiTestclass" name="MWCAdminRestApiTest" time="0.171"/>
  <system-out/>
  <testcase classname="MonacoAdminPortalPKG.MWCApiTestclass" name="MWCAdminRestApiTest" time="0.127"/>
  <system-out/>
  <testcase classname="MonacoAdminPortalPKG.MWCApiTestclass" name="MWCAdminRestApiTest" time="0.245"/>
  <system-out/>
  <testcase classname="MonacoAdminPortalPKG.MWCApiTestclass" name="MWCAdminRestApiTest" time="0.097"/>
  <system-out/>
  <testcase classname="MonacoAdminPortalPKG.MWCApiTestclass" name="MWCAdminRestApiTest" time="0.223"/>
  <system-out/>
  <testcase classname="MonacoAdminPortalPKG.MWCApiTestclass" name="MWCAdminRestApiTest" time="0.185"/>
  <system-out/>
  <testcase classname="MonacoAdminPortalPKG.MWCApiTestclass" name="MWCAdminRestApiTest" time="0.149"/>
  <system-out/>
  <testcase classname="MonacoAdminPortalPKG.MWCApiTestclass" name="MWCAdminRestApiTest" time="0.236"/>
  <system-out/>
  <testcase classname="MonacoAdminPortalPKG.MWCApiTestclass" name="MWCAdminRestApiTest" time="0.109"/>
  <system-out/>
  <testcase classname="MonacoAdminPortalPKG.MWCApiTestclass" name="MWCAdminRestApiTest" time="0.141"/>
  <system-out/>
  <testcase classname="MonacoAdminPortalPKG.MWCApiTestclass" name="MWCAdminRestApiTest" time="0.150"/>
  <system-out/>
  <testcase classname="MonacoAdminPortalPKG.MWCApiTestclass" name="MWCAdminRestApiTest" time="0.123"/>
  <system-out/>
  <testcase classname="MonacoAdminPortalPKG.MWCApiTestclass" name="MWCAdminRestApiTest" time="0.016"/>
  <system-out/>
  <testcase classname="MonacoAdminPortalPKG.MWCApiTestclass" name="MWCAdminRestApiTest" time="0.104"/>
  <system-out/>
  <testcase classname="MonacoAdminPortalPKG.MWCApiTestclass" name="MWCAdminRestApiTest" time="0.231"/>
  <system-out/>
  <testcase classname="MonacoAdminPortalPKG.MWCApiTestclass" name="MWCAdminRestApiTest" time="0.107"/>
  <system-out/>
  <testcase classname="MonacoAdminPortalPKG.MWCApiTestclass" name="MWCAdminRestApiTest" time="0.123"/>
  <system-out/>
  <testcase classname="MonacoAdminPortalPKG.MWCApiTestclass" name="MWCAdminRestApiTest" time="0.108"/>
  <system-out/>
  <testcase classname="MonacoAdminPortalPKG.MWCApiTestclass" name="MWCAdminRestApiTest" time="0.105"/>
  <system-out/>
  <testcase classname="MonacoAdminPortalPKG.MWCApiTestclass" name="MWCAdminRestApiTest" time="0.112"/>
  <system-out/>
  <testcase classname="MonacoAdminPortalPKG.MWCApiTestclass" name="MWCAdminRestApiTest" time="0.043"/>
  <system-out/>
  <testcase classname="MonacoAdminPortalPKG.MWCApiTestclass" name="MWCAdminRestApiTest" time="0.077"/>
  <system-out/>
  <testcase classname="MonacoAdminPortalPKG.MWCApiTestclass" name="MWCAdminRestApiTest" time="0.175"/>
  <system-out/>
  <testcase classname="MonacoAdminPortalPKG.MWCApiTestclass" name="MWCAdminRestApiTest" time="0.116"/>
  <system-out/>
  <testcase classname="MonacoAdminPortalPKG.MWCApiTestclass" name="MWCAdminRestApiTest" time="0.119"/>
  <system-out/>
  <testcase classname="MonacoAdminPortalPKG.MWCApiTestclass" name="MWCAdminRestApiTest" time="0.025"/>
  <system-out/>
  <testcase classname="MonacoAdminPortalPKG.MWCApiTestclass" name="MWCAdminRestApiTest" time="0.168"/>
  <system-out/>
  <testcase classname="MonacoAdminPortalPKG.MWCApiTestclass" name="MWCAdminRestApiTest" time="0.113"/>
  <system-out/>
  <testcase classname="MonacoAdminPortalPKG.MWCApiTestclass" name="MWCAdminRestApiTest" time="0.157"/>
  <system-out/>
  <testcase classname="MonacoAdminPortalPKG.MWCApiTestclass" name="MWCAdminRestApiTest" time="0.119"/>
  <system-out/>
  <testcase classname="MonacoAdminPortalPKG.MWCApiTestclass" name="MWCAdminRestApiTest" time="0.641"/>
  <system-out/>
  <testcase classname="MonacoAdminPortalPKG.MWCApiTestclass" name="MWCAdminRestApiTest" time="0.164"/>
  <system-out/>
  <testcase classname="MonacoAdminPortalPKG.MWCApiTestclass" name="MWCAdminRestApiTest" time="0.063"/>
  <system-out/>
  <testcase classname="MonacoAdminPortalPKG.MWCApiTestclass" name="MWCAdminRestApiTest" time="0.164"/>
  <system-out/>
  <testcase classname="MonacoAdminPortalPKG.MWCApiTestclass" name="MWCAdminRestApiTest" time="0.114"/>
  <system-out/>
  <testcase classname="MonacoAdminPortalPKG.MWCApiTestclass" name="MWCAdminRestApiTest" time="0.094"/>
  <system-out/>
  <testcase classname="MonacoAdminPortalPKG.MWCApiTestclass" name="MWCAdminRestApiTest" time="0.231"/>
  <system-out/>
  <testcase classname="MonacoAdminPortalPKG.MWCApiTestclass" name="MWCAdminRestApiTest" time="0.118"/>
  <system-out/>
  <testcase classname="MonacoAdminPortalPKG.MWCApiTestclass" name="MWCAdminRestApiTest" time="0.070"/>
  <system-out/>
  <testcase classname="MonacoAdminPortalPKG.MWCApiTestclass" name="MWCAdminRestApiTest" time="0.017"/>
  <system-out/>
  <testcase classname="MonacoAdminPortalPKG.MWCApiTestclass" name="MWCAdminRestApiTest" time="0.118"/>
  <system-out/>
  <testcase classname="MonacoAdminPortalPKG.MWCApiTestclass" name="MWCAdminRestApiTest" time="0.200"/>
  <system-out/>
  <testcase classname="MonacoAdminPortalPKG.MWCApiTestclass" name="MWCAdminRestApiTest" time="0.026"/>
  <system-out/>
  <testcase classname="MonacoAdminPortalPKG.MWCApiTestclass" name="MWCAdminRestApiTest" time="0.104"/>
  <system-out/>
  <testcase classname="MonacoAdminPortalPKG.MWCApiTestclass" name="MWCAdminRestApiTest" time="0.103"/>
  <system-out/>
  <testcase classname="MonacoAdminPortalPKG.MWCApiTestclass" name="MWCAdminRestApiTest" time="0.138"/>
  <system-out/>
  <testcase classname="MonacoAdminPortalPKG.MWCApiTestclass" name="MWCAdminRestApiTest" time="0.104"/>
  <system-out/>
  <testcase classname="MonacoAdminPortalPKG.MWCApiTestclass" name="MWCAdminRestApiTest" time="0.175"/>
  <system-out/>
  <testcase classname="MonacoAdminPortalPKG.MWCApiTestclass" name="MWCAdminRestApiTest" time="0.128"/>
  <system-out/>
  <testcase classname="MonacoAdminPortalPKG.MWCApiTestclass" name="MWCAdminRestApiTest" time="0.114"/>
  <system-out/>
  <testcase classname="MonacoAdminPortalPKG.MWCApiTestclass" name="MWCAdminRestApiTest" time="0.053"/>
  <system-out/>
  <testcase classname="MonacoAdminPortalPKG.MWCApiTestclass" name="MWCAdminRestApiTest" time="0.189"/>
  <system-out/>
  <testcase classname="MonacoAdminPortalPKG.MWCApiTestclass" name="MWCAdminRestApiTest" time="0.208"/>
  <system-out/>
  <testcase classname="MonacoAdminPortalPKG.MWCApiTestclass" name="MWCAdminRestApiTest" time="0.097"/>
  <system-out/>
  <testcase classname="MonacoAdminPortalPKG.MWCApiTestclass" name="MWCAdminRestApiTest" time="0.257"/>
  <system-out/>
  <testcase classname="MonacoAdminPortalPKG.MWCApiTestclass" name="MWCAdminRestApiTest" time="0.132"/>
  <system-out/>
  <testcase classname="MonacoAdminPortalPKG.MWCApiTestclass" name="MWCAdminRestApiTest" time="0.114"/>
  <system-out/>
  <testcase classname="MonacoAdminPortalPKG.MWCApiTestclass" name="MWCAdminRestApiTest" time="0.473"/>
  <system-out/>
  <testcase classname="MonacoAdminPortalPKG.MWCApiTestclass" name="MWCAdminRestApiTest" time="0.098"/>
  <system-out/>
  <testcase classname="MonacoAdminPortalPKG.MWCApiTestclass" name="MWCAdminRestApiTest" time="0.133"/>
  <system-out/>
  <testcase classname="MonacoAdminPortalPKG.MWCApiTestclass" name="MWCAdminRestApiTest" time="0.123"/>
  <system-out/>
  <testcase classname="MonacoAdminPortalPKG.MWCApiTestclass" name="MWCAdminRestApiTest" time="0.124"/>
  <system-out/>
  <testcase classname="MonacoAdminPortalPKG.MWCApiTestclass" name="MWCAdminRestApiTest" time="0.128"/>
  <system-out/>
  <testcase classname="MonacoAdminPortalPKG.MWCApiTestclass" name="MWCAdminRestApiTest" time="0.202"/>
  <system-out/>
  <testcase classname="MonacoAdminPortalPKG.MWCApiTestclass" name="MWCAdminRestApiTest" time="0.054"/>
  <system-out/>
  <testcase classname="MonacoAdminPortalPKG.MWCApiTestclass" name="MWCAdminRestApiTest" time="0.119"/>
  <system-out/>
  <testcase classname="MonacoAdminPortalPKG.MWCApiTestclass" name="MWCAdminRestApiTest" time="0.033"/>
  <system-out/>
  <testcase classname="MonacoAdminPortalPKG.MWCApiTestclass" name="MWCAdminRestApiTest" time="0.118"/>
  <system-out/>
  <testcase classname="MonacoAdminPortalPKG.MWCApiTestclass" name="MWCAdminRestApiTest" time="0.132"/>
  <system-out/>
  <testcase classname="MonacoAdminPortalPKG.MWCApiTestclass" name="MWCAdminRestApiTest" time="0.098"/>
  <system-out/>
  <testcase classname="MonacoAdminPortalPKG.MWCApiTestclass" name="MWCAdminRestApiTest" time="0.108"/>
  <system-out/>
  <testcase classname="MonacoAdminPortalPKG.MWCApiTestclass" name="MWCAdminRestApiTest" time="0.171"/>
  <system-out/>
  <testcase classname="MonacoAdminPortalPKG.MWCApiTestclass" name="MWCAdminRestApiTest" time="0.041"/>
  <system-out/>
  <testcase classname="MonacoAdminPortalPKG.MWCApiTestclass" name="MWCAdminRestApiTest" time="0.162"/>
  <system-out/>
  <testcase classname="MonacoAdminPortalPKG.MWCApiTestclass" name="MWCAdminRestApiTest" time="0.041"/>
  <system-out/>
  <testcase classname="MonacoAdminPortalPKG.MWCApiTestclass" name="MWCAdminRestApiTest" time="0.110"/>
  <system-out/>
  <testcase classname="MonacoAdminPortalPKG.MWCApiTestclass" name="MWCAdminRestApiTest" time="0.099"/>
  <system-out/>
  <testcase classname="MonacoAdminPortalPKG.MWCApiTestclass" name="MWCAdminRestApiTest" time="0.111"/>
  <system-out/>
  <testcase classname="MonacoAdminPortalPKG.MWCApiTestclass" name="MWCAdminRestApiTest" time="0.118"/>
  <system-out/>
  <testcase classname="MonacoAdminPortalPKG.MWCApiTestclass" name="MWCAdminRestApiTest" time="0.111"/>
  <system-out/>
  <testcase classname="MonacoAdminPortalPKG.MWCApiTestclass" name="MWCAdminRestApiTest" time="0.264"/>
  <system-out/>
  <testcase classname="MonacoAdminPortalPKG.MWCApiTestclass" name="MWCAdminRestApiTest" time="0.114"/>
  <system-out/>
  <testcase classname="MonacoAdminPortalPKG.MWCApiTestclass" name="MWCAdminRestApiTest" time="0.158"/>
  <system-out/>
  <testcase classname="MonacoAdminPortalPKG.MWCApiTestclass" name="MWCAdminRestApiTest" time="0.029"/>
  <system-out/>
  <testcase classname="MonacoAdminPortalPKG.MWCApiTestclass" name="MWCAdminRestApiTest" time="0.044"/>
  <system-out/>
  <testcase classname="MonacoAdminPortalPKG.MWCApiTestclass" name="MWCAdminRestApiTest" time="0.151"/>
  <system-out/>
  <testcase classname="MonacoAdminPortalPKG.MWCApiTestclass" name="MWCAdminRestApiTest" time="0.160"/>
  <system-out/>
  <testcase classname="MonacoAdminPortalPKG.MWCApiTestclass" name="MWCAdminRestApiTest" time="0.294"/>
  <system-out/>
  <testcase classname="MonacoAdminPortalPKG.MWCApiTestclass" name="MWCAdminRestApiTest" time="0.110"/>
  <system-out/>
  <testcase classname="MonacoAdminPortalPKG.MWCApiTestclass" name="MWCAdminRestApiTest" time="0.233"/>
  <system-out/>
  <testcase classname="MonacoAdminPortalPKG.MWCApiTestclass" name="MWCAdminRestApiTest" time="0.180"/>
  <system-out/>
  <testcase classname="MonacoAdminPortalPKG.MWCApiTestclass" name="MWCAdminRestApiTest" time="0.175"/>
  <system-out/>
  <testcase classname="MonacoAdminPortalPKG.MWCApiTestclass" name="MWCAdminRestApiTest" time="0.080"/>
  <system-out/>
  <testcase classname="MonacoAdminPortalPKG.MWCApiTestclass" name="MWCAdminRestApiTest" time="0.018"/>
  <system-out/>
  <testcase classname="MonacoAdminPortalPKG.MWCApiTestclass" name="MWCAdminRestApiTest" time="0.108"/>
  <system-out/>
  <testcase classname="MonacoAdminPortalPKG.MWCApiTestclass" name="MWCAdminRestApiTest" time="0.147"/>
  <system-out/>
  <testcase classname="MonacoAdminPortalPKG.MWCApiTestclass" name="MWCAdminRestApiTest" time="0.132"/>
  <system-out/>
  <testcase classname="MonacoAdminPortalPKG.MWCApiTestclass" name="MWCAdminRestApiTest" time="0.197"/>
  <system-out/>
  <testcase classname="MonacoAdminPortalPKG.MWCApiTestclass" name="MWCAdminRestApiTest" time="0.248"/>
  <system-out/>
  <testcase classname="MonacoAdminPortalPKG.MWCApiTestclass" name="MWCAdminRestApiTest" time="0.136"/>
  <system-out/>
  <testcase classname="MonacoAdminPortalPKG.MWCApiTestclass" name="MWCAdminRestApiTest" time="0.024"/>
  <system-out/>
  <testcase classname="MonacoAdminPortalPKG.MWCApiTestclass" name="MWCAdminRestApiTest" time="0.112"/>
  <system-out/>
  <testcase classname="MonacoAdminPortalPKG.MWCApiTestclass" name="MWCAdminRestApiTest" time="0.382"/>
  <system-out/>
  <testcase classname="MonacoAdminPortalPKG.MWCApiTestclass" name="MWCAdminRestApiTest" time="0.147"/>
  <system-out/>
  <testcase classname="MonacoAdminPortalPKG.MWCApiTestclass" name="MWCAdminRestApiTest" time="0.134"/>
  <system-out/>
  <testcase classname="MonacoAdminPortalPKG.MWCApiTestclass" name="MWCAdminRestApiTest" time="0.274"/>
  <system-out/>
  <testcase classname="MonacoAdminPortalPKG.MWCApiTestclass" name="MWCAdminRestApiTest" time="0.143"/>
  <system-out/>
  <testcase classname="MonacoAdminPortalPKG.MWCApiTestclass" name="MWCAdminRestApiTest" time="0.121"/>
  <system-out/>
  <testcase classname="MonacoAdminPortalPKG.MWCApiTestclass" name="MWCAdminRestApiTest" time="0.146"/>
  <system-out/>
  <testcase classname="MonacoAdminPortalPKG.MWCApiTestclass" name="MWCAdminRestApiTest" time="0.107"/>
  <system-out/>
  <testcase classname="MonacoAdminPortalPKG.MWCApiTestclass" name="MWCAdminRestApiTest" time="0.122"/>
  <system-out/>
  <testcase classname="MonacoAdminPortalPKG.MWCApiTestclass" name="MWCAdminRestApiTest" time="0.132"/>
  <system-out/>
  <testcase classname="MonacoAdminPortalPKG.MWCApiTestclass" name="MWCAdminRestApiTest" time="0.116"/>
  <system-out/>
  <testcase classname="MonacoAdminPortalPKG.MWCApiTestclass" name="MWCAdminRestApiTest" time="0.103"/>
  <system-out/>
  <testcase classname="MonacoAdminPortalPKG.MWCApiTestclass" name="MWCAdminRestApiTest" time="0.438"/>
  <system-out/>
  <testcase classname="MonacoAdminPortalPKG.MWCApiTestclass" name="MWCAdminRestApiTest" time="0.022"/>
  <system-out/>
  <testcase classname="MonacoAdminPortalPKG.MWCApiTestclass" name="MWCAdminRestApiTest" time="0.258"/>
  <system-out/>
  <testcase classname="MonacoAdminPortalPKG.MWCApiTestclass" name="MWCAdminRestApiTest" time="0.127"/>
  <system-out/>
  <testcase classname="MonacoAdminPortalPKG.MWCApiTestclass" name="MWCAdminRestApiTest" time="0.036"/>
  <system-out/>
  <testcase classname="MonacoAdminPortalPKG.MWCApiTestclass" name="MWCAdminRestApiTest" time="0.071"/>
  <system-out/>
  <testcase classname="MonacoAdminPortalPKG.MWCApiTestclass" name="MWCAdminRestApiTest" time="0.191"/>
  <system-out/>
  <testcase classname="MonacoAdminPortalPKG.MWCApiTestclass" name="MWCAdminRestApiTest" time="0.107"/>
  <system-out/>
  <testcase classname="MonacoAdminPortalPKG.MWCApiTestclass" name="MWCAdminRestApiTest" time="0.015"/>
  <system-out/>
  <testcase classname="MonacoAdminPortalPKG.MWCApiTestclass" name="MWCAdminRestApiTest" time="0.098"/>
  <system-out/>
  <testcase classname="MonacoAdminPortalPKG.MWCApiTestclass" name="MWCAdminRestApiTest" time="0.123"/>
  <system-out/>
  <testcase classname="MonacoAdminPortalPKG.MWCApiTestclass" name="MWCAdminRestApiTest" time="0.111"/>
  <system-out/>
  <testcase classname="MonacoAdminPortalPKG.MWCApiTestclass" name="MWCAdminRestApiTest" time="0.047"/>
  <system-out/>
  <testcase classname="MonacoAdminPortalPKG.MWCApiTestclass" name="MWCAdminRestApiTest" time="0.466"/>
  <system-out/>
  <testcase classname="MonacoAdminPortalPKG.MWCApiTestclass" name="MWCAdminRestApiTest" time="0.092"/>
  <system-out/>
  <testcase classname="MonacoAdminPortalPKG.MWCApiTestclass" name="MWCAdminRestApiTest" time="0.113"/>
  <system-out/>
  <testcase classname="MonacoAdminPortalPKG.MWCApiTestclass" name="MWCAdminRestApiTest" time="0.169"/>
  <system-out/>
  <testcase classname="MonacoAdminPortalPKG.MWCApiTestclass" name="MWCAdminRestApiTest" time="0.131"/>
  <system-out/>
  <testcase classname="MonacoAdminPortalPKG.MWCApiTestclass" name="MWCAdminRestApiTest" time="0.102"/>
  <system-out/>
  <testcase classname="MonacoAdminPortalPKG.MWCApiTestclass" name="MWCAdminRestApiTest" time="0.119"/>
  <system-out/>
  <testcase classname="MonacoAdminPortalPKG.MWCApiTestclass" name="MWCAdminRestApiTest" time="0.042"/>
  <system-out/>
  <testcase classname="MonacoAdminPortalPKG.MWCApiTestclass" name="MWCAdminRestApiTest" time="0.132"/>
  <system-out/>
  <testcase classname="MonacoAdminPortalPKG.MWCApiTestclass" name="MWCAdminRestApiTest" time="0.028"/>
  <system-out/>
  <testcase classname="MonacoAdminPortalPKG.MWCApiTestclass" name="MWCAdminRestApiTest" time="0.117"/>
  <system-out/>
  <testcase classname="MonacoAdminPortalPKG.MWCApiTestclass" name="MWCAdminRestApiTest" time="0.065"/>
  <system-out/>
  <testcase classname="MonacoAdminPortalPKG.MWCApiTestclass" name="MWCAdminRestApiTest" time="0.110"/>
  <system-out/>
  <testcase classname="MonacoAdminPortalPKG.MWCApiTestclass" name="MWCAdminRestApiTest" time="0.086"/>
  <system-out/>
  <testcase classname="MonacoAdminPortalPKG.MWCApiTestclass" name="MWCAdminRestApiTest" time="0.126"/>
  <system-out/>
  <testcase classname="MonacoAdminPortalPKG.MWCApiTestclass" name="MWCAdminRestApiTest" time="0.142"/>
  <system-out/>
  <testcase classname="MonacoAdminPortalPKG.MWCApiTestclass" name="MWCAdminRestApiTest" time="0.106"/>
  <system-out/>
  <testcase classname="MonacoAdminPortalPKG.MWCApiTestclass" name="MWCAdminRestApiTest" time="0.100"/>
  <system-out/>
  <testcase classname="MonacoAdminPortalPKG.MWCApiTestclass" name="MWCAdminRestApiTest" time="0.158"/>
  <system-out/>
  <testcase classname="MonacoAdminPortalPKG.MWCApiTestclass" name="MWCAdminRestApiTest" time="0.043"/>
  <system-out/>
  <testcase classname="MonacoAdminPortalPKG.MWCApiTestclass" name="MWCAdminRestApiTest" time="0.047"/>
  <system-out/>
  <testcase classname="MonacoAdminPortalPKG.MWCApiTestclass" name="MWCAdminRestApiTest" time="0.105"/>
  <system-out/>
  <testcase classname="MonacoAdminPortalPKG.MWCApiTestclass" name="MWCAdminRestApiTest" time="0.139"/>
  <system-out/>
  <testcase classname="MonacoAdminPortalPKG.MWCApiTestclass" name="MWCAdminRestApiTest" time="0.024"/>
  <system-out/>
  <testcase classname="MonacoAdminPortalPKG.MWCApiTestclass" name="MWCAdminRestApiTest" time="0.081"/>
  <system-out/>
  <testcase classname="MonacoAdminPortalPKG.MWCApiTestclass" name="MWCAdminRestApiTest" time="0.099"/>
  <system-out/>
  <testcase classname="MonacoAdminPortalPKG.MWCApiTestclass" name="MWCAdminRestApiTest" time="0.114"/>
  <system-out/>
  <testcase classname="MonacoAdminPortalPKG.MWCApiTestclass" name="MWCAdminRestApiTest" time="0.031"/>
  <system-out/>
  <testcase classname="MonacoAdminPortalPKG.MWCApiTestclass" name="MWCAdminRestApiTest" time="0.036"/>
  <system-out/>
  <testcase classname="MonacoAdminPortalPKG.MWCApiTestclass" name="MWCAdminRestApiTest" time="0.127"/>
  <system-out/>
  <testcase classname="MonacoAdminPortalPKG.MWCApiTestclass" name="MWCAdminRestApiTest" time="0.225"/>
  <system-out/>
  <testcase classname="MonacoAdminPortalPKG.MWCApiTestclass" name="MWCAdminRestApiTest" time="0.134"/>
  <system-out/>
  <testcase classname="MonacoAdminPortalPKG.MWCApiTestclass" name="MWCAdminRestApiTest" time="5.266"/>
  <system-out/>
  <testcase classname="MonacoAdminPortalPKG.MWCApiTestclass" name="MWCAdminRestApiTest" time="0.102"/>
  <system-out/>
  <testcase classname="MonacoAdminPortalPKG.MWCApiTestclass" name="MWCAdminRestApiTest" time="0.086"/>
  <system-out/>
  <testcase classname="MonacoAdminPortalPKG.MWCApiTestclass" name="MWCAdminRestApiTest" time="0.135"/>
  <system-out/>
  <testcase classname="MonacoAdminPortalPKG.MWCApiTestclass" name="MWCAdminRestApiTest" time="0.150"/>
  <system-out/>
  <testcase classname="MonacoAdminPortalPKG.MWCApiTestclass" name="MWCAdminRestApiTest" time="0.122"/>
  <system-out/>
  <testcase classname="MonacoAdminPortalPKG.MWCApiTestclass" name="MWCAdminRestApiTest" time="0.128"/>
  <system-out/>
  <testcase classname="MonacoAdminPortalPKG.MWCApiTestclass" name="MWCAdminRestApiTest" time="0.096"/>
  <system-out/>
  <testcase classname="MonacoAdminPortalPKG.MWCApiTestclass" name="MWCAdminRestApiTest" time="0.160"/>
  <system-out/>
  <testcase classname="MonacoAdminPortalPKG.MWCApiTestclass" name="MWCAdminRestApiTest" time="0.242"/>
  <system-out/>
  <testcase classname="MonacoAdminPortalPKG.MWCApiTestclass" name="MWCAdminRestApiTest" time="0.109"/>
  <system-out/>
  <testcase classname="MonacoAdminPortalPKG.MWCApiTestclass" name="MWCAdminRestApiTest" time="0.228"/>
  <system-out/>
  <testcase classname="MonacoAdminPortalPKG.MWCApiTestclass" name="MWCAdminRestApiTest" time="0.089"/>
  <system-out/>
  <testcase classname="MonacoAdminPortalPKG.MWCApiTestclass" name="MWCAdminRestApiTest" time="0.186"/>
  <system-out/>
  <testcase classname="MonacoAdminPortalPKG.MWCApiTestclass" name="MWCAdminRestApiTest" time="0.113"/>
  <system-out/>
  <testcase classname="MonacoAdminPortalPKG.MWCApiTestclass" name="MWCAdminRestApiTest" time="0.152"/>
  <system-out/>
  <testcase classname="MonacoAdminPortalPKG.MWCApiTestclass" name="MWCAdminRestApiTest" time="0.126"/>
  <system-out/>
  <testcase classname="MonacoAdminPortalPKG.MWCApiTestclass" name="MWCAdminRestApiTest" time="0.132"/>
  <system-out/>
  <testcase classname="MonacoAdminPortalPKG.MWCApiTestclass" name="MWCAdminRestApiTest" time="0.186"/>
  <system-out/>
  <testcase classname="MonacoAdminPortalPKG.MWCApiTestclass" name="MWCAdminRestApiTest" time="0.160"/>
  <system-out/>
  <testcase classname="MonacoAdminPortalPKG.MWCApiTestclass" name="MWCAdminRestApiTest" time="0.187"/>
  <system-out/>
  <testcase classname="MonacoAdminPortalPKG.MWCApiTestclass" name="MWCAdminRestApiTest" time="0.163"/>
  <system-out/>
  <testcase classname="MonacoAdminPortalPKG.MWCApiTestclass" name="MWCAdminRestApiTest" time="0.249"/>
  <system-out/>
  <testcase classname="MonacoAdminPortalPKG.MWCApiTestclass" name="MWCAdminRestApiTest" time="0.029"/>
  <system-out/>
  <testcase classname="MonacoAdminPortalPKG.MWCApiTestclass" name="MWCAdminRestApiTest" time="0.208"/>
  <system-out/>
  <testcase classname="MonacoAdminPortalPKG.MWCApiTestclass" name="MWCAdminRestApiTest" time="0.220"/>
  <system-out/>
  <testcase classname="MonacoAdminPortalPKG.MWCApiTestclass" name="MWCAdminRestApiTest" time="0.107"/>
  <system-out/>
  <testcase classname="MonacoAdminPortalPKG.MWCApiTestclass" name="MWCAdminRestApiTest" time="0.084"/>
  <system-out/>
  <testcase classname="MonacoAdminPortalPKG.MWCApiTestclass" name="MWCAdminRestApiTest" time="0.284"/>
  <system-out/>
  <testcase classname="MonacoAdminPortalPKG.MWCApiTestclass" name="MWCAdminRestApiTest" time="0.049"/>
  <system-out/>
  <testcase classname="MonacoAdminPortalPKG.MWCApiTestclass" name="MWCAdminRestApiTest" time="0.039"/>
  <system-out/>
  <testcase classname="MonacoAdminPortalPKG.MWCApiTestclass" name="MWCAdminRestApiTest" time="0.112"/>
  <system-out/>
  <testcase classname="MonacoAdminPortalPKG.MWCApiTestclass" name="MWCAdminRestApiTest" time="0.118"/>
  <system-out/>
  <testcase classname="MonacoAdminPortalPKG.MWCApiTestclass" name="MWCAdminRestApiTest" time="0.100"/>
  <system-out/>
  <testcase classname="MonacoAdminPortalPKG.MWCApiTestclass" name="MWCAdminRestApiTest" time="0.213"/>
  <system-out/>
  <testcase classname="MonacoAdminPortalPKG.MWCApiTestclass" name="MWCAdminRestApiTest" time="0.119"/>
  <system-out/>
  <testcase classname="MonacoAdminPortalPKG.MWCApiTestclass" name="MWCAdminRestApiTest" time="0.140"/>
  <system-out/>
  <testcase classname="MonacoAdminPortalPKG.MWCApiTestclass" name="MWCAdminRestApiTest" time="0.100"/>
  <system-out/>
  <testcase classname="MonacoAdminPortalPKG.MWCApiTestclass" name="MWCAdminRestApiTest" time="0.116"/>
  <system-out/>
  <testcase classname="MonacoAdminPortalPKG.MWCApiTestclass" name="MWCAdminRestApiTest" time="0.070"/>
  <system-out/>
  <testcase classname="MonacoAdminPortalPKG.MWCApiTestclass" name="MWCAdminRestApiTest" time="0.038"/>
  <system-out/>
  <testcase classname="MonacoAdminPortalPKG.MWCApiTestclass" name="MWCAdminRestApiTest" time="0.100"/>
  <system-out/>
  <testcase classname="MonacoAdminPortalPKG.MWCApiTestclass" name="MWCAdminRestApiTest" time="0.134"/>
  <system-out/>
  <testcase classname="MonacoAdminPortalPKG.MWCApiTestclass" name="MWCAdminRestApiTest" time="0.159"/>
  <system-out/>
  <testcase classname="MonacoAdminPortalPKG.MWCApiTestclass" name="MWCAdminRestApiTest" time="0.113"/>
  <system-out/>
  <testcase classname="MonacoAdminPortalPKG.MWCApiTestclass" name="MWCAdminRestApiTest" time="0.173"/>
  <system-out/>
  <testcase classname="MonacoAdminPortalPKG.MWCApiTestclass" name="MWCAdminRestApiTest" time="0.105"/>
  <system-out/>
  <testcase classname="MonacoAdminPortalPKG.MWCApiTestclass" name="MWCAdminRestApiTest" time="0.185"/>
  <system-out/>
  <testcase classname="MonacoAdminPortalPKG.MWCApiTestclass" name="MWCAdminRestApiTest" time="0.111"/>
  <system-out/>
  <testcase classname="MonacoAdminPortalPKG.MWCApiTestclass" name="MWCAdminRestApiTest" time="0.122"/>
  <system-out/>
  <testcase classname="MonacoAdminPortalPKG.MWCApiTestclass" name="MWCAdminRestApiTest" time="0.086"/>
  <system-out/>
  <testcase classname="MonacoAdminPortalPKG.MWCApiTestclass" name="MWCAdminRestApiTest" time="0.150"/>
  <system-out/>
  <testcase classname="MonacoAdminPortalPKG.MWCApiTestclass" name="MWCAdminRestApiTest" time="0.019"/>
  <system-out/>
  <testcase classname="MonacoAdminPortalPKG.MWCApiTestclass" name="MWCAdminRestApiTest" time="0.254"/>
  <system-out/>
  <testcase classname="MonacoAdminPortalPKG.MWCApiTestclass" name="MWCAdminRestApiTest" time="0.093"/>
  <system-out/>
  <testcase classname="MonacoAdminPortalPKG.MWCApiTestclass" name="MWCAdminRestApiTest" time="0.026"/>
  <system-out/>
  <testcase classname="MonacoAdminPortalPKG.MWCApiTestclass" name="MWCAdminRestApiTest" time="0.166"/>
  <system-out/>
  <testcase classname="MonacoAdminPortalPKG.MWCApiTestclass" name="MWCAdminRestApiTest" time="0.212"/>
  <system-out/>
  <testcase classname="MonacoAdminPortalPKG.MWCApiTestclass" name="MWCAdminRestApiTest" time="0.077"/>
  <system-out/>
  <testcase classname="MonacoAdminPortalPKG.MWCApiTestclass" name="MWCAdminRestApiTest" time="0.265"/>
  <system-out/>
  <testcase classname="MonacoAdminPortalPKG.MWCApiTestclass" name="MWCAdminRestApiTest" time="0.138"/>
  <system-out/>
  <testcase classname="MonacoAdminPortalPKG.MWCApiTestclass" name="MWCAdminRestApiTest" time="0.043"/>
  <system-out/>
  <testcase classname="MonacoAdminPortalPKG.MWCApiTestclass" name="MWCAdminRestApiTest" time="0.078"/>
  <system-out/>
  <testcase classname="MonacoAdminPortalPKG.MWCApiTestclass" name="MWCAdminRestApiTest" time="0.098"/>
  <system-out/>
  <testcase classname="MonacoAdminPortalPKG.MWCApiTestclass" name="MWCAdminRestApiTest" time="0.034"/>
  <system-out/>
  <testcase classname="MonacoAdminPortalPKG.MWCApiTestclass" name="MWCAdminRestApiTest" time="0.040"/>
  <system-out/>
  <testcase classname="MonacoAdminPortalPKG.MWCApiTestclass" name="MWCAdminRestApiTest" time="0.130"/>
  <system-out/>
  <testcase classname="MonacoAdminPortalPKG.MWCApiTestclass" name="MWCAdminRestApiTest" time="0.082"/>
  <system-out/>
  <testcase classname="MonacoAdminPortalPKG.MWCApiTestclass" name="MWCAdminRestApiTest" time="0.256"/>
  <system-out/>
  <testcase classname="MonacoAdminPortalPKG.MWCApiTestclass" name="MWCAdminRestApiTest" time="0.108"/>
  <system-out/>
  <testcase classname="MonacoAdminPortalPKG.MWCApiTestclass" name="MWCAdminRestApiTest" time="0.141"/>
  <system-out/>
  <testcase classname="MonacoAdminPortalPKG.MWCApiTestclass" name="MWCAdminRestApiTest" time="0.138"/>
  <system-out/>
  <testcase classname="MonacoAdminPortalPKG.MWCApiTestclass" name="MWCAdminRestApiTest" time="0.087"/>
  <system-out/>
  <testcase classname="MonacoAdminPortalPKG.MWCApiTestclass" name="MWCAdminRestApiTest" time="0.126"/>
  <system-out/>
  <testcase classname="MonacoAdminPortalPKG.MWCApiTestclass" name="MWCAdminRestApiTest" time="0.043"/>
  <system-out/>
  <testcase classname="MonacoAdminPortalPKG.MWCApiTestclass" name="MWCAdminRestApiTest" time="0.106"/>
  <system-out/>
  <testcase classname="MonacoAdminPortalPKG.MWCApiTestclass" name="MWCAdminRestApiTest" time="0.100"/>
  <system-out/>
  <testcase classname="MonacoAdminPortalPKG.MWCApiTestclass" name="MWCAdminRestApiTest" time="0.131"/>
  <system-out/>
  <testcase classname="MonacoAdminPortalPKG.MWCApiTestclass" name="MWCAdminRestApiTest" time="0.097"/>
  <system-out/>
  <testcase classname="MonacoAdminPortalPKG.MWCApiTestclass" name="MWCAdminRestApiTest" time="0.207"/>
  <system-out/>
  <testcase classname="MonacoAdminPortalPKG.MWCApiTestclass" name="MWCAdminRestApiTest" time="0.127"/>
  <system-out/>
  <testcase classname="MonacoAdminPortalPKG.MWCApiTestclass" name="MWCAdminRestApiTest" time="0.125"/>
  <system-out/>
  <testcase classname="MonacoAdminPortalPKG.MWCApiTestclass" name="MWCAdminRestApiTest" time="0.129"/>
  <system-out/>
  <testcase classname="MonacoAdminPortalPKG.MWCApiTestclass" name="MWCAdminRestApiTest" time="0.154"/>
  <system-out/>
  <testcase classname="MonacoAdminPortalPKG.MWCApiTestclass" name="MWCAdminRestApiTest" time="0.103"/>
  <system-out/>
  <testcase classname="MonacoAdminPortalPKG.MWCApiTestclass" name="MWCAdminRestApiTest" time="0.134"/>
  <system-out/>
  <testcase classname="MonacoAdminPortalPKG.MWCApiTestclass" name="MWCAdminRestApiTest" time="0.041"/>
  <system-out/>
  <testcase classname="MonacoAdminPortalPKG.MWCApiTestclass" name="MWCAdminRestApiTest" time="0.097"/>
  <system-out/>
  <testcase classname="MonacoAdminPortalPKG.MWCApiTestclass" name="MWCAdminRestApiTest" time="0.105"/>
  <system-out/>
  <testcase classname="MonacoAdminPortalPKG.MWCApiTestclass" name="MWCAdminRestApiTest" time="0.097"/>
  <system-out/>
  <testcase classname="MonacoAdminPortalPKG.MWCApiTestclass" name="MWCAdminRestApiTest" time="0.111"/>
  <system-out/>
  <testcase classname="MonacoAdminPortalPKG.MWCApiTestclass" name="MWCAdminRestApiTest" time="0.207"/>
  <system-out/>
  <testcase classname="MonacoAdminPortalPKG.MWCApiTestclass" name="MWCAdminRestApiTest" time="0.061"/>
  <system-out/>
  <testcase classname="MonacoAdminPortalPKG.MWCApiTestclass" name="MWCAdminRestApiTest" time="0.046"/>
  <system-out/>
  <testcase classname="MonacoAdminPortalPKG.MWCApiTestclass" name="MWCAdminRestApiTest" time="0.118"/>
  <system-out/>
  <testcase classname="MonacoAdminPortalPKG.MWCApiTestclass" name="MWCAdminRestApiTest" time="0.116"/>
  <system-out/>
  <testcase classname="MonacoAdminPortalPKG.MWCApiTestclass" name="MWCAdminRestApiTest" time="0.090"/>
  <system-out/>
  <testcase classname="MonacoAdminPortalPKG.MWCApiTestclass" name="MWCAdminRestApiTest" time="0.132"/>
  <system-out/>
  <testcase classname="MonacoAdminPortalPKG.MWCApiTestclass" name="MWCAdminRestApiTest" time="0.036"/>
  <system-out/>
  <testcase classname="MonacoAdminPortalPKG.MWCApiTestclass" name="MWCAdminRestApiTest" time="0.036"/>
  <system-out/>
  <testcase classname="MonacoAdminPortalPKG.MWCApiTestclass" name="MWCAdminRestApiTest" time="0.060"/>
  <system-out/>
  <testcase classname="MonacoAdminPortalPKG.MWCApiTestclass" name="MWCAdminRestApiTest" time="0.160"/>
  <system-out/>
  <testcase classname="MonacoAdminPortalPKG.MWCApiTestclass" name="MWCAdminRestApiTest" time="0.094"/>
  <system-out/>
</testsuite> <!-- MonacoAdminPortalPKG.MWCApiTestclass -->
