<?xml version="1.0" encoding="UTF-8"?>
<!-- Generated by org.testng.reporters.JUnitReportReporter -->
<testsuite hostname="DESKTOP-PSRU67J" failures="0" tests="31" name="NewFrameWork.UserPortalRaffleTech" time="19.959" errors="0" timestamp="2024-10-14T10:18:55 IST" skipped="0">
  <testcase classname="NewFrameWork.UserPortalRaffleTech" name="MWCRestApiFuntValidations" time="7.254"/>
  <system-out/>
  <testcase classname="NewFrameWork.UserPortalRaffleTech" name="MWCRestApiFuntValidations" time="0.999"/>
  <system-out/>
  <testcase classname="NewFrameWork.UserPortalRaffleTech" name="MWCRestApiFuntValidations" time="0.830"/>
  <system-out/>
  <testcase classname="NewFrameWork.UserPortalRaffleTech" name="MWCRestApiFuntValidations" time="0.531"/>
  <system-out/>
  <testcase classname="NewFrameWork.UserPortalRaffleTech" name="MWCRestApiFuntValidations" time="0.158"/>
  <system-out/>
  <testcase classname="NewFrameWork.UserPortalRaffleTech" name="MWCRestApiFuntValidations" time="0.194"/>
  <system-out/>
  <testcase classname="NewFrameWork.UserPortalRaffleTech" name="MWCRestApiFuntValidations" time="0.111"/>
  <system-out/>
  <testcase classname="NewFrameWork.UserPortalRaffleTech" name="MWCRestApiFuntValidations" time="0.358"/>
  <system-out/>
  <testcase classname="NewFrameWork.UserPortalRaffleTech" name="MWCRestApiFuntValidations" time="0.224"/>
  <system-out/>
  <testcase classname="NewFrameWork.UserPortalRaffleTech" name="MWCRestApiFuntValidations" time="0.094"/>
  <system-out/>
  <testcase classname="NewFrameWork.UserPortalRaffleTech" name="MWCRestApiFuntValidations" time="0.310"/>
  <system-out/>
  <testcase classname="NewFrameWork.UserPortalRaffleTech" name="MWCRestApiFuntValidations" time="1.039"/>
  <system-out/>
  <testcase classname="NewFrameWork.UserPortalRaffleTech" name="MWCRestApiFuntValidations" time="0.138"/>
  <system-out/>
  <testcase classname="NewFrameWork.UserPortalRaffleTech" name="MWCRestApiFuntValidations" time="0.177"/>
  <system-out/>
  <testcase classname="NewFrameWork.UserPortalRaffleTech" name="MWCRestApiFuntValidations" time="0.204"/>
  <system-out/>
  <testcase classname="NewFrameWork.UserPortalRaffleTech" name="MWCRestApiFuntValidations" time="0.134"/>
  <system-out/>
  <testcase classname="NewFrameWork.UserPortalRaffleTech" name="MWCRestApiFuntValidations" time="0.146"/>
  <system-out/>
  <testcase classname="NewFrameWork.UserPortalRaffleTech" name="MWCRestApiFuntValidations" time="0.997"/>
  <system-out/>
  <testcase classname="NewFrameWork.UserPortalRaffleTech" name="MWCRestApiFuntValidations" time="1.058"/>
  <system-out/>
  <testcase classname="NewFrameWork.UserPortalRaffleTech" name="MWCRestApiFuntValidations" time="0.133"/>
  <system-out/>
  <testcase classname="NewFrameWork.UserPortalRaffleTech" name="MWCRestApiFuntValidations" time="0.237"/>
  <system-out/>
  <testcase classname="NewFrameWork.UserPortalRaffleTech" name="MWCRestApiFuntValidations" time="0.341"/>
  <system-out/>
  <testcase classname="NewFrameWork.UserPortalRaffleTech" name="MWCRestApiFuntValidations" time="0.127"/>
  <system-out/>
  <testcase classname="NewFrameWork.UserPortalRaffleTech" name="MWCRestApiFuntValidations" time="0.153"/>
  <system-out/>
  <testcase classname="NewFrameWork.UserPortalRaffleTech" name="MWCRestApiFuntValidations" time="0.244"/>
  <system-out/>
  <testcase classname="NewFrameWork.UserPortalRaffleTech" name="MWCRestApiFuntValidations" time="0.183"/>
  <system-out/>
  <testcase classname="NewFrameWork.UserPortalRaffleTech" name="MWCRestApiFuntValidations" time="1.145"/>
  <system-out/>
  <testcase classname="NewFrameWork.UserPortalRaffleTech" name="MWCRestApiFuntValidations" time="0.240"/>
  <system-out/>
  <testcase classname="NewFrameWork.UserPortalRaffleTech" name="MWCRestApiFuntValidations" time="1.831"/>
  <system-out/>
  <testcase classname="NewFrameWork.UserPortalRaffleTech" name="MWCRestApiFuntValidations" time="0.162"/>
  <system-out/>
  <testcase classname="NewFrameWork.UserPortalRaffleTech" name="MWCRestApiFuntValidations" time="0.207"/>
  <system-out/>
</testsuite> <!-- NewFrameWork.UserPortalRaffleTech -->
