<?xml version="1.0" encoding="UTF-8"?>
<!-- Generated by org.testng.reporters.JUnitReportReporter -->
<testsuite hostname="DESKTOP-4EHNAOM" failures="0" tests="215" name="com.MonacoTesting.MonacoTestClass" time="72.532" errors="0" timestamp="2024-05-14T16:55:48 IST" skipped="0">
  <testcase classname="com.MonacoTesting.MonacoTestClass" name="MWCRestApiFuntValidations" time="0.374"/>
  <system-out/>
  <testcase classname="com.MonacoTesting.MonacoTestClass" name="MWCRestApiFuntValidations" time="0.249"/>
  <system-out/>
  <testcase classname="com.MonacoTesting.MonacoTestClass" name="MWCRestApiFuntValidations" time="0.296"/>
  <system-out/>
  <testcase classname="com.MonacoTesting.MonacoTestClass" name="MWCRestApiFuntValidations" time="0.205"/>
  <system-out/>
  <testcase classname="com.MonacoTesting.MonacoTestClass" name="MWCRestApiFuntValidations" time="0.241"/>
  <system-out/>
  <testcase classname="com.MonacoTesting.MonacoTestClass" name="MWCRestApiFuntValidations" time="0.193"/>
  <system-out/>
  <testcase classname="com.MonacoTesting.MonacoTestClass" name="MWCRestApiFuntValidations" time="0.352"/>
  <system-out/>
  <testcase classname="com.MonacoTesting.MonacoTestClass" name="MWCRestApiFuntValidations" time="0.265"/>
  <system-out/>
  <testcase classname="com.MonacoTesting.MonacoTestClass" name="MWCRestApiFuntValidations" time="0.359"/>
  <system-out/>
  <testcase classname="com.MonacoTesting.MonacoTestClass" name="MWCRestApiFuntValidations" time="0.364"/>
  <system-out/>
  <testcase classname="com.MonacoTesting.MonacoTestClass" name="MWCRestApiFuntValidations" time="0.217"/>
  <system-out/>
  <testcase classname="com.MonacoTesting.MonacoTestClass" name="MWCRestApiFuntValidations" time="0.195"/>
  <system-out/>
  <testcase classname="com.MonacoTesting.MonacoTestClass" name="MWCRestApiFuntValidations" time="0.217"/>
  <system-out/>
  <testcase classname="com.MonacoTesting.MonacoTestClass" name="MWCRestApiFuntValidations" time="0.278"/>
  <system-out/>
  <testcase classname="com.MonacoTesting.MonacoTestClass" name="MWCRestApiFuntValidations" time="0.580"/>
  <system-out/>
  <testcase classname="com.MonacoTesting.MonacoTestClass" name="MWCRestApiFuntValidations" time="0.238"/>
  <system-out/>
  <testcase classname="com.MonacoTesting.MonacoTestClass" name="MWCRestApiFuntValidations" time="0.232"/>
  <system-out/>
  <testcase classname="com.MonacoTesting.MonacoTestClass" name="MWCRestApiFuntValidations" time="0.431"/>
  <system-out/>
  <testcase classname="com.MonacoTesting.MonacoTestClass" name="MWCRestApiFuntValidations" time="0.251"/>
  <system-out/>
  <testcase classname="com.MonacoTesting.MonacoTestClass" name="MWCRestApiFuntValidations" time="0.284"/>
  <system-out/>
  <testcase classname="com.MonacoTesting.MonacoTestClass" name="MWCRestApiFuntValidations" time="0.245"/>
  <system-out/>
  <testcase classname="com.MonacoTesting.MonacoTestClass" name="MWCRestApiFuntValidations" time="0.216"/>
  <system-out/>
  <testcase classname="com.MonacoTesting.MonacoTestClass" name="MWCRestApiFuntValidations" time="0.235"/>
  <system-out/>
  <testcase classname="com.MonacoTesting.MonacoTestClass" name="MWCRestApiFuntValidations" time="0.259"/>
  <system-out/>
  <testcase classname="com.MonacoTesting.MonacoTestClass" name="MWCRestApiFuntValidations" time="0.303"/>
  <system-out/>
  <testcase classname="com.MonacoTesting.MonacoTestClass" name="MWCRestApiFuntValidations" time="0.230"/>
  <system-out/>
  <testcase classname="com.MonacoTesting.MonacoTestClass" name="MWCRestApiFuntValidations" time="0.304"/>
  <system-out/>
  <testcase classname="com.MonacoTesting.MonacoTestClass" name="MWCRestApiFuntValidations" time="0.226"/>
  <system-out/>
  <testcase classname="com.MonacoTesting.MonacoTestClass" name="MWCRestApiFuntValidations" time="0.231"/>
  <system-out/>
  <testcase classname="com.MonacoTesting.MonacoTestClass" name="MWCRestApiFuntValidations" time="0.408"/>
  <system-out/>
  <testcase classname="com.MonacoTesting.MonacoTestClass" name="MWCRestApiFuntValidations" time="0.215"/>
  <system-out/>
  <testcase classname="com.MonacoTesting.MonacoTestClass" name="MWCRestApiFuntValidations" time="0.229"/>
  <system-out/>
  <testcase classname="com.MonacoTesting.MonacoTestClass" name="MWCRestApiFuntValidations" time="0.201"/>
  <system-out/>
  <testcase classname="com.MonacoTesting.MonacoTestClass" name="MWCRestApiFuntValidations" time="0.239"/>
  <system-out/>
  <testcase classname="com.MonacoTesting.MonacoTestClass" name="MWCRestApiFuntValidations" time="0.230"/>
  <system-out/>
  <testcase classname="com.MonacoTesting.MonacoTestClass" name="MWCRestApiFuntValidations" time="0.306"/>
  <system-out/>
  <testcase classname="com.MonacoTesting.MonacoTestClass" name="MWCRestApiFuntValidations" time="0.237"/>
  <system-out/>
  <testcase classname="com.MonacoTesting.MonacoTestClass" name="MWCRestApiFuntValidations" time="0.303"/>
  <system-out/>
  <testcase classname="com.MonacoTesting.MonacoTestClass" name="MWCRestApiFuntValidations" time="0.211"/>
  <system-out/>
  <testcase classname="com.MonacoTesting.MonacoTestClass" name="MWCRestApiFuntValidations" time="0.280"/>
  <system-out/>
  <testcase classname="com.MonacoTesting.MonacoTestClass" name="MWCRestApiFuntValidations" time="0.238"/>
  <system-out/>
  <testcase classname="com.MonacoTesting.MonacoTestClass" name="MWCRestApiFuntValidations" time="0.225"/>
  <system-out/>
  <testcase classname="com.MonacoTesting.MonacoTestClass" name="MWCRestApiFuntValidations" time="0.222"/>
  <system-out/>
  <testcase classname="com.MonacoTesting.MonacoTestClass" name="MWCRestApiFuntValidations" time="0.263"/>
  <system-out/>
  <testcase classname="com.MonacoTesting.MonacoTestClass" name="MWCRestApiFuntValidations" time="0.225"/>
  <system-out/>
  <testcase classname="com.MonacoTesting.MonacoTestClass" name="MWCRestApiFuntValidations" time="1.868"/>
  <system-out/>
  <testcase classname="com.MonacoTesting.MonacoTestClass" name="MWCRestApiFuntValidations" time="0.248"/>
  <system-out/>
  <testcase classname="com.MonacoTesting.MonacoTestClass" name="MWCRestApiFuntValidations" time="0.244"/>
  <system-out/>
  <testcase classname="com.MonacoTesting.MonacoTestClass" name="MWCRestApiFuntValidations" time="0.221"/>
  <system-out/>
  <testcase classname="com.MonacoTesting.MonacoTestClass" name="MWCRestApiFuntValidations" time="0.270"/>
  <system-out/>
  <testcase classname="com.MonacoTesting.MonacoTestClass" name="MWCRestApiFuntValidations" time="0.219"/>
  <system-out/>
  <testcase classname="com.MonacoTesting.MonacoTestClass" name="MWCRestApiFuntValidations" time="0.398"/>
  <system-out/>
  <testcase classname="com.MonacoTesting.MonacoTestClass" name="MWCRestApiFuntValidations" time="0.296"/>
  <system-out/>
  <testcase classname="com.MonacoTesting.MonacoTestClass" name="MWCRestApiFuntValidations" time="0.236"/>
  <system-out/>
  <testcase classname="com.MonacoTesting.MonacoTestClass" name="MWCRestApiFuntValidations" time="0.239"/>
  <system-out/>
  <testcase classname="com.MonacoTesting.MonacoTestClass" name="MWCRestApiFuntValidations" time="0.256"/>
  <system-out/>
  <testcase classname="com.MonacoTesting.MonacoTestClass" name="MWCRestApiFuntValidations" time="1.273"/>
  <system-out/>
  <testcase classname="com.MonacoTesting.MonacoTestClass" name="MWCRestApiFuntValidations" time="0.260"/>
  <system-out/>
  <testcase classname="com.MonacoTesting.MonacoTestClass" name="MWCRestApiFuntValidations" time="0.226"/>
  <system-out/>
  <testcase classname="com.MonacoTesting.MonacoTestClass" name="MWCRestApiFuntValidations" time="0.230"/>
  <system-out/>
  <testcase classname="com.MonacoTesting.MonacoTestClass" name="MWCRestApiFuntValidations" time="1.125"/>
  <system-out/>
  <testcase classname="com.MonacoTesting.MonacoTestClass" name="MWCRestApiFuntValidations" time="0.243"/>
  <system-out/>
  <testcase classname="com.MonacoTesting.MonacoTestClass" name="MWCRestApiFuntValidations" time="0.233"/>
  <system-out/>
  <testcase classname="com.MonacoTesting.MonacoTestClass" name="MWCRestApiFuntValidations" time="0.244"/>
  <system-out/>
  <testcase classname="com.MonacoTesting.MonacoTestClass" name="MWCRestApiFuntValidations" time="0.237"/>
  <system-out/>
  <testcase classname="com.MonacoTesting.MonacoTestClass" name="MWCRestApiFuntValidations" time="0.234"/>
  <system-out/>
  <testcase classname="com.MonacoTesting.MonacoTestClass" name="MWCRestApiFuntValidations" time="0.427"/>
  <system-out/>
  <testcase classname="com.MonacoTesting.MonacoTestClass" name="MWCRestApiFuntValidations" time="0.200"/>
  <system-out/>
  <testcase classname="com.MonacoTesting.MonacoTestClass" name="MWCRestApiFuntValidations" time="0.218"/>
  <system-out/>
  <testcase classname="com.MonacoTesting.MonacoTestClass" name="MWCRestApiFuntValidations" time="0.250"/>
  <system-out/>
  <testcase classname="com.MonacoTesting.MonacoTestClass" name="MWCRestApiFuntValidations" time="0.240"/>
  <system-out/>
  <testcase classname="com.MonacoTesting.MonacoTestClass" name="MWCRestApiFuntValidations" time="0.263"/>
  <system-out/>
  <testcase classname="com.MonacoTesting.MonacoTestClass" name="MWCRestApiFuntValidations" time="0.225"/>
  <system-out/>
  <testcase classname="com.MonacoTesting.MonacoTestClass" name="MWCRestApiFuntValidations" time="0.517"/>
  <system-out/>
  <testcase classname="com.MonacoTesting.MonacoTestClass" name="MWCRestApiFuntValidations" time="0.292"/>
  <system-out/>
  <testcase classname="com.MonacoTesting.MonacoTestClass" name="MWCRestApiFuntValidations" time="0.203"/>
  <system-out/>
  <testcase classname="com.MonacoTesting.MonacoTestClass" name="MWCRestApiFuntValidations" time="6.991"/>
  <system-out/>
  <testcase classname="com.MonacoTesting.MonacoTestClass" name="MWCRestApiFuntValidations" time="0.225"/>
  <system-out/>
  <testcase classname="com.MonacoTesting.MonacoTestClass" name="MWCRestApiFuntValidations" time="0.353"/>
  <system-out/>
  <testcase classname="com.MonacoTesting.MonacoTestClass" name="MWCRestApiFuntValidations" time="0.300"/>
  <system-out/>
  <testcase classname="com.MonacoTesting.MonacoTestClass" name="MWCRestApiFuntValidations" time="0.293"/>
  <system-out/>
  <testcase classname="com.MonacoTesting.MonacoTestClass" name="MWCRestApiFuntValidations" time="0.217"/>
  <system-out/>
  <testcase classname="com.MonacoTesting.MonacoTestClass" name="MWCRestApiFuntValidations" time="0.405"/>
  <system-out/>
  <testcase classname="com.MonacoTesting.MonacoTestClass" name="MWCRestApiFuntValidations" time="0.206"/>
  <system-out/>
  <testcase classname="com.MonacoTesting.MonacoTestClass" name="MWCRestApiFuntValidations" time="0.248"/>
  <system-out/>
  <testcase classname="com.MonacoTesting.MonacoTestClass" name="MWCRestApiFuntValidations" time="0.877"/>
  <system-out/>
  <testcase classname="com.MonacoTesting.MonacoTestClass" name="MWCRestApiFuntValidations" time="0.247"/>
  <system-out/>
  <testcase classname="com.MonacoTesting.MonacoTestClass" name="MWCRestApiFuntValidations" time="0.295"/>
  <system-out/>
  <testcase classname="com.MonacoTesting.MonacoTestClass" name="MWCRestApiFuntValidations" time="0.242"/>
  <system-out/>
  <testcase classname="com.MonacoTesting.MonacoTestClass" name="MWCRestApiFuntValidations" time="0.303"/>
  <system-out/>
  <testcase classname="com.MonacoTesting.MonacoTestClass" name="MWCRestApiFuntValidations" time="0.262"/>
  <system-out/>
  <testcase classname="com.MonacoTesting.MonacoTestClass" name="MWCRestApiFuntValidations" time="0.220"/>
  <system-out/>
  <testcase classname="com.MonacoTesting.MonacoTestClass" name="MWCRestApiFuntValidations" time="0.253"/>
  <system-out/>
  <testcase classname="com.MonacoTesting.MonacoTestClass" name="MWCRestApiFuntValidations" time="0.359"/>
  <system-out/>
  <testcase classname="com.MonacoTesting.MonacoTestClass" name="MWCRestApiFuntValidations" time="0.946"/>
  <system-out/>
  <testcase classname="com.MonacoTesting.MonacoTestClass" name="MWCRestApiFuntValidations" time="0.487"/>
  <system-out/>
  <testcase classname="com.MonacoTesting.MonacoTestClass" name="MWCRestApiFuntValidations" time="0.220"/>
  <system-out/>
  <testcase classname="com.MonacoTesting.MonacoTestClass" name="MWCRestApiFuntValidations" time="0.246"/>
  <system-out/>
  <testcase classname="com.MonacoTesting.MonacoTestClass" name="MWCRestApiFuntValidations" time="0.199"/>
  <system-out/>
  <testcase classname="com.MonacoTesting.MonacoTestClass" name="MWCRestApiFuntValidations" time="0.380"/>
  <system-out/>
  <testcase classname="com.MonacoTesting.MonacoTestClass" name="MWCRestApiFuntValidations" time="0.264"/>
  <system-out/>
  <testcase classname="com.MonacoTesting.MonacoTestClass" name="MWCRestApiFuntValidations" time="0.234"/>
  <system-out/>
  <testcase classname="com.MonacoTesting.MonacoTestClass" name="MWCRestApiFuntValidations" time="0.208"/>
  <system-out/>
  <testcase classname="com.MonacoTesting.MonacoTestClass" name="MWCRestApiFuntValidations" time="0.374"/>
  <system-out/>
  <testcase classname="com.MonacoTesting.MonacoTestClass" name="MWCRestApiFuntValidations" time="0.236"/>
  <system-out/>
  <testcase classname="com.MonacoTesting.MonacoTestClass" name="MWCRestApiFuntValidations" time="0.220"/>
  <system-out/>
  <testcase classname="com.MonacoTesting.MonacoTestClass" name="MWCRestApiFuntValidations" time="0.327"/>
  <system-out/>
  <testcase classname="com.MonacoTesting.MonacoTestClass" name="MWCRestApiFuntValidations" time="0.215"/>
  <system-out/>
  <testcase classname="com.MonacoTesting.MonacoTestClass" name="MWCRestApiFuntValidations" time="0.239"/>
  <system-out/>
  <testcase classname="com.MonacoTesting.MonacoTestClass" name="MWCRestApiFuntValidations" time="0.235"/>
  <system-out/>
  <testcase classname="com.MonacoTesting.MonacoTestClass" name="MWCRestApiFuntValidations" time="0.215"/>
  <system-out/>
  <testcase classname="com.MonacoTesting.MonacoTestClass" name="MWCRestApiFuntValidations" time="0.220"/>
  <system-out/>
  <testcase classname="com.MonacoTesting.MonacoTestClass" name="MWCRestApiFuntValidations" time="0.286"/>
  <system-out/>
  <testcase classname="com.MonacoTesting.MonacoTestClass" name="MWCRestApiFuntValidations" time="0.245"/>
  <system-out/>
  <testcase classname="com.MonacoTesting.MonacoTestClass" name="MWCRestApiFuntValidations" time="0.181"/>
  <system-out/>
  <testcase classname="com.MonacoTesting.MonacoTestClass" name="MWCRestApiFuntValidations" time="0.207"/>
  <system-out/>
  <testcase classname="com.MonacoTesting.MonacoTestClass" name="MWCRestApiFuntValidations" time="0.378"/>
  <system-out/>
  <testcase classname="com.MonacoTesting.MonacoTestClass" name="MWCRestApiFuntValidations" time="0.295"/>
  <system-out/>
  <testcase classname="com.MonacoTesting.MonacoTestClass" name="MWCRestApiFuntValidations" time="0.229"/>
  <system-out/>
  <testcase classname="com.MonacoTesting.MonacoTestClass" name="MWCRestApiFuntValidations" time="0.244"/>
  <system-out/>
  <testcase classname="com.MonacoTesting.MonacoTestClass" name="MWCRestApiFuntValidations" time="0.384"/>
  <system-out/>
  <testcase classname="com.MonacoTesting.MonacoTestClass" name="MWCRestApiFuntValidations" time="0.243"/>
  <system-out/>
  <testcase classname="com.MonacoTesting.MonacoTestClass" name="MWCRestApiFuntValidations" time="0.241"/>
  <system-out/>
  <testcase classname="com.MonacoTesting.MonacoTestClass" name="MWCRestApiFuntValidations" time="0.269"/>
  <system-out/>
  <testcase classname="com.MonacoTesting.MonacoTestClass" name="MWCRestApiFuntValidations" time="0.205"/>
  <system-out/>
  <testcase classname="com.MonacoTesting.MonacoTestClass" name="MWCRestApiFuntValidations" time="0.226"/>
  <system-out/>
  <testcase classname="com.MonacoTesting.MonacoTestClass" name="MWCRestApiFuntValidations" time="0.257"/>
  <system-out/>
  <testcase classname="com.MonacoTesting.MonacoTestClass" name="MWCRestApiFuntValidations" time="0.206"/>
  <system-out/>
  <testcase classname="com.MonacoTesting.MonacoTestClass" name="MWCRestApiFuntValidations" time="0.215"/>
  <system-out/>
  <testcase classname="com.MonacoTesting.MonacoTestClass" name="MWCRestApiFuntValidations" time="0.254"/>
  <system-out/>
  <testcase classname="com.MonacoTesting.MonacoTestClass" name="MWCRestApiFuntValidations" time="0.203"/>
  <system-out/>
  <testcase classname="com.MonacoTesting.MonacoTestClass" name="MWCRestApiFuntValidations" time="0.247"/>
  <system-out/>
  <testcase classname="com.MonacoTesting.MonacoTestClass" name="MWCRestApiFuntValidations" time="0.358"/>
  <system-out/>
  <testcase classname="com.MonacoTesting.MonacoTestClass" name="MWCRestApiFuntValidations" time="0.225"/>
  <system-out/>
  <testcase classname="com.MonacoTesting.MonacoTestClass" name="MWCRestApiFuntValidations" time="0.223"/>
  <system-out/>
  <testcase classname="com.MonacoTesting.MonacoTestClass" name="MWCRestApiFuntValidations" time="0.249"/>
  <system-out/>
  <testcase classname="com.MonacoTesting.MonacoTestClass" name="MWCRestApiFuntValidations" time="0.227"/>
  <system-out/>
  <testcase classname="com.MonacoTesting.MonacoTestClass" name="MWCRestApiFuntValidations" time="0.266"/>
  <system-out/>
  <testcase classname="com.MonacoTesting.MonacoTestClass" name="MWCRestApiFuntValidations" time="0.386"/>
  <system-out/>
  <testcase classname="com.MonacoTesting.MonacoTestClass" name="MWCRestApiFuntValidations" time="0.203"/>
  <system-out/>
  <testcase classname="com.MonacoTesting.MonacoTestClass" name="MWCRestApiFuntValidations" time="0.206"/>
  <system-out/>
  <testcase classname="com.MonacoTesting.MonacoTestClass" name="MWCRestApiFuntValidations" time="0.261"/>
  <system-out/>
  <testcase classname="com.MonacoTesting.MonacoTestClass" name="MWCRestApiFuntValidations" time="0.237"/>
  <system-out/>
  <testcase classname="com.MonacoTesting.MonacoTestClass" name="MWCRestApiFuntValidations" time="0.239"/>
  <system-out/>
  <testcase classname="com.MonacoTesting.MonacoTestClass" name="MWCRestApiFuntValidations" time="0.221"/>
  <system-out/>
  <testcase classname="com.MonacoTesting.MonacoTestClass" name="MWCRestApiFuntValidations" time="0.222"/>
  <system-out/>
  <testcase classname="com.MonacoTesting.MonacoTestClass" name="MWCRestApiFuntValidations" time="0.231"/>
  <system-out/>
  <testcase classname="com.MonacoTesting.MonacoTestClass" name="MWCRestApiFuntValidations" time="0.326"/>
  <system-out/>
  <testcase classname="com.MonacoTesting.MonacoTestClass" name="MWCRestApiFuntValidations" time="0.606"/>
  <system-out/>
  <testcase classname="com.MonacoTesting.MonacoTestClass" name="MWCRestApiFuntValidations" time="0.253"/>
  <system-out/>
  <testcase classname="com.MonacoTesting.MonacoTestClass" name="MWCRestApiFuntValidations" time="0.207"/>
  <system-out/>
  <testcase classname="com.MonacoTesting.MonacoTestClass" name="MWCRestApiFuntValidations" time="0.230"/>
  <system-out/>
  <testcase classname="com.MonacoTesting.MonacoTestClass" name="MWCRestApiFuntValidations" time="0.233"/>
  <system-out/>
  <testcase classname="com.MonacoTesting.MonacoTestClass" name="MWCRestApiFuntValidations" time="0.233"/>
  <system-out/>
  <testcase classname="com.MonacoTesting.MonacoTestClass" name="MWCRestApiFuntValidations" time="0.226"/>
  <system-out/>
  <testcase classname="com.MonacoTesting.MonacoTestClass" name="MWCRestApiFuntValidations" time="0.229"/>
  <system-out/>
  <testcase classname="com.MonacoTesting.MonacoTestClass" name="MWCRestApiFuntValidations" time="0.215"/>
  <system-out/>
  <testcase classname="com.MonacoTesting.MonacoTestClass" name="MWCRestApiFuntValidations" time="0.363"/>
  <system-out/>
  <testcase classname="com.MonacoTesting.MonacoTestClass" name="MWCRestApiFuntValidations" time="0.260"/>
  <system-out/>
  <testcase classname="com.MonacoTesting.MonacoTestClass" name="MWCRestApiFuntValidations" time="0.229"/>
  <system-out/>
  <testcase classname="com.MonacoTesting.MonacoTestClass" name="MWCRestApiFuntValidations" time="0.199"/>
  <system-out/>
  <testcase classname="com.MonacoTesting.MonacoTestClass" name="MWCRestApiFuntValidations" time="0.278"/>
  <system-out/>
  <testcase classname="com.MonacoTesting.MonacoTestClass" name="MWCRestApiFuntValidations" time="0.285"/>
  <system-out/>
  <testcase classname="com.MonacoTesting.MonacoTestClass" name="MWCRestApiFuntValidations" time="0.227"/>
  <system-out/>
  <testcase classname="com.MonacoTesting.MonacoTestClass" name="MWCRestApiFuntValidations" time="0.290"/>
  <system-out/>
  <testcase classname="com.MonacoTesting.MonacoTestClass" name="MWCRestApiFuntValidations" time="0.229"/>
  <system-out/>
  <testcase classname="com.MonacoTesting.MonacoTestClass" name="MWCRestApiFuntValidations" time="0.230"/>
  <system-out/>
  <testcase classname="com.MonacoTesting.MonacoTestClass" name="MWCRestApiFuntValidations" time="0.203"/>
  <system-out/>
  <testcase classname="com.MonacoTesting.MonacoTestClass" name="MWCRestApiFuntValidations" time="1.247"/>
  <system-out/>
  <testcase classname="com.MonacoTesting.MonacoTestClass" name="MWCRestApiFuntValidations" time="0.226"/>
  <system-out/>
  <testcase classname="com.MonacoTesting.MonacoTestClass" name="MWCRestApiFuntValidations" time="0.231"/>
  <system-out/>
  <testcase classname="com.MonacoTesting.MonacoTestClass" name="MWCRestApiFuntValidations" time="0.226"/>
  <system-out/>
  <testcase classname="com.MonacoTesting.MonacoTestClass" name="MWCRestApiFuntValidations" time="0.420"/>
  <system-out/>
  <testcase classname="com.MonacoTesting.MonacoTestClass" name="MWCRestApiFuntValidations" time="0.217"/>
  <system-out/>
  <testcase classname="com.MonacoTesting.MonacoTestClass" name="MWCRestApiFuntValidations" time="0.231"/>
  <system-out/>
  <testcase classname="com.MonacoTesting.MonacoTestClass" name="MWCRestApiFuntValidations" time="0.296"/>
  <system-out/>
  <testcase classname="com.MonacoTesting.MonacoTestClass" name="MWCRestApiFuntValidations" time="0.262"/>
  <system-out/>
  <testcase classname="com.MonacoTesting.MonacoTestClass" name="MWCRestApiFuntValidations" time="0.228"/>
  <system-out/>
  <testcase classname="com.MonacoTesting.MonacoTestClass" name="MWCRestApiFuntValidations" time="0.394"/>
  <system-out/>
  <testcase classname="com.MonacoTesting.MonacoTestClass" name="MWCRestApiFuntValidations" time="0.209"/>
  <system-out/>
  <testcase classname="com.MonacoTesting.MonacoTestClass" name="MWCRestApiFuntValidations" time="0.301"/>
  <system-out/>
  <testcase classname="com.MonacoTesting.MonacoTestClass" name="MWCRestApiFuntValidations" time="0.297"/>
  <system-out/>
  <testcase classname="com.MonacoTesting.MonacoTestClass" name="MWCRestApiFuntValidations" time="0.335"/>
  <system-out/>
  <testcase classname="com.MonacoTesting.MonacoTestClass" name="MWCRestApiFuntValidations" time="0.302"/>
  <system-out/>
  <testcase classname="com.MonacoTesting.MonacoTestClass" name="MWCRestApiFuntValidations" time="0.233"/>
  <system-out/>
  <testcase classname="com.MonacoTesting.MonacoTestClass" name="MWCRestApiFuntValidations" time="0.235"/>
  <system-out/>
  <testcase classname="com.MonacoTesting.MonacoTestClass" name="MWCRestApiFuntValidations" time="0.466"/>
  <system-out/>
  <testcase classname="com.MonacoTesting.MonacoTestClass" name="MWCRestApiFuntValidations" time="0.240"/>
  <system-out/>
  <testcase classname="com.MonacoTesting.MonacoTestClass" name="MWCRestApiFuntValidations" time="0.352"/>
  <system-out/>
  <testcase classname="com.MonacoTesting.MonacoTestClass" name="MWCRestApiFuntValidations" time="0.393"/>
  <system-out/>
  <testcase classname="com.MonacoTesting.MonacoTestClass" name="MWCRestApiFuntValidations" time="0.226"/>
  <system-out/>
  <testcase classname="com.MonacoTesting.MonacoTestClass" name="MWCRestApiFuntValidations" time="0.372"/>
  <system-out/>
  <testcase classname="com.MonacoTesting.MonacoTestClass" name="MWCRestApiFuntValidations" time="0.238"/>
  <system-out/>
  <testcase classname="com.MonacoTesting.MonacoTestClass" name="MWCRestApiFuntValidations" time="0.275"/>
  <system-out/>
  <testcase classname="com.MonacoTesting.MonacoTestClass" name="MWCRestApiFuntValidations" time="0.204"/>
  <system-out/>
  <testcase classname="com.MonacoTesting.MonacoTestClass" name="MWCRestApiFuntValidations" time="0.232"/>
  <system-out/>
  <testcase classname="com.MonacoTesting.MonacoTestClass" name="MWCRestApiFuntValidations" time="1.434"/>
  <system-out/>
  <testcase classname="com.MonacoTesting.MonacoTestClass" name="MWCRestApiFuntValidations" time="0.351"/>
  <system-out/>
  <testcase classname="com.MonacoTesting.MonacoTestClass" name="MWCRestApiFuntValidations" time="0.232"/>
  <system-out/>
  <testcase classname="com.MonacoTesting.MonacoTestClass" name="MWCRestApiFuntValidations" time="0.237"/>
  <system-out/>
  <testcase classname="com.MonacoTesting.MonacoTestClass" name="MWCRestApiFuntValidations" time="1.858"/>
  <system-out/>
  <testcase classname="com.MonacoTesting.MonacoTestClass" name="MWCRestApiFuntValidations" time="0.204"/>
  <system-out/>
  <testcase classname="com.MonacoTesting.MonacoTestClass" name="MWCRestApiFuntValidations" time="0.290"/>
  <system-out/>
  <testcase classname="com.MonacoTesting.MonacoTestClass" name="MWCRestApiFuntValidations" time="0.250"/>
  <system-out/>
  <testcase classname="com.MonacoTesting.MonacoTestClass" name="MWCRestApiFuntValidations" time="0.640"/>
  <system-out/>
  <testcase classname="com.MonacoTesting.MonacoTestClass" name="MWCRestApiFuntValidations" time="0.234"/>
  <system-out/>
  <testcase classname="com.MonacoTesting.MonacoTestClass" name="MWCRestApiFuntValidations" time="0.265"/>
  <system-out/>
  <testcase classname="com.MonacoTesting.MonacoTestClass" name="MWCRestApiFuntValidations" time="0.232"/>
  <system-out/>
  <testcase classname="com.MonacoTesting.MonacoTestClass" name="MWCRestApiFuntValidations" time="0.210"/>
  <system-out/>
  <testcase classname="com.MonacoTesting.MonacoTestClass" name="MWCRestApiFuntValidations" time="0.271"/>
  <system-out/>
  <testcase classname="com.MonacoTesting.MonacoTestClass" name="MWCRestApiFuntValidations" time="0.198"/>
  <system-out/>
  <testcase classname="com.MonacoTesting.MonacoTestClass" name="MWCRestApiFuntValidations" time="0.267"/>
  <system-out/>
  <testcase classname="com.MonacoTesting.MonacoTestClass" name="MWCRestApiFuntValidations" time="0.227"/>
  <system-out/>
  <testcase classname="com.MonacoTesting.MonacoTestClass" name="MWCRestApiFuntValidations" time="0.209"/>
  <system-out/>
  <testcase classname="com.MonacoTesting.MonacoTestClass" name="MWCRestApiFuntValidations" time="0.217"/>
  <system-out/>
</testsuite> <!-- com.MonacoTesting.MonacoTestClass -->
