<?xml version="1.0" encoding="UTF-8"?>
<!-- Generated by org.testng.reporters.JUnitReportReporter -->
<testsuite hostname="DESKTOP-PSRU67J" failures="0" tests="24" name="NewFrameWork.RaiseHeroClientPortalTestClass" time="12.367" errors="0" timestamp="2024-10-14T10:17:39 IST" skipped="0">
  <testcase classname="NewFrameWork.RaiseHeroClientPortalTestClass" name="RestApiFuntValidations" time="0.573"/>
  <system-out/>
  <testcase classname="NewFrameWork.RaiseHeroClientPortalTestClass" name="RestApiFuntValidations" time="0.299"/>
  <system-out/>
  <testcase classname="NewFrameWork.RaiseHeroClientPortalTestClass" name="RestApiFuntValidations" time="4.215"/>
  <system-out/>
  <testcase classname="NewFrameWork.RaiseHeroClientPortalTestClass" name="RestApiFuntValidations" time="0.137"/>
  <system-out/>
  <testcase classname="NewFrameWork.RaiseHeroClientPortalTestClass" name="RestApiFuntValidations" time="0.371"/>
  <system-out/>
  <testcase classname="NewFrameWork.RaiseHeroClientPortalTestClass" name="RestApiFuntValidations" time="0.399"/>
  <system-out/>
  <testcase classname="NewFrameWork.RaiseHeroClientPortalTestClass" name="RestApiFuntValidations" time="0.181"/>
  <system-out/>
  <testcase classname="NewFrameWork.RaiseHeroClientPortalTestClass" name="RestApiFuntValidations" time="0.169"/>
  <system-out/>
  <testcase classname="NewFrameWork.RaiseHeroClientPortalTestClass" name="RestApiFuntValidations" time="0.511"/>
  <system-out/>
  <testcase classname="NewFrameWork.RaiseHeroClientPortalTestClass" name="RestApiFuntValidations" time="0.238"/>
  <system-out/>
  <testcase classname="NewFrameWork.RaiseHeroClientPortalTestClass" name="RestApiFuntValidations" time="0.865"/>
  <system-out/>
  <testcase classname="NewFrameWork.RaiseHeroClientPortalTestClass" name="RestApiFuntValidations" time="0.283"/>
  <system-out/>
  <testcase classname="NewFrameWork.RaiseHeroClientPortalTestClass" name="RestApiFuntValidations" time="0.504"/>
  <system-out/>
  <testcase classname="NewFrameWork.RaiseHeroClientPortalTestClass" name="RestApiFuntValidations" time="0.219"/>
  <system-out/>
  <testcase classname="NewFrameWork.RaiseHeroClientPortalTestClass" name="RestApiFuntValidations" time="0.224"/>
  <system-out/>
  <testcase classname="NewFrameWork.RaiseHeroClientPortalTestClass" name="RestApiFuntValidations" time="1.095"/>
  <system-out/>
  <testcase classname="NewFrameWork.RaiseHeroClientPortalTestClass" name="RestApiFuntValidations" time="0.267"/>
  <system-out/>
  <testcase classname="NewFrameWork.RaiseHeroClientPortalTestClass" name="RestApiFuntValidations" time="0.229"/>
  <system-out/>
  <testcase classname="NewFrameWork.RaiseHeroClientPortalTestClass" name="RestApiFuntValidations" time="0.187"/>
  <system-out/>
  <testcase classname="NewFrameWork.RaiseHeroClientPortalTestClass" name="RestApiFuntValidations" time="0.259"/>
  <system-out/>
  <testcase classname="NewFrameWork.RaiseHeroClientPortalTestClass" name="RestApiFuntValidations" time="0.139"/>
  <system-out/>
  <testcase classname="NewFrameWork.RaiseHeroClientPortalTestClass" name="RestApiFuntValidations" time="0.333"/>
  <system-out/>
  <testcase classname="NewFrameWork.RaiseHeroClientPortalTestClass" name="RestApiFuntValidations" time="0.285"/>
  <system-out/>
  <testcase classname="NewFrameWork.RaiseHeroClientPortalTestClass" name="RestApiFuntValidations" time="0.385"/>
  <system-out/>
</testsuite> <!-- NewFrameWork.RaiseHeroClientPortalTestClass -->
