<?xml version="1.0" encoding="UTF-8"?>
<!-- Generated by org.testng.reporters.JUnitReportReporter -->
<testsuite hostname="DESKTOP-PSRU67J" failures="0" tests="245" name="NewFrameWork.MwcClientPortalTestClass2" time="66.128" errors="0" timestamp="2024-07-25T15:53:41 IST" skipped="0">
  <testcase classname="NewFrameWork.MwcClientPortalTestClass2" name="MWCRestApiFuntValidations" time="0.250"/>
  <system-out/>
  <testcase classname="NewFrameWork.MwcClientPortalTestClass2" name="MWCRestApiFuntValidations" time="0.212"/>
  <system-out/>
  <testcase classname="NewFrameWork.MwcClientPortalTestClass2" name="MWCRestApiFuntValidations" time="0.251"/>
  <system-out/>
  <testcase classname="NewFrameWork.MwcClientPortalTestClass2" name="MWCRestApiFuntValidations" time="0.158"/>
  <system-out/>
  <testcase classname="NewFrameWork.MwcClientPortalTestClass2" name="MWCRestApiFuntValidations" time="0.200"/>
  <system-out/>
  <testcase classname="NewFrameWork.MwcClientPortalTestClass2" name="MWCRestApiFuntValidations" time="0.224"/>
  <system-out/>
  <testcase classname="NewFrameWork.MwcClientPortalTestClass2" name="MWCRestApiFuntValidations" time="0.138"/>
  <system-out/>
  <testcase classname="NewFrameWork.MwcClientPortalTestClass2" name="MWCRestApiFuntValidations" time="0.189"/>
  <system-out/>
  <testcase classname="NewFrameWork.MwcClientPortalTestClass2" name="MWCRestApiFuntValidations" time="0.232"/>
  <system-out/>
  <testcase classname="NewFrameWork.MwcClientPortalTestClass2" name="MWCRestApiFuntValidations" time="0.219"/>
  <system-out/>
  <testcase classname="NewFrameWork.MwcClientPortalTestClass2" name="MWCRestApiFuntValidations" time="0.229"/>
  <system-out/>
  <testcase classname="NewFrameWork.MwcClientPortalTestClass2" name="MWCRestApiFuntValidations" time="0.165"/>
  <system-out/>
  <testcase classname="NewFrameWork.MwcClientPortalTestClass2" name="MWCRestApiFuntValidations" time="0.278"/>
  <system-out/>
  <testcase classname="NewFrameWork.MwcClientPortalTestClass2" name="MWCRestApiFuntValidations" time="0.327"/>
  <system-out/>
  <testcase classname="NewFrameWork.MwcClientPortalTestClass2" name="MWCRestApiFuntValidations" time="0.166"/>
  <system-out/>
  <testcase classname="NewFrameWork.MwcClientPortalTestClass2" name="MWCRestApiFuntValidations" time="0.243"/>
  <system-out/>
  <testcase classname="NewFrameWork.MwcClientPortalTestClass2" name="MWCRestApiFuntValidations" time="0.353"/>
  <system-out/>
  <testcase classname="NewFrameWork.MwcClientPortalTestClass2" name="MWCRestApiFuntValidations" time="0.148"/>
  <system-out/>
  <testcase classname="NewFrameWork.MwcClientPortalTestClass2" name="MWCRestApiFuntValidations" time="0.261"/>
  <system-out/>
  <testcase classname="NewFrameWork.MwcClientPortalTestClass2" name="MWCRestApiFuntValidations" time="0.402"/>
  <system-out/>
  <testcase classname="NewFrameWork.MwcClientPortalTestClass2" name="MWCRestApiFuntValidations" time="0.203"/>
  <system-out/>
  <testcase classname="NewFrameWork.MwcClientPortalTestClass2" name="MWCRestApiFuntValidations" time="0.183"/>
  <system-out/>
  <testcase classname="NewFrameWork.MwcClientPortalTestClass2" name="MWCRestApiFuntValidations" time="0.138"/>
  <system-out/>
  <testcase classname="NewFrameWork.MwcClientPortalTestClass2" name="MWCRestApiFuntValidations" time="0.197"/>
  <system-out/>
  <testcase classname="NewFrameWork.MwcClientPortalTestClass2" name="MWCRestApiFuntValidations" time="0.169"/>
  <system-out/>
  <testcase classname="NewFrameWork.MwcClientPortalTestClass2" name="MWCRestApiFuntValidations" time="0.175"/>
  <system-out/>
  <testcase classname="NewFrameWork.MwcClientPortalTestClass2" name="MWCRestApiFuntValidations" time="0.303"/>
  <system-out/>
  <testcase classname="NewFrameWork.MwcClientPortalTestClass2" name="MWCRestApiFuntValidations" time="0.287"/>
  <system-out/>
  <testcase classname="NewFrameWork.MwcClientPortalTestClass2" name="MWCRestApiFuntValidations" time="0.330"/>
  <system-out/>
  <testcase classname="NewFrameWork.MwcClientPortalTestClass2" name="MWCRestApiFuntValidations" time="0.206"/>
  <system-out/>
  <testcase classname="NewFrameWork.MwcClientPortalTestClass2" name="MWCRestApiFuntValidations" time="0.313"/>
  <system-out/>
  <testcase classname="NewFrameWork.MwcClientPortalTestClass2" name="MWCRestApiFuntValidations" time="1.449"/>
  <system-out/>
  <testcase classname="NewFrameWork.MwcClientPortalTestClass2" name="MWCRestApiFuntValidations" time="0.212"/>
  <system-out/>
  <testcase classname="NewFrameWork.MwcClientPortalTestClass2" name="MWCRestApiFuntValidations" time="0.212"/>
  <system-out/>
  <testcase classname="NewFrameWork.MwcClientPortalTestClass2" name="MWCRestApiFuntValidations" time="0.238"/>
  <system-out/>
  <testcase classname="NewFrameWork.MwcClientPortalTestClass2" name="MWCRestApiFuntValidations" time="0.203"/>
  <system-out/>
  <testcase classname="NewFrameWork.MwcClientPortalTestClass2" name="MWCRestApiFuntValidations" time="0.172"/>
  <system-out/>
  <testcase classname="NewFrameWork.MwcClientPortalTestClass2" name="MWCRestApiFuntValidations" time="0.146"/>
  <system-out/>
  <testcase classname="NewFrameWork.MwcClientPortalTestClass2" name="MWCRestApiFuntValidations" time="3.312"/>
  <system-out/>
  <testcase classname="NewFrameWork.MwcClientPortalTestClass2" name="MWCRestApiFuntValidations" time="0.171"/>
  <system-out/>
  <testcase classname="NewFrameWork.MwcClientPortalTestClass2" name="MWCRestApiFuntValidations" time="0.178"/>
  <system-out/>
  <testcase classname="NewFrameWork.MwcClientPortalTestClass2" name="MWCRestApiFuntValidations" time="0.196"/>
  <system-out/>
  <testcase classname="NewFrameWork.MwcClientPortalTestClass2" name="MWCRestApiFuntValidations" time="0.372"/>
  <system-out/>
  <testcase classname="NewFrameWork.MwcClientPortalTestClass2" name="MWCRestApiFuntValidations" time="0.187"/>
  <system-out/>
  <testcase classname="NewFrameWork.MwcClientPortalTestClass2" name="MWCRestApiFuntValidations" time="0.159"/>
  <system-out/>
  <testcase classname="NewFrameWork.MwcClientPortalTestClass2" name="MWCRestApiFuntValidations" time="0.184"/>
  <system-out/>
  <testcase classname="NewFrameWork.MwcClientPortalTestClass2" name="MWCRestApiFuntValidations" time="0.132"/>
  <system-out/>
  <testcase classname="NewFrameWork.MwcClientPortalTestClass2" name="MWCRestApiFuntValidations" time="0.303"/>
  <system-out/>
  <testcase classname="NewFrameWork.MwcClientPortalTestClass2" name="MWCRestApiFuntValidations" time="0.202"/>
  <system-out/>
  <testcase classname="NewFrameWork.MwcClientPortalTestClass2" name="MWCRestApiFuntValidations" time="0.144"/>
  <system-out/>
  <testcase classname="NewFrameWork.MwcClientPortalTestClass2" name="MWCRestApiFuntValidations" time="0.188"/>
  <system-out/>
  <testcase classname="NewFrameWork.MwcClientPortalTestClass2" name="MWCRestApiFuntValidations" time="0.141"/>
  <system-out/>
  <testcase classname="NewFrameWork.MwcClientPortalTestClass2" name="MWCRestApiFuntValidations" time="0.170"/>
  <system-out/>
  <testcase classname="NewFrameWork.MwcClientPortalTestClass2" name="MWCRestApiFuntValidations" time="0.216"/>
  <system-out/>
  <testcase classname="NewFrameWork.MwcClientPortalTestClass2" name="MWCRestApiFuntValidations" time="0.185"/>
  <system-out/>
  <testcase classname="NewFrameWork.MwcClientPortalTestClass2" name="MWCRestApiFuntValidations" time="2.246"/>
  <system-out/>
  <testcase classname="NewFrameWork.MwcClientPortalTestClass2" name="MWCRestApiFuntValidations" time="0.239"/>
  <system-out/>
  <testcase classname="NewFrameWork.MwcClientPortalTestClass2" name="MWCRestApiFuntValidations" time="0.166"/>
  <system-out/>
  <testcase classname="NewFrameWork.MwcClientPortalTestClass2" name="MWCRestApiFuntValidations" time="0.158"/>
  <system-out/>
  <testcase classname="NewFrameWork.MwcClientPortalTestClass2" name="MWCRestApiFuntValidations" time="0.174"/>
  <system-out/>
  <testcase classname="NewFrameWork.MwcClientPortalTestClass2" name="MWCRestApiFuntValidations" time="0.149"/>
  <system-out/>
  <testcase classname="NewFrameWork.MwcClientPortalTestClass2" name="MWCRestApiFuntValidations" time="0.192"/>
  <system-out/>
  <testcase classname="NewFrameWork.MwcClientPortalTestClass2" name="MWCRestApiFuntValidations" time="0.159"/>
  <system-out/>
  <testcase classname="NewFrameWork.MwcClientPortalTestClass2" name="MWCRestApiFuntValidations" time="0.158"/>
  <system-out/>
  <testcase classname="NewFrameWork.MwcClientPortalTestClass2" name="MWCRestApiFuntValidations" time="0.173"/>
  <system-out/>
  <testcase classname="NewFrameWork.MwcClientPortalTestClass2" name="MWCRestApiFuntValidations" time="0.277"/>
  <system-out/>
  <testcase classname="NewFrameWork.MwcClientPortalTestClass2" name="MWCRestApiFuntValidations" time="0.266"/>
  <system-out/>
  <testcase classname="NewFrameWork.MwcClientPortalTestClass2" name="MWCRestApiFuntValidations" time="0.792"/>
  <system-out/>
  <testcase classname="NewFrameWork.MwcClientPortalTestClass2" name="MWCRestApiFuntValidations" time="1.249"/>
  <system-out/>
  <testcase classname="NewFrameWork.MwcClientPortalTestClass2" name="MWCRestApiFuntValidations" time="0.208"/>
  <system-out/>
  <testcase classname="NewFrameWork.MwcClientPortalTestClass2" name="MWCRestApiFuntValidations" time="0.186"/>
  <system-out/>
  <testcase classname="NewFrameWork.MwcClientPortalTestClass2" name="MWCRestApiFuntValidations" time="0.168"/>
  <system-out/>
  <testcase classname="NewFrameWork.MwcClientPortalTestClass2" name="MWCRestApiFuntValidations" time="0.187"/>
  <system-out/>
  <testcase classname="NewFrameWork.MwcClientPortalTestClass2" name="MWCRestApiFuntValidations" time="0.179"/>
  <system-out/>
  <testcase classname="NewFrameWork.MwcClientPortalTestClass2" name="MWCRestApiFuntValidations" time="0.262"/>
  <system-out/>
  <testcase classname="NewFrameWork.MwcClientPortalTestClass2" name="MWCRestApiFuntValidations" time="0.162"/>
  <system-out/>
  <testcase classname="NewFrameWork.MwcClientPortalTestClass2" name="MWCRestApiFuntValidations" time="0.121"/>
  <system-out/>
  <testcase classname="NewFrameWork.MwcClientPortalTestClass2" name="MWCRestApiFuntValidations" time="0.259"/>
  <system-out/>
  <testcase classname="NewFrameWork.MwcClientPortalTestClass2" name="MWCRestApiFuntValidations" time="0.384"/>
  <system-out/>
  <testcase classname="NewFrameWork.MwcClientPortalTestClass2" name="MWCRestApiFuntValidations" time="0.207"/>
  <system-out/>
  <testcase classname="NewFrameWork.MwcClientPortalTestClass2" name="MWCRestApiFuntValidations" time="0.278"/>
  <system-out/>
  <testcase classname="NewFrameWork.MwcClientPortalTestClass2" name="MWCRestApiFuntValidations" time="0.266"/>
  <system-out/>
  <testcase classname="NewFrameWork.MwcClientPortalTestClass2" name="MWCRestApiFuntValidations" time="0.344"/>
  <system-out/>
  <testcase classname="NewFrameWork.MwcClientPortalTestClass2" name="MWCRestApiFuntValidations" time="0.244"/>
  <system-out/>
  <testcase classname="NewFrameWork.MwcClientPortalTestClass2" name="MWCRestApiFuntValidations" time="0.208"/>
  <system-out/>
  <testcase classname="NewFrameWork.MwcClientPortalTestClass2" name="MWCRestApiFuntValidations" time="0.217"/>
  <system-out/>
  <testcase classname="NewFrameWork.MwcClientPortalTestClass2" name="MWCRestApiFuntValidations" time="0.131"/>
  <system-out/>
  <testcase classname="NewFrameWork.MwcClientPortalTestClass2" name="MWCRestApiFuntValidations" time="0.172"/>
  <system-out/>
  <testcase classname="NewFrameWork.MwcClientPortalTestClass2" name="MWCRestApiFuntValidations" time="0.268"/>
  <system-out/>
  <testcase classname="NewFrameWork.MwcClientPortalTestClass2" name="MWCRestApiFuntValidations" time="0.139"/>
  <system-out/>
  <testcase classname="NewFrameWork.MwcClientPortalTestClass2" name="MWCRestApiFuntValidations" time="0.272"/>
  <system-out/>
  <testcase classname="NewFrameWork.MwcClientPortalTestClass2" name="MWCRestApiFuntValidations" time="0.171"/>
  <system-out/>
  <testcase classname="NewFrameWork.MwcClientPortalTestClass2" name="MWCRestApiFuntValidations" time="0.254"/>
  <system-out/>
  <testcase classname="NewFrameWork.MwcClientPortalTestClass2" name="MWCRestApiFuntValidations" time="0.405"/>
  <system-out/>
  <testcase classname="NewFrameWork.MwcClientPortalTestClass2" name="MWCRestApiFuntValidations" time="0.228"/>
  <system-out/>
  <testcase classname="NewFrameWork.MwcClientPortalTestClass2" name="MWCRestApiFuntValidations" time="0.258"/>
  <system-out/>
  <testcase classname="NewFrameWork.MwcClientPortalTestClass2" name="MWCRestApiFuntValidations" time="0.163"/>
  <system-out/>
  <testcase classname="NewFrameWork.MwcClientPortalTestClass2" name="MWCRestApiFuntValidations" time="0.158"/>
  <system-out/>
  <testcase classname="NewFrameWork.MwcClientPortalTestClass2" name="MWCRestApiFuntValidations" time="0.175"/>
  <system-out/>
  <testcase classname="NewFrameWork.MwcClientPortalTestClass2" name="MWCRestApiFuntValidations" time="0.249"/>
  <system-out/>
  <testcase classname="NewFrameWork.MwcClientPortalTestClass2" name="MWCRestApiFuntValidations" time="0.185"/>
  <system-out/>
  <testcase classname="NewFrameWork.MwcClientPortalTestClass2" name="MWCRestApiFuntValidations" time="0.143"/>
  <system-out/>
  <testcase classname="NewFrameWork.MwcClientPortalTestClass2" name="MWCRestApiFuntValidations" time="0.164"/>
  <system-out/>
  <testcase classname="NewFrameWork.MwcClientPortalTestClass2" name="MWCRestApiFuntValidations" time="0.401"/>
  <system-out/>
  <testcase classname="NewFrameWork.MwcClientPortalTestClass2" name="MWCRestApiFuntValidations" time="0.197"/>
  <system-out/>
  <testcase classname="NewFrameWork.MwcClientPortalTestClass2" name="MWCRestApiFuntValidations" time="0.168"/>
  <system-out/>
  <testcase classname="NewFrameWork.MwcClientPortalTestClass2" name="MWCRestApiFuntValidations" time="0.141"/>
  <system-out/>
  <testcase classname="NewFrameWork.MwcClientPortalTestClass2" name="MWCRestApiFuntValidations" time="0.225"/>
  <system-out/>
  <testcase classname="NewFrameWork.MwcClientPortalTestClass2" name="MWCRestApiFuntValidations" time="0.333"/>
  <system-out/>
  <testcase classname="NewFrameWork.MwcClientPortalTestClass2" name="MWCRestApiFuntValidations" time="0.156"/>
  <system-out/>
  <testcase classname="NewFrameWork.MwcClientPortalTestClass2" name="MWCRestApiFuntValidations" time="0.167"/>
  <system-out/>
  <testcase classname="NewFrameWork.MwcClientPortalTestClass2" name="MWCRestApiFuntValidations" time="0.144"/>
  <system-out/>
  <testcase classname="NewFrameWork.MwcClientPortalTestClass2" name="MWCRestApiFuntValidations" time="0.239"/>
  <system-out/>
  <testcase classname="NewFrameWork.MwcClientPortalTestClass2" name="MWCRestApiFuntValidations" time="0.262"/>
  <system-out/>
  <testcase classname="NewFrameWork.MwcClientPortalTestClass2" name="MWCRestApiFuntValidations" time="0.229"/>
  <system-out/>
  <testcase classname="NewFrameWork.MwcClientPortalTestClass2" name="MWCRestApiFuntValidations" time="0.223"/>
  <system-out/>
  <testcase classname="NewFrameWork.MwcClientPortalTestClass2" name="MWCRestApiFuntValidations" time="0.302"/>
  <system-out/>
  <testcase classname="NewFrameWork.MwcClientPortalTestClass2" name="MWCRestApiFuntValidations" time="0.172"/>
  <system-out/>
  <testcase classname="NewFrameWork.MwcClientPortalTestClass2" name="MWCRestApiFuntValidations" time="0.190"/>
  <system-out/>
  <testcase classname="NewFrameWork.MwcClientPortalTestClass2" name="MWCRestApiFuntValidations" time="0.130"/>
  <system-out/>
  <testcase classname="NewFrameWork.MwcClientPortalTestClass2" name="MWCRestApiFuntValidations" time="0.181"/>
  <system-out/>
  <testcase classname="NewFrameWork.MwcClientPortalTestClass2" name="MWCRestApiFuntValidations" time="0.162"/>
  <system-out/>
  <testcase classname="NewFrameWork.MwcClientPortalTestClass2" name="MWCRestApiFuntValidations" time="0.281"/>
  <system-out/>
  <testcase classname="NewFrameWork.MwcClientPortalTestClass2" name="MWCRestApiFuntValidations" time="0.196"/>
  <system-out/>
  <testcase classname="NewFrameWork.MwcClientPortalTestClass2" name="MWCRestApiFuntValidations" time="0.124"/>
  <system-out/>
  <testcase classname="NewFrameWork.MwcClientPortalTestClass2" name="MWCRestApiFuntValidations" time="0.659"/>
  <system-out/>
  <testcase classname="NewFrameWork.MwcClientPortalTestClass2" name="MWCRestApiFuntValidations" time="0.184"/>
  <system-out/>
  <testcase classname="NewFrameWork.MwcClientPortalTestClass2" name="MWCRestApiFuntValidations" time="0.137"/>
  <system-out/>
  <testcase classname="NewFrameWork.MwcClientPortalTestClass2" name="MWCRestApiFuntValidations" time="0.167"/>
  <system-out/>
  <testcase classname="NewFrameWork.MwcClientPortalTestClass2" name="MWCRestApiFuntValidations" time="0.162"/>
  <system-out/>
  <testcase classname="NewFrameWork.MwcClientPortalTestClass2" name="MWCRestApiFuntValidations" time="0.984"/>
  <system-out/>
  <testcase classname="NewFrameWork.MwcClientPortalTestClass2" name="MWCRestApiFuntValidations" time="0.187"/>
  <system-out/>
  <testcase classname="NewFrameWork.MwcClientPortalTestClass2" name="MWCRestApiFuntValidations" time="0.227"/>
  <system-out/>
  <testcase classname="NewFrameWork.MwcClientPortalTestClass2" name="MWCRestApiFuntValidations" time="0.140"/>
  <system-out/>
  <testcase classname="NewFrameWork.MwcClientPortalTestClass2" name="MWCRestApiFuntValidations" time="0.206"/>
  <system-out/>
  <testcase classname="NewFrameWork.MwcClientPortalTestClass2" name="MWCRestApiFuntValidations" time="0.333"/>
  <system-out/>
  <testcase classname="NewFrameWork.MwcClientPortalTestClass2" name="MWCRestApiFuntValidations" time="0.247"/>
  <system-out/>
  <testcase classname="NewFrameWork.MwcClientPortalTestClass2" name="MWCRestApiFuntValidations" time="0.317"/>
  <system-out/>
  <testcase classname="NewFrameWork.MwcClientPortalTestClass2" name="MWCRestApiFuntValidations" time="0.162"/>
  <system-out/>
  <testcase classname="NewFrameWork.MwcClientPortalTestClass2" name="MWCRestApiFuntValidations" time="0.326"/>
  <system-out/>
  <testcase classname="NewFrameWork.MwcClientPortalTestClass2" name="MWCRestApiFuntValidations" time="0.161"/>
  <system-out/>
  <testcase classname="NewFrameWork.MwcClientPortalTestClass2" name="MWCRestApiFuntValidations" time="0.279"/>
  <system-out/>
  <testcase classname="NewFrameWork.MwcClientPortalTestClass2" name="MWCRestApiFuntValidations" time="0.142"/>
  <system-out/>
  <testcase classname="NewFrameWork.MwcClientPortalTestClass2" name="MWCRestApiFuntValidations" time="0.334"/>
  <system-out/>
  <testcase classname="NewFrameWork.MwcClientPortalTestClass2" name="MWCRestApiFuntValidations" time="0.232"/>
  <system-out/>
  <testcase classname="NewFrameWork.MwcClientPortalTestClass2" name="MWCRestApiFuntValidations" time="0.386"/>
  <system-out/>
  <testcase classname="NewFrameWork.MwcClientPortalTestClass2" name="MWCRestApiFuntValidations" time="0.126"/>
  <system-out/>
  <testcase classname="NewFrameWork.MwcClientPortalTestClass2" name="MWCRestApiFuntValidations" time="1.397"/>
  <system-out/>
  <testcase classname="NewFrameWork.MwcClientPortalTestClass2" name="MWCRestApiFuntValidations" time="0.224"/>
  <system-out/>
  <testcase classname="NewFrameWork.MwcClientPortalTestClass2" name="MWCRestApiFuntValidations" time="0.342"/>
  <system-out/>
  <testcase classname="NewFrameWork.MwcClientPortalTestClass2" name="MWCRestApiFuntValidations" time="0.140"/>
  <system-out/>
  <testcase classname="NewFrameWork.MwcClientPortalTestClass2" name="MWCRestApiFuntValidations" time="0.352"/>
  <system-out/>
  <testcase classname="NewFrameWork.MwcClientPortalTestClass2" name="MWCRestApiFuntValidations" time="0.183"/>
  <system-out/>
  <testcase classname="NewFrameWork.MwcClientPortalTestClass2" name="MWCRestApiFuntValidations" time="0.204"/>
  <system-out/>
  <testcase classname="NewFrameWork.MwcClientPortalTestClass2" name="MWCRestApiFuntValidations" time="0.161"/>
  <system-out/>
  <testcase classname="NewFrameWork.MwcClientPortalTestClass2" name="MWCRestApiFuntValidations" time="0.278"/>
  <system-out/>
  <testcase classname="NewFrameWork.MwcClientPortalTestClass2" name="MWCRestApiFuntValidations" time="0.249"/>
  <system-out/>
  <testcase classname="NewFrameWork.MwcClientPortalTestClass2" name="MWCRestApiFuntValidations" time="0.186"/>
  <system-out/>
  <testcase classname="NewFrameWork.MwcClientPortalTestClass2" name="MWCRestApiFuntValidations" time="0.141"/>
  <system-out/>
  <testcase classname="NewFrameWork.MwcClientPortalTestClass2" name="MWCRestApiFuntValidations" time="0.147"/>
  <system-out/>
  <testcase classname="NewFrameWork.MwcClientPortalTestClass2" name="MWCRestApiFuntValidations" time="0.230"/>
  <system-out/>
  <testcase classname="NewFrameWork.MwcClientPortalTestClass2" name="MWCRestApiFuntValidations" time="0.194"/>
  <system-out/>
  <testcase classname="NewFrameWork.MwcClientPortalTestClass2" name="MWCRestApiFuntValidations" time="0.154"/>
  <system-out/>
  <testcase classname="NewFrameWork.MwcClientPortalTestClass2" name="MWCRestApiFuntValidations" time="0.175"/>
  <system-out/>
  <testcase classname="NewFrameWork.MwcClientPortalTestClass2" name="MWCRestApiFuntValidations" time="0.210"/>
  <system-out/>
  <testcase classname="NewFrameWork.MwcClientPortalTestClass2" name="MWCRestApiFuntValidations" time="0.149"/>
  <system-out/>
  <testcase classname="NewFrameWork.MwcClientPortalTestClass2" name="MWCRestApiFuntValidations" time="0.141"/>
  <system-out/>
  <testcase classname="NewFrameWork.MwcClientPortalTestClass2" name="MWCRestApiFuntValidations" time="0.209"/>
  <system-out/>
  <testcase classname="NewFrameWork.MwcClientPortalTestClass2" name="MWCRestApiFuntValidations" time="0.264"/>
  <system-out/>
  <testcase classname="NewFrameWork.MwcClientPortalTestClass2" name="MWCRestApiFuntValidations" time="0.251"/>
  <system-out/>
  <testcase classname="NewFrameWork.MwcClientPortalTestClass2" name="MWCRestApiFuntValidations" time="0.154"/>
  <system-out/>
  <testcase classname="NewFrameWork.MwcClientPortalTestClass2" name="MWCRestApiFuntValidations" time="0.178"/>
  <system-out/>
  <testcase classname="NewFrameWork.MwcClientPortalTestClass2" name="MWCRestApiFuntValidations" time="0.213"/>
  <system-out/>
  <testcase classname="NewFrameWork.MwcClientPortalTestClass2" name="MWCRestApiFuntValidations" time="0.301"/>
  <system-out/>
  <testcase classname="NewFrameWork.MwcClientPortalTestClass2" name="MWCRestApiFuntValidations" time="0.152"/>
  <system-out/>
  <testcase classname="NewFrameWork.MwcClientPortalTestClass2" name="MWCRestApiFuntValidations" time="0.160"/>
  <system-out/>
  <testcase classname="NewFrameWork.MwcClientPortalTestClass2" name="MWCRestApiFuntValidations" time="0.235"/>
  <system-out/>
  <testcase classname="NewFrameWork.MwcClientPortalTestClass2" name="MWCRestApiFuntValidations" time="0.193"/>
  <system-out/>
  <testcase classname="NewFrameWork.MwcClientPortalTestClass2" name="MWCRestApiFuntValidations" time="0.151"/>
  <system-out/>
  <testcase classname="NewFrameWork.MwcClientPortalTestClass2" name="MWCRestApiFuntValidations" time="0.181"/>
  <system-out/>
  <testcase classname="NewFrameWork.MwcClientPortalTestClass2" name="MWCRestApiFuntValidations" time="0.171"/>
  <system-out/>
  <testcase classname="NewFrameWork.MwcClientPortalTestClass2" name="MWCRestApiFuntValidations" time="0.175"/>
  <system-out/>
  <testcase classname="NewFrameWork.MwcClientPortalTestClass2" name="MWCRestApiFuntValidations" time="0.221"/>
  <system-out/>
  <testcase classname="NewFrameWork.MwcClientPortalTestClass2" name="MWCRestApiFuntValidations" time="0.197"/>
  <system-out/>
  <testcase classname="NewFrameWork.MwcClientPortalTestClass2" name="MWCRestApiFuntValidations" time="1.349"/>
  <system-out/>
  <testcase classname="NewFrameWork.MwcClientPortalTestClass2" name="MWCRestApiFuntValidations" time="0.152"/>
  <system-out/>
  <testcase classname="NewFrameWork.MwcClientPortalTestClass2" name="MWCRestApiFuntValidations" time="0.213"/>
  <system-out/>
  <testcase classname="NewFrameWork.MwcClientPortalTestClass2" name="MWCRestApiFuntValidations" time="0.239"/>
  <system-out/>
  <testcase classname="NewFrameWork.MwcClientPortalTestClass2" name="MWCRestApiFuntValidations" time="0.137"/>
  <system-out/>
  <testcase classname="NewFrameWork.MwcClientPortalTestClass2" name="MWCRestApiFuntValidations" time="0.189"/>
  <system-out/>
  <testcase classname="NewFrameWork.MwcClientPortalTestClass2" name="MWCRestApiFuntValidations" time="0.239"/>
  <system-out/>
  <testcase classname="NewFrameWork.MwcClientPortalTestClass2" name="MWCRestApiFuntValidations" time="0.204"/>
  <system-out/>
  <testcase classname="NewFrameWork.MwcClientPortalTestClass2" name="MWCRestApiFuntValidations" time="0.165"/>
  <system-out/>
  <testcase classname="NewFrameWork.MwcClientPortalTestClass2" name="MWCRestApiFuntValidations" time="0.202"/>
  <system-out/>
  <testcase classname="NewFrameWork.MwcClientPortalTestClass2" name="MWCRestApiFuntValidations" time="0.143"/>
  <system-out/>
  <testcase classname="NewFrameWork.MwcClientPortalTestClass2" name="MWCRestApiFuntValidations" time="0.162"/>
  <system-out/>
  <testcase classname="NewFrameWork.MwcClientPortalTestClass2" name="MWCRestApiFuntValidations" time="0.195"/>
  <system-out/>
  <testcase classname="NewFrameWork.MwcClientPortalTestClass2" name="MWCRestApiFuntValidations" time="0.249"/>
  <system-out/>
  <testcase classname="NewFrameWork.MwcClientPortalTestClass2" name="MWCRestApiFuntValidations" time="0.142"/>
  <system-out/>
  <testcase classname="NewFrameWork.MwcClientPortalTestClass2" name="MWCRestApiFuntValidations" time="0.223"/>
  <system-out/>
  <testcase classname="NewFrameWork.MwcClientPortalTestClass2" name="MWCRestApiFuntValidations" time="0.216"/>
  <system-out/>
  <testcase classname="NewFrameWork.MwcClientPortalTestClass2" name="MWCRestApiFuntValidations" time="0.283"/>
  <system-out/>
  <testcase classname="NewFrameWork.MwcClientPortalTestClass2" name="MWCRestApiFuntValidations" time="0.173"/>
  <system-out/>
  <testcase classname="NewFrameWork.MwcClientPortalTestClass2" name="MWCRestApiFuntValidations" time="0.354"/>
  <system-out/>
  <testcase classname="NewFrameWork.MwcClientPortalTestClass2" name="MWCRestApiFuntValidations" time="0.211"/>
  <system-out/>
  <testcase classname="NewFrameWork.MwcClientPortalTestClass2" name="MWCRestApiFuntValidations" time="0.232"/>
  <system-out/>
  <testcase classname="NewFrameWork.MwcClientPortalTestClass2" name="MWCRestApiFuntValidations" time="0.201"/>
  <system-out/>
  <testcase classname="NewFrameWork.MwcClientPortalTestClass2" name="MWCRestApiFuntValidations" time="0.299"/>
  <system-out/>
  <testcase classname="NewFrameWork.MwcClientPortalTestClass2" name="MWCRestApiFuntValidations" time="0.216"/>
  <system-out/>
  <testcase classname="NewFrameWork.MwcClientPortalTestClass2" name="MWCRestApiFuntValidations" time="0.210"/>
  <system-out/>
  <testcase classname="NewFrameWork.MwcClientPortalTestClass2" name="MWCRestApiFuntValidations" time="0.218"/>
  <system-out/>
  <testcase classname="NewFrameWork.MwcClientPortalTestClass2" name="MWCRestApiFuntValidations" time="0.371"/>
  <system-out/>
  <testcase classname="NewFrameWork.MwcClientPortalTestClass2" name="MWCRestApiFuntValidations" time="0.152"/>
  <system-out/>
  <testcase classname="NewFrameWork.MwcClientPortalTestClass2" name="MWCRestApiFuntValidations" time="1.285"/>
  <system-out/>
  <testcase classname="NewFrameWork.MwcClientPortalTestClass2" name="MWCRestApiFuntValidations" time="0.172"/>
  <system-out/>
  <testcase classname="NewFrameWork.MwcClientPortalTestClass2" name="MWCRestApiFuntValidations" time="0.141"/>
  <system-out/>
  <testcase classname="NewFrameWork.MwcClientPortalTestClass2" name="MWCRestApiFuntValidations" time="0.250"/>
  <system-out/>
  <testcase classname="NewFrameWork.MwcClientPortalTestClass2" name="MWCRestApiFuntValidations" time="0.194"/>
  <system-out/>
  <testcase classname="NewFrameWork.MwcClientPortalTestClass2" name="MWCRestApiFuntValidations" time="0.152"/>
  <system-out/>
  <testcase classname="NewFrameWork.MwcClientPortalTestClass2" name="MWCRestApiFuntValidations" time="0.137"/>
  <system-out/>
  <testcase classname="NewFrameWork.MwcClientPortalTestClass2" name="MWCRestApiFuntValidations" time="0.232"/>
  <system-out/>
  <testcase classname="NewFrameWork.MwcClientPortalTestClass2" name="MWCRestApiFuntValidations" time="0.181"/>
  <system-out/>
  <testcase classname="NewFrameWork.MwcClientPortalTestClass2" name="MWCRestApiFuntValidations" time="0.370"/>
  <system-out/>
  <testcase classname="NewFrameWork.MwcClientPortalTestClass2" name="MWCRestApiFuntValidations" time="0.258"/>
  <system-out/>
  <testcase classname="NewFrameWork.MwcClientPortalTestClass2" name="MWCRestApiFuntValidations" time="0.248"/>
  <system-out/>
  <testcase classname="NewFrameWork.MwcClientPortalTestClass2" name="MWCRestApiFuntValidations" time="0.720"/>
  <system-out/>
  <testcase classname="NewFrameWork.MwcClientPortalTestClass2" name="MWCRestApiFuntValidations" time="0.145"/>
  <system-out/>
  <testcase classname="NewFrameWork.MwcClientPortalTestClass2" name="MWCRestApiFuntValidations" time="0.167"/>
  <system-out/>
  <testcase classname="NewFrameWork.MwcClientPortalTestClass2" name="MWCRestApiFuntValidations" time="0.272"/>
  <system-out/>
  <testcase classname="NewFrameWork.MwcClientPortalTestClass2" name="MWCRestApiFuntValidations" time="0.784"/>
  <system-out/>
  <testcase classname="NewFrameWork.MwcClientPortalTestClass2" name="MWCRestApiFuntValidations" time="0.158"/>
  <system-out/>
  <testcase classname="NewFrameWork.MwcClientPortalTestClass2" name="MWCRestApiFuntValidations" time="0.224"/>
  <system-out/>
  <testcase classname="NewFrameWork.MwcClientPortalTestClass2" name="MWCRestApiFuntValidations" time="0.560"/>
  <system-out/>
  <testcase classname="NewFrameWork.MwcClientPortalTestClass2" name="MWCRestApiFuntValidations" time="0.169"/>
  <system-out/>
  <testcase classname="NewFrameWork.MwcClientPortalTestClass2" name="MWCRestApiFuntValidations" time="0.244"/>
  <system-out/>
  <testcase classname="NewFrameWork.MwcClientPortalTestClass2" name="MWCRestApiFuntValidations" time="0.224"/>
  <system-out/>
  <testcase classname="NewFrameWork.MwcClientPortalTestClass2" name="MWCRestApiFuntValidations" time="0.180"/>
  <system-out/>
  <testcase classname="NewFrameWork.MwcClientPortalTestClass2" name="MWCRestApiFuntValidations" time="0.264"/>
  <system-out/>
  <testcase classname="NewFrameWork.MwcClientPortalTestClass2" name="MWCRestApiFuntValidations" time="0.205"/>
  <system-out/>
  <testcase classname="NewFrameWork.MwcClientPortalTestClass2" name="MWCRestApiFuntValidations" time="0.272"/>
  <system-out/>
  <testcase classname="NewFrameWork.MwcClientPortalTestClass2" name="MWCRestApiFuntValidations" time="0.271"/>
  <system-out/>
  <testcase classname="NewFrameWork.MwcClientPortalTestClass2" name="MWCRestApiFuntValidations" time="0.149"/>
  <system-out/>
  <testcase classname="NewFrameWork.MwcClientPortalTestClass2" name="MWCRestApiFuntValidations" time="0.315"/>
  <system-out/>
  <testcase classname="NewFrameWork.MwcClientPortalTestClass2" name="MWCRestApiFuntValidations" time="0.247"/>
  <system-out/>
  <testcase classname="NewFrameWork.MwcClientPortalTestClass2" name="MWCRestApiFuntValidations" time="0.181"/>
  <system-out/>
</testsuite> <!-- NewFrameWork.MwcClientPortalTestClass2 -->
