<?xml version="1.0" encoding="UTF-8"?>
<!-- Generated by org.testng.reporters.JUnitReportReporter -->
<testsuite hostname="DESKTOP-4EHNAOM" failures="0" tests="26" name="com.SpryntzApiTesting.RestaurantOnboarding" time="42.167" errors="0" timestamp="2024-01-18T15:05:10 IST" skipped="0">
  <testcase classname="com.SpryntzApiTesting.RestaurantOnboarding" name="Spaceband" time="5.081"/>
  <system-out/>
  <testcase classname="com.SpryntzApiTesting.RestaurantOnboarding" name="Spaceband" time="1.482"/>
  <system-out/>
  <testcase classname="com.SpryntzApiTesting.RestaurantOnboarding" name="Spaceband" time="2.185"/>
  <system-out/>
  <testcase classname="com.SpryntzApiTesting.RestaurantOnboarding" name="Spaceband" time="2.487"/>
  <system-out/>
  <testcase classname="com.SpryntzApiTesting.RestaurantOnboarding" name="Spaceband" time="0.956"/>
  <system-out/>
  <testcase classname="com.SpryntzApiTesting.RestaurantOnboarding" name="Spaceband" time="0.964"/>
  <system-out/>
  <testcase classname="com.SpryntzApiTesting.RestaurantOnboarding" name="Spaceband" time="0.879"/>
  <system-out/>
  <testcase classname="com.SpryntzApiTesting.RestaurantOnboarding" name="Spaceband" time="2.259"/>
  <system-out/>
  <testcase classname="com.SpryntzApiTesting.RestaurantOnboarding" name="Spaceband" time="0.896"/>
  <system-out/>
  <testcase classname="com.SpryntzApiTesting.RestaurantOnboarding" name="Spaceband" time="2.305"/>
  <system-out/>
  <testcase classname="com.SpryntzApiTesting.RestaurantOnboarding" name="Spaceband" time="2.216"/>
  <system-out/>
  <testcase classname="com.SpryntzApiTesting.RestaurantOnboarding" name="Spaceband" time="1.072"/>
  <system-out/>
  <testcase classname="com.SpryntzApiTesting.RestaurantOnboarding" name="Spaceband" time="0.992"/>
  <system-out/>
  <testcase classname="com.SpryntzApiTesting.RestaurantOnboarding" name="Spaceband" time="1.039"/>
  <system-out/>
  <testcase classname="com.SpryntzApiTesting.RestaurantOnboarding" name="Spaceband" time="2.307"/>
  <system-out/>
  <testcase classname="com.SpryntzApiTesting.RestaurantOnboarding" name="Spaceband" time="0.865"/>
  <system-out/>
  <testcase classname="com.SpryntzApiTesting.RestaurantOnboarding" name="Spaceband" time="1.021"/>
  <system-out/>
  <testcase classname="com.SpryntzApiTesting.RestaurantOnboarding" name="Spaceband" time="2.045"/>
  <system-out/>
  <testcase classname="com.SpryntzApiTesting.RestaurantOnboarding" name="Spaceband" time="2.015"/>
  <system-out/>
  <testcase classname="com.SpryntzApiTesting.RestaurantOnboarding" name="Spaceband" time="1.219"/>
  <system-out/>
  <testcase classname="com.SpryntzApiTesting.RestaurantOnboarding" name="Spaceband" time="1.947"/>
  <system-out/>
  <testcase classname="com.SpryntzApiTesting.RestaurantOnboarding" name="Spaceband" time="0.924"/>
  <system-out/>
  <testcase classname="com.SpryntzApiTesting.RestaurantOnboarding" name="Spaceband" time="0.937"/>
  <system-out/>
  <testcase classname="com.SpryntzApiTesting.RestaurantOnboarding" name="Spaceband" time="2.165"/>
  <system-out/>
  <testcase classname="com.SpryntzApiTesting.RestaurantOnboarding" name="Spaceband" time="0.977"/>
  <system-out/>
  <testcase classname="com.SpryntzApiTesting.RestaurantOnboarding" name="Spaceband" time="0.932"/>
  <system-out/>
</testsuite> <!-- com.SpryntzApiTesting.RestaurantOnboarding -->
