<?xml version="1.0" encoding="UTF-8"?>
<!-- Generated by org.testng.reporters.JUnitReportReporter -->
<testsuite hostname="DESKTOP-4EHNAOM" failures="0" tests="34" name="com.SpryntzApiTesting.ChefOnboarding" time="118.418" errors="1" timestamp="2024-01-18T14:25:27 IST" skipped="0">
  <testcase classname="com.SpryntzApiTesting.ChefOnboarding" name="SpryntzRestApiAfterLoginChefOnboarding" time="7.499"/>
  <system-out/>
  <testcase classname="com.SpryntzApiTesting.ChefOnboarding" name="SpryntzRestApiAfterLoginChefOnboarding" time="2.314"/>
  <system-out/>
  <testcase classname="com.SpryntzApiTesting.ChefOnboarding" name="SpryntzRestApiAfterLoginChefOnboarding" time="1.230"/>
  <system-out/>
  <testcase classname="com.SpryntzApiTesting.ChefOnboarding" name="SpryntzRestApiAfterLoginChefOnboarding" time="2.259"/>
  <system-out/>
  <testcase classname="com.SpryntzApiTesting.ChefOnboarding" name="SpryntzRestApiAfterLoginChefOnboarding" time="0.960"/>
  <system-out/>
  <testcase classname="com.SpryntzApiTesting.ChefOnboarding" name="SpryntzRestApiAfterLoginChefOnboarding" time="1.000"/>
  <system-out/>
  <testcase classname="com.SpryntzApiTesting.ChefOnboarding" name="SpryntzRestApiAfterLoginChefOnboarding" time="1.624"/>
  <system-out/>
  <testcase classname="com.SpryntzApiTesting.ChefOnboarding" name="SpryntzRestApiAfterLoginChefOnboarding" time="2.725"/>
  <system-out/>
  <testcase classname="com.SpryntzApiTesting.ChefOnboarding" name="SpryntzRestApiAfterLoginChefOnboarding" time="1.536"/>
  <system-out/>
  <testcase classname="com.SpryntzApiTesting.ChefOnboarding" name="SpryntzRestApiAfterLoginChefOnboarding" time="0.890"/>
  <system-out/>
  <testcase classname="com.SpryntzApiTesting.ChefOnboarding" name="SpryntzRestApiAfterLoginChefOnboarding" time="2.135"/>
  <system-out/>
  <testcase classname="com.SpryntzApiTesting.ChefOnboarding" name="SpryntzRestApiAfterLoginChefOnboarding" time="0.977"/>
  <system-out/>
  <testcase classname="com.SpryntzApiTesting.ChefOnboarding" name="SpryntzRestApiAfterLoginChefOnboarding" time="2.395"/>
  <system-out/>
  <testcase classname="com.SpryntzApiTesting.ChefOnboarding" name="SpryntzRestApiAfterLoginChefOnboarding" time="0.869"/>
  <system-out/>
  <testcase classname="com.SpryntzApiTesting.ChefOnboarding" name="SpryntzRestApiAfterLoginChefOnboarding" time="2.326"/>
  <system-out/>
  <testcase classname="com.SpryntzApiTesting.ChefOnboarding" name="SpryntzRestApiAfterLoginChefOnboarding" time="2.307"/>
  <system-out/>
  <testcase classname="com.SpryntzApiTesting.ChefOnboarding" name="SpryntzRestApiAfterLoginChefOnboarding" time="2.212"/>
  <system-out/>
  <testcase classname="com.SpryntzApiTesting.ChefOnboarding" name="SpryntzRestApiAfterLoginChefOnboarding" time="1.641"/>
  <system-out/>
  <testcase classname="com.SpryntzApiTesting.ChefOnboarding" name="SpryntzRestApiAfterLoginChefOnboarding" time="1.062"/>
  <system-out/>
  <testcase classname="com.SpryntzApiTesting.ChefOnboarding" name="SpryntzRestApiAfterLoginChefOnboarding" time="2.135"/>
  <system-out/>
  <testcase classname="com.SpryntzApiTesting.ChefOnboarding" name="SpryntzRestApiAfterLoginChefOnboarding" time="1.022"/>
  <system-out/>
  <testcase classname="com.SpryntzApiTesting.ChefOnboarding" name="SpryntzRestApiAfterLoginChefOnboarding" time="1.004"/>
  <system-out/>
  <testcase classname="com.SpryntzApiTesting.ChefOnboarding" name="SpryntzRestApiAfterLoginChefOnboarding" time="1.030"/>
  <system-out/>
  <testcase classname="com.SpryntzApiTesting.ChefOnboarding" name="SpryntzRestApiAfterLoginChefOnboarding" time="2.377"/>
  <system-out/>
  <testcase classname="com.SpryntzApiTesting.ChefOnboarding" name="SpryntzRestApiAfterLoginChefOnboarding" time="1.027"/>
  <system-out/>
  <testcase classname="com.SpryntzApiTesting.ChefOnboarding" name="SpryntzRestApiAfterLoginChefOnboarding" time="2.119"/>
  <system-out/>
  <testcase classname="com.SpryntzApiTesting.ChefOnboarding" name="SpryntzRestApiAfterLoginChefOnboarding" time="0.978"/>
  <system-out/>
  <testcase classname="com.SpryntzApiTesting.ChefOnboarding" name="SpryntzRestApiAfterLoginChefOnboarding" time="61.519">
    <error message="
[public void com.SpryntzApiTesting.ChefOnboarding.SpryntzRestApiAfterLoginChefOnboarding(java.lang.String,java.lang.String,java.lang.String,java.lang.String,java.lang.String,double,java.lang.String)] has no parameters defined but was found to be using a data provider (either explicitly specified or inherited from class level annotation).
Data provider mismatch
Method: SpryntzRestApiAfterLoginChefOnboarding([Parameter{index=0, type=java.lang.String, declaredAnnotations=[]}, Parameter{index=1, type=java.lang.String, declaredAnnotations=[]}, Parameter{index=2, type=java.lang.String, declaredAnnotations=[]}, Parameter{index=3, type=java.lang.String, declaredAnnotations=[]}, Parameter{index=4, type=java.lang.String, declaredAnnotations=[]}, Parameter{index=5, type=double, declaredAnnotations=[]}, Parameter{index=6, type=java.lang.String, declaredAnnotations=[]}])
Arguments: [null,null,null,null]" type="org.testng.internal.reflect.MethodMatcherException">
      <![CDATA[org.testng.internal.reflect.MethodMatcherException: 
[public void com.SpryntzApiTesting.ChefOnboarding.SpryntzRestApiAfterLoginChefOnboarding(java.lang.String,java.lang.String,java.lang.String,java.lang.String,java.lang.String,double,java.lang.String)] has no parameters defined but was found to be using a data provider (either explicitly specified or inherited from class level annotation).
Data provider mismatch
Method: SpryntzRestApiAfterLoginChefOnboarding([Parameter{index=0, type=java.lang.String, declaredAnnotations=[]}, Parameter{index=1, type=java.lang.String, declaredAnnotations=[]}, Parameter{index=2, type=java.lang.String, declaredAnnotations=[]}, Parameter{index=3, type=java.lang.String, declaredAnnotations=[]}, Parameter{index=4, type=java.lang.String, declaredAnnotations=[]}, Parameter{index=5, type=double, declaredAnnotations=[]}, Parameter{index=6, type=java.lang.String, declaredAnnotations=[]}])
Arguments: [null,null,null,null]
at org.testng.internal.reflect.DataProviderMethodMatcher.getConformingArguments(DataProviderMethodMatcher.java:43)
at org.testng.internal.Parameters.injectParameters(Parameters.java:914)
at org.testng.internal.MethodRunner.runInSequence(MethodRunner.java:34)
at org.testng.internal.TestInvoker$MethodInvocationAgent.invoke(TestInvoker.java:824)
at org.testng.internal.TestInvoker.invokeTestMethods(TestInvoker.java:146)
at org.testng.internal.TestMethodWorker.invokeTestMethods(TestMethodWorker.java:146)
at org.testng.internal.TestMethodWorker.run(TestMethodWorker.java:128)
at java.base/java.util.ArrayList.forEach(ArrayList.java:1511)
at org.testng.TestRunner.privateRun(TestRunner.java:794)
at org.testng.TestRunner.run(TestRunner.java:596)
at org.testng.SuiteRunner.runTest(SuiteRunner.java:377)
at org.testng.SuiteRunner.runSequentially(SuiteRunner.java:371)
at org.testng.SuiteRunner.privateRun(SuiteRunner.java:332)
at org.testng.SuiteRunner.run(SuiteRunner.java:276)
at org.testng.SuiteRunnerWorker.runSuite(SuiteRunnerWorker.java:53)
at org.testng.SuiteRunnerWorker.run(SuiteRunnerWorker.java:96)
at org.testng.TestNG.runSuitesSequentially(TestNG.java:1212)
at org.testng.TestNG.runSuitesLocally(TestNG.java:1134)
at org.testng.TestNG.runSuites(TestNG.java:1063)
at org.testng.TestNG.run(TestNG.java:1031)
at org.testng.remote.AbstractRemoteTestNG.run(AbstractRemoteTestNG.java:115)
at org.testng.remote.RemoteTestNG.initAndRun(RemoteTestNG.java:251)
at org.testng.remote.RemoteTestNG.main(RemoteTestNG.java:77)
]]>
    </error>
  </testcase> <!-- SpryntzRestApiAfterLoginChefOnboarding -->
  <system-out/>
  <testcase classname="com.SpryntzApiTesting.ChefOnboarding" name="SpryntzRestApiAfterLoginChefOnboarding" time="1.157"/>
  <system-out/>
  <testcase classname="com.SpryntzApiTesting.ChefOnboarding" name="SpryntzRestApiAfterLoginChefOnboarding" time="0.949"/>
  <system-out/>
  <testcase classname="com.SpryntzApiTesting.ChefOnboarding" name="SpryntzRestApiAfterLoginChefOnboarding" time="2.238"/>
  <system-out/>
  <testcase classname="com.SpryntzApiTesting.ChefOnboarding" name="SpryntzRestApiAfterLoginChefOnboarding" time="0.861"/>
  <system-out/>
  <testcase classname="com.SpryntzApiTesting.ChefOnboarding" name="SpryntzRestApiAfterLoginChefOnboarding" time="1.105"/>
  <system-out/>
  <testcase classname="com.SpryntzApiTesting.ChefOnboarding" name="SpryntzRestApiAfterLoginChefOnboarding" time="0.936"/>
  <system-out/>
</testsuite> <!-- com.SpryntzApiTesting.ChefOnboarding -->
