<?xml version="1.0" encoding="UTF-8"?>
<!-- Generated by org.testng.reporters.JUnitReportReporter -->
<testsuite hostname="DESKTOP-4EHNAOM" failures="0" tests="1" name="ChariotApiTesting.ChariotApiTest" time="3.041" errors="1" timestamp="2024-04-03T12:19:28 IST" skipped="0">
  <testcase classname="ChariotApiTesting.ChariotApiTest" name="RafflouxRestApiFuntValidations" time="3.041">
    <error message="
[public void ChariotApiTesting.ChariotApiTest.RafflouxRestApiFuntValidations(java.lang.String,java.lang.String,java.lang.String,java.lang.String,java.lang.String,double,java.lang.String)] has no parameters defined but was found to be using a data provider (either explicitly specified or inherited from class level annotation).
Data provider mismatch
Method: RafflouxRestApiFuntValidations([Parameter{index=0, type=java.lang.String, declaredAnnotations=[]}, Parameter{index=1, type=java.lang.String, declaredAnnotations=[]}, Parameter{index=2, type=java.lang.String, declaredAnnotations=[]}, Parameter{index=3, type=java.lang.String, declaredAnnotations=[]}, Parameter{index=4, type=java.lang.String, declaredAnnotations=[]}, Parameter{index=5, type=double, declaredAnnotations=[]}, Parameter{index=6, type=java.lang.String, declaredAnnotations=[]}])
Arguments: [(java.lang.Double) 1.0,(java.lang.String) addWebsiteCharity,,(java.lang.String) POST,(java.lang.String) /v1/addWebsiteCharity ,(java.lang.String) {
    &quot;name&quot;: &quot;Example Name&quot;,
    &quot;description&quot;: &quot;Example Description&quot;,
    &quot;image_url&quot;: &quot;https://example.com/image.jpg&quot;,
    &quot;active&quot;: true,
    &quot;url&quot;: &quot;https://example.com&quot;,
    &quot;sort_order&quot;: 1,
    &quot;display&quot;: true,
    &quot;selectable&quot;: true,
    &quot;show_logo&quot;: true,
    &quot;img_alt&quot;: &quot;Example Image Alt Text&quot;,
    &quot;who_won_description&quot;: &quot;Example Winner Description&quot;,
    &quot;who_won_image_url&quot;: &quot;https://example.com/winner_image.jpg&quot;,
    &quot;donation_amt&quot;: 50,
    &quot;donation_amt_displayed&quot;: 50,
    &quot;charity_color&quot;: &quot;#FF0000&quot;,
    &quot;charity_awareness&quot;: true,
    &quot;logo_img_url&quot;: &quot;https://example.com/logo.jpg&quot;,
    &quot;summary&quot;: &quot;Example Summary&quot;,
    &quot;display_name&quot;: &quot;Example Display Name&quot;
},(java.lang.Double) 200.0,(java.lang.String) {},null]" type="org.testng.internal.reflect.MethodMatcherException">
      <![CDATA[org.testng.internal.reflect.MethodMatcherException: 
[public void ChariotApiTesting.ChariotApiTest.RafflouxRestApiFuntValidations(java.lang.String,java.lang.String,java.lang.String,java.lang.String,java.lang.String,double,java.lang.String)] has no parameters defined but was found to be using a data provider (either explicitly specified or inherited from class level annotation).
Data provider mismatch
Method: RafflouxRestApiFuntValidations([Parameter{index=0, type=java.lang.String, declaredAnnotations=[]}, Parameter{index=1, type=java.lang.String, declaredAnnotations=[]}, Parameter{index=2, type=java.lang.String, declaredAnnotations=[]}, Parameter{index=3, type=java.lang.String, declaredAnnotations=[]}, Parameter{index=4, type=java.lang.String, declaredAnnotations=[]}, Parameter{index=5, type=double, declaredAnnotations=[]}, Parameter{index=6, type=java.lang.String, declaredAnnotations=[]}])
Arguments: [(java.lang.Double) 1.0,(java.lang.String) addWebsiteCharity,,(java.lang.String) POST,(java.lang.String) /v1/addWebsiteCharity ,(java.lang.String) {
    "name": "Example Name",
    "description": "Example Description",
    "image_url": "https://example.com/image.jpg",
    "active": true,
    "url": "https://example.com",
    "sort_order": 1,
    "display": true,
    "selectable": true,
    "show_logo": true,
    "img_alt": "Example Image Alt Text",
    "who_won_description": "Example Winner Description",
    "who_won_image_url": "https://example.com/winner_image.jpg",
    "donation_amt": 50,
    "donation_amt_displayed": 50,
    "charity_color": "#FF0000",
    "charity_awareness": true,
    "logo_img_url": "https://example.com/logo.jpg",
    "summary": "Example Summary",
    "display_name": "Example Display Name"
},(java.lang.Double) 200.0,(java.lang.String) {},null]
at org.testng.internal.reflect.DataProviderMethodMatcher.getConformingArguments(DataProviderMethodMatcher.java:43)
at org.testng.internal.Parameters.injectParameters(Parameters.java:914)
at org.testng.internal.MethodRunner.runInSequence(MethodRunner.java:34)
at org.testng.internal.TestInvoker$MethodInvocationAgent.invoke(TestInvoker.java:824)
at org.testng.internal.TestInvoker.invokeTestMethods(TestInvoker.java:146)
at org.testng.internal.TestMethodWorker.invokeTestMethods(TestMethodWorker.java:146)
at org.testng.internal.TestMethodWorker.run(TestMethodWorker.java:128)
at java.base/java.util.ArrayList.forEach(ArrayList.java:1511)
at org.testng.TestRunner.privateRun(TestRunner.java:794)
at org.testng.TestRunner.run(TestRunner.java:596)
at org.testng.SuiteRunner.runTest(SuiteRunner.java:377)
at org.testng.SuiteRunner.runSequentially(SuiteRunner.java:371)
at org.testng.SuiteRunner.privateRun(SuiteRunner.java:332)
at org.testng.SuiteRunner.run(SuiteRunner.java:276)
at org.testng.SuiteRunnerWorker.runSuite(SuiteRunnerWorker.java:53)
at org.testng.SuiteRunnerWorker.run(SuiteRunnerWorker.java:96)
at org.testng.TestNG.runSuitesSequentially(TestNG.java:1212)
at org.testng.TestNG.runSuitesLocally(TestNG.java:1134)
at org.testng.TestNG.runSuites(TestNG.java:1063)
at org.testng.TestNG.run(TestNG.java:1031)
at org.testng.remote.AbstractRemoteTestNG.run(AbstractRemoteTestNG.java:115)
at org.testng.remote.RemoteTestNG.initAndRun(RemoteTestNG.java:251)
at org.testng.remote.RemoteTestNG.main(RemoteTestNG.java:77)
]]>
    </error>
  </testcase> <!-- RafflouxRestApiFuntValidations -->
  <system-out/>
</testsuite> <!-- ChariotApiTesting.ChariotApiTest -->
