<?xml version="1.0" encoding="UTF-8"?>
<!-- Generated by org.testng.reporters.JUnitReportReporter -->
<testsuite hostname="DESKTOP-PSRU67J" failures="0" tests="245" name="NewFrameWork.MwcClientPortalTestClass2" time="58.571" errors="0" timestamp="2024-11-11T15:53:03 IST" skipped="0">
  <testcase classname="NewFrameWork.MwcClientPortalTestClass2" name="MWCRestApiFuntValidations" time="0.090"/>
  <system-out/>
  <testcase classname="NewFrameWork.MwcClientPortalTestClass2" name="MWCRestApiFuntValidations" time="0.120"/>
  <system-out/>
  <testcase classname="NewFrameWork.MwcClientPortalTestClass2" name="MWCRestApiFuntValidations" time="0.089"/>
  <system-out/>
  <testcase classname="NewFrameWork.MwcClientPortalTestClass2" name="MWCRestApiFuntValidations" time="0.108"/>
  <system-out/>
  <testcase classname="NewFrameWork.MwcClientPortalTestClass2" name="MWCRestApiFuntValidations" time="0.166"/>
  <system-out/>
  <testcase classname="NewFrameWork.MwcClientPortalTestClass2" name="MWCRestApiFuntValidations" time="0.152"/>
  <system-out/>
  <testcase classname="NewFrameWork.MwcClientPortalTestClass2" name="MWCRestApiFuntValidations" time="0.235"/>
  <system-out/>
  <testcase classname="NewFrameWork.MwcClientPortalTestClass2" name="MWCRestApiFuntValidations" time="0.085"/>
  <system-out/>
  <testcase classname="NewFrameWork.MwcClientPortalTestClass2" name="MWCRestApiFuntValidations" time="0.180"/>
  <system-out/>
  <testcase classname="NewFrameWork.MwcClientPortalTestClass2" name="MWCRestApiFuntValidations" time="0.115"/>
  <system-out/>
  <testcase classname="NewFrameWork.MwcClientPortalTestClass2" name="MWCRestApiFuntValidations" time="0.179"/>
  <system-out/>
  <testcase classname="NewFrameWork.MwcClientPortalTestClass2" name="MWCRestApiFuntValidations" time="0.174"/>
  <system-out/>
  <testcase classname="NewFrameWork.MwcClientPortalTestClass2" name="MWCRestApiFuntValidations" time="0.248"/>
  <system-out/>
  <testcase classname="NewFrameWork.MwcClientPortalTestClass2" name="MWCRestApiFuntValidations" time="0.126"/>
  <system-out/>
  <testcase classname="NewFrameWork.MwcClientPortalTestClass2" name="MWCRestApiFuntValidations" time="0.124"/>
  <system-out/>
  <testcase classname="NewFrameWork.MwcClientPortalTestClass2" name="MWCRestApiFuntValidations" time="0.081"/>
  <system-out/>
  <testcase classname="NewFrameWork.MwcClientPortalTestClass2" name="MWCRestApiFuntValidations" time="0.169"/>
  <system-out/>
  <testcase classname="NewFrameWork.MwcClientPortalTestClass2" name="MWCRestApiFuntValidations" time="0.087"/>
  <system-out/>
  <testcase classname="NewFrameWork.MwcClientPortalTestClass2" name="MWCRestApiFuntValidations" time="0.132"/>
  <system-out/>
  <testcase classname="NewFrameWork.MwcClientPortalTestClass2" name="MWCRestApiFuntValidations" time="0.079"/>
  <system-out/>
  <testcase classname="NewFrameWork.MwcClientPortalTestClass2" name="MWCRestApiFuntValidations" time="0.262"/>
  <system-out/>
  <testcase classname="NewFrameWork.MwcClientPortalTestClass2" name="MWCRestApiFuntValidations" time="0.119"/>
  <system-out/>
  <testcase classname="NewFrameWork.MwcClientPortalTestClass2" name="MWCRestApiFuntValidations" time="0.194"/>
  <system-out/>
  <testcase classname="NewFrameWork.MwcClientPortalTestClass2" name="MWCRestApiFuntValidations" time="0.096"/>
  <system-out/>
  <testcase classname="NewFrameWork.MwcClientPortalTestClass2" name="MWCRestApiFuntValidations" time="0.188"/>
  <system-out/>
  <testcase classname="NewFrameWork.MwcClientPortalTestClass2" name="MWCRestApiFuntValidations" time="0.130"/>
  <system-out/>
  <testcase classname="NewFrameWork.MwcClientPortalTestClass2" name="MWCRestApiFuntValidations" time="0.096"/>
  <system-out/>
  <testcase classname="NewFrameWork.MwcClientPortalTestClass2" name="MWCRestApiFuntValidations" time="6.865"/>
  <system-out/>
  <testcase classname="NewFrameWork.MwcClientPortalTestClass2" name="MWCRestApiFuntValidations" time="0.208"/>
  <system-out/>
  <testcase classname="NewFrameWork.MwcClientPortalTestClass2" name="MWCRestApiFuntValidations" time="0.216"/>
  <system-out/>
  <testcase classname="NewFrameWork.MwcClientPortalTestClass2" name="MWCRestApiFuntValidations" time="0.186"/>
  <system-out/>
  <testcase classname="NewFrameWork.MwcClientPortalTestClass2" name="MWCRestApiFuntValidations" time="0.160"/>
  <system-out/>
  <testcase classname="NewFrameWork.MwcClientPortalTestClass2" name="MWCRestApiFuntValidations" time="0.164"/>
  <system-out/>
  <testcase classname="NewFrameWork.MwcClientPortalTestClass2" name="MWCRestApiFuntValidations" time="0.154"/>
  <system-out/>
  <testcase classname="NewFrameWork.MwcClientPortalTestClass2" name="MWCRestApiFuntValidations" time="0.349"/>
  <system-out/>
  <testcase classname="NewFrameWork.MwcClientPortalTestClass2" name="MWCRestApiFuntValidations" time="0.179"/>
  <system-out/>
  <testcase classname="NewFrameWork.MwcClientPortalTestClass2" name="MWCRestApiFuntValidations" time="0.204"/>
  <system-out/>
  <testcase classname="NewFrameWork.MwcClientPortalTestClass2" name="MWCRestApiFuntValidations" time="0.260"/>
  <system-out/>
  <testcase classname="NewFrameWork.MwcClientPortalTestClass2" name="MWCRestApiFuntValidations" time="0.086"/>
  <system-out/>
  <testcase classname="NewFrameWork.MwcClientPortalTestClass2" name="MWCRestApiFuntValidations" time="0.105"/>
  <system-out/>
  <testcase classname="NewFrameWork.MwcClientPortalTestClass2" name="MWCRestApiFuntValidations" time="0.235"/>
  <system-out/>
  <testcase classname="NewFrameWork.MwcClientPortalTestClass2" name="MWCRestApiFuntValidations" time="0.075"/>
  <system-out/>
  <testcase classname="NewFrameWork.MwcClientPortalTestClass2" name="MWCRestApiFuntValidations" time="0.204"/>
  <system-out/>
  <testcase classname="NewFrameWork.MwcClientPortalTestClass2" name="MWCRestApiFuntValidations" time="0.169"/>
  <system-out/>
  <testcase classname="NewFrameWork.MwcClientPortalTestClass2" name="MWCRestApiFuntValidations" time="0.432"/>
  <system-out/>
  <testcase classname="NewFrameWork.MwcClientPortalTestClass2" name="MWCRestApiFuntValidations" time="0.190"/>
  <system-out/>
  <testcase classname="NewFrameWork.MwcClientPortalTestClass2" name="MWCRestApiFuntValidations" time="0.121"/>
  <system-out/>
  <testcase classname="NewFrameWork.MwcClientPortalTestClass2" name="MWCRestApiFuntValidations" time="0.118"/>
  <system-out/>
  <testcase classname="NewFrameWork.MwcClientPortalTestClass2" name="MWCRestApiFuntValidations" time="0.127"/>
  <system-out/>
  <testcase classname="NewFrameWork.MwcClientPortalTestClass2" name="MWCRestApiFuntValidations" time="0.124"/>
  <system-out/>
  <testcase classname="NewFrameWork.MwcClientPortalTestClass2" name="MWCRestApiFuntValidations" time="0.320"/>
  <system-out/>
  <testcase classname="NewFrameWork.MwcClientPortalTestClass2" name="MWCRestApiFuntValidations" time="0.324"/>
  <system-out/>
  <testcase classname="NewFrameWork.MwcClientPortalTestClass2" name="MWCRestApiFuntValidations" time="0.120"/>
  <system-out/>
  <testcase classname="NewFrameWork.MwcClientPortalTestClass2" name="MWCRestApiFuntValidations" time="0.149"/>
  <system-out/>
  <testcase classname="NewFrameWork.MwcClientPortalTestClass2" name="MWCRestApiFuntValidations" time="0.171"/>
  <system-out/>
  <testcase classname="NewFrameWork.MwcClientPortalTestClass2" name="MWCRestApiFuntValidations" time="0.101"/>
  <system-out/>
  <testcase classname="NewFrameWork.MwcClientPortalTestClass2" name="MWCRestApiFuntValidations" time="0.146"/>
  <system-out/>
  <testcase classname="NewFrameWork.MwcClientPortalTestClass2" name="MWCRestApiFuntValidations" time="0.086"/>
  <system-out/>
  <testcase classname="NewFrameWork.MwcClientPortalTestClass2" name="MWCRestApiFuntValidations" time="0.093"/>
  <system-out/>
  <testcase classname="NewFrameWork.MwcClientPortalTestClass2" name="MWCRestApiFuntValidations" time="1.157"/>
  <system-out/>
  <testcase classname="NewFrameWork.MwcClientPortalTestClass2" name="MWCRestApiFuntValidations" time="0.181"/>
  <system-out/>
  <testcase classname="NewFrameWork.MwcClientPortalTestClass2" name="MWCRestApiFuntValidations" time="0.144"/>
  <system-out/>
  <testcase classname="NewFrameWork.MwcClientPortalTestClass2" name="MWCRestApiFuntValidations" time="0.817"/>
  <system-out/>
  <testcase classname="NewFrameWork.MwcClientPortalTestClass2" name="MWCRestApiFuntValidations" time="0.158"/>
  <system-out/>
  <testcase classname="NewFrameWork.MwcClientPortalTestClass2" name="MWCRestApiFuntValidations" time="0.135"/>
  <system-out/>
  <testcase classname="NewFrameWork.MwcClientPortalTestClass2" name="MWCRestApiFuntValidations" time="0.095"/>
  <system-out/>
  <testcase classname="NewFrameWork.MwcClientPortalTestClass2" name="MWCRestApiFuntValidations" time="2.896"/>
  <system-out/>
  <testcase classname="NewFrameWork.MwcClientPortalTestClass2" name="MWCRestApiFuntValidations" time="0.167"/>
  <system-out/>
  <testcase classname="NewFrameWork.MwcClientPortalTestClass2" name="MWCRestApiFuntValidations" time="0.155"/>
  <system-out/>
  <testcase classname="NewFrameWork.MwcClientPortalTestClass2" name="MWCRestApiFuntValidations" time="0.343"/>
  <system-out/>
  <testcase classname="NewFrameWork.MwcClientPortalTestClass2" name="MWCRestApiFuntValidations" time="0.093"/>
  <system-out/>
  <testcase classname="NewFrameWork.MwcClientPortalTestClass2" name="MWCRestApiFuntValidations" time="0.165"/>
  <system-out/>
  <testcase classname="NewFrameWork.MwcClientPortalTestClass2" name="MWCRestApiFuntValidations" time="0.137"/>
  <system-out/>
  <testcase classname="NewFrameWork.MwcClientPortalTestClass2" name="MWCRestApiFuntValidations" time="0.427"/>
  <system-out/>
  <testcase classname="NewFrameWork.MwcClientPortalTestClass2" name="MWCRestApiFuntValidations" time="0.912"/>
  <system-out/>
  <testcase classname="NewFrameWork.MwcClientPortalTestClass2" name="MWCRestApiFuntValidations" time="0.079"/>
  <system-out/>
  <testcase classname="NewFrameWork.MwcClientPortalTestClass2" name="MWCRestApiFuntValidations" time="0.090"/>
  <system-out/>
  <testcase classname="NewFrameWork.MwcClientPortalTestClass2" name="MWCRestApiFuntValidations" time="0.109"/>
  <system-out/>
  <testcase classname="NewFrameWork.MwcClientPortalTestClass2" name="MWCRestApiFuntValidations" time="0.281"/>
  <system-out/>
  <testcase classname="NewFrameWork.MwcClientPortalTestClass2" name="MWCRestApiFuntValidations" time="0.156"/>
  <system-out/>
  <testcase classname="NewFrameWork.MwcClientPortalTestClass2" name="MWCRestApiFuntValidations" time="0.164"/>
  <system-out/>
  <testcase classname="NewFrameWork.MwcClientPortalTestClass2" name="MWCRestApiFuntValidations" time="0.097"/>
  <system-out/>
  <testcase classname="NewFrameWork.MwcClientPortalTestClass2" name="MWCRestApiFuntValidations" time="0.104"/>
  <system-out/>
  <testcase classname="NewFrameWork.MwcClientPortalTestClass2" name="MWCRestApiFuntValidations" time="0.139"/>
  <system-out/>
  <testcase classname="NewFrameWork.MwcClientPortalTestClass2" name="MWCRestApiFuntValidations" time="0.253"/>
  <system-out/>
  <testcase classname="NewFrameWork.MwcClientPortalTestClass2" name="MWCRestApiFuntValidations" time="0.146"/>
  <system-out/>
  <testcase classname="NewFrameWork.MwcClientPortalTestClass2" name="MWCRestApiFuntValidations" time="0.125"/>
  <system-out/>
  <testcase classname="NewFrameWork.MwcClientPortalTestClass2" name="MWCRestApiFuntValidations" time="0.085"/>
  <system-out/>
  <testcase classname="NewFrameWork.MwcClientPortalTestClass2" name="MWCRestApiFuntValidations" time="0.150"/>
  <system-out/>
  <testcase classname="NewFrameWork.MwcClientPortalTestClass2" name="MWCRestApiFuntValidations" time="0.179"/>
  <system-out/>
  <testcase classname="NewFrameWork.MwcClientPortalTestClass2" name="MWCRestApiFuntValidations" time="0.971"/>
  <system-out/>
  <testcase classname="NewFrameWork.MwcClientPortalTestClass2" name="MWCRestApiFuntValidations" time="0.186"/>
  <system-out/>
  <testcase classname="NewFrameWork.MwcClientPortalTestClass2" name="MWCRestApiFuntValidations" time="0.202"/>
  <system-out/>
  <testcase classname="NewFrameWork.MwcClientPortalTestClass2" name="MWCRestApiFuntValidations" time="0.218"/>
  <system-out/>
  <testcase classname="NewFrameWork.MwcClientPortalTestClass2" name="MWCRestApiFuntValidations" time="0.191"/>
  <system-out/>
  <testcase classname="NewFrameWork.MwcClientPortalTestClass2" name="MWCRestApiFuntValidations" time="0.885"/>
  <system-out/>
  <testcase classname="NewFrameWork.MwcClientPortalTestClass2" name="MWCRestApiFuntValidations" time="0.143"/>
  <system-out/>
  <testcase classname="NewFrameWork.MwcClientPortalTestClass2" name="MWCRestApiFuntValidations" time="0.268"/>
  <system-out/>
  <testcase classname="NewFrameWork.MwcClientPortalTestClass2" name="MWCRestApiFuntValidations" time="0.092"/>
  <system-out/>
  <testcase classname="NewFrameWork.MwcClientPortalTestClass2" name="MWCRestApiFuntValidations" time="0.146"/>
  <system-out/>
  <testcase classname="NewFrameWork.MwcClientPortalTestClass2" name="MWCRestApiFuntValidations" time="0.169"/>
  <system-out/>
  <testcase classname="NewFrameWork.MwcClientPortalTestClass2" name="MWCRestApiFuntValidations" time="0.121"/>
  <system-out/>
  <testcase classname="NewFrameWork.MwcClientPortalTestClass2" name="MWCRestApiFuntValidations" time="0.082"/>
  <system-out/>
  <testcase classname="NewFrameWork.MwcClientPortalTestClass2" name="MWCRestApiFuntValidations" time="0.122"/>
  <system-out/>
  <testcase classname="NewFrameWork.MwcClientPortalTestClass2" name="MWCRestApiFuntValidations" time="0.176"/>
  <system-out/>
  <testcase classname="NewFrameWork.MwcClientPortalTestClass2" name="MWCRestApiFuntValidations" time="0.128"/>
  <system-out/>
  <testcase classname="NewFrameWork.MwcClientPortalTestClass2" name="MWCRestApiFuntValidations" time="0.109"/>
  <system-out/>
  <testcase classname="NewFrameWork.MwcClientPortalTestClass2" name="MWCRestApiFuntValidations" time="0.135"/>
  <system-out/>
  <testcase classname="NewFrameWork.MwcClientPortalTestClass2" name="MWCRestApiFuntValidations" time="0.152"/>
  <system-out/>
  <testcase classname="NewFrameWork.MwcClientPortalTestClass2" name="MWCRestApiFuntValidations" time="0.132"/>
  <system-out/>
  <testcase classname="NewFrameWork.MwcClientPortalTestClass2" name="MWCRestApiFuntValidations" time="0.187"/>
  <system-out/>
  <testcase classname="NewFrameWork.MwcClientPortalTestClass2" name="MWCRestApiFuntValidations" time="0.127"/>
  <system-out/>
  <testcase classname="NewFrameWork.MwcClientPortalTestClass2" name="MWCRestApiFuntValidations" time="0.107"/>
  <system-out/>
  <testcase classname="NewFrameWork.MwcClientPortalTestClass2" name="MWCRestApiFuntValidations" time="0.191"/>
  <system-out/>
  <testcase classname="NewFrameWork.MwcClientPortalTestClass2" name="MWCRestApiFuntValidations" time="0.266"/>
  <system-out/>
  <testcase classname="NewFrameWork.MwcClientPortalTestClass2" name="MWCRestApiFuntValidations" time="0.106"/>
  <system-out/>
  <testcase classname="NewFrameWork.MwcClientPortalTestClass2" name="MWCRestApiFuntValidations" time="0.165"/>
  <system-out/>
  <testcase classname="NewFrameWork.MwcClientPortalTestClass2" name="MWCRestApiFuntValidations" time="0.126"/>
  <system-out/>
  <testcase classname="NewFrameWork.MwcClientPortalTestClass2" name="MWCRestApiFuntValidations" time="0.233"/>
  <system-out/>
  <testcase classname="NewFrameWork.MwcClientPortalTestClass2" name="MWCRestApiFuntValidations" time="0.120"/>
  <system-out/>
  <testcase classname="NewFrameWork.MwcClientPortalTestClass2" name="MWCRestApiFuntValidations" time="0.255"/>
  <system-out/>
  <testcase classname="NewFrameWork.MwcClientPortalTestClass2" name="MWCRestApiFuntValidations" time="0.147"/>
  <system-out/>
  <testcase classname="NewFrameWork.MwcClientPortalTestClass2" name="MWCRestApiFuntValidations" time="0.085"/>
  <system-out/>
  <testcase classname="NewFrameWork.MwcClientPortalTestClass2" name="MWCRestApiFuntValidations" time="0.187"/>
  <system-out/>
  <testcase classname="NewFrameWork.MwcClientPortalTestClass2" name="MWCRestApiFuntValidations" time="0.113"/>
  <system-out/>
  <testcase classname="NewFrameWork.MwcClientPortalTestClass2" name="MWCRestApiFuntValidations" time="0.134"/>
  <system-out/>
  <testcase classname="NewFrameWork.MwcClientPortalTestClass2" name="MWCRestApiFuntValidations" time="0.161"/>
  <system-out/>
  <testcase classname="NewFrameWork.MwcClientPortalTestClass2" name="MWCRestApiFuntValidations" time="0.112"/>
  <system-out/>
  <testcase classname="NewFrameWork.MwcClientPortalTestClass2" name="MWCRestApiFuntValidations" time="0.142"/>
  <system-out/>
  <testcase classname="NewFrameWork.MwcClientPortalTestClass2" name="MWCRestApiFuntValidations" time="0.131"/>
  <system-out/>
  <testcase classname="NewFrameWork.MwcClientPortalTestClass2" name="MWCRestApiFuntValidations" time="0.148"/>
  <system-out/>
  <testcase classname="NewFrameWork.MwcClientPortalTestClass2" name="MWCRestApiFuntValidations" time="0.218"/>
  <system-out/>
  <testcase classname="NewFrameWork.MwcClientPortalTestClass2" name="MWCRestApiFuntValidations" time="0.122"/>
  <system-out/>
  <testcase classname="NewFrameWork.MwcClientPortalTestClass2" name="MWCRestApiFuntValidations" time="0.099"/>
  <system-out/>
  <testcase classname="NewFrameWork.MwcClientPortalTestClass2" name="MWCRestApiFuntValidations" time="0.212"/>
  <system-out/>
  <testcase classname="NewFrameWork.MwcClientPortalTestClass2" name="MWCRestApiFuntValidations" time="0.227"/>
  <system-out/>
  <testcase classname="NewFrameWork.MwcClientPortalTestClass2" name="MWCRestApiFuntValidations" time="0.119"/>
  <system-out/>
  <testcase classname="NewFrameWork.MwcClientPortalTestClass2" name="MWCRestApiFuntValidations" time="1.185"/>
  <system-out/>
  <testcase classname="NewFrameWork.MwcClientPortalTestClass2" name="MWCRestApiFuntValidations" time="0.195"/>
  <system-out/>
  <testcase classname="NewFrameWork.MwcClientPortalTestClass2" name="MWCRestApiFuntValidations" time="0.320"/>
  <system-out/>
  <testcase classname="NewFrameWork.MwcClientPortalTestClass2" name="MWCRestApiFuntValidations" time="0.203"/>
  <system-out/>
  <testcase classname="NewFrameWork.MwcClientPortalTestClass2" name="MWCRestApiFuntValidations" time="0.148"/>
  <system-out/>
  <testcase classname="NewFrameWork.MwcClientPortalTestClass2" name="MWCRestApiFuntValidations" time="0.140"/>
  <system-out/>
  <testcase classname="NewFrameWork.MwcClientPortalTestClass2" name="MWCRestApiFuntValidations" time="0.190"/>
  <system-out/>
  <testcase classname="NewFrameWork.MwcClientPortalTestClass2" name="MWCRestApiFuntValidations" time="0.107"/>
  <system-out/>
  <testcase classname="NewFrameWork.MwcClientPortalTestClass2" name="MWCRestApiFuntValidations" time="0.210"/>
  <system-out/>
  <testcase classname="NewFrameWork.MwcClientPortalTestClass2" name="MWCRestApiFuntValidations" time="0.135"/>
  <system-out/>
  <testcase classname="NewFrameWork.MwcClientPortalTestClass2" name="MWCRestApiFuntValidations" time="0.216"/>
  <system-out/>
  <testcase classname="NewFrameWork.MwcClientPortalTestClass2" name="MWCRestApiFuntValidations" time="0.145"/>
  <system-out/>
  <testcase classname="NewFrameWork.MwcClientPortalTestClass2" name="MWCRestApiFuntValidations" time="0.160"/>
  <system-out/>
  <testcase classname="NewFrameWork.MwcClientPortalTestClass2" name="MWCRestApiFuntValidations" time="0.151"/>
  <system-out/>
  <testcase classname="NewFrameWork.MwcClientPortalTestClass2" name="MWCRestApiFuntValidations" time="0.113"/>
  <system-out/>
  <testcase classname="NewFrameWork.MwcClientPortalTestClass2" name="MWCRestApiFuntValidations" time="0.165"/>
  <system-out/>
  <testcase classname="NewFrameWork.MwcClientPortalTestClass2" name="MWCRestApiFuntValidations" time="0.134"/>
  <system-out/>
  <testcase classname="NewFrameWork.MwcClientPortalTestClass2" name="MWCRestApiFuntValidations" time="0.181"/>
  <system-out/>
  <testcase classname="NewFrameWork.MwcClientPortalTestClass2" name="MWCRestApiFuntValidations" time="0.139"/>
  <system-out/>
  <testcase classname="NewFrameWork.MwcClientPortalTestClass2" name="MWCRestApiFuntValidations" time="0.370"/>
  <system-out/>
  <testcase classname="NewFrameWork.MwcClientPortalTestClass2" name="MWCRestApiFuntValidations" time="0.153"/>
  <system-out/>
  <testcase classname="NewFrameWork.MwcClientPortalTestClass2" name="MWCRestApiFuntValidations" time="0.154"/>
  <system-out/>
  <testcase classname="NewFrameWork.MwcClientPortalTestClass2" name="MWCRestApiFuntValidations" time="0.152"/>
  <system-out/>
  <testcase classname="NewFrameWork.MwcClientPortalTestClass2" name="MWCRestApiFuntValidations" time="0.135"/>
  <system-out/>
  <testcase classname="NewFrameWork.MwcClientPortalTestClass2" name="MWCRestApiFuntValidations" time="1.294"/>
  <system-out/>
  <testcase classname="NewFrameWork.MwcClientPortalTestClass2" name="MWCRestApiFuntValidations" time="0.156"/>
  <system-out/>
  <testcase classname="NewFrameWork.MwcClientPortalTestClass2" name="MWCRestApiFuntValidations" time="0.116"/>
  <system-out/>
  <testcase classname="NewFrameWork.MwcClientPortalTestClass2" name="MWCRestApiFuntValidations" time="1.079"/>
  <system-out/>
  <testcase classname="NewFrameWork.MwcClientPortalTestClass2" name="MWCRestApiFuntValidations" time="0.108"/>
  <system-out/>
  <testcase classname="NewFrameWork.MwcClientPortalTestClass2" name="MWCRestApiFuntValidations" time="0.094"/>
  <system-out/>
  <testcase classname="NewFrameWork.MwcClientPortalTestClass2" name="MWCRestApiFuntValidations" time="0.139"/>
  <system-out/>
  <testcase classname="NewFrameWork.MwcClientPortalTestClass2" name="MWCRestApiFuntValidations" time="0.175"/>
  <system-out/>
  <testcase classname="NewFrameWork.MwcClientPortalTestClass2" name="MWCRestApiFuntValidations" time="0.678"/>
  <system-out/>
  <testcase classname="NewFrameWork.MwcClientPortalTestClass2" name="MWCRestApiFuntValidations" time="0.293"/>
  <system-out/>
  <testcase classname="NewFrameWork.MwcClientPortalTestClass2" name="MWCRestApiFuntValidations" time="0.156"/>
  <system-out/>
  <testcase classname="NewFrameWork.MwcClientPortalTestClass2" name="MWCRestApiFuntValidations" time="0.136"/>
  <system-out/>
  <testcase classname="NewFrameWork.MwcClientPortalTestClass2" name="MWCRestApiFuntValidations" time="0.223"/>
  <system-out/>
  <testcase classname="NewFrameWork.MwcClientPortalTestClass2" name="MWCRestApiFuntValidations" time="0.268"/>
  <system-out/>
  <testcase classname="NewFrameWork.MwcClientPortalTestClass2" name="MWCRestApiFuntValidations" time="0.129"/>
  <system-out/>
  <testcase classname="NewFrameWork.MwcClientPortalTestClass2" name="MWCRestApiFuntValidations" time="0.297"/>
  <system-out/>
  <testcase classname="NewFrameWork.MwcClientPortalTestClass2" name="MWCRestApiFuntValidations" time="0.097"/>
  <system-out/>
  <testcase classname="NewFrameWork.MwcClientPortalTestClass2" name="MWCRestApiFuntValidations" time="0.250"/>
  <system-out/>
  <testcase classname="NewFrameWork.MwcClientPortalTestClass2" name="MWCRestApiFuntValidations" time="0.780"/>
  <system-out/>
  <testcase classname="NewFrameWork.MwcClientPortalTestClass2" name="MWCRestApiFuntValidations" time="0.197"/>
  <system-out/>
  <testcase classname="NewFrameWork.MwcClientPortalTestClass2" name="MWCRestApiFuntValidations" time="0.184"/>
  <system-out/>
  <testcase classname="NewFrameWork.MwcClientPortalTestClass2" name="MWCRestApiFuntValidations" time="0.362"/>
  <system-out/>
  <testcase classname="NewFrameWork.MwcClientPortalTestClass2" name="MWCRestApiFuntValidations" time="0.186"/>
  <system-out/>
  <testcase classname="NewFrameWork.MwcClientPortalTestClass2" name="MWCRestApiFuntValidations" time="0.097"/>
  <system-out/>
  <testcase classname="NewFrameWork.MwcClientPortalTestClass2" name="MWCRestApiFuntValidations" time="0.112"/>
  <system-out/>
  <testcase classname="NewFrameWork.MwcClientPortalTestClass2" name="MWCRestApiFuntValidations" time="0.088"/>
  <system-out/>
  <testcase classname="NewFrameWork.MwcClientPortalTestClass2" name="MWCRestApiFuntValidations" time="0.085"/>
  <system-out/>
  <testcase classname="NewFrameWork.MwcClientPortalTestClass2" name="MWCRestApiFuntValidations" time="0.095"/>
  <system-out/>
  <testcase classname="NewFrameWork.MwcClientPortalTestClass2" name="MWCRestApiFuntValidations" time="0.140"/>
  <system-out/>
  <testcase classname="NewFrameWork.MwcClientPortalTestClass2" name="MWCRestApiFuntValidations" time="0.177"/>
  <system-out/>
  <testcase classname="NewFrameWork.MwcClientPortalTestClass2" name="MWCRestApiFuntValidations" time="0.154"/>
  <system-out/>
  <testcase classname="NewFrameWork.MwcClientPortalTestClass2" name="MWCRestApiFuntValidations" time="0.169"/>
  <system-out/>
  <testcase classname="NewFrameWork.MwcClientPortalTestClass2" name="MWCRestApiFuntValidations" time="0.135"/>
  <system-out/>
  <testcase classname="NewFrameWork.MwcClientPortalTestClass2" name="MWCRestApiFuntValidations" time="0.138"/>
  <system-out/>
  <testcase classname="NewFrameWork.MwcClientPortalTestClass2" name="MWCRestApiFuntValidations" time="0.082"/>
  <system-out/>
  <testcase classname="NewFrameWork.MwcClientPortalTestClass2" name="MWCRestApiFuntValidations" time="0.236"/>
  <system-out/>
  <testcase classname="NewFrameWork.MwcClientPortalTestClass2" name="MWCRestApiFuntValidations" time="0.124"/>
  <system-out/>
  <testcase classname="NewFrameWork.MwcClientPortalTestClass2" name="MWCRestApiFuntValidations" time="0.259"/>
  <system-out/>
  <testcase classname="NewFrameWork.MwcClientPortalTestClass2" name="MWCRestApiFuntValidations" time="0.127"/>
  <system-out/>
  <testcase classname="NewFrameWork.MwcClientPortalTestClass2" name="MWCRestApiFuntValidations" time="0.110"/>
  <system-out/>
  <testcase classname="NewFrameWork.MwcClientPortalTestClass2" name="MWCRestApiFuntValidations" time="0.121"/>
  <system-out/>
  <testcase classname="NewFrameWork.MwcClientPortalTestClass2" name="MWCRestApiFuntValidations" time="0.101"/>
  <system-out/>
  <testcase classname="NewFrameWork.MwcClientPortalTestClass2" name="MWCRestApiFuntValidations" time="0.222"/>
  <system-out/>
  <testcase classname="NewFrameWork.MwcClientPortalTestClass2" name="MWCRestApiFuntValidations" time="0.101"/>
  <system-out/>
  <testcase classname="NewFrameWork.MwcClientPortalTestClass2" name="MWCRestApiFuntValidations" time="0.133"/>
  <system-out/>
  <testcase classname="NewFrameWork.MwcClientPortalTestClass2" name="MWCRestApiFuntValidations" time="0.245"/>
  <system-out/>
  <testcase classname="NewFrameWork.MwcClientPortalTestClass2" name="MWCRestApiFuntValidations" time="0.140"/>
  <system-out/>
  <testcase classname="NewFrameWork.MwcClientPortalTestClass2" name="MWCRestApiFuntValidations" time="0.123"/>
  <system-out/>
  <testcase classname="NewFrameWork.MwcClientPortalTestClass2" name="MWCRestApiFuntValidations" time="0.078"/>
  <system-out/>
  <testcase classname="NewFrameWork.MwcClientPortalTestClass2" name="MWCRestApiFuntValidations" time="0.096"/>
  <system-out/>
  <testcase classname="NewFrameWork.MwcClientPortalTestClass2" name="MWCRestApiFuntValidations" time="0.246"/>
  <system-out/>
  <testcase classname="NewFrameWork.MwcClientPortalTestClass2" name="MWCRestApiFuntValidations" time="0.226"/>
  <system-out/>
  <testcase classname="NewFrameWork.MwcClientPortalTestClass2" name="MWCRestApiFuntValidations" time="0.107"/>
  <system-out/>
  <testcase classname="NewFrameWork.MwcClientPortalTestClass2" name="MWCRestApiFuntValidations" time="0.119"/>
  <system-out/>
  <testcase classname="NewFrameWork.MwcClientPortalTestClass2" name="MWCRestApiFuntValidations" time="0.168"/>
  <system-out/>
  <testcase classname="NewFrameWork.MwcClientPortalTestClass2" name="MWCRestApiFuntValidations" time="0.080"/>
  <system-out/>
  <testcase classname="NewFrameWork.MwcClientPortalTestClass2" name="MWCRestApiFuntValidations" time="0.129"/>
  <system-out/>
  <testcase classname="NewFrameWork.MwcClientPortalTestClass2" name="MWCRestApiFuntValidations" time="0.086"/>
  <system-out/>
  <testcase classname="NewFrameWork.MwcClientPortalTestClass2" name="MWCRestApiFuntValidations" time="1.824"/>
  <system-out/>
  <testcase classname="NewFrameWork.MwcClientPortalTestClass2" name="MWCRestApiFuntValidations" time="0.129"/>
  <system-out/>
  <testcase classname="NewFrameWork.MwcClientPortalTestClass2" name="MWCRestApiFuntValidations" time="0.246"/>
  <system-out/>
  <testcase classname="NewFrameWork.MwcClientPortalTestClass2" name="MWCRestApiFuntValidations" time="0.233"/>
  <system-out/>
  <testcase classname="NewFrameWork.MwcClientPortalTestClass2" name="MWCRestApiFuntValidations" time="0.187"/>
  <system-out/>
  <testcase classname="NewFrameWork.MwcClientPortalTestClass2" name="MWCRestApiFuntValidations" time="0.083"/>
  <system-out/>
  <testcase classname="NewFrameWork.MwcClientPortalTestClass2" name="MWCRestApiFuntValidations" time="0.191"/>
  <system-out/>
  <testcase classname="NewFrameWork.MwcClientPortalTestClass2" name="MWCRestApiFuntValidations" time="0.088"/>
  <system-out/>
  <testcase classname="NewFrameWork.MwcClientPortalTestClass2" name="MWCRestApiFuntValidations" time="0.214"/>
  <system-out/>
  <testcase classname="NewFrameWork.MwcClientPortalTestClass2" name="MWCRestApiFuntValidations" time="0.193"/>
  <system-out/>
  <testcase classname="NewFrameWork.MwcClientPortalTestClass2" name="MWCRestApiFuntValidations" time="0.105"/>
  <system-out/>
  <testcase classname="NewFrameWork.MwcClientPortalTestClass2" name="MWCRestApiFuntValidations" time="0.102"/>
  <system-out/>
  <testcase classname="NewFrameWork.MwcClientPortalTestClass2" name="MWCRestApiFuntValidations" time="0.106"/>
  <system-out/>
  <testcase classname="NewFrameWork.MwcClientPortalTestClass2" name="MWCRestApiFuntValidations" time="0.129"/>
  <system-out/>
  <testcase classname="NewFrameWork.MwcClientPortalTestClass2" name="MWCRestApiFuntValidations" time="0.104"/>
  <system-out/>
  <testcase classname="NewFrameWork.MwcClientPortalTestClass2" name="MWCRestApiFuntValidations" time="0.173"/>
  <system-out/>
  <testcase classname="NewFrameWork.MwcClientPortalTestClass2" name="MWCRestApiFuntValidations" time="0.244"/>
  <system-out/>
  <testcase classname="NewFrameWork.MwcClientPortalTestClass2" name="MWCRestApiFuntValidations" time="0.115"/>
  <system-out/>
  <testcase classname="NewFrameWork.MwcClientPortalTestClass2" name="MWCRestApiFuntValidations" time="0.148"/>
  <system-out/>
  <testcase classname="NewFrameWork.MwcClientPortalTestClass2" name="MWCRestApiFuntValidations" time="0.092"/>
  <system-out/>
  <testcase classname="NewFrameWork.MwcClientPortalTestClass2" name="MWCRestApiFuntValidations" time="0.202"/>
  <system-out/>
  <testcase classname="NewFrameWork.MwcClientPortalTestClass2" name="MWCRestApiFuntValidations" time="0.318"/>
  <system-out/>
  <testcase classname="NewFrameWork.MwcClientPortalTestClass2" name="MWCRestApiFuntValidations" time="0.136"/>
  <system-out/>
  <testcase classname="NewFrameWork.MwcClientPortalTestClass2" name="MWCRestApiFuntValidations" time="0.095"/>
  <system-out/>
  <testcase classname="NewFrameWork.MwcClientPortalTestClass2" name="MWCRestApiFuntValidations" time="0.138"/>
  <system-out/>
  <testcase classname="NewFrameWork.MwcClientPortalTestClass2" name="MWCRestApiFuntValidations" time="0.257"/>
  <system-out/>
</testsuite> <!-- NewFrameWork.MwcClientPortalTestClass2 -->
