<?xml version="1.0" encoding="UTF-8"?>
<!-- Generated by org.testng.reporters.JUnitReportReporter -->
<testsuite hostname="DESKTOP-4EHNAOM" failures="0" tests="245" name="com.MonacoTesting.MonacoTestClass" time="51.663" errors="0" timestamp="2024-05-31T14:24:04 IST" skipped="0">
  <testcase classname="com.MonacoTesting.MonacoTestClass" name="MWCRestApiFuntValidations" time="0.109"/>
  <system-out/>
  <testcase classname="com.MonacoTesting.MonacoTestClass" name="MWCRestApiFuntValidations" time="0.109"/>
  <system-out/>
  <testcase classname="com.MonacoTesting.MonacoTestClass" name="MWCRestApiFuntValidations" time="0.123"/>
  <system-out/>
  <testcase classname="com.MonacoTesting.MonacoTestClass" name="MWCRestApiFuntValidations" time="0.142"/>
  <system-out/>
  <testcase classname="com.MonacoTesting.MonacoTestClass" name="MWCRestApiFuntValidations" time="0.127"/>
  <system-out/>
  <testcase classname="com.MonacoTesting.MonacoTestClass" name="MWCRestApiFuntValidations" time="0.148"/>
  <system-out/>
  <testcase classname="com.MonacoTesting.MonacoTestClass" name="MWCRestApiFuntValidations" time="0.107"/>
  <system-out/>
  <testcase classname="com.MonacoTesting.MonacoTestClass" name="MWCRestApiFuntValidations" time="0.146"/>
  <system-out/>
  <testcase classname="com.MonacoTesting.MonacoTestClass" name="MWCRestApiFuntValidations" time="0.113"/>
  <system-out/>
  <testcase classname="com.MonacoTesting.MonacoTestClass" name="MWCRestApiFuntValidations" time="0.113"/>
  <system-out/>
  <testcase classname="com.MonacoTesting.MonacoTestClass" name="MWCRestApiFuntValidations" time="0.127"/>
  <system-out/>
  <testcase classname="com.MonacoTesting.MonacoTestClass" name="MWCRestApiFuntValidations" time="0.129"/>
  <system-out/>
  <testcase classname="com.MonacoTesting.MonacoTestClass" name="MWCRestApiFuntValidations" time="0.227"/>
  <system-out/>
  <testcase classname="com.MonacoTesting.MonacoTestClass" name="MWCRestApiFuntValidations" time="0.126"/>
  <system-out/>
  <testcase classname="com.MonacoTesting.MonacoTestClass" name="MWCRestApiFuntValidations" time="0.130"/>
  <system-out/>
  <testcase classname="com.MonacoTesting.MonacoTestClass" name="MWCRestApiFuntValidations" time="0.237"/>
  <system-out/>
  <testcase classname="com.MonacoTesting.MonacoTestClass" name="MWCRestApiFuntValidations" time="0.108"/>
  <system-out/>
  <testcase classname="com.MonacoTesting.MonacoTestClass" name="MWCRestApiFuntValidations" time="0.132"/>
  <system-out/>
  <testcase classname="com.MonacoTesting.MonacoTestClass" name="MWCRestApiFuntValidations" time="0.145"/>
  <system-out/>
  <testcase classname="com.MonacoTesting.MonacoTestClass" name="MWCRestApiFuntValidations" time="0.123"/>
  <system-out/>
  <testcase classname="com.MonacoTesting.MonacoTestClass" name="MWCRestApiFuntValidations" time="0.132"/>
  <system-out/>
  <testcase classname="com.MonacoTesting.MonacoTestClass" name="MWCRestApiFuntValidations" time="0.131"/>
  <system-out/>
  <testcase classname="com.MonacoTesting.MonacoTestClass" name="MWCRestApiFuntValidations" time="0.119"/>
  <system-out/>
  <testcase classname="com.MonacoTesting.MonacoTestClass" name="MWCRestApiFuntValidations" time="0.171"/>
  <system-out/>
  <testcase classname="com.MonacoTesting.MonacoTestClass" name="MWCRestApiFuntValidations" time="0.135"/>
  <system-out/>
  <testcase classname="com.MonacoTesting.MonacoTestClass" name="MWCRestApiFuntValidations" time="0.142"/>
  <system-out/>
  <testcase classname="com.MonacoTesting.MonacoTestClass" name="MWCRestApiFuntValidations" time="0.123"/>
  <system-out/>
  <testcase classname="com.MonacoTesting.MonacoTestClass" name="MWCRestApiFuntValidations" time="0.261"/>
  <system-out/>
  <testcase classname="com.MonacoTesting.MonacoTestClass" name="MWCRestApiFuntValidations" time="0.210"/>
  <system-out/>
  <testcase classname="com.MonacoTesting.MonacoTestClass" name="MWCRestApiFuntValidations" time="0.156"/>
  <system-out/>
  <testcase classname="com.MonacoTesting.MonacoTestClass" name="MWCRestApiFuntValidations" time="0.159"/>
  <system-out/>
  <testcase classname="com.MonacoTesting.MonacoTestClass" name="MWCRestApiFuntValidations" time="0.245"/>
  <system-out/>
  <testcase classname="com.MonacoTesting.MonacoTestClass" name="MWCRestApiFuntValidations" time="0.111"/>
  <system-out/>
  <testcase classname="com.MonacoTesting.MonacoTestClass" name="MWCRestApiFuntValidations" time="1.424"/>
  <system-out/>
  <testcase classname="com.MonacoTesting.MonacoTestClass" name="MWCRestApiFuntValidations" time="0.118"/>
  <system-out/>
  <testcase classname="com.MonacoTesting.MonacoTestClass" name="MWCRestApiFuntValidations" time="0.117"/>
  <system-out/>
  <testcase classname="com.MonacoTesting.MonacoTestClass" name="MWCRestApiFuntValidations" time="0.136"/>
  <system-out/>
  <testcase classname="com.MonacoTesting.MonacoTestClass" name="MWCRestApiFuntValidations" time="0.118"/>
  <system-out/>
  <testcase classname="com.MonacoTesting.MonacoTestClass" name="MWCRestApiFuntValidations" time="0.452"/>
  <system-out/>
  <testcase classname="com.MonacoTesting.MonacoTestClass" name="MWCRestApiFuntValidations" time="0.235"/>
  <system-out/>
  <testcase classname="com.MonacoTesting.MonacoTestClass" name="MWCRestApiFuntValidations" time="0.881"/>
  <system-out/>
  <testcase classname="com.MonacoTesting.MonacoTestClass" name="MWCRestApiFuntValidations" time="0.156"/>
  <system-out/>
  <testcase classname="com.MonacoTesting.MonacoTestClass" name="MWCRestApiFuntValidations" time="0.198"/>
  <system-out/>
  <testcase classname="com.MonacoTesting.MonacoTestClass" name="MWCRestApiFuntValidations" time="0.137"/>
  <system-out/>
  <testcase classname="com.MonacoTesting.MonacoTestClass" name="MWCRestApiFuntValidations" time="0.127"/>
  <system-out/>
  <testcase classname="com.MonacoTesting.MonacoTestClass" name="MWCRestApiFuntValidations" time="0.136"/>
  <system-out/>
  <testcase classname="com.MonacoTesting.MonacoTestClass" name="MWCRestApiFuntValidations" time="0.194"/>
  <system-out/>
  <testcase classname="com.MonacoTesting.MonacoTestClass" name="MWCRestApiFuntValidations" time="0.155"/>
  <system-out/>
  <testcase classname="com.MonacoTesting.MonacoTestClass" name="MWCRestApiFuntValidations" time="0.138"/>
  <system-out/>
  <testcase classname="com.MonacoTesting.MonacoTestClass" name="MWCRestApiFuntValidations" time="0.201"/>
  <system-out/>
  <testcase classname="com.MonacoTesting.MonacoTestClass" name="MWCRestApiFuntValidations" time="0.128"/>
  <system-out/>
  <testcase classname="com.MonacoTesting.MonacoTestClass" name="MWCRestApiFuntValidations" time="0.122"/>
  <system-out/>
  <testcase classname="com.MonacoTesting.MonacoTestClass" name="MWCRestApiFuntValidations" time="0.223"/>
  <system-out/>
  <testcase classname="com.MonacoTesting.MonacoTestClass" name="MWCRestApiFuntValidations" time="0.151"/>
  <system-out/>
  <testcase classname="com.MonacoTesting.MonacoTestClass" name="MWCRestApiFuntValidations" time="0.136"/>
  <system-out/>
  <testcase classname="com.MonacoTesting.MonacoTestClass" name="MWCRestApiFuntValidations" time="0.807"/>
  <system-out/>
  <testcase classname="com.MonacoTesting.MonacoTestClass" name="MWCRestApiFuntValidations" time="0.147"/>
  <system-out/>
  <testcase classname="com.MonacoTesting.MonacoTestClass" name="MWCRestApiFuntValidations" time="0.165"/>
  <system-out/>
  <testcase classname="com.MonacoTesting.MonacoTestClass" name="MWCRestApiFuntValidations" time="0.137"/>
  <system-out/>
  <testcase classname="com.MonacoTesting.MonacoTestClass" name="MWCRestApiFuntValidations" time="0.136"/>
  <system-out/>
  <testcase classname="com.MonacoTesting.MonacoTestClass" name="MWCRestApiFuntValidations" time="0.147"/>
  <system-out/>
  <testcase classname="com.MonacoTesting.MonacoTestClass" name="MWCRestApiFuntValidations" time="0.278"/>
  <system-out/>
  <testcase classname="com.MonacoTesting.MonacoTestClass" name="MWCRestApiFuntValidations" time="0.201"/>
  <system-out/>
  <testcase classname="com.MonacoTesting.MonacoTestClass" name="MWCRestApiFuntValidations" time="0.165"/>
  <system-out/>
  <testcase classname="com.MonacoTesting.MonacoTestClass" name="MWCRestApiFuntValidations" time="0.285"/>
  <system-out/>
  <testcase classname="com.MonacoTesting.MonacoTestClass" name="MWCRestApiFuntValidations" time="0.105"/>
  <system-out/>
  <testcase classname="com.MonacoTesting.MonacoTestClass" name="MWCRestApiFuntValidations" time="0.339"/>
  <system-out/>
  <testcase classname="com.MonacoTesting.MonacoTestClass" name="MWCRestApiFuntValidations" time="0.166"/>
  <system-out/>
  <testcase classname="com.MonacoTesting.MonacoTestClass" name="MWCRestApiFuntValidations" time="0.208"/>
  <system-out/>
  <testcase classname="com.MonacoTesting.MonacoTestClass" name="MWCRestApiFuntValidations" time="0.218"/>
  <system-out/>
  <testcase classname="com.MonacoTesting.MonacoTestClass" name="MWCRestApiFuntValidations" time="0.113"/>
  <system-out/>
  <testcase classname="com.MonacoTesting.MonacoTestClass" name="MWCRestApiFuntValidations" time="0.109"/>
  <system-out/>
  <testcase classname="com.MonacoTesting.MonacoTestClass" name="MWCRestApiFuntValidations" time="0.145"/>
  <system-out/>
  <testcase classname="com.MonacoTesting.MonacoTestClass" name="MWCRestApiFuntValidations" time="0.147"/>
  <system-out/>
  <testcase classname="com.MonacoTesting.MonacoTestClass" name="MWCRestApiFuntValidations" time="1.092"/>
  <system-out/>
  <testcase classname="com.MonacoTesting.MonacoTestClass" name="MWCRestApiFuntValidations" time="0.195"/>
  <system-out/>
  <testcase classname="com.MonacoTesting.MonacoTestClass" name="MWCRestApiFuntValidations" time="0.118"/>
  <system-out/>
  <testcase classname="com.MonacoTesting.MonacoTestClass" name="MWCRestApiFuntValidations" time="0.125"/>
  <system-out/>
  <testcase classname="com.MonacoTesting.MonacoTestClass" name="MWCRestApiFuntValidations" time="0.108"/>
  <system-out/>
  <testcase classname="com.MonacoTesting.MonacoTestClass" name="MWCRestApiFuntValidations" time="0.129"/>
  <system-out/>
  <testcase classname="com.MonacoTesting.MonacoTestClass" name="MWCRestApiFuntValidations" time="0.120"/>
  <system-out/>
  <testcase classname="com.MonacoTesting.MonacoTestClass" name="MWCRestApiFuntValidations" time="0.225"/>
  <system-out/>
  <testcase classname="com.MonacoTesting.MonacoTestClass" name="MWCRestApiFuntValidations" time="0.138"/>
  <system-out/>
  <testcase classname="com.MonacoTesting.MonacoTestClass" name="MWCRestApiFuntValidations" time="0.148"/>
  <system-out/>
  <testcase classname="com.MonacoTesting.MonacoTestClass" name="MWCRestApiFuntValidations" time="0.279"/>
  <system-out/>
  <testcase classname="com.MonacoTesting.MonacoTestClass" name="MWCRestApiFuntValidations" time="0.120"/>
  <system-out/>
  <testcase classname="com.MonacoTesting.MonacoTestClass" name="MWCRestApiFuntValidations" time="0.115"/>
  <system-out/>
  <testcase classname="com.MonacoTesting.MonacoTestClass" name="MWCRestApiFuntValidations" time="0.124"/>
  <system-out/>
  <testcase classname="com.MonacoTesting.MonacoTestClass" name="MWCRestApiFuntValidations" time="0.119"/>
  <system-out/>
  <testcase classname="com.MonacoTesting.MonacoTestClass" name="MWCRestApiFuntValidations" time="0.200"/>
  <system-out/>
  <testcase classname="com.MonacoTesting.MonacoTestClass" name="MWCRestApiFuntValidations" time="0.156"/>
  <system-out/>
  <testcase classname="com.MonacoTesting.MonacoTestClass" name="MWCRestApiFuntValidations" time="0.159"/>
  <system-out/>
  <testcase classname="com.MonacoTesting.MonacoTestClass" name="MWCRestApiFuntValidations" time="0.194"/>
  <system-out/>
  <testcase classname="com.MonacoTesting.MonacoTestClass" name="MWCRestApiFuntValidations" time="0.253"/>
  <system-out/>
  <testcase classname="com.MonacoTesting.MonacoTestClass" name="MWCRestApiFuntValidations" time="0.146"/>
  <system-out/>
  <testcase classname="com.MonacoTesting.MonacoTestClass" name="MWCRestApiFuntValidations" time="0.148"/>
  <system-out/>
  <testcase classname="com.MonacoTesting.MonacoTestClass" name="MWCRestApiFuntValidations" time="0.192"/>
  <system-out/>
  <testcase classname="com.MonacoTesting.MonacoTestClass" name="MWCRestApiFuntValidations" time="0.162"/>
  <system-out/>
  <testcase classname="com.MonacoTesting.MonacoTestClass" name="MWCRestApiFuntValidations" time="0.214"/>
  <system-out/>
  <testcase classname="com.MonacoTesting.MonacoTestClass" name="MWCRestApiFuntValidations" time="0.127"/>
  <system-out/>
  <testcase classname="com.MonacoTesting.MonacoTestClass" name="MWCRestApiFuntValidations" time="0.197"/>
  <system-out/>
  <testcase classname="com.MonacoTesting.MonacoTestClass" name="MWCRestApiFuntValidations" time="0.137"/>
  <system-out/>
  <testcase classname="com.MonacoTesting.MonacoTestClass" name="MWCRestApiFuntValidations" time="0.152"/>
  <system-out/>
  <testcase classname="com.MonacoTesting.MonacoTestClass" name="MWCRestApiFuntValidations" time="0.173"/>
  <system-out/>
  <testcase classname="com.MonacoTesting.MonacoTestClass" name="MWCRestApiFuntValidations" time="0.101"/>
  <system-out/>
  <testcase classname="com.MonacoTesting.MonacoTestClass" name="MWCRestApiFuntValidations" time="0.241"/>
  <system-out/>
  <testcase classname="com.MonacoTesting.MonacoTestClass" name="MWCRestApiFuntValidations" time="0.136"/>
  <system-out/>
  <testcase classname="com.MonacoTesting.MonacoTestClass" name="MWCRestApiFuntValidations" time="0.175"/>
  <system-out/>
  <testcase classname="com.MonacoTesting.MonacoTestClass" name="MWCRestApiFuntValidations" time="0.208"/>
  <system-out/>
  <testcase classname="com.MonacoTesting.MonacoTestClass" name="MWCRestApiFuntValidations" time="0.149"/>
  <system-out/>
  <testcase classname="com.MonacoTesting.MonacoTestClass" name="MWCRestApiFuntValidations" time="0.138"/>
  <system-out/>
  <testcase classname="com.MonacoTesting.MonacoTestClass" name="MWCRestApiFuntValidations" time="0.128"/>
  <system-out/>
  <testcase classname="com.MonacoTesting.MonacoTestClass" name="MWCRestApiFuntValidations" time="0.118"/>
  <system-out/>
  <testcase classname="com.MonacoTesting.MonacoTestClass" name="MWCRestApiFuntValidations" time="0.214"/>
  <system-out/>
  <testcase classname="com.MonacoTesting.MonacoTestClass" name="MWCRestApiFuntValidations" time="0.144"/>
  <system-out/>
  <testcase classname="com.MonacoTesting.MonacoTestClass" name="MWCRestApiFuntValidations" time="0.134"/>
  <system-out/>
  <testcase classname="com.MonacoTesting.MonacoTestClass" name="MWCRestApiFuntValidations" time="0.167"/>
  <system-out/>
  <testcase classname="com.MonacoTesting.MonacoTestClass" name="MWCRestApiFuntValidations" time="0.141"/>
  <system-out/>
  <testcase classname="com.MonacoTesting.MonacoTestClass" name="MWCRestApiFuntValidations" time="0.189"/>
  <system-out/>
  <testcase classname="com.MonacoTesting.MonacoTestClass" name="MWCRestApiFuntValidations" time="0.104"/>
  <system-out/>
  <testcase classname="com.MonacoTesting.MonacoTestClass" name="MWCRestApiFuntValidations" time="0.110"/>
  <system-out/>
  <testcase classname="com.MonacoTesting.MonacoTestClass" name="MWCRestApiFuntValidations" time="0.177"/>
  <system-out/>
  <testcase classname="com.MonacoTesting.MonacoTestClass" name="MWCRestApiFuntValidations" time="0.306"/>
  <system-out/>
  <testcase classname="com.MonacoTesting.MonacoTestClass" name="MWCRestApiFuntValidations" time="0.111"/>
  <system-out/>
  <testcase classname="com.MonacoTesting.MonacoTestClass" name="MWCRestApiFuntValidations" time="0.206"/>
  <system-out/>
  <testcase classname="com.MonacoTesting.MonacoTestClass" name="MWCRestApiFuntValidations" time="0.147"/>
  <system-out/>
  <testcase classname="com.MonacoTesting.MonacoTestClass" name="MWCRestApiFuntValidations" time="0.156"/>
  <system-out/>
  <testcase classname="com.MonacoTesting.MonacoTestClass" name="MWCRestApiFuntValidations" time="1.718"/>
  <system-out/>
  <testcase classname="com.MonacoTesting.MonacoTestClass" name="MWCRestApiFuntValidations" time="0.149"/>
  <system-out/>
  <testcase classname="com.MonacoTesting.MonacoTestClass" name="MWCRestApiFuntValidations" time="0.169"/>
  <system-out/>
  <testcase classname="com.MonacoTesting.MonacoTestClass" name="MWCRestApiFuntValidations" time="0.349"/>
  <system-out/>
  <testcase classname="com.MonacoTesting.MonacoTestClass" name="MWCRestApiFuntValidations" time="0.133"/>
  <system-out/>
  <testcase classname="com.MonacoTesting.MonacoTestClass" name="MWCRestApiFuntValidations" time="0.277"/>
  <system-out/>
  <testcase classname="com.MonacoTesting.MonacoTestClass" name="MWCRestApiFuntValidations" time="0.153"/>
  <system-out/>
  <testcase classname="com.MonacoTesting.MonacoTestClass" name="MWCRestApiFuntValidations" time="0.115"/>
  <system-out/>
  <testcase classname="com.MonacoTesting.MonacoTestClass" name="MWCRestApiFuntValidations" time="0.165"/>
  <system-out/>
  <testcase classname="com.MonacoTesting.MonacoTestClass" name="MWCRestApiFuntValidations" time="0.929"/>
  <system-out/>
  <testcase classname="com.MonacoTesting.MonacoTestClass" name="MWCRestApiFuntValidations" time="0.108"/>
  <system-out/>
  <testcase classname="com.MonacoTesting.MonacoTestClass" name="MWCRestApiFuntValidations" time="0.127"/>
  <system-out/>
  <testcase classname="com.MonacoTesting.MonacoTestClass" name="MWCRestApiFuntValidations" time="0.135"/>
  <system-out/>
  <testcase classname="com.MonacoTesting.MonacoTestClass" name="MWCRestApiFuntValidations" time="0.291"/>
  <system-out/>
  <testcase classname="com.MonacoTesting.MonacoTestClass" name="MWCRestApiFuntValidations" time="0.122"/>
  <system-out/>
  <testcase classname="com.MonacoTesting.MonacoTestClass" name="MWCRestApiFuntValidations" time="0.138"/>
  <system-out/>
  <testcase classname="com.MonacoTesting.MonacoTestClass" name="MWCRestApiFuntValidations" time="0.151"/>
  <system-out/>
  <testcase classname="com.MonacoTesting.MonacoTestClass" name="MWCRestApiFuntValidations" time="0.127"/>
  <system-out/>
  <testcase classname="com.MonacoTesting.MonacoTestClass" name="MWCRestApiFuntValidations" time="0.122"/>
  <system-out/>
  <testcase classname="com.MonacoTesting.MonacoTestClass" name="MWCRestApiFuntValidations" time="0.112"/>
  <system-out/>
  <testcase classname="com.MonacoTesting.MonacoTestClass" name="MWCRestApiFuntValidations" time="0.285"/>
  <system-out/>
  <testcase classname="com.MonacoTesting.MonacoTestClass" name="MWCRestApiFuntValidations" time="0.126"/>
  <system-out/>
  <testcase classname="com.MonacoTesting.MonacoTestClass" name="MWCRestApiFuntValidations" time="0.133"/>
  <system-out/>
  <testcase classname="com.MonacoTesting.MonacoTestClass" name="MWCRestApiFuntValidations" time="0.232"/>
  <system-out/>
  <testcase classname="com.MonacoTesting.MonacoTestClass" name="MWCRestApiFuntValidations" time="0.136"/>
  <system-out/>
  <testcase classname="com.MonacoTesting.MonacoTestClass" name="MWCRestApiFuntValidations" time="0.133"/>
  <system-out/>
  <testcase classname="com.MonacoTesting.MonacoTestClass" name="MWCRestApiFuntValidations" time="0.126"/>
  <system-out/>
  <testcase classname="com.MonacoTesting.MonacoTestClass" name="MWCRestApiFuntValidations" time="0.145"/>
  <system-out/>
  <testcase classname="com.MonacoTesting.MonacoTestClass" name="MWCRestApiFuntValidations" time="0.119"/>
  <system-out/>
  <testcase classname="com.MonacoTesting.MonacoTestClass" name="MWCRestApiFuntValidations" time="0.229"/>
  <system-out/>
  <testcase classname="com.MonacoTesting.MonacoTestClass" name="MWCRestApiFuntValidations" time="0.155"/>
  <system-out/>
  <testcase classname="com.MonacoTesting.MonacoTestClass" name="MWCRestApiFuntValidations" time="0.142"/>
  <system-out/>
  <testcase classname="com.MonacoTesting.MonacoTestClass" name="MWCRestApiFuntValidations" time="0.118"/>
  <system-out/>
  <testcase classname="com.MonacoTesting.MonacoTestClass" name="MWCRestApiFuntValidations" time="0.207"/>
  <system-out/>
  <testcase classname="com.MonacoTesting.MonacoTestClass" name="MWCRestApiFuntValidations" time="0.499"/>
  <system-out/>
  <testcase classname="com.MonacoTesting.MonacoTestClass" name="MWCRestApiFuntValidations" time="0.136"/>
  <system-out/>
  <testcase classname="com.MonacoTesting.MonacoTestClass" name="MWCRestApiFuntValidations" time="0.126"/>
  <system-out/>
  <testcase classname="com.MonacoTesting.MonacoTestClass" name="MWCRestApiFuntValidations" time="0.134"/>
  <system-out/>
  <testcase classname="com.MonacoTesting.MonacoTestClass" name="MWCRestApiFuntValidations" time="0.136"/>
  <system-out/>
  <testcase classname="com.MonacoTesting.MonacoTestClass" name="MWCRestApiFuntValidations" time="0.125"/>
  <system-out/>
  <testcase classname="com.MonacoTesting.MonacoTestClass" name="MWCRestApiFuntValidations" time="0.133"/>
  <system-out/>
  <testcase classname="com.MonacoTesting.MonacoTestClass" name="MWCRestApiFuntValidations" time="0.307"/>
  <system-out/>
  <testcase classname="com.MonacoTesting.MonacoTestClass" name="MWCRestApiFuntValidations" time="0.156"/>
  <system-out/>
  <testcase classname="com.MonacoTesting.MonacoTestClass" name="MWCRestApiFuntValidations" time="0.208"/>
  <system-out/>
  <testcase classname="com.MonacoTesting.MonacoTestClass" name="MWCRestApiFuntValidations" time="0.122"/>
  <system-out/>
  <testcase classname="com.MonacoTesting.MonacoTestClass" name="MWCRestApiFuntValidations" time="0.117"/>
  <system-out/>
  <testcase classname="com.MonacoTesting.MonacoTestClass" name="MWCRestApiFuntValidations" time="0.182"/>
  <system-out/>
  <testcase classname="com.MonacoTesting.MonacoTestClass" name="MWCRestApiFuntValidations" time="0.192"/>
  <system-out/>
  <testcase classname="com.MonacoTesting.MonacoTestClass" name="MWCRestApiFuntValidations" time="0.148"/>
  <system-out/>
  <testcase classname="com.MonacoTesting.MonacoTestClass" name="MWCRestApiFuntValidations" time="0.137"/>
  <system-out/>
  <testcase classname="com.MonacoTesting.MonacoTestClass" name="MWCRestApiFuntValidations" time="0.156"/>
  <system-out/>
  <testcase classname="com.MonacoTesting.MonacoTestClass" name="MWCRestApiFuntValidations" time="0.290"/>
  <system-out/>
  <testcase classname="com.MonacoTesting.MonacoTestClass" name="MWCRestApiFuntValidations" time="0.144"/>
  <system-out/>
  <testcase classname="com.MonacoTesting.MonacoTestClass" name="MWCRestApiFuntValidations" time="0.129"/>
  <system-out/>
  <testcase classname="com.MonacoTesting.MonacoTestClass" name="MWCRestApiFuntValidations" time="0.156"/>
  <system-out/>
  <testcase classname="com.MonacoTesting.MonacoTestClass" name="MWCRestApiFuntValidations" time="0.145"/>
  <system-out/>
  <testcase classname="com.MonacoTesting.MonacoTestClass" name="MWCRestApiFuntValidations" time="0.155"/>
  <system-out/>
  <testcase classname="com.MonacoTesting.MonacoTestClass" name="MWCRestApiFuntValidations" time="0.443"/>
  <system-out/>
  <testcase classname="com.MonacoTesting.MonacoTestClass" name="MWCRestApiFuntValidations" time="0.105"/>
  <system-out/>
  <testcase classname="com.MonacoTesting.MonacoTestClass" name="MWCRestApiFuntValidations" time="0.165"/>
  <system-out/>
  <testcase classname="com.MonacoTesting.MonacoTestClass" name="MWCRestApiFuntValidations" time="0.190"/>
  <system-out/>
  <testcase classname="com.MonacoTesting.MonacoTestClass" name="MWCRestApiFuntValidations" time="0.138"/>
  <system-out/>
  <testcase classname="com.MonacoTesting.MonacoTestClass" name="MWCRestApiFuntValidations" time="0.132"/>
  <system-out/>
  <testcase classname="com.MonacoTesting.MonacoTestClass" name="MWCRestApiFuntValidations" time="0.146"/>
  <system-out/>
  <testcase classname="com.MonacoTesting.MonacoTestClass" name="MWCRestApiFuntValidations" time="0.127"/>
  <system-out/>
  <testcase classname="com.MonacoTesting.MonacoTestClass" name="MWCRestApiFuntValidations" time="0.196"/>
  <system-out/>
  <testcase classname="com.MonacoTesting.MonacoTestClass" name="MWCRestApiFuntValidations" time="4.575"/>
  <system-out/>
  <testcase classname="com.MonacoTesting.MonacoTestClass" name="MWCRestApiFuntValidations" time="0.156"/>
  <system-out/>
  <testcase classname="com.MonacoTesting.MonacoTestClass" name="MWCRestApiFuntValidations" time="0.156"/>
  <system-out/>
  <testcase classname="com.MonacoTesting.MonacoTestClass" name="MWCRestApiFuntValidations" time="0.128"/>
  <system-out/>
  <testcase classname="com.MonacoTesting.MonacoTestClass" name="MWCRestApiFuntValidations" time="0.130"/>
  <system-out/>
  <testcase classname="com.MonacoTesting.MonacoTestClass" name="MWCRestApiFuntValidations" time="0.198"/>
  <system-out/>
  <testcase classname="com.MonacoTesting.MonacoTestClass" name="MWCRestApiFuntValidations" time="0.133"/>
  <system-out/>
  <testcase classname="com.MonacoTesting.MonacoTestClass" name="MWCRestApiFuntValidations" time="0.119"/>
  <system-out/>
  <testcase classname="com.MonacoTesting.MonacoTestClass" name="MWCRestApiFuntValidations" time="0.869"/>
  <system-out/>
  <testcase classname="com.MonacoTesting.MonacoTestClass" name="MWCRestApiFuntValidations" time="0.288"/>
  <system-out/>
  <testcase classname="com.MonacoTesting.MonacoTestClass" name="MWCRestApiFuntValidations" time="0.174"/>
  <system-out/>
  <testcase classname="com.MonacoTesting.MonacoTestClass" name="MWCRestApiFuntValidations" time="0.376"/>
  <system-out/>
  <testcase classname="com.MonacoTesting.MonacoTestClass" name="MWCRestApiFuntValidations" time="0.236"/>
  <system-out/>
  <testcase classname="com.MonacoTesting.MonacoTestClass" name="MWCRestApiFuntValidations" time="0.116"/>
  <system-out/>
  <testcase classname="com.MonacoTesting.MonacoTestClass" name="MWCRestApiFuntValidations" time="0.290"/>
  <system-out/>
  <testcase classname="com.MonacoTesting.MonacoTestClass" name="MWCRestApiFuntValidations" time="0.133"/>
  <system-out/>
  <testcase classname="com.MonacoTesting.MonacoTestClass" name="MWCRestApiFuntValidations" time="0.129"/>
  <system-out/>
  <testcase classname="com.MonacoTesting.MonacoTestClass" name="MWCRestApiFuntValidations" time="0.117"/>
  <system-out/>
  <testcase classname="com.MonacoTesting.MonacoTestClass" name="MWCRestApiFuntValidations" time="0.157"/>
  <system-out/>
  <testcase classname="com.MonacoTesting.MonacoTestClass" name="MWCRestApiFuntValidations" time="0.123"/>
  <system-out/>
  <testcase classname="com.MonacoTesting.MonacoTestClass" name="MWCRestApiFuntValidations" time="0.222"/>
  <system-out/>
  <testcase classname="com.MonacoTesting.MonacoTestClass" name="MWCRestApiFuntValidations" time="0.276"/>
  <system-out/>
  <testcase classname="com.MonacoTesting.MonacoTestClass" name="MWCRestApiFuntValidations" time="0.115"/>
  <system-out/>
  <testcase classname="com.MonacoTesting.MonacoTestClass" name="MWCRestApiFuntValidations" time="0.190"/>
  <system-out/>
  <testcase classname="com.MonacoTesting.MonacoTestClass" name="MWCRestApiFuntValidations" time="0.253"/>
  <system-out/>
  <testcase classname="com.MonacoTesting.MonacoTestClass" name="MWCRestApiFuntValidations" time="0.135"/>
  <system-out/>
  <testcase classname="com.MonacoTesting.MonacoTestClass" name="MWCRestApiFuntValidations" time="0.138"/>
  <system-out/>
  <testcase classname="com.MonacoTesting.MonacoTestClass" name="MWCRestApiFuntValidations" time="0.120"/>
  <system-out/>
  <testcase classname="com.MonacoTesting.MonacoTestClass" name="MWCRestApiFuntValidations" time="0.142"/>
  <system-out/>
  <testcase classname="com.MonacoTesting.MonacoTestClass" name="MWCRestApiFuntValidations" time="0.123"/>
  <system-out/>
  <testcase classname="com.MonacoTesting.MonacoTestClass" name="MWCRestApiFuntValidations" time="0.109"/>
  <system-out/>
  <testcase classname="com.MonacoTesting.MonacoTestClass" name="MWCRestApiFuntValidations" time="0.131"/>
  <system-out/>
  <testcase classname="com.MonacoTesting.MonacoTestClass" name="MWCRestApiFuntValidations" time="0.159"/>
  <system-out/>
  <testcase classname="com.MonacoTesting.MonacoTestClass" name="MWCRestApiFuntValidations" time="0.117"/>
  <system-out/>
  <testcase classname="com.MonacoTesting.MonacoTestClass" name="MWCRestApiFuntValidations" time="0.118"/>
  <system-out/>
  <testcase classname="com.MonacoTesting.MonacoTestClass" name="MWCRestApiFuntValidations" time="0.122"/>
  <system-out/>
  <testcase classname="com.MonacoTesting.MonacoTestClass" name="MWCRestApiFuntValidations" time="0.176"/>
  <system-out/>
  <testcase classname="com.MonacoTesting.MonacoTestClass" name="MWCRestApiFuntValidations" time="0.214"/>
  <system-out/>
  <testcase classname="com.MonacoTesting.MonacoTestClass" name="MWCRestApiFuntValidations" time="0.122"/>
  <system-out/>
  <testcase classname="com.MonacoTesting.MonacoTestClass" name="MWCRestApiFuntValidations" time="0.379"/>
  <system-out/>
  <testcase classname="com.MonacoTesting.MonacoTestClass" name="MWCRestApiFuntValidations" time="0.165"/>
  <system-out/>
  <testcase classname="com.MonacoTesting.MonacoTestClass" name="MWCRestApiFuntValidations" time="0.132"/>
  <system-out/>
  <testcase classname="com.MonacoTesting.MonacoTestClass" name="MWCRestApiFuntValidations" time="0.177"/>
  <system-out/>
  <testcase classname="com.MonacoTesting.MonacoTestClass" name="MWCRestApiFuntValidations" time="0.150"/>
  <system-out/>
  <testcase classname="com.MonacoTesting.MonacoTestClass" name="MWCRestApiFuntValidations" time="0.115"/>
  <system-out/>
  <testcase classname="com.MonacoTesting.MonacoTestClass" name="MWCRestApiFuntValidations" time="0.148"/>
  <system-out/>
  <testcase classname="com.MonacoTesting.MonacoTestClass" name="MWCRestApiFuntValidations" time="0.160"/>
  <system-out/>
  <testcase classname="com.MonacoTesting.MonacoTestClass" name="MWCRestApiFuntValidations" time="0.130"/>
  <system-out/>
  <testcase classname="com.MonacoTesting.MonacoTestClass" name="MWCRestApiFuntValidations" time="0.173"/>
  <system-out/>
  <testcase classname="com.MonacoTesting.MonacoTestClass" name="MWCRestApiFuntValidations" time="0.539"/>
  <system-out/>
  <testcase classname="com.MonacoTesting.MonacoTestClass" name="MWCRestApiFuntValidations" time="0.153"/>
  <system-out/>
  <testcase classname="com.MonacoTesting.MonacoTestClass" name="MWCRestApiFuntValidations" time="0.124"/>
  <system-out/>
</testsuite> <!-- com.MonacoTesting.MonacoTestClass -->
