<?xml version="1.0" encoding="UTF-8"?>
<!-- Generated by org.testng.reporters.JUnitReportReporter -->
<testsuite hostname="DESKTOP-4EHNAOM" failures="0" tests="155" name="ChariotApiTesting.ChariotApiTestclass" time="57.218" errors="0" timestamp="2024-04-26T18:28:17 IST" skipped="0">
  <testcase classname="ChariotApiTesting.ChariotApiTestclass" name="ChariotRestApiFuntValidations" time="0.159"/>
  <system-out/>
  <testcase classname="ChariotApiTesting.ChariotApiTestclass" name="ChariotRestApiFuntValidations" time="0.197"/>
  <system-out/>
  <testcase classname="ChariotApiTesting.ChariotApiTestclass" name="ChariotRestApiFuntValidations" time="0.173"/>
  <system-out/>
  <testcase classname="ChariotApiTesting.ChariotApiTestclass" name="ChariotRestApiFuntValidations" time="0.220"/>
  <system-out/>
  <testcase classname="ChariotApiTesting.ChariotApiTestclass" name="ChariotRestApiFuntValidations" time="0.238"/>
  <system-out/>
  <testcase classname="ChariotApiTesting.ChariotApiTestclass" name="ChariotRestApiFuntValidations" time="0.165"/>
  <system-out/>
  <testcase classname="ChariotApiTesting.ChariotApiTestclass" name="ChariotRestApiFuntValidations" time="0.181"/>
  <system-out/>
  <testcase classname="ChariotApiTesting.ChariotApiTestclass" name="ChariotRestApiFuntValidations" time="0.251"/>
  <system-out/>
  <testcase classname="ChariotApiTesting.ChariotApiTestclass" name="ChariotRestApiFuntValidations" time="0.174"/>
  <system-out/>
  <testcase classname="ChariotApiTesting.ChariotApiTestclass" name="ChariotRestApiFuntValidations" time="0.168"/>
  <system-out/>
  <testcase classname="ChariotApiTesting.ChariotApiTestclass" name="ChariotRestApiFuntValidations" time="0.277"/>
  <system-out/>
  <testcase classname="ChariotApiTesting.ChariotApiTestclass" name="ChariotRestApiFuntValidations" time="0.156"/>
  <system-out/>
  <testcase classname="ChariotApiTesting.ChariotApiTestclass" name="ChariotRestApiFuntValidations" time="0.220"/>
  <system-out/>
  <testcase classname="ChariotApiTesting.ChariotApiTestclass" name="ChariotRestApiFuntValidations" time="0.253"/>
  <system-out/>
  <testcase classname="ChariotApiTesting.ChariotApiTestclass" name="ChariotRestApiFuntValidations" time="0.233"/>
  <system-out/>
  <testcase classname="ChariotApiTesting.ChariotApiTestclass" name="ChariotRestApiFuntValidations" time="0.159"/>
  <system-out/>
  <testcase classname="ChariotApiTesting.ChariotApiTestclass" name="ChariotRestApiFuntValidations" time="0.201"/>
  <system-out/>
  <testcase classname="ChariotApiTesting.ChariotApiTestclass" name="ChariotRestApiFuntValidations" time="1.844"/>
  <system-out/>
  <testcase classname="ChariotApiTesting.ChariotApiTestclass" name="ChariotRestApiFuntValidations" time="0.143"/>
  <system-out/>
  <testcase classname="ChariotApiTesting.ChariotApiTestclass" name="ChariotRestApiFuntValidations" time="0.197"/>
  <system-out/>
  <testcase classname="ChariotApiTesting.ChariotApiTestclass" name="ChariotRestApiFuntValidations" time="2.935"/>
  <system-out/>
  <testcase classname="ChariotApiTesting.ChariotApiTestclass" name="ChariotRestApiFuntValidations" time="0.171"/>
  <system-out/>
  <testcase classname="ChariotApiTesting.ChariotApiTestclass" name="ChariotRestApiFuntValidations" time="1.860"/>
  <system-out/>
  <testcase classname="ChariotApiTesting.ChariotApiTestclass" name="ChariotRestApiFuntValidations" time="1.815"/>
  <system-out/>
  <testcase classname="ChariotApiTesting.ChariotApiTestclass" name="ChariotRestApiFuntValidations" time="0.219"/>
  <system-out/>
  <testcase classname="ChariotApiTesting.ChariotApiTestclass" name="ChariotRestApiFuntValidations" time="0.201"/>
  <system-out/>
  <testcase classname="ChariotApiTesting.ChariotApiTestclass" name="ChariotRestApiFuntValidations" time="0.171"/>
  <system-out/>
  <testcase classname="ChariotApiTesting.ChariotApiTestclass" name="ChariotRestApiFuntValidations" time="0.202"/>
  <system-out/>
  <testcase classname="ChariotApiTesting.ChariotApiTestclass" name="ChariotRestApiFuntValidations" time="0.178"/>
  <system-out/>
  <testcase classname="ChariotApiTesting.ChariotApiTestclass" name="ChariotRestApiFuntValidations" time="0.180"/>
  <system-out/>
  <testcase classname="ChariotApiTesting.ChariotApiTestclass" name="ChariotRestApiFuntValidations" time="0.268"/>
  <system-out/>
  <testcase classname="ChariotApiTesting.ChariotApiTestclass" name="ChariotRestApiFuntValidations" time="0.208"/>
  <system-out/>
  <testcase classname="ChariotApiTesting.ChariotApiTestclass" name="ChariotRestApiFuntValidations" time="0.237"/>
  <system-out/>
  <testcase classname="ChariotApiTesting.ChariotApiTestclass" name="ChariotRestApiFuntValidations" time="0.187"/>
  <system-out/>
  <testcase classname="ChariotApiTesting.ChariotApiTestclass" name="ChariotRestApiFuntValidations" time="0.185"/>
  <system-out/>
  <testcase classname="ChariotApiTesting.ChariotApiTestclass" name="ChariotRestApiFuntValidations" time="0.166"/>
  <system-out/>
  <testcase classname="ChariotApiTesting.ChariotApiTestclass" name="ChariotRestApiFuntValidations" time="0.231"/>
  <system-out/>
  <testcase classname="ChariotApiTesting.ChariotApiTestclass" name="ChariotRestApiFuntValidations" time="1.897"/>
  <system-out/>
  <testcase classname="ChariotApiTesting.ChariotApiTestclass" name="ChariotRestApiFuntValidations" time="1.989"/>
  <system-out/>
  <testcase classname="ChariotApiTesting.ChariotApiTestclass" name="ChariotRestApiFuntValidations" time="0.185"/>
  <system-out/>
  <testcase classname="ChariotApiTesting.ChariotApiTestclass" name="ChariotRestApiFuntValidations" time="0.169"/>
  <system-out/>
  <testcase classname="ChariotApiTesting.ChariotApiTestclass" name="ChariotRestApiFuntValidations" time="0.601"/>
  <system-out/>
  <testcase classname="ChariotApiTesting.ChariotApiTestclass" name="ChariotRestApiFuntValidations" time="0.211"/>
  <system-out/>
  <testcase classname="ChariotApiTesting.ChariotApiTestclass" name="ChariotRestApiFuntValidations" time="0.210"/>
  <system-out/>
  <testcase classname="ChariotApiTesting.ChariotApiTestclass" name="ChariotRestApiFuntValidations" time="0.253"/>
  <system-out/>
  <testcase classname="ChariotApiTesting.ChariotApiTestclass" name="ChariotRestApiFuntValidations" time="1.897"/>
  <system-out/>
  <testcase classname="ChariotApiTesting.ChariotApiTestclass" name="ChariotRestApiFuntValidations" time="0.243"/>
  <system-out/>
  <testcase classname="ChariotApiTesting.ChariotApiTestclass" name="ChariotRestApiFuntValidations" time="0.153"/>
  <system-out/>
  <testcase classname="ChariotApiTesting.ChariotApiTestclass" name="ChariotRestApiFuntValidations" time="0.148"/>
  <system-out/>
  <testcase classname="ChariotApiTesting.ChariotApiTestclass" name="ChariotRestApiFuntValidations" time="0.196"/>
  <system-out/>
  <testcase classname="ChariotApiTesting.ChariotApiTestclass" name="ChariotRestApiFuntValidations" time="0.250"/>
  <system-out/>
  <testcase classname="ChariotApiTesting.ChariotApiTestclass" name="ChariotRestApiFuntValidations" time="0.193"/>
  <system-out/>
  <testcase classname="ChariotApiTesting.ChariotApiTestclass" name="ChariotRestApiFuntValidations" time="0.147"/>
  <system-out/>
  <testcase classname="ChariotApiTesting.ChariotApiTestclass" name="ChariotRestApiFuntValidations" time="1.968"/>
  <system-out/>
  <testcase classname="ChariotApiTesting.ChariotApiTestclass" name="ChariotRestApiFuntValidations" time="0.210"/>
  <system-out/>
  <testcase classname="ChariotApiTesting.ChariotApiTestclass" name="ChariotRestApiFuntValidations" time="0.172"/>
  <system-out/>
  <testcase classname="ChariotApiTesting.ChariotApiTestclass" name="ChariotRestApiFuntValidations" time="0.192"/>
  <system-out/>
  <testcase classname="ChariotApiTesting.ChariotApiTestclass" name="ChariotRestApiFuntValidations" time="0.144"/>
  <system-out/>
  <testcase classname="ChariotApiTesting.ChariotApiTestclass" name="ChariotRestApiFuntValidations" time="0.280"/>
  <system-out/>
  <testcase classname="ChariotApiTesting.ChariotApiTestclass" name="ChariotRestApiFuntValidations" time="0.196"/>
  <system-out/>
  <testcase classname="ChariotApiTesting.ChariotApiTestclass" name="ChariotRestApiFuntValidations" time="0.174"/>
  <system-out/>
  <testcase classname="ChariotApiTesting.ChariotApiTestclass" name="ChariotRestApiFuntValidations" time="0.199"/>
  <system-out/>
  <testcase classname="ChariotApiTesting.ChariotApiTestclass" name="ChariotRestApiFuntValidations" time="0.217"/>
  <system-out/>
  <testcase classname="ChariotApiTesting.ChariotApiTestclass" name="ChariotRestApiFuntValidations" time="0.178"/>
  <system-out/>
  <testcase classname="ChariotApiTesting.ChariotApiTestclass" name="ChariotRestApiFuntValidations" time="0.188"/>
  <system-out/>
  <testcase classname="ChariotApiTesting.ChariotApiTestclass" name="ChariotRestApiFuntValidations" time="0.183"/>
  <system-out/>
  <testcase classname="ChariotApiTesting.ChariotApiTestclass" name="ChariotRestApiFuntValidations" time="0.185"/>
  <system-out/>
  <testcase classname="ChariotApiTesting.ChariotApiTestclass" name="ChariotRestApiFuntValidations" time="0.213"/>
  <system-out/>
  <testcase classname="ChariotApiTesting.ChariotApiTestclass" name="ChariotRestApiFuntValidations" time="0.467"/>
  <system-out/>
  <testcase classname="ChariotApiTesting.ChariotApiTestclass" name="ChariotRestApiFuntValidations" time="0.213"/>
  <system-out/>
  <testcase classname="ChariotApiTesting.ChariotApiTestclass" name="ChariotRestApiFuntValidations" time="0.257"/>
  <system-out/>
  <testcase classname="ChariotApiTesting.ChariotApiTestclass" name="ChariotRestApiFuntValidations" time="0.197"/>
  <system-out/>
  <testcase classname="ChariotApiTesting.ChariotApiTestclass" name="ChariotRestApiFuntValidations" time="0.153"/>
  <system-out/>
  <testcase classname="ChariotApiTesting.ChariotApiTestclass" name="ChariotRestApiFuntValidations" time="0.209"/>
  <system-out/>
  <testcase classname="ChariotApiTesting.ChariotApiTestclass" name="ChariotRestApiFuntValidations" time="0.148"/>
  <system-out/>
  <testcase classname="ChariotApiTesting.ChariotApiTestclass" name="ChariotRestApiFuntValidations" time="0.190"/>
  <system-out/>
  <testcase classname="ChariotApiTesting.ChariotApiTestclass" name="ChariotRestApiFuntValidations" time="0.181"/>
  <system-out/>
  <testcase classname="ChariotApiTesting.ChariotApiTestclass" name="ChariotRestApiFuntValidations" time="0.237"/>
  <system-out/>
  <testcase classname="ChariotApiTesting.ChariotApiTestclass" name="ChariotRestApiFuntValidations" time="0.169"/>
  <system-out/>
  <testcase classname="ChariotApiTesting.ChariotApiTestclass" name="ChariotRestApiFuntValidations" time="0.163"/>
  <system-out/>
  <testcase classname="ChariotApiTesting.ChariotApiTestclass" name="ChariotRestApiFuntValidations" time="0.211"/>
  <system-out/>
  <testcase classname="ChariotApiTesting.ChariotApiTestclass" name="ChariotRestApiFuntValidations" time="0.179"/>
  <system-out/>
  <testcase classname="ChariotApiTesting.ChariotApiTestclass" name="ChariotRestApiFuntValidations" time="0.205"/>
  <system-out/>
  <testcase classname="ChariotApiTesting.ChariotApiTestclass" name="ChariotRestApiFuntValidations" time="0.179"/>
  <system-out/>
  <testcase classname="ChariotApiTesting.ChariotApiTestclass" name="ChariotRestApiFuntValidations" time="0.183"/>
  <system-out/>
  <testcase classname="ChariotApiTesting.ChariotApiTestclass" name="ChariotRestApiFuntValidations" time="0.324"/>
  <system-out/>
  <testcase classname="ChariotApiTesting.ChariotApiTestclass" name="ChariotRestApiFuntValidations" time="0.185"/>
  <system-out/>
  <testcase classname="ChariotApiTesting.ChariotApiTestclass" name="ChariotRestApiFuntValidations" time="0.174"/>
  <system-out/>
  <testcase classname="ChariotApiTesting.ChariotApiTestclass" name="ChariotRestApiFuntValidations" time="0.224"/>
  <system-out/>
  <testcase classname="ChariotApiTesting.ChariotApiTestclass" name="ChariotRestApiFuntValidations" time="0.190"/>
  <system-out/>
  <testcase classname="ChariotApiTesting.ChariotApiTestclass" name="ChariotRestApiFuntValidations" time="0.207"/>
  <system-out/>
  <testcase classname="ChariotApiTesting.ChariotApiTestclass" name="ChariotRestApiFuntValidations" time="0.604"/>
  <system-out/>
  <testcase classname="ChariotApiTesting.ChariotApiTestclass" name="ChariotRestApiFuntValidations" time="0.157"/>
  <system-out/>
  <testcase classname="ChariotApiTesting.ChariotApiTestclass" name="ChariotRestApiFuntValidations" time="0.171"/>
  <system-out/>
  <testcase classname="ChariotApiTesting.ChariotApiTestclass" name="ChariotRestApiFuntValidations" time="0.189"/>
  <system-out/>
  <testcase classname="ChariotApiTesting.ChariotApiTestclass" name="ChariotRestApiFuntValidations" time="0.180"/>
  <system-out/>
  <testcase classname="ChariotApiTesting.ChariotApiTestclass" name="ChariotRestApiFuntValidations" time="0.196"/>
  <system-out/>
  <testcase classname="ChariotApiTesting.ChariotApiTestclass" name="ChariotRestApiFuntValidations" time="0.187"/>
  <system-out/>
  <testcase classname="ChariotApiTesting.ChariotApiTestclass" name="ChariotRestApiFuntValidations" time="0.180"/>
  <system-out/>
  <testcase classname="ChariotApiTesting.ChariotApiTestclass" name="ChariotRestApiFuntValidations" time="1.882"/>
  <system-out/>
  <testcase classname="ChariotApiTesting.ChariotApiTestclass" name="ChariotRestApiFuntValidations" time="0.172"/>
  <system-out/>
  <testcase classname="ChariotApiTesting.ChariotApiTestclass" name="ChariotRestApiFuntValidations" time="0.143"/>
  <system-out/>
  <testcase classname="ChariotApiTesting.ChariotApiTestclass" name="ChariotRestApiFuntValidations" time="0.233"/>
  <system-out/>
  <testcase classname="ChariotApiTesting.ChariotApiTestclass" name="ChariotRestApiFuntValidations" time="0.155"/>
  <system-out/>
  <testcase classname="ChariotApiTesting.ChariotApiTestclass" name="ChariotRestApiFuntValidations" time="0.162"/>
  <system-out/>
  <testcase classname="ChariotApiTesting.ChariotApiTestclass" name="ChariotRestApiFuntValidations" time="0.208"/>
  <system-out/>
  <testcase classname="ChariotApiTesting.ChariotApiTestclass" name="ChariotRestApiFuntValidations" time="2.959"/>
  <system-out/>
  <testcase classname="ChariotApiTesting.ChariotApiTestclass" name="ChariotRestApiFuntValidations" time="0.243"/>
  <system-out/>
  <testcase classname="ChariotApiTesting.ChariotApiTestclass" name="ChariotRestApiFuntValidations" time="0.189"/>
  <system-out/>
  <testcase classname="ChariotApiTesting.ChariotApiTestclass" name="ChariotRestApiFuntValidations" time="1.827"/>
  <system-out/>
  <testcase classname="ChariotApiTesting.ChariotApiTestclass" name="ChariotRestApiFuntValidations" time="0.148"/>
  <system-out/>
  <testcase classname="ChariotApiTesting.ChariotApiTestclass" name="ChariotRestApiFuntValidations" time="0.218"/>
  <system-out/>
  <testcase classname="ChariotApiTesting.ChariotApiTestclass" name="ChariotRestApiFuntValidations" time="0.216"/>
  <system-out/>
  <testcase classname="ChariotApiTesting.ChariotApiTestclass" name="ChariotRestApiFuntValidations" time="0.190"/>
  <system-out/>
  <testcase classname="ChariotApiTesting.ChariotApiTestclass" name="ChariotRestApiFuntValidations" time="0.185"/>
  <system-out/>
  <testcase classname="ChariotApiTesting.ChariotApiTestclass" name="ChariotRestApiFuntValidations" time="0.313"/>
  <system-out/>
  <testcase classname="ChariotApiTesting.ChariotApiTestclass" name="ChariotRestApiFuntValidations" time="0.161"/>
  <system-out/>
  <testcase classname="ChariotApiTesting.ChariotApiTestclass" name="ChariotRestApiFuntValidations" time="0.180"/>
  <system-out/>
  <testcase classname="ChariotApiTesting.ChariotApiTestclass" name="ChariotRestApiFuntValidations" time="0.182"/>
  <system-out/>
  <testcase classname="ChariotApiTesting.ChariotApiTestclass" name="ChariotRestApiFuntValidations" time="0.217"/>
  <system-out/>
  <testcase classname="ChariotApiTesting.ChariotApiTestclass" name="ChariotRestApiFuntValidations" time="1.830"/>
  <system-out/>
  <testcase classname="ChariotApiTesting.ChariotApiTestclass" name="ChariotRestApiFuntValidations" time="0.183"/>
  <system-out/>
  <testcase classname="ChariotApiTesting.ChariotApiTestclass" name="ChariotRestApiFuntValidations" time="0.172"/>
  <system-out/>
  <testcase classname="ChariotApiTesting.ChariotApiTestclass" name="ChariotRestApiFuntValidations" time="1.743"/>
  <system-out/>
  <testcase classname="ChariotApiTesting.ChariotApiTestclass" name="ChariotRestApiFuntValidations" time="0.206"/>
  <system-out/>
  <testcase classname="ChariotApiTesting.ChariotApiTestclass" name="ChariotRestApiFuntValidations" time="0.174"/>
  <system-out/>
  <testcase classname="ChariotApiTesting.ChariotApiTestclass" name="ChariotRestApiFuntValidations" time="0.159"/>
  <system-out/>
  <testcase classname="ChariotApiTesting.ChariotApiTestclass" name="ChariotRestApiFuntValidations" time="0.313"/>
  <system-out/>
  <testcase classname="ChariotApiTesting.ChariotApiTestclass" name="ChariotRestApiFuntValidations" time="0.254"/>
  <system-out/>
  <testcase classname="ChariotApiTesting.ChariotApiTestclass" name="ChariotRestApiFuntValidations" time="0.177"/>
  <system-out/>
  <testcase classname="ChariotApiTesting.ChariotApiTestclass" name="ChariotRestApiFuntValidations" time="0.200"/>
  <system-out/>
  <testcase classname="ChariotApiTesting.ChariotApiTestclass" name="ChariotRestApiFuntValidations" time="0.169"/>
  <system-out/>
  <testcase classname="ChariotApiTesting.ChariotApiTestclass" name="ChariotRestApiFuntValidations" time="0.231"/>
  <system-out/>
  <testcase classname="ChariotApiTesting.ChariotApiTestclass" name="ChariotRestApiFuntValidations" time="0.165"/>
  <system-out/>
  <testcase classname="ChariotApiTesting.ChariotApiTestclass" name="ChariotRestApiFuntValidations" time="0.239"/>
  <system-out/>
  <testcase classname="ChariotApiTesting.ChariotApiTestclass" name="ChariotRestApiFuntValidations" time="0.196"/>
  <system-out/>
  <testcase classname="ChariotApiTesting.ChariotApiTestclass" name="ChariotRestApiFuntValidations" time="0.211"/>
  <system-out/>
  <testcase classname="ChariotApiTesting.ChariotApiTestclass" name="ChariotRestApiFuntValidations" time="0.212"/>
  <system-out/>
  <testcase classname="ChariotApiTesting.ChariotApiTestclass" name="ChariotRestApiFuntValidations" time="1.820"/>
  <system-out/>
  <testcase classname="ChariotApiTesting.ChariotApiTestclass" name="ChariotRestApiFuntValidations" time="0.160"/>
  <system-out/>
  <testcase classname="ChariotApiTesting.ChariotApiTestclass" name="ChariotRestApiFuntValidations" time="0.213"/>
  <system-out/>
  <testcase classname="ChariotApiTesting.ChariotApiTestclass" name="ChariotRestApiFuntValidations" time="0.222"/>
  <system-out/>
  <testcase classname="ChariotApiTesting.ChariotApiTestclass" name="ChariotRestApiFuntValidations" time="0.261"/>
  <system-out/>
  <testcase classname="ChariotApiTesting.ChariotApiTestclass" name="ChariotRestApiFuntValidations" time="0.179"/>
  <system-out/>
  <testcase classname="ChariotApiTesting.ChariotApiTestclass" name="ChariotRestApiFuntValidations" time="0.157"/>
  <system-out/>
  <testcase classname="ChariotApiTesting.ChariotApiTestclass" name="ChariotRestApiFuntValidations" time="0.168"/>
  <system-out/>
  <testcase classname="ChariotApiTesting.ChariotApiTestclass" name="ChariotRestApiFuntValidations" time="0.225"/>
  <system-out/>
  <testcase classname="ChariotApiTesting.ChariotApiTestclass" name="ChariotRestApiFuntValidations" time="0.158"/>
  <system-out/>
  <testcase classname="ChariotApiTesting.ChariotApiTestclass" name="ChariotRestApiFuntValidations" time="0.214"/>
  <system-out/>
  <testcase classname="ChariotApiTesting.ChariotApiTestclass" name="ChariotRestApiFuntValidations" time="0.181"/>
  <system-out/>
  <testcase classname="ChariotApiTesting.ChariotApiTestclass" name="ChariotRestApiFuntValidations" time="0.179"/>
  <system-out/>
  <testcase classname="ChariotApiTesting.ChariotApiTestclass" name="ChariotRestApiFuntValidations" time="0.230"/>
  <system-out/>
  <testcase classname="ChariotApiTesting.ChariotApiTestclass" name="ChariotRestApiFuntValidations" time="0.246"/>
  <system-out/>
  <testcase classname="ChariotApiTesting.ChariotApiTestclass" name="ChariotRestApiFuntValidations" time="0.196"/>
  <system-out/>
  <testcase classname="ChariotApiTesting.ChariotApiTestclass" name="ChariotRestApiFuntValidations" time="0.219"/>
  <system-out/>
</testsuite> <!-- ChariotApiTesting.ChariotApiTestclass -->
