<?xml version="1.0" encoding="UTF-8"?>
<!-- Generated by org.testng.reporters.JUnitReportReporter -->
<testsuite hostname="DESKTOP-4EHNAOM" failures="0" tests="84" name="com.BeamEducationTesting.copy.BeamTestClass" time="28.453" errors="0" timestamp="2024-04-01T12:24:45 IST" skipped="0">
  <testcase classname="com.BeamEducationTesting.copy.BeamTestClass" name="RafflouxRestApiFuntValidations" time="0.320"/>
  <system-out/>
  <testcase classname="com.BeamEducationTesting.copy.BeamTestClass" name="RafflouxRestApiFuntValidations" time="0.260"/>
  <system-out/>
  <testcase classname="com.BeamEducationTesting.copy.BeamTestClass" name="RafflouxRestApiFuntValidations" time="0.221"/>
  <system-out/>
  <testcase classname="com.BeamEducationTesting.copy.BeamTestClass" name="RafflouxRestApiFuntValidations" time="0.251"/>
  <system-out/>
  <testcase classname="com.BeamEducationTesting.copy.BeamTestClass" name="RafflouxRestApiFuntValidations" time="0.313"/>
  <system-out/>
  <testcase classname="com.BeamEducationTesting.copy.BeamTestClass" name="RafflouxRestApiFuntValidations" time="0.253"/>
  <system-out/>
  <testcase classname="com.BeamEducationTesting.copy.BeamTestClass" name="RafflouxRestApiFuntValidations" time="0.264"/>
  <system-out/>
  <testcase classname="com.BeamEducationTesting.copy.BeamTestClass" name="RafflouxRestApiFuntValidations" time="0.268"/>
  <system-out/>
  <testcase classname="com.BeamEducationTesting.copy.BeamTestClass" name="RafflouxRestApiFuntValidations" time="0.267"/>
  <system-out/>
  <testcase classname="com.BeamEducationTesting.copy.BeamTestClass" name="RafflouxRestApiFuntValidations" time="0.253"/>
  <system-out/>
  <testcase classname="com.BeamEducationTesting.copy.BeamTestClass" name="RafflouxRestApiFuntValidations" time="0.258"/>
  <system-out/>
  <testcase classname="com.BeamEducationTesting.copy.BeamTestClass" name="RafflouxRestApiFuntValidations" time="0.331"/>
  <system-out/>
  <testcase classname="com.BeamEducationTesting.copy.BeamTestClass" name="RafflouxRestApiFuntValidations" time="0.251"/>
  <system-out/>
  <testcase classname="com.BeamEducationTesting.copy.BeamTestClass" name="RafflouxRestApiFuntValidations" time="0.297"/>
  <system-out/>
  <testcase classname="com.BeamEducationTesting.copy.BeamTestClass" name="RafflouxRestApiFuntValidations" time="0.753"/>
  <system-out/>
  <testcase classname="com.BeamEducationTesting.copy.BeamTestClass" name="RafflouxRestApiFuntValidations" time="0.286"/>
  <system-out/>
  <testcase classname="com.BeamEducationTesting.copy.BeamTestClass" name="RafflouxRestApiFuntValidations" time="0.250"/>
  <system-out/>
  <testcase classname="com.BeamEducationTesting.copy.BeamTestClass" name="RafflouxRestApiFuntValidations" time="0.238"/>
  <system-out/>
  <testcase classname="com.BeamEducationTesting.copy.BeamTestClass" name="RafflouxRestApiFuntValidations" time="0.272"/>
  <system-out/>
  <testcase classname="com.BeamEducationTesting.copy.BeamTestClass" name="RafflouxRestApiFuntValidations" time="0.296"/>
  <system-out/>
  <testcase classname="com.BeamEducationTesting.copy.BeamTestClass" name="RafflouxRestApiFuntValidations" time="0.286"/>
  <system-out/>
  <testcase classname="com.BeamEducationTesting.copy.BeamTestClass" name="RafflouxRestApiFuntValidations" time="0.269"/>
  <system-out/>
  <testcase classname="com.BeamEducationTesting.copy.BeamTestClass" name="RafflouxRestApiFuntValidations" time="0.338"/>
  <system-out/>
  <testcase classname="com.BeamEducationTesting.copy.BeamTestClass" name="RafflouxRestApiFuntValidations" time="0.270"/>
  <system-out/>
  <testcase classname="com.BeamEducationTesting.copy.BeamTestClass" name="RafflouxRestApiFuntValidations" time="0.261"/>
  <system-out/>
  <testcase classname="com.BeamEducationTesting.copy.BeamTestClass" name="RafflouxRestApiFuntValidations" time="0.309"/>
  <system-out/>
  <testcase classname="com.BeamEducationTesting.copy.BeamTestClass" name="RafflouxRestApiFuntValidations" time="0.285"/>
  <system-out/>
  <testcase classname="com.BeamEducationTesting.copy.BeamTestClass" name="RafflouxRestApiFuntValidations" time="0.243"/>
  <system-out/>
  <testcase classname="com.BeamEducationTesting.copy.BeamTestClass" name="RafflouxRestApiFuntValidations" time="0.263"/>
  <system-out/>
  <testcase classname="com.BeamEducationTesting.copy.BeamTestClass" name="RafflouxRestApiFuntValidations" time="0.285"/>
  <system-out/>
  <testcase classname="com.BeamEducationTesting.copy.BeamTestClass" name="RafflouxRestApiFuntValidations" time="0.315"/>
  <system-out/>
  <testcase classname="com.BeamEducationTesting.copy.BeamTestClass" name="RafflouxRestApiFuntValidations" time="0.264"/>
  <system-out/>
  <testcase classname="com.BeamEducationTesting.copy.BeamTestClass" name="RafflouxRestApiFuntValidations" time="0.250"/>
  <system-out/>
  <testcase classname="com.BeamEducationTesting.copy.BeamTestClass" name="RafflouxRestApiFuntValidations" time="0.235"/>
  <system-out/>
  <testcase classname="com.BeamEducationTesting.copy.BeamTestClass" name="RafflouxRestApiFuntValidations" time="0.295"/>
  <system-out/>
  <testcase classname="com.BeamEducationTesting.copy.BeamTestClass" name="RafflouxRestApiFuntValidations" time="0.250"/>
  <system-out/>
  <testcase classname="com.BeamEducationTesting.copy.BeamTestClass" name="RafflouxRestApiFuntValidations" time="0.278"/>
  <system-out/>
  <testcase classname="com.BeamEducationTesting.copy.BeamTestClass" name="RafflouxRestApiFuntValidations" time="0.308"/>
  <system-out/>
  <testcase classname="com.BeamEducationTesting.copy.BeamTestClass" name="RafflouxRestApiFuntValidations" time="0.252"/>
  <system-out/>
  <testcase classname="com.BeamEducationTesting.copy.BeamTestClass" name="RafflouxRestApiFuntValidations" time="0.272"/>
  <system-out/>
  <testcase classname="com.BeamEducationTesting.copy.BeamTestClass" name="RafflouxRestApiFuntValidations" time="0.263"/>
  <system-out/>
  <testcase classname="com.BeamEducationTesting.copy.BeamTestClass" name="RafflouxRestApiFuntValidations" time="0.291"/>
  <system-out/>
  <testcase classname="com.BeamEducationTesting.copy.BeamTestClass" name="RafflouxRestApiFuntValidations" time="0.269"/>
  <system-out/>
  <testcase classname="com.BeamEducationTesting.copy.BeamTestClass" name="RafflouxRestApiFuntValidations" time="0.306"/>
  <system-out/>
  <testcase classname="com.BeamEducationTesting.copy.BeamTestClass" name="RafflouxRestApiFuntValidations" time="0.295"/>
  <system-out/>
  <testcase classname="com.BeamEducationTesting.copy.BeamTestClass" name="RafflouxRestApiFuntValidations" time="0.273"/>
  <system-out/>
  <testcase classname="com.BeamEducationTesting.copy.BeamTestClass" name="RafflouxRestApiFuntValidations" time="0.238"/>
  <system-out/>
  <testcase classname="com.BeamEducationTesting.copy.BeamTestClass" name="RafflouxRestApiFuntValidations" time="0.219"/>
  <system-out/>
  <testcase classname="com.BeamEducationTesting.copy.BeamTestClass" name="RafflouxRestApiFuntValidations" time="0.253"/>
  <system-out/>
  <testcase classname="com.BeamEducationTesting.copy.BeamTestClass" name="RafflouxRestApiFuntValidations" time="0.254"/>
  <system-out/>
  <testcase classname="com.BeamEducationTesting.copy.BeamTestClass" name="RafflouxRestApiFuntValidations" time="0.234"/>
  <system-out/>
  <testcase classname="com.BeamEducationTesting.copy.BeamTestClass" name="RafflouxRestApiFuntValidations" time="0.296"/>
  <system-out/>
  <testcase classname="com.BeamEducationTesting.copy.BeamTestClass" name="RafflouxRestApiFuntValidations" time="0.237"/>
  <system-out/>
  <testcase classname="com.BeamEducationTesting.copy.BeamTestClass" name="RafflouxRestApiFuntValidations" time="0.369"/>
  <system-out/>
  <testcase classname="com.BeamEducationTesting.copy.BeamTestClass" name="RafflouxRestApiFuntValidations" time="0.272"/>
  <system-out/>
  <testcase classname="com.BeamEducationTesting.copy.BeamTestClass" name="RafflouxRestApiFuntValidations" time="0.289"/>
  <system-out/>
  <testcase classname="com.BeamEducationTesting.copy.BeamTestClass" name="RafflouxRestApiFuntValidations" time="0.296"/>
  <system-out/>
  <testcase classname="com.BeamEducationTesting.copy.BeamTestClass" name="RafflouxRestApiFuntValidations" time="0.233"/>
  <system-out/>
  <testcase classname="com.BeamEducationTesting.copy.BeamTestClass" name="RafflouxRestApiFuntValidations" time="0.301"/>
  <system-out/>
  <testcase classname="com.BeamEducationTesting.copy.BeamTestClass" name="RafflouxRestApiFuntValidations" time="0.307"/>
  <system-out/>
  <testcase classname="com.BeamEducationTesting.copy.BeamTestClass" name="RafflouxRestApiFuntValidations" time="0.234"/>
  <system-out/>
  <testcase classname="com.BeamEducationTesting.copy.BeamTestClass" name="RafflouxRestApiFuntValidations" time="0.739"/>
  <system-out/>
  <testcase classname="com.BeamEducationTesting.copy.BeamTestClass" name="RafflouxRestApiFuntValidations" time="0.253"/>
  <system-out/>
  <testcase classname="com.BeamEducationTesting.copy.BeamTestClass" name="RafflouxRestApiFuntValidations" time="0.283"/>
  <system-out/>
  <testcase classname="com.BeamEducationTesting.copy.BeamTestClass" name="RafflouxRestApiFuntValidations" time="0.305"/>
  <system-out/>
  <testcase classname="com.BeamEducationTesting.copy.BeamTestClass" name="RafflouxRestApiFuntValidations" time="0.270"/>
  <system-out/>
  <testcase classname="com.BeamEducationTesting.copy.BeamTestClass" name="RafflouxRestApiFuntValidations" time="0.261"/>
  <system-out/>
  <testcase classname="com.BeamEducationTesting.copy.BeamTestClass" name="RafflouxRestApiFuntValidations" time="0.299"/>
  <system-out/>
  <testcase classname="com.BeamEducationTesting.copy.BeamTestClass" name="RafflouxRestApiFuntValidations" time="0.255"/>
  <system-out/>
  <testcase classname="com.BeamEducationTesting.copy.BeamTestClass" name="RafflouxRestApiFuntValidations" time="0.273"/>
  <system-out/>
  <testcase classname="com.BeamEducationTesting.copy.BeamTestClass" name="RafflouxRestApiFuntValidations" time="0.316"/>
  <system-out/>
  <testcase classname="com.BeamEducationTesting.copy.BeamTestClass" name="RafflouxRestApiFuntValidations" time="0.292"/>
  <system-out/>
  <testcase classname="com.BeamEducationTesting.copy.BeamTestClass" name="RafflouxRestApiFuntValidations" time="4.642"/>
  <system-out/>
  <testcase classname="com.BeamEducationTesting.copy.BeamTestClass" name="RafflouxRestApiFuntValidations" time="0.281"/>
  <system-out/>
  <testcase classname="com.BeamEducationTesting.copy.BeamTestClass" name="RafflouxRestApiFuntValidations" time="0.491"/>
  <system-out/>
  <testcase classname="com.BeamEducationTesting.copy.BeamTestClass" name="RafflouxRestApiFuntValidations" time="0.280"/>
  <system-out/>
  <testcase classname="com.BeamEducationTesting.copy.BeamTestClass" name="RafflouxRestApiFuntValidations" time="0.236"/>
  <system-out/>
  <testcase classname="com.BeamEducationTesting.copy.BeamTestClass" name="RafflouxRestApiFuntValidations" time="0.272"/>
  <system-out/>
  <testcase classname="com.BeamEducationTesting.copy.BeamTestClass" name="RafflouxRestApiFuntValidations" time="0.273"/>
  <system-out/>
  <testcase classname="com.BeamEducationTesting.copy.BeamTestClass" name="RafflouxRestApiFuntValidations" time="0.238"/>
  <system-out/>
  <testcase classname="com.BeamEducationTesting.copy.BeamTestClass" name="RafflouxRestApiFuntValidations" time="0.259"/>
  <system-out/>
  <testcase classname="com.BeamEducationTesting.copy.BeamTestClass" name="RafflouxRestApiFuntValidations" time="0.250"/>
  <system-out/>
  <testcase classname="com.BeamEducationTesting.copy.BeamTestClass" name="RafflouxRestApiFuntValidations" time="0.282"/>
  <system-out/>
  <testcase classname="com.BeamEducationTesting.copy.BeamTestClass" name="RafflouxRestApiFuntValidations" time="0.244"/>
  <system-out/>
</testsuite> <!-- com.BeamEducationTesting.copy.BeamTestClass -->
