<?xml version="1.0" encoding="UTF-8"?>
<!-- Generated by org.testng.reporters.JUnitReportReporter -->
<testsuite hostname="DESKTOP-PSRU67J" failures="0" tests="256" name="NewFrameWork.RaffleTechAdminPortalTestClass" time="58.115" errors="0" timestamp="2024-11-11T16:14:24 IST" skipped="0">
  <testcase classname="NewFrameWork.RaffleTechAdminPortalTestClass" name="RestApiFuntValidations" time="0.320"/>
  <system-out/>
  <testcase classname="NewFrameWork.RaffleTechAdminPortalTestClass" name="RestApiFuntValidations" time="0.264"/>
  <system-out/>
  <testcase classname="NewFrameWork.RaffleTechAdminPortalTestClass" name="RestApiFuntValidations" time="0.149"/>
  <system-out/>
  <testcase classname="NewFrameWork.RaffleTechAdminPortalTestClass" name="RestApiFuntValidations" time="0.174"/>
  <system-out/>
  <testcase classname="NewFrameWork.RaffleTechAdminPortalTestClass" name="RestApiFuntValidations" time="0.204"/>
  <system-out/>
  <testcase classname="NewFrameWork.RaffleTechAdminPortalTestClass" name="RestApiFuntValidations" time="0.269"/>
  <system-out/>
  <testcase classname="NewFrameWork.RaffleTechAdminPortalTestClass" name="RestApiFuntValidations" time="0.172"/>
  <system-out/>
  <testcase classname="NewFrameWork.RaffleTechAdminPortalTestClass" name="RestApiFuntValidations" time="0.119"/>
  <system-out/>
  <testcase classname="NewFrameWork.RaffleTechAdminPortalTestClass" name="RestApiFuntValidations" time="0.264"/>
  <system-out/>
  <testcase classname="NewFrameWork.RaffleTechAdminPortalTestClass" name="RestApiFuntValidations" time="0.131"/>
  <system-out/>
  <testcase classname="NewFrameWork.RaffleTechAdminPortalTestClass" name="RestApiFuntValidations" time="0.148"/>
  <system-out/>
  <testcase classname="NewFrameWork.RaffleTechAdminPortalTestClass" name="RestApiFuntValidations" time="0.221"/>
  <system-out/>
  <testcase classname="NewFrameWork.RaffleTechAdminPortalTestClass" name="RestApiFuntValidations" time="0.334"/>
  <system-out/>
  <testcase classname="NewFrameWork.RaffleTechAdminPortalTestClass" name="RestApiFuntValidations" time="0.306"/>
  <system-out/>
  <testcase classname="NewFrameWork.RaffleTechAdminPortalTestClass" name="RestApiFuntValidations" time="0.257"/>
  <system-out/>
  <testcase classname="NewFrameWork.RaffleTechAdminPortalTestClass" name="RestApiFuntValidations" time="0.263"/>
  <system-out/>
  <testcase classname="NewFrameWork.RaffleTechAdminPortalTestClass" name="RestApiFuntValidations" time="0.259"/>
  <system-out/>
  <testcase classname="NewFrameWork.RaffleTechAdminPortalTestClass" name="RestApiFuntValidations" time="0.098"/>
  <system-out/>
  <testcase classname="NewFrameWork.RaffleTechAdminPortalTestClass" name="RestApiFuntValidations" time="0.253"/>
  <system-out/>
  <testcase classname="NewFrameWork.RaffleTechAdminPortalTestClass" name="RestApiFuntValidations" time="0.240"/>
  <system-out/>
  <testcase classname="NewFrameWork.RaffleTechAdminPortalTestClass" name="RestApiFuntValidations" time="0.226"/>
  <system-out/>
  <testcase classname="NewFrameWork.RaffleTechAdminPortalTestClass" name="RestApiFuntValidations" time="0.091"/>
  <system-out/>
  <testcase classname="NewFrameWork.RaffleTechAdminPortalTestClass" name="RestApiFuntValidations" time="0.154"/>
  <system-out/>
  <testcase classname="NewFrameWork.RaffleTechAdminPortalTestClass" name="RestApiFuntValidations" time="0.281"/>
  <system-out/>
  <testcase classname="NewFrameWork.RaffleTechAdminPortalTestClass" name="RestApiFuntValidations" time="0.244"/>
  <system-out/>
  <testcase classname="NewFrameWork.RaffleTechAdminPortalTestClass" name="RestApiFuntValidations" time="0.243"/>
  <system-out/>
  <testcase classname="NewFrameWork.RaffleTechAdminPortalTestClass" name="RestApiFuntValidations" time="0.296"/>
  <system-out/>
  <testcase classname="NewFrameWork.RaffleTechAdminPortalTestClass" name="RestApiFuntValidations" time="0.106"/>
  <system-out/>
  <testcase classname="NewFrameWork.RaffleTechAdminPortalTestClass" name="RestApiFuntValidations" time="0.206"/>
  <system-out/>
  <testcase classname="NewFrameWork.RaffleTechAdminPortalTestClass" name="RestApiFuntValidations" time="0.145"/>
  <system-out/>
  <testcase classname="NewFrameWork.RaffleTechAdminPortalTestClass" name="RestApiFuntValidations" time="0.107"/>
  <system-out/>
  <testcase classname="NewFrameWork.RaffleTechAdminPortalTestClass" name="RestApiFuntValidations" time="0.111"/>
  <system-out/>
  <testcase classname="NewFrameWork.RaffleTechAdminPortalTestClass" name="RestApiFuntValidations" time="0.110"/>
  <system-out/>
  <testcase classname="NewFrameWork.RaffleTechAdminPortalTestClass" name="RestApiFuntValidations" time="0.103"/>
  <system-out/>
  <testcase classname="NewFrameWork.RaffleTechAdminPortalTestClass" name="RestApiFuntValidations" time="0.169"/>
  <system-out/>
  <testcase classname="NewFrameWork.RaffleTechAdminPortalTestClass" name="RestApiFuntValidations" time="0.134"/>
  <system-out/>
  <testcase classname="NewFrameWork.RaffleTechAdminPortalTestClass" name="RestApiFuntValidations" time="0.765"/>
  <system-out/>
  <testcase classname="NewFrameWork.RaffleTechAdminPortalTestClass" name="RestApiFuntValidations" time="0.113"/>
  <system-out/>
  <testcase classname="NewFrameWork.RaffleTechAdminPortalTestClass" name="RestApiFuntValidations" time="0.251"/>
  <system-out/>
  <testcase classname="NewFrameWork.RaffleTechAdminPortalTestClass" name="RestApiFuntValidations" time="0.110"/>
  <system-out/>
  <testcase classname="NewFrameWork.RaffleTechAdminPortalTestClass" name="RestApiFuntValidations" time="0.172"/>
  <system-out/>
  <testcase classname="NewFrameWork.RaffleTechAdminPortalTestClass" name="RestApiFuntValidations" time="0.115"/>
  <system-out/>
  <testcase classname="NewFrameWork.RaffleTechAdminPortalTestClass" name="RestApiFuntValidations" time="0.220"/>
  <system-out/>
  <testcase classname="NewFrameWork.RaffleTechAdminPortalTestClass" name="RestApiFuntValidations" time="0.126"/>
  <system-out/>
  <testcase classname="NewFrameWork.RaffleTechAdminPortalTestClass" name="RestApiFuntValidations" time="0.232"/>
  <system-out/>
  <testcase classname="NewFrameWork.RaffleTechAdminPortalTestClass" name="RestApiFuntValidations" time="0.147"/>
  <system-out/>
  <testcase classname="NewFrameWork.RaffleTechAdminPortalTestClass" name="RestApiFuntValidations" time="0.199"/>
  <system-out/>
  <testcase classname="NewFrameWork.RaffleTechAdminPortalTestClass" name="RestApiFuntValidations" time="0.182"/>
  <system-out/>
  <testcase classname="NewFrameWork.RaffleTechAdminPortalTestClass" name="RestApiFuntValidations" time="0.107"/>
  <system-out/>
  <testcase classname="NewFrameWork.RaffleTechAdminPortalTestClass" name="RestApiFuntValidations" time="0.259"/>
  <system-out/>
  <testcase classname="NewFrameWork.RaffleTechAdminPortalTestClass" name="RestApiFuntValidations" time="0.107"/>
  <system-out/>
  <testcase classname="NewFrameWork.RaffleTechAdminPortalTestClass" name="RestApiFuntValidations" time="0.090"/>
  <system-out/>
  <testcase classname="NewFrameWork.RaffleTechAdminPortalTestClass" name="RestApiFuntValidations" time="0.151"/>
  <system-out/>
  <testcase classname="NewFrameWork.RaffleTechAdminPortalTestClass" name="RestApiFuntValidations" time="0.292"/>
  <system-out/>
  <testcase classname="NewFrameWork.RaffleTechAdminPortalTestClass" name="RestApiFuntValidations" time="0.274"/>
  <system-out/>
  <testcase classname="NewFrameWork.RaffleTechAdminPortalTestClass" name="RestApiFuntValidations" time="0.185"/>
  <system-out/>
  <testcase classname="NewFrameWork.RaffleTechAdminPortalTestClass" name="RestApiFuntValidations" time="0.338"/>
  <system-out/>
  <testcase classname="NewFrameWork.RaffleTechAdminPortalTestClass" name="RestApiFuntValidations" time="0.208"/>
  <system-out/>
  <testcase classname="NewFrameWork.RaffleTechAdminPortalTestClass" name="RestApiFuntValidations" time="0.283"/>
  <system-out/>
  <testcase classname="NewFrameWork.RaffleTechAdminPortalTestClass" name="RestApiFuntValidations" time="0.108"/>
  <system-out/>
  <testcase classname="NewFrameWork.RaffleTechAdminPortalTestClass" name="RestApiFuntValidations" time="0.265"/>
  <system-out/>
  <testcase classname="NewFrameWork.RaffleTechAdminPortalTestClass" name="RestApiFuntValidations" time="0.157"/>
  <system-out/>
  <testcase classname="NewFrameWork.RaffleTechAdminPortalTestClass" name="RestApiFuntValidations" time="0.295"/>
  <system-out/>
  <testcase classname="NewFrameWork.RaffleTechAdminPortalTestClass" name="RestApiFuntValidations" time="0.202"/>
  <system-out/>
  <testcase classname="NewFrameWork.RaffleTechAdminPortalTestClass" name="RestApiFuntValidations" time="0.099"/>
  <system-out/>
  <testcase classname="NewFrameWork.RaffleTechAdminPortalTestClass" name="RestApiFuntValidations" time="0.276"/>
  <system-out/>
  <testcase classname="NewFrameWork.RaffleTechAdminPortalTestClass" name="RestApiFuntValidations" time="0.156"/>
  <system-out/>
  <testcase classname="NewFrameWork.RaffleTechAdminPortalTestClass" name="RestApiFuntValidations" time="0.246"/>
  <system-out/>
  <testcase classname="NewFrameWork.RaffleTechAdminPortalTestClass" name="RestApiFuntValidations" time="0.227"/>
  <system-out/>
  <testcase classname="NewFrameWork.RaffleTechAdminPortalTestClass" name="RestApiFuntValidations" time="0.117"/>
  <system-out/>
  <testcase classname="NewFrameWork.RaffleTechAdminPortalTestClass" name="RestApiFuntValidations" time="0.132"/>
  <system-out/>
  <testcase classname="NewFrameWork.RaffleTechAdminPortalTestClass" name="RestApiFuntValidations" time="0.301"/>
  <system-out/>
  <testcase classname="NewFrameWork.RaffleTechAdminPortalTestClass" name="RestApiFuntValidations" time="0.256"/>
  <system-out/>
  <testcase classname="NewFrameWork.RaffleTechAdminPortalTestClass" name="RestApiFuntValidations" time="0.119"/>
  <system-out/>
  <testcase classname="NewFrameWork.RaffleTechAdminPortalTestClass" name="RestApiFuntValidations" time="0.149"/>
  <system-out/>
  <testcase classname="NewFrameWork.RaffleTechAdminPortalTestClass" name="RestApiFuntValidations" time="0.122"/>
  <system-out/>
  <testcase classname="NewFrameWork.RaffleTechAdminPortalTestClass" name="RestApiFuntValidations" time="0.118"/>
  <system-out/>
  <testcase classname="NewFrameWork.RaffleTechAdminPortalTestClass" name="RestApiFuntValidations" time="0.247"/>
  <system-out/>
  <testcase classname="NewFrameWork.RaffleTechAdminPortalTestClass" name="RestApiFuntValidations" time="0.243"/>
  <system-out/>
  <testcase classname="NewFrameWork.RaffleTechAdminPortalTestClass" name="RestApiFuntValidations" time="0.162"/>
  <system-out/>
  <testcase classname="NewFrameWork.RaffleTechAdminPortalTestClass" name="RestApiFuntValidations" time="0.571"/>
  <system-out/>
  <testcase classname="NewFrameWork.RaffleTechAdminPortalTestClass" name="RestApiFuntValidations" time="0.222"/>
  <system-out/>
  <testcase classname="NewFrameWork.RaffleTechAdminPortalTestClass" name="RestApiFuntValidations" time="0.356"/>
  <system-out/>
  <testcase classname="NewFrameWork.RaffleTechAdminPortalTestClass" name="RestApiFuntValidations" time="0.116"/>
  <system-out/>
  <testcase classname="NewFrameWork.RaffleTechAdminPortalTestClass" name="RestApiFuntValidations" time="0.283"/>
  <system-out/>
  <testcase classname="NewFrameWork.RaffleTechAdminPortalTestClass" name="RestApiFuntValidations" time="0.129"/>
  <system-out/>
  <testcase classname="NewFrameWork.RaffleTechAdminPortalTestClass" name="RestApiFuntValidations" time="0.406"/>
  <system-out/>
  <testcase classname="NewFrameWork.RaffleTechAdminPortalTestClass" name="RestApiFuntValidations" time="0.136"/>
  <system-out/>
  <testcase classname="NewFrameWork.RaffleTechAdminPortalTestClass" name="RestApiFuntValidations" time="0.125"/>
  <system-out/>
  <testcase classname="NewFrameWork.RaffleTechAdminPortalTestClass" name="RestApiFuntValidations" time="0.095"/>
  <system-out/>
  <testcase classname="NewFrameWork.RaffleTechAdminPortalTestClass" name="RestApiFuntValidations" time="0.316"/>
  <system-out/>
  <testcase classname="NewFrameWork.RaffleTechAdminPortalTestClass" name="RestApiFuntValidations" time="0.094"/>
  <system-out/>
  <testcase classname="NewFrameWork.RaffleTechAdminPortalTestClass" name="RestApiFuntValidations" time="0.150"/>
  <system-out/>
  <testcase classname="NewFrameWork.RaffleTechAdminPortalTestClass" name="RestApiFuntValidations" time="0.296"/>
  <system-out/>
  <testcase classname="NewFrameWork.RaffleTechAdminPortalTestClass" name="RestApiFuntValidations" time="0.190"/>
  <system-out/>
  <testcase classname="NewFrameWork.RaffleTechAdminPortalTestClass" name="RestApiFuntValidations" time="0.220"/>
  <system-out/>
  <testcase classname="NewFrameWork.RaffleTechAdminPortalTestClass" name="RestApiFuntValidations" time="0.442"/>
  <system-out/>
  <testcase classname="NewFrameWork.RaffleTechAdminPortalTestClass" name="RestApiFuntValidations" time="0.473"/>
  <system-out/>
  <testcase classname="NewFrameWork.RaffleTechAdminPortalTestClass" name="RestApiFuntValidations" time="0.093"/>
  <system-out/>
  <testcase classname="NewFrameWork.RaffleTechAdminPortalTestClass" name="RestApiFuntValidations" time="0.321"/>
  <system-out/>
  <testcase classname="NewFrameWork.RaffleTechAdminPortalTestClass" name="RestApiFuntValidations" time="0.093"/>
  <system-out/>
  <testcase classname="NewFrameWork.RaffleTechAdminPortalTestClass" name="RestApiFuntValidations" time="0.132"/>
  <system-out/>
  <testcase classname="NewFrameWork.RaffleTechAdminPortalTestClass" name="RestApiFuntValidations" time="0.124"/>
  <system-out/>
  <testcase classname="NewFrameWork.RaffleTechAdminPortalTestClass" name="RestApiFuntValidations" time="0.159"/>
  <system-out/>
  <testcase classname="NewFrameWork.RaffleTechAdminPortalTestClass" name="RestApiFuntValidations" time="0.449"/>
  <system-out/>
  <testcase classname="NewFrameWork.RaffleTechAdminPortalTestClass" name="RestApiFuntValidations" time="0.185"/>
  <system-out/>
  <testcase classname="NewFrameWork.RaffleTechAdminPortalTestClass" name="RestApiFuntValidations" time="0.187"/>
  <system-out/>
  <testcase classname="NewFrameWork.RaffleTechAdminPortalTestClass" name="RestApiFuntValidations" time="0.221"/>
  <system-out/>
  <testcase classname="NewFrameWork.RaffleTechAdminPortalTestClass" name="RestApiFuntValidations" time="0.131"/>
  <system-out/>
  <testcase classname="NewFrameWork.RaffleTechAdminPortalTestClass" name="RestApiFuntValidations" time="0.235"/>
  <system-out/>
  <testcase classname="NewFrameWork.RaffleTechAdminPortalTestClass" name="RestApiFuntValidations" time="0.168"/>
  <system-out/>
  <testcase classname="NewFrameWork.RaffleTechAdminPortalTestClass" name="RestApiFuntValidations" time="0.188"/>
  <system-out/>
  <testcase classname="NewFrameWork.RaffleTechAdminPortalTestClass" name="RestApiFuntValidations" time="0.122"/>
  <system-out/>
  <testcase classname="NewFrameWork.RaffleTechAdminPortalTestClass" name="RestApiFuntValidations" time="0.085"/>
  <system-out/>
  <testcase classname="NewFrameWork.RaffleTechAdminPortalTestClass" name="RestApiFuntValidations" time="0.139"/>
  <system-out/>
  <testcase classname="NewFrameWork.RaffleTechAdminPortalTestClass" name="RestApiFuntValidations" time="0.125"/>
  <system-out/>
  <testcase classname="NewFrameWork.RaffleTechAdminPortalTestClass" name="RestApiFuntValidations" time="0.107"/>
  <system-out/>
  <testcase classname="NewFrameWork.RaffleTechAdminPortalTestClass" name="RestApiFuntValidations" time="0.097"/>
  <system-out/>
  <testcase classname="NewFrameWork.RaffleTechAdminPortalTestClass" name="RestApiFuntValidations" time="0.236"/>
  <system-out/>
  <testcase classname="NewFrameWork.RaffleTechAdminPortalTestClass" name="RestApiFuntValidations" time="0.293"/>
  <system-out/>
  <testcase classname="NewFrameWork.RaffleTechAdminPortalTestClass" name="RestApiFuntValidations" time="0.136"/>
  <system-out/>
  <testcase classname="NewFrameWork.RaffleTechAdminPortalTestClass" name="RestApiFuntValidations" time="0.273"/>
  <system-out/>
  <testcase classname="NewFrameWork.RaffleTechAdminPortalTestClass" name="RestApiFuntValidations" time="0.214"/>
  <system-out/>
  <testcase classname="NewFrameWork.RaffleTechAdminPortalTestClass" name="RestApiFuntValidations" time="0.218"/>
  <system-out/>
  <testcase classname="NewFrameWork.RaffleTechAdminPortalTestClass" name="RestApiFuntValidations" time="0.197"/>
  <system-out/>
  <testcase classname="NewFrameWork.RaffleTechAdminPortalTestClass" name="RestApiFuntValidations" time="0.081"/>
  <system-out/>
  <testcase classname="NewFrameWork.RaffleTechAdminPortalTestClass" name="RestApiFuntValidations" time="0.206"/>
  <system-out/>
  <testcase classname="NewFrameWork.RaffleTechAdminPortalTestClass" name="RestApiFuntValidations" time="0.314"/>
  <system-out/>
  <testcase classname="NewFrameWork.RaffleTechAdminPortalTestClass" name="RestApiFuntValidations" time="0.271"/>
  <system-out/>
  <testcase classname="NewFrameWork.RaffleTechAdminPortalTestClass" name="RestApiFuntValidations" time="0.303"/>
  <system-out/>
  <testcase classname="NewFrameWork.RaffleTechAdminPortalTestClass" name="RestApiFuntValidations" time="0.154"/>
  <system-out/>
  <testcase classname="NewFrameWork.RaffleTechAdminPortalTestClass" name="RestApiFuntValidations" time="0.165"/>
  <system-out/>
  <testcase classname="NewFrameWork.RaffleTechAdminPortalTestClass" name="RestApiFuntValidations" time="0.181"/>
  <system-out/>
  <testcase classname="NewFrameWork.RaffleTechAdminPortalTestClass" name="RestApiFuntValidations" time="0.150"/>
  <system-out/>
  <testcase classname="NewFrameWork.RaffleTechAdminPortalTestClass" name="RestApiFuntValidations" time="0.277"/>
  <system-out/>
  <testcase classname="NewFrameWork.RaffleTechAdminPortalTestClass" name="RestApiFuntValidations" time="0.205"/>
  <system-out/>
  <testcase classname="NewFrameWork.RaffleTechAdminPortalTestClass" name="RestApiFuntValidations" time="0.197"/>
  <system-out/>
  <testcase classname="NewFrameWork.RaffleTechAdminPortalTestClass" name="RestApiFuntValidations" time="0.205"/>
  <system-out/>
  <testcase classname="NewFrameWork.RaffleTechAdminPortalTestClass" name="RestApiFuntValidations" time="0.220"/>
  <system-out/>
  <testcase classname="NewFrameWork.RaffleTechAdminPortalTestClass" name="RestApiFuntValidations" time="0.113"/>
  <system-out/>
  <testcase classname="NewFrameWork.RaffleTechAdminPortalTestClass" name="RestApiFuntValidations" time="0.382"/>
  <system-out/>
  <testcase classname="NewFrameWork.RaffleTechAdminPortalTestClass" name="RestApiFuntValidations" time="0.118"/>
  <system-out/>
  <testcase classname="NewFrameWork.RaffleTechAdminPortalTestClass" name="RestApiFuntValidations" time="0.234"/>
  <system-out/>
  <testcase classname="NewFrameWork.RaffleTechAdminPortalTestClass" name="RestApiFuntValidations" time="0.239"/>
  <system-out/>
  <testcase classname="NewFrameWork.RaffleTechAdminPortalTestClass" name="RestApiFuntValidations" time="0.082"/>
  <system-out/>
  <testcase classname="NewFrameWork.RaffleTechAdminPortalTestClass" name="RestApiFuntValidations" time="0.318"/>
  <system-out/>
  <testcase classname="NewFrameWork.RaffleTechAdminPortalTestClass" name="RestApiFuntValidations" time="0.085"/>
  <system-out/>
  <testcase classname="NewFrameWork.RaffleTechAdminPortalTestClass" name="RestApiFuntValidations" time="0.081"/>
  <system-out/>
  <testcase classname="NewFrameWork.RaffleTechAdminPortalTestClass" name="RestApiFuntValidations" time="0.088"/>
  <system-out/>
  <testcase classname="NewFrameWork.RaffleTechAdminPortalTestClass" name="RestApiFuntValidations" time="0.247"/>
  <system-out/>
  <testcase classname="NewFrameWork.RaffleTechAdminPortalTestClass" name="RestApiFuntValidations" time="0.081"/>
  <system-out/>
  <testcase classname="NewFrameWork.RaffleTechAdminPortalTestClass" name="RestApiFuntValidations" time="0.141"/>
  <system-out/>
  <testcase classname="NewFrameWork.RaffleTechAdminPortalTestClass" name="RestApiFuntValidations" time="0.165"/>
  <system-out/>
  <testcase classname="NewFrameWork.RaffleTechAdminPortalTestClass" name="RestApiFuntValidations" time="0.266"/>
  <system-out/>
  <testcase classname="NewFrameWork.RaffleTechAdminPortalTestClass" name="RestApiFuntValidations" time="0.225"/>
  <system-out/>
  <testcase classname="NewFrameWork.RaffleTechAdminPortalTestClass" name="RestApiFuntValidations" time="0.229"/>
  <system-out/>
  <testcase classname="NewFrameWork.RaffleTechAdminPortalTestClass" name="RestApiFuntValidations" time="0.190"/>
  <system-out/>
  <testcase classname="NewFrameWork.RaffleTechAdminPortalTestClass" name="RestApiFuntValidations" time="0.240"/>
  <system-out/>
  <testcase classname="NewFrameWork.RaffleTechAdminPortalTestClass" name="RestApiFuntValidations" time="0.268"/>
  <system-out/>
  <testcase classname="NewFrameWork.RaffleTechAdminPortalTestClass" name="RestApiFuntValidations" time="0.112"/>
  <system-out/>
  <testcase classname="NewFrameWork.RaffleTechAdminPortalTestClass" name="RestApiFuntValidations" time="0.128"/>
  <system-out/>
  <testcase classname="NewFrameWork.RaffleTechAdminPortalTestClass" name="RestApiFuntValidations" time="0.241"/>
  <system-out/>
  <testcase classname="NewFrameWork.RaffleTechAdminPortalTestClass" name="RestApiFuntValidations" time="0.261"/>
  <system-out/>
  <testcase classname="NewFrameWork.RaffleTechAdminPortalTestClass" name="RestApiFuntValidations" time="0.164"/>
  <system-out/>
  <testcase classname="NewFrameWork.RaffleTechAdminPortalTestClass" name="RestApiFuntValidations" time="0.213"/>
  <system-out/>
  <testcase classname="NewFrameWork.RaffleTechAdminPortalTestClass" name="RestApiFuntValidations" time="0.187"/>
  <system-out/>
  <testcase classname="NewFrameWork.RaffleTechAdminPortalTestClass" name="RestApiFuntValidations" time="0.301"/>
  <system-out/>
  <testcase classname="NewFrameWork.RaffleTechAdminPortalTestClass" name="RestApiFuntValidations" time="0.106"/>
  <system-out/>
  <testcase classname="NewFrameWork.RaffleTechAdminPortalTestClass" name="RestApiFuntValidations" time="0.278"/>
  <system-out/>
  <testcase classname="NewFrameWork.RaffleTechAdminPortalTestClass" name="RestApiFuntValidations" time="0.251"/>
  <system-out/>
  <testcase classname="NewFrameWork.RaffleTechAdminPortalTestClass" name="RestApiFuntValidations" time="0.105"/>
  <system-out/>
  <testcase classname="NewFrameWork.RaffleTechAdminPortalTestClass" name="RestApiFuntValidations" time="0.173"/>
  <system-out/>
  <testcase classname="NewFrameWork.RaffleTechAdminPortalTestClass" name="RestApiFuntValidations" time="0.085"/>
  <system-out/>
  <testcase classname="NewFrameWork.RaffleTechAdminPortalTestClass" name="RestApiFuntValidations" time="0.129"/>
  <system-out/>
  <testcase classname="NewFrameWork.RaffleTechAdminPortalTestClass" name="RestApiFuntValidations" time="0.240"/>
  <system-out/>
  <testcase classname="NewFrameWork.RaffleTechAdminPortalTestClass" name="RestApiFuntValidations" time="0.206"/>
  <system-out/>
  <testcase classname="NewFrameWork.RaffleTechAdminPortalTestClass" name="RestApiFuntValidations" time="0.102"/>
  <system-out/>
  <testcase classname="NewFrameWork.RaffleTechAdminPortalTestClass" name="RestApiFuntValidations" time="0.132"/>
  <system-out/>
  <testcase classname="NewFrameWork.RaffleTechAdminPortalTestClass" name="RestApiFuntValidations" time="0.231"/>
  <system-out/>
  <testcase classname="NewFrameWork.RaffleTechAdminPortalTestClass" name="RestApiFuntValidations" time="0.361"/>
  <system-out/>
  <testcase classname="NewFrameWork.RaffleTechAdminPortalTestClass" name="RestApiFuntValidations" time="0.279"/>
  <system-out/>
  <testcase classname="NewFrameWork.RaffleTechAdminPortalTestClass" name="RestApiFuntValidations" time="0.104"/>
  <system-out/>
  <testcase classname="NewFrameWork.RaffleTechAdminPortalTestClass" name="RestApiFuntValidations" time="0.162"/>
  <system-out/>
  <testcase classname="NewFrameWork.RaffleTechAdminPortalTestClass" name="RestApiFuntValidations" time="0.144"/>
  <system-out/>
  <testcase classname="NewFrameWork.RaffleTechAdminPortalTestClass" name="RestApiFuntValidations" time="0.180"/>
  <system-out/>
  <testcase classname="NewFrameWork.RaffleTechAdminPortalTestClass" name="RestApiFuntValidations" time="0.140"/>
  <system-out/>
  <testcase classname="NewFrameWork.RaffleTechAdminPortalTestClass" name="RestApiFuntValidations" time="0.305"/>
  <system-out/>
  <testcase classname="NewFrameWork.RaffleTechAdminPortalTestClass" name="RestApiFuntValidations" time="0.270"/>
  <system-out/>
  <testcase classname="NewFrameWork.RaffleTechAdminPortalTestClass" name="RestApiFuntValidations" time="0.279"/>
  <system-out/>
  <testcase classname="NewFrameWork.RaffleTechAdminPortalTestClass" name="RestApiFuntValidations" time="0.161"/>
  <system-out/>
  <testcase classname="NewFrameWork.RaffleTechAdminPortalTestClass" name="RestApiFuntValidations" time="0.077"/>
  <system-out/>
  <testcase classname="NewFrameWork.RaffleTechAdminPortalTestClass" name="RestApiFuntValidations" time="0.270"/>
  <system-out/>
  <testcase classname="NewFrameWork.RaffleTechAdminPortalTestClass" name="RestApiFuntValidations" time="0.294"/>
  <system-out/>
  <testcase classname="NewFrameWork.RaffleTechAdminPortalTestClass" name="RestApiFuntValidations" time="0.133"/>
  <system-out/>
  <testcase classname="NewFrameWork.RaffleTechAdminPortalTestClass" name="RestApiFuntValidations" time="0.473"/>
  <system-out/>
  <testcase classname="NewFrameWork.RaffleTechAdminPortalTestClass" name="RestApiFuntValidations" time="1.041"/>
  <system-out/>
  <testcase classname="NewFrameWork.RaffleTechAdminPortalTestClass" name="RestApiFuntValidations" time="0.195"/>
  <system-out/>
  <testcase classname="NewFrameWork.RaffleTechAdminPortalTestClass" name="RestApiFuntValidations" time="0.228"/>
  <system-out/>
  <testcase classname="NewFrameWork.RaffleTechAdminPortalTestClass" name="RestApiFuntValidations" time="0.246"/>
  <system-out/>
  <testcase classname="NewFrameWork.RaffleTechAdminPortalTestClass" name="RestApiFuntValidations" time="0.118"/>
  <system-out/>
  <testcase classname="NewFrameWork.RaffleTechAdminPortalTestClass" name="RestApiFuntValidations" time="0.142"/>
  <system-out/>
  <testcase classname="NewFrameWork.RaffleTechAdminPortalTestClass" name="RestApiFuntValidations" time="0.273"/>
  <system-out/>
  <testcase classname="NewFrameWork.RaffleTechAdminPortalTestClass" name="RestApiFuntValidations" time="0.157"/>
  <system-out/>
  <testcase classname="NewFrameWork.RaffleTechAdminPortalTestClass" name="RestApiFuntValidations" time="0.638"/>
  <system-out/>
  <testcase classname="NewFrameWork.RaffleTechAdminPortalTestClass" name="RestApiFuntValidations" time="0.251"/>
  <system-out/>
  <testcase classname="NewFrameWork.RaffleTechAdminPortalTestClass" name="RestApiFuntValidations" time="0.224"/>
  <system-out/>
  <testcase classname="NewFrameWork.RaffleTechAdminPortalTestClass" name="RestApiFuntValidations" time="0.347"/>
  <system-out/>
  <testcase classname="NewFrameWork.RaffleTechAdminPortalTestClass" name="RestApiFuntValidations" time="0.210"/>
  <system-out/>
  <testcase classname="NewFrameWork.RaffleTechAdminPortalTestClass" name="RestApiFuntValidations" time="0.276"/>
  <system-out/>
  <testcase classname="NewFrameWork.RaffleTechAdminPortalTestClass" name="RestApiFuntValidations" time="0.134"/>
  <system-out/>
  <testcase classname="NewFrameWork.RaffleTechAdminPortalTestClass" name="RestApiFuntValidations" time="0.266"/>
  <system-out/>
  <testcase classname="NewFrameWork.RaffleTechAdminPortalTestClass" name="RestApiFuntValidations" time="0.087"/>
  <system-out/>
  <testcase classname="NewFrameWork.RaffleTechAdminPortalTestClass" name="RestApiFuntValidations" time="0.262"/>
  <system-out/>
  <testcase classname="NewFrameWork.RaffleTechAdminPortalTestClass" name="RestApiFuntValidations" time="0.083"/>
  <system-out/>
  <testcase classname="NewFrameWork.RaffleTechAdminPortalTestClass" name="RestApiFuntValidations" time="0.208"/>
  <system-out/>
  <testcase classname="NewFrameWork.RaffleTechAdminPortalTestClass" name="RestApiFuntValidations" time="0.225"/>
  <system-out/>
  <testcase classname="NewFrameWork.RaffleTechAdminPortalTestClass" name="RestApiFuntValidations" time="0.147"/>
  <system-out/>
  <testcase classname="NewFrameWork.RaffleTechAdminPortalTestClass" name="RestApiFuntValidations" time="0.271"/>
  <system-out/>
  <testcase classname="NewFrameWork.RaffleTechAdminPortalTestClass" name="RestApiFuntValidations" time="0.167"/>
  <system-out/>
  <testcase classname="NewFrameWork.RaffleTechAdminPortalTestClass" name="RestApiFuntValidations" time="0.175"/>
  <system-out/>
  <testcase classname="NewFrameWork.RaffleTechAdminPortalTestClass" name="RestApiFuntValidations" time="4.570"/>
  <system-out/>
  <testcase classname="NewFrameWork.RaffleTechAdminPortalTestClass" name="RestApiFuntValidations" time="0.231"/>
  <system-out/>
  <testcase classname="NewFrameWork.RaffleTechAdminPortalTestClass" name="RestApiFuntValidations" time="0.157"/>
  <system-out/>
  <testcase classname="NewFrameWork.RaffleTechAdminPortalTestClass" name="RestApiFuntValidations" time="0.324"/>
  <system-out/>
  <testcase classname="NewFrameWork.RaffleTechAdminPortalTestClass" name="RestApiFuntValidations" time="0.270"/>
  <system-out/>
  <testcase classname="NewFrameWork.RaffleTechAdminPortalTestClass" name="RestApiFuntValidations" time="0.143"/>
  <system-out/>
  <testcase classname="NewFrameWork.RaffleTechAdminPortalTestClass" name="RestApiFuntValidations" time="0.173"/>
  <system-out/>
  <testcase classname="NewFrameWork.RaffleTechAdminPortalTestClass" name="RestApiFuntValidations" time="0.215"/>
  <system-out/>
  <testcase classname="NewFrameWork.RaffleTechAdminPortalTestClass" name="RestApiFuntValidations" time="0.203"/>
  <system-out/>
  <testcase classname="NewFrameWork.RaffleTechAdminPortalTestClass" name="RestApiFuntValidations" time="0.111"/>
  <system-out/>
  <testcase classname="NewFrameWork.RaffleTechAdminPortalTestClass" name="RestApiFuntValidations" time="0.276"/>
  <system-out/>
  <testcase classname="NewFrameWork.RaffleTechAdminPortalTestClass" name="RestApiFuntValidations" time="0.141"/>
  <system-out/>
  <testcase classname="NewFrameWork.RaffleTechAdminPortalTestClass" name="RestApiFuntValidations" time="0.248"/>
  <system-out/>
  <testcase classname="NewFrameWork.RaffleTechAdminPortalTestClass" name="RestApiFuntValidations" time="0.282"/>
  <system-out/>
  <testcase classname="NewFrameWork.RaffleTechAdminPortalTestClass" name="RestApiFuntValidations" time="0.241"/>
  <system-out/>
  <testcase classname="NewFrameWork.RaffleTechAdminPortalTestClass" name="RestApiFuntValidations" time="0.191"/>
  <system-out/>
  <testcase classname="NewFrameWork.RaffleTechAdminPortalTestClass" name="RestApiFuntValidations" time="0.169"/>
  <system-out/>
  <testcase classname="NewFrameWork.RaffleTechAdminPortalTestClass" name="RestApiFuntValidations" time="0.235"/>
  <system-out/>
  <testcase classname="NewFrameWork.RaffleTechAdminPortalTestClass" name="RestApiFuntValidations" time="0.159"/>
  <system-out/>
  <testcase classname="NewFrameWork.RaffleTechAdminPortalTestClass" name="RestApiFuntValidations" time="0.233"/>
  <system-out/>
  <testcase classname="NewFrameWork.RaffleTechAdminPortalTestClass" name="RestApiFuntValidations" time="0.265"/>
  <system-out/>
  <testcase classname="NewFrameWork.RaffleTechAdminPortalTestClass" name="RestApiFuntValidations" time="0.169"/>
  <system-out/>
  <testcase classname="NewFrameWork.RaffleTechAdminPortalTestClass" name="RestApiFuntValidations" time="0.247"/>
  <system-out/>
  <testcase classname="NewFrameWork.RaffleTechAdminPortalTestClass" name="RestApiFuntValidations" time="0.260"/>
  <system-out/>
  <testcase classname="NewFrameWork.RaffleTechAdminPortalTestClass" name="RestApiFuntValidations" time="0.130"/>
  <system-out/>
  <testcase classname="NewFrameWork.RaffleTechAdminPortalTestClass" name="RestApiFuntValidations" time="0.084"/>
  <system-out/>
  <testcase classname="NewFrameWork.RaffleTechAdminPortalTestClass" name="RestApiFuntValidations" time="0.250"/>
  <system-out/>
  <testcase classname="NewFrameWork.RaffleTechAdminPortalTestClass" name="RestApiFuntValidations" time="0.173"/>
  <system-out/>
  <testcase classname="NewFrameWork.RaffleTechAdminPortalTestClass" name="RestApiFuntValidations" time="0.517"/>
  <system-out/>
  <testcase classname="NewFrameWork.RaffleTechAdminPortalTestClass" name="RestApiFuntValidations" time="0.090"/>
  <system-out/>
  <testcase classname="NewFrameWork.RaffleTechAdminPortalTestClass" name="RestApiFuntValidations" time="0.262"/>
  <system-out/>
  <testcase classname="NewFrameWork.RaffleTechAdminPortalTestClass" name="RestApiFuntValidations" time="0.267"/>
  <system-out/>
  <testcase classname="NewFrameWork.RaffleTechAdminPortalTestClass" name="RestApiFuntValidations" time="0.234"/>
  <system-out/>
  <testcase classname="NewFrameWork.RaffleTechAdminPortalTestClass" name="RestApiFuntValidations" time="0.229"/>
  <system-out/>
  <testcase classname="NewFrameWork.RaffleTechAdminPortalTestClass" name="RestApiFuntValidations" time="0.155"/>
  <system-out/>
  <testcase classname="NewFrameWork.RaffleTechAdminPortalTestClass" name="RestApiFuntValidations" time="0.200"/>
  <system-out/>
</testsuite> <!-- NewFrameWork.RaffleTechAdminPortalTestClass -->
