<?xml version="1.0" encoding="UTF-8"?>
<!-- Generated by org.testng.reporters.JUnitReportReporter -->
<testsuite hostname="DESKTOP-4EHNAOM" failures="0" tests="1" name="com.SpryntzApiTesting.FleetOnboarding" time="5.635" errors="0" timestamp="2024-01-11T17:58:10 IST" skipped="0">
  <testcase classname="com.SpryntzApiTesting.FleetOnboarding" name="SpryntzLoginValidationsFleetOnboarding" time="5.635"/>
  <system-out>
    <![CDATA[Actual Response body =>eyJ0eXAiOiJqd3QiLCJhbGciOiJIUzI1NiJ9.eyJpYXQiOjE3MDQ5NzYxOTgsImV4cCI6MTcwNzY1NDU5OCwiaXNzIjoicm95b29yZGVycy5jb20ifQ.6JdGlMiK9SJGHPnpzwmAogt9jquGu0DNQnH3q2QJTV8=>Expected Response Body is=>null]]>
  </system-out>
</testsuite> <!-- com.SpryntzApiTesting.FleetOnboarding -->
