<?xml version="1.0" encoding="UTF-8"?>
<!-- Generated by org.testng.reporters.JUnitReportReporter -->
<testsuite hostname="DESKTOP-PSRU67J" failures="0" tests="138" name="com.MonacoTesting.MonacoTestClass" time="27.684" errors="0" timestamp="2024-06-28T12:09:57 IST" skipped="0">
  <testcase classname="com.MonacoTesting.MonacoTestClass" name="RestApiFuntValidations" time="0.227"/>
  <system-out/>
  <testcase classname="com.MonacoTesting.MonacoTestClass" name="RestApiFuntValidations" time="0.107"/>
  <system-out/>
  <testcase classname="com.MonacoTesting.MonacoTestClass" name="RestApiFuntValidations" time="0.111"/>
  <system-out/>
  <testcase classname="com.MonacoTesting.MonacoTestClass" name="RestApiFuntValidations" time="0.477"/>
  <system-out/>
  <testcase classname="com.MonacoTesting.MonacoTestClass" name="RestApiFuntValidations" time="0.189"/>
  <system-out/>
  <testcase classname="com.MonacoTesting.MonacoTestClass" name="RestApiFuntValidations" time="3.091"/>
  <system-out/>
  <testcase classname="com.MonacoTesting.MonacoTestClass" name="RestApiFuntValidations" time="0.134"/>
  <system-out/>
  <testcase classname="com.MonacoTesting.MonacoTestClass" name="RestApiFuntValidations" time="0.206"/>
  <system-out/>
  <testcase classname="com.MonacoTesting.MonacoTestClass" name="RestApiFuntValidations" time="0.246"/>
  <system-out/>
  <testcase classname="com.MonacoTesting.MonacoTestClass" name="RestApiFuntValidations" time="0.142"/>
  <system-out/>
  <testcase classname="com.MonacoTesting.MonacoTestClass" name="RestApiFuntValidations" time="0.192"/>
  <system-out/>
  <testcase classname="com.MonacoTesting.MonacoTestClass" name="RestApiFuntValidations" time="0.397"/>
  <system-out/>
  <testcase classname="com.MonacoTesting.MonacoTestClass" name="RestApiFuntValidations" time="0.145"/>
  <system-out/>
  <testcase classname="com.MonacoTesting.MonacoTestClass" name="RestApiFuntValidations" time="0.144"/>
  <system-out/>
  <testcase classname="com.MonacoTesting.MonacoTestClass" name="RestApiFuntValidations" time="0.142"/>
  <system-out/>
  <testcase classname="com.MonacoTesting.MonacoTestClass" name="RestApiFuntValidations" time="0.125"/>
  <system-out/>
  <testcase classname="com.MonacoTesting.MonacoTestClass" name="RestApiFuntValidations" time="0.198"/>
  <system-out/>
  <testcase classname="com.MonacoTesting.MonacoTestClass" name="RestApiFuntValidations" time="0.183"/>
  <system-out/>
  <testcase classname="com.MonacoTesting.MonacoTestClass" name="RestApiFuntValidations" time="0.100"/>
  <system-out/>
  <testcase classname="com.MonacoTesting.MonacoTestClass" name="RestApiFuntValidations" time="0.117"/>
  <system-out/>
  <testcase classname="com.MonacoTesting.MonacoTestClass" name="RestApiFuntValidations" time="0.130"/>
  <system-out/>
  <testcase classname="com.MonacoTesting.MonacoTestClass" name="RestApiFuntValidations" time="0.135"/>
  <system-out/>
  <testcase classname="com.MonacoTesting.MonacoTestClass" name="RestApiFuntValidations" time="0.175"/>
  <system-out/>
  <testcase classname="com.MonacoTesting.MonacoTestClass" name="RestApiFuntValidations" time="0.101"/>
  <system-out/>
  <testcase classname="com.MonacoTesting.MonacoTestClass" name="RestApiFuntValidations" time="0.092"/>
  <system-out/>
  <testcase classname="com.MonacoTesting.MonacoTestClass" name="RestApiFuntValidations" time="0.164"/>
  <system-out/>
  <testcase classname="com.MonacoTesting.MonacoTestClass" name="RestApiFuntValidations" time="0.139"/>
  <system-out/>
  <testcase classname="com.MonacoTesting.MonacoTestClass" name="RestApiFuntValidations" time="0.120"/>
  <system-out/>
  <testcase classname="com.MonacoTesting.MonacoTestClass" name="RestApiFuntValidations" time="0.144"/>
  <system-out/>
  <testcase classname="com.MonacoTesting.MonacoTestClass" name="RestApiFuntValidations" time="0.194"/>
  <system-out/>
  <testcase classname="com.MonacoTesting.MonacoTestClass" name="RestApiFuntValidations" time="0.154"/>
  <system-out/>
  <testcase classname="com.MonacoTesting.MonacoTestClass" name="RestApiFuntValidations" time="0.091"/>
  <system-out/>
  <testcase classname="com.MonacoTesting.MonacoTestClass" name="RestApiFuntValidations" time="0.147"/>
  <system-out/>
  <testcase classname="com.MonacoTesting.MonacoTestClass" name="RestApiFuntValidations" time="0.104"/>
  <system-out/>
  <testcase classname="com.MonacoTesting.MonacoTestClass" name="RestApiFuntValidations" time="0.116"/>
  <system-out/>
  <testcase classname="com.MonacoTesting.MonacoTestClass" name="RestApiFuntValidations" time="0.167"/>
  <system-out/>
  <testcase classname="com.MonacoTesting.MonacoTestClass" name="RestApiFuntValidations" time="0.132"/>
  <system-out/>
  <testcase classname="com.MonacoTesting.MonacoTestClass" name="RestApiFuntValidations" time="0.261"/>
  <system-out/>
  <testcase classname="com.MonacoTesting.MonacoTestClass" name="RestApiFuntValidations" time="0.156"/>
  <system-out/>
  <testcase classname="com.MonacoTesting.MonacoTestClass" name="RestApiFuntValidations" time="0.153"/>
  <system-out/>
  <testcase classname="com.MonacoTesting.MonacoTestClass" name="RestApiFuntValidations" time="0.523"/>
  <system-out/>
  <testcase classname="com.MonacoTesting.MonacoTestClass" name="RestApiFuntValidations" time="0.131"/>
  <system-out/>
  <testcase classname="com.MonacoTesting.MonacoTestClass" name="RestApiFuntValidations" time="0.261"/>
  <system-out/>
  <testcase classname="com.MonacoTesting.MonacoTestClass" name="RestApiFuntValidations" time="0.183"/>
  <system-out/>
  <testcase classname="com.MonacoTesting.MonacoTestClass" name="RestApiFuntValidations" time="0.072"/>
  <system-out/>
  <testcase classname="com.MonacoTesting.MonacoTestClass" name="RestApiFuntValidations" time="0.144"/>
  <system-out/>
  <testcase classname="com.MonacoTesting.MonacoTestClass" name="RestApiFuntValidations" time="0.097"/>
  <system-out/>
  <testcase classname="com.MonacoTesting.MonacoTestClass" name="RestApiFuntValidations" time="0.244"/>
  <system-out/>
  <testcase classname="com.MonacoTesting.MonacoTestClass" name="RestApiFuntValidations" time="0.187"/>
  <system-out/>
  <testcase classname="com.MonacoTesting.MonacoTestClass" name="RestApiFuntValidations" time="0.125"/>
  <system-out/>
  <testcase classname="com.MonacoTesting.MonacoTestClass" name="RestApiFuntValidations" time="0.131"/>
  <system-out/>
  <testcase classname="com.MonacoTesting.MonacoTestClass" name="RestApiFuntValidations" time="0.129"/>
  <system-out/>
  <testcase classname="com.MonacoTesting.MonacoTestClass" name="RestApiFuntValidations" time="0.168"/>
  <system-out/>
  <testcase classname="com.MonacoTesting.MonacoTestClass" name="RestApiFuntValidations" time="0.293"/>
  <system-out/>
  <testcase classname="com.MonacoTesting.MonacoTestClass" name="RestApiFuntValidations" time="0.181"/>
  <system-out/>
  <testcase classname="com.MonacoTesting.MonacoTestClass" name="RestApiFuntValidations" time="0.132"/>
  <system-out/>
  <testcase classname="com.MonacoTesting.MonacoTestClass" name="RestApiFuntValidations" time="0.121"/>
  <system-out/>
  <testcase classname="com.MonacoTesting.MonacoTestClass" name="RestApiFuntValidations" time="0.175"/>
  <system-out/>
  <testcase classname="com.MonacoTesting.MonacoTestClass" name="RestApiFuntValidations" time="0.860"/>
  <system-out/>
  <testcase classname="com.MonacoTesting.MonacoTestClass" name="RestApiFuntValidations" time="0.216"/>
  <system-out/>
  <testcase classname="com.MonacoTesting.MonacoTestClass" name="RestApiFuntValidations" time="0.094"/>
  <system-out/>
  <testcase classname="com.MonacoTesting.MonacoTestClass" name="RestApiFuntValidations" time="0.167"/>
  <system-out/>
  <testcase classname="com.MonacoTesting.MonacoTestClass" name="RestApiFuntValidations" time="0.258"/>
  <system-out/>
  <testcase classname="com.MonacoTesting.MonacoTestClass" name="RestApiFuntValidations" time="0.463"/>
  <system-out/>
  <testcase classname="com.MonacoTesting.MonacoTestClass" name="RestApiFuntValidations" time="0.118"/>
  <system-out/>
  <testcase classname="com.MonacoTesting.MonacoTestClass" name="RestApiFuntValidations" time="0.181"/>
  <system-out/>
  <testcase classname="com.MonacoTesting.MonacoTestClass" name="RestApiFuntValidations" time="0.106"/>
  <system-out/>
  <testcase classname="com.MonacoTesting.MonacoTestClass" name="RestApiFuntValidations" time="0.097"/>
  <system-out/>
  <testcase classname="com.MonacoTesting.MonacoTestClass" name="RestApiFuntValidations" time="0.200"/>
  <system-out/>
  <testcase classname="com.MonacoTesting.MonacoTestClass" name="RestApiFuntValidations" time="0.199"/>
  <system-out/>
  <testcase classname="com.MonacoTesting.MonacoTestClass" name="RestApiFuntValidations" time="0.176"/>
  <system-out/>
  <testcase classname="com.MonacoTesting.MonacoTestClass" name="RestApiFuntValidations" time="0.152"/>
  <system-out/>
  <testcase classname="com.MonacoTesting.MonacoTestClass" name="RestApiFuntValidations" time="0.138"/>
  <system-out/>
  <testcase classname="com.MonacoTesting.MonacoTestClass" name="RestApiFuntValidations" time="0.110"/>
  <system-out/>
  <testcase classname="com.MonacoTesting.MonacoTestClass" name="RestApiFuntValidations" time="0.138"/>
  <system-out/>
  <testcase classname="com.MonacoTesting.MonacoTestClass" name="RestApiFuntValidations" time="0.171"/>
  <system-out/>
  <testcase classname="com.MonacoTesting.MonacoTestClass" name="RestApiFuntValidations" time="0.099"/>
  <system-out/>
  <testcase classname="com.MonacoTesting.MonacoTestClass" name="RestApiFuntValidations" time="0.154"/>
  <system-out/>
  <testcase classname="com.MonacoTesting.MonacoTestClass" name="RestApiFuntValidations" time="0.152"/>
  <system-out/>
  <testcase classname="com.MonacoTesting.MonacoTestClass" name="RestApiFuntValidations" time="0.210"/>
  <system-out/>
  <testcase classname="com.MonacoTesting.MonacoTestClass" name="RestApiFuntValidations" time="0.196"/>
  <system-out/>
  <testcase classname="com.MonacoTesting.MonacoTestClass" name="RestApiFuntValidations" time="0.270"/>
  <system-out/>
  <testcase classname="com.MonacoTesting.MonacoTestClass" name="RestApiFuntValidations" time="0.161"/>
  <system-out/>
  <testcase classname="com.MonacoTesting.MonacoTestClass" name="RestApiFuntValidations" time="0.120"/>
  <system-out/>
  <testcase classname="com.MonacoTesting.MonacoTestClass" name="RestApiFuntValidations" time="0.146"/>
  <system-out/>
  <testcase classname="com.MonacoTesting.MonacoTestClass" name="RestApiFuntValidations" time="0.111"/>
  <system-out/>
  <testcase classname="com.MonacoTesting.MonacoTestClass" name="RestApiFuntValidations" time="0.095"/>
  <system-out/>
  <testcase classname="com.MonacoTesting.MonacoTestClass" name="RestApiFuntValidations" time="0.265"/>
  <system-out/>
  <testcase classname="com.MonacoTesting.MonacoTestClass" name="RestApiFuntValidations" time="0.358"/>
  <system-out/>
  <testcase classname="com.MonacoTesting.MonacoTestClass" name="RestApiFuntValidations" time="0.109"/>
  <system-out/>
  <testcase classname="com.MonacoTesting.MonacoTestClass" name="RestApiFuntValidations" time="0.134"/>
  <system-out/>
  <testcase classname="com.MonacoTesting.MonacoTestClass" name="RestApiFuntValidations" time="0.173"/>
  <system-out/>
  <testcase classname="com.MonacoTesting.MonacoTestClass" name="RestApiFuntValidations" time="0.124"/>
  <system-out/>
  <testcase classname="com.MonacoTesting.MonacoTestClass" name="RestApiFuntValidations" time="0.152"/>
  <system-out/>
  <testcase classname="com.MonacoTesting.MonacoTestClass" name="RestApiFuntValidations" time="0.193"/>
  <system-out/>
  <testcase classname="com.MonacoTesting.MonacoTestClass" name="RestApiFuntValidations" time="0.185"/>
  <system-out/>
  <testcase classname="com.MonacoTesting.MonacoTestClass" name="RestApiFuntValidations" time="0.105"/>
  <system-out/>
  <testcase classname="com.MonacoTesting.MonacoTestClass" name="RestApiFuntValidations" time="0.167"/>
  <system-out/>
  <testcase classname="com.MonacoTesting.MonacoTestClass" name="RestApiFuntValidations" time="0.215"/>
  <system-out/>
  <testcase classname="com.MonacoTesting.MonacoTestClass" name="RestApiFuntValidations" time="0.170"/>
  <system-out/>
  <testcase classname="com.MonacoTesting.MonacoTestClass" name="RestApiFuntValidations" time="0.151"/>
  <system-out/>
  <testcase classname="com.MonacoTesting.MonacoTestClass" name="RestApiFuntValidations" time="0.132"/>
  <system-out/>
  <testcase classname="com.MonacoTesting.MonacoTestClass" name="RestApiFuntValidations" time="0.145"/>
  <system-out/>
  <testcase classname="com.MonacoTesting.MonacoTestClass" name="RestApiFuntValidations" time="0.213"/>
  <system-out/>
  <testcase classname="com.MonacoTesting.MonacoTestClass" name="RestApiFuntValidations" time="0.100"/>
  <system-out/>
  <testcase classname="com.MonacoTesting.MonacoTestClass" name="RestApiFuntValidations" time="0.112"/>
  <system-out/>
  <testcase classname="com.MonacoTesting.MonacoTestClass" name="RestApiFuntValidations" time="0.135"/>
  <system-out/>
  <testcase classname="com.MonacoTesting.MonacoTestClass" name="RestApiFuntValidations" time="0.143"/>
  <system-out/>
  <testcase classname="com.MonacoTesting.MonacoTestClass" name="RestApiFuntValidations" time="0.113"/>
  <system-out/>
  <testcase classname="com.MonacoTesting.MonacoTestClass" name="RestApiFuntValidations" time="0.122"/>
  <system-out/>
  <testcase classname="com.MonacoTesting.MonacoTestClass" name="RestApiFuntValidations" time="0.231"/>
  <system-out/>
  <testcase classname="com.MonacoTesting.MonacoTestClass" name="RestApiFuntValidations" time="0.388"/>
  <system-out/>
  <testcase classname="com.MonacoTesting.MonacoTestClass" name="RestApiFuntValidations" time="0.120"/>
  <system-out/>
  <testcase classname="com.MonacoTesting.MonacoTestClass" name="RestApiFuntValidations" time="0.269"/>
  <system-out/>
  <testcase classname="com.MonacoTesting.MonacoTestClass" name="RestApiFuntValidations" time="0.158"/>
  <system-out/>
  <testcase classname="com.MonacoTesting.MonacoTestClass" name="RestApiFuntValidations" time="0.114"/>
  <system-out/>
  <testcase classname="com.MonacoTesting.MonacoTestClass" name="RestApiFuntValidations" time="0.141"/>
  <system-out/>
  <testcase classname="com.MonacoTesting.MonacoTestClass" name="RestApiFuntValidations" time="0.197"/>
  <system-out/>
  <testcase classname="com.MonacoTesting.MonacoTestClass" name="RestApiFuntValidations" time="0.179"/>
  <system-out/>
  <testcase classname="com.MonacoTesting.MonacoTestClass" name="RestApiFuntValidations" time="0.297"/>
  <system-out/>
  <testcase classname="com.MonacoTesting.MonacoTestClass" name="RestApiFuntValidations" time="0.116"/>
  <system-out/>
  <testcase classname="com.MonacoTesting.MonacoTestClass" name="RestApiFuntValidations" time="0.134"/>
  <system-out/>
  <testcase classname="com.MonacoTesting.MonacoTestClass" name="RestApiFuntValidations" time="0.240"/>
  <system-out/>
  <testcase classname="com.MonacoTesting.MonacoTestClass" name="RestApiFuntValidations" time="0.244"/>
  <system-out/>
  <testcase classname="com.MonacoTesting.MonacoTestClass" name="RestApiFuntValidations" time="0.137"/>
  <system-out/>
  <testcase classname="com.MonacoTesting.MonacoTestClass" name="RestApiFuntValidations" time="0.140"/>
  <system-out/>
  <testcase classname="com.MonacoTesting.MonacoTestClass" name="RestApiFuntValidations" time="0.113"/>
  <system-out/>
  <testcase classname="com.MonacoTesting.MonacoTestClass" name="RestApiFuntValidations" time="0.076"/>
  <system-out/>
  <testcase classname="com.MonacoTesting.MonacoTestClass" name="RestApiFuntValidations" time="0.096"/>
  <system-out/>
  <testcase classname="com.MonacoTesting.MonacoTestClass" name="RestApiFuntValidations" time="0.669"/>
  <system-out/>
  <testcase classname="com.MonacoTesting.MonacoTestClass" name="RestApiFuntValidations" time="0.111"/>
  <system-out/>
  <testcase classname="com.MonacoTesting.MonacoTestClass" name="RestApiFuntValidations" time="0.186"/>
  <system-out/>
  <testcase classname="com.MonacoTesting.MonacoTestClass" name="RestApiFuntValidations" time="0.107"/>
  <system-out/>
  <testcase classname="com.MonacoTesting.MonacoTestClass" name="RestApiFuntValidations" time="0.147"/>
  <system-out/>
  <testcase classname="com.MonacoTesting.MonacoTestClass" name="RestApiFuntValidations" time="0.200"/>
  <system-out/>
  <testcase classname="com.MonacoTesting.MonacoTestClass" name="RestApiFuntValidations" time="0.142"/>
  <system-out/>
  <testcase classname="com.MonacoTesting.MonacoTestClass" name="RestApiFuntValidations" time="0.158"/>
  <system-out/>
  <testcase classname="com.MonacoTesting.MonacoTestClass" name="RestApiFuntValidations" time="0.455"/>
  <system-out/>
</testsuite> <!-- com.MonacoTesting.MonacoTestClass -->
