<?xml version="1.0" encoding="UTF-8"?>
<!-- Generated by org.testng.reporters.JUnitReportReporter -->
<testsuite hostname="DESKTOP-PSRU67J" failures="0" tests="31" name="NewFrameWork.UserPortalRaffleTech" time="25.427" errors="0" timestamp="2024-11-13T11:50:11 IST" skipped="0">
  <testcase classname="NewFrameWork.UserPortalRaffleTech" name="MWCRestApiFuntValidations" time="0.264"/>
  <system-out/>
  <testcase classname="NewFrameWork.UserPortalRaffleTech" name="MWCRestApiFuntValidations" time="0.281"/>
  <system-out/>
  <testcase classname="NewFrameWork.UserPortalRaffleTech" name="MWCRestApiFuntValidations" time="0.315"/>
  <system-out/>
  <testcase classname="NewFrameWork.UserPortalRaffleTech" name="MWCRestApiFuntValidations" time="0.337"/>
  <system-out/>
  <testcase classname="NewFrameWork.UserPortalRaffleTech" name="MWCRestApiFuntValidations" time="0.331"/>
  <system-out/>
  <testcase classname="NewFrameWork.UserPortalRaffleTech" name="MWCRestApiFuntValidations" time="0.274"/>
  <system-out/>
  <testcase classname="NewFrameWork.UserPortalRaffleTech" name="MWCRestApiFuntValidations" time="0.302"/>
  <system-out/>
  <testcase classname="NewFrameWork.UserPortalRaffleTech" name="MWCRestApiFuntValidations" time="0.457"/>
  <system-out/>
  <testcase classname="NewFrameWork.UserPortalRaffleTech" name="MWCRestApiFuntValidations" time="0.299"/>
  <system-out/>
  <testcase classname="NewFrameWork.UserPortalRaffleTech" name="MWCRestApiFuntValidations" time="0.319"/>
  <system-out/>
  <testcase classname="NewFrameWork.UserPortalRaffleTech" name="MWCRestApiFuntValidations" time="0.332"/>
  <system-out/>
  <testcase classname="NewFrameWork.UserPortalRaffleTech" name="MWCRestApiFuntValidations" time="0.289"/>
  <system-out/>
  <testcase classname="NewFrameWork.UserPortalRaffleTech" name="MWCRestApiFuntValidations" time="0.346"/>
  <system-out/>
  <testcase classname="NewFrameWork.UserPortalRaffleTech" name="MWCRestApiFuntValidations" time="1.160"/>
  <system-out/>
  <testcase classname="NewFrameWork.UserPortalRaffleTech" name="MWCRestApiFuntValidations" time="0.992"/>
  <system-out/>
  <testcase classname="NewFrameWork.UserPortalRaffleTech" name="MWCRestApiFuntValidations" time="1.454"/>
  <system-out/>
  <testcase classname="NewFrameWork.UserPortalRaffleTech" name="MWCRestApiFuntValidations" time="0.314"/>
  <system-out/>
  <testcase classname="NewFrameWork.UserPortalRaffleTech" name="MWCRestApiFuntValidations" time="0.306"/>
  <system-out/>
  <testcase classname="NewFrameWork.UserPortalRaffleTech" name="MWCRestApiFuntValidations" time="0.659"/>
  <system-out/>
  <testcase classname="NewFrameWork.UserPortalRaffleTech" name="MWCRestApiFuntValidations" time="0.323"/>
  <system-out/>
  <testcase classname="NewFrameWork.UserPortalRaffleTech" name="MWCRestApiFuntValidations" time="0.282"/>
  <system-out/>
  <testcase classname="NewFrameWork.UserPortalRaffleTech" name="MWCRestApiFuntValidations" time="0.413"/>
  <system-out/>
  <testcase classname="NewFrameWork.UserPortalRaffleTech" name="MWCRestApiFuntValidations" time="0.265"/>
  <system-out/>
  <testcase classname="NewFrameWork.UserPortalRaffleTech" name="MWCRestApiFuntValidations" time="9.400"/>
  <system-out/>
  <testcase classname="NewFrameWork.UserPortalRaffleTech" name="MWCRestApiFuntValidations" time="0.311"/>
  <system-out/>
  <testcase classname="NewFrameWork.UserPortalRaffleTech" name="MWCRestApiFuntValidations" time="0.296"/>
  <system-out/>
  <testcase classname="NewFrameWork.UserPortalRaffleTech" name="MWCRestApiFuntValidations" time="1.049"/>
  <system-out/>
  <testcase classname="NewFrameWork.UserPortalRaffleTech" name="MWCRestApiFuntValidations" time="0.267"/>
  <system-out/>
  <testcase classname="NewFrameWork.UserPortalRaffleTech" name="MWCRestApiFuntValidations" time="1.877"/>
  <system-out/>
  <testcase classname="NewFrameWork.UserPortalRaffleTech" name="MWCRestApiFuntValidations" time="0.296"/>
  <system-out/>
  <testcase classname="NewFrameWork.UserPortalRaffleTech" name="MWCRestApiFuntValidations" time="1.617"/>
  <system-out/>
</testsuite> <!-- NewFrameWork.UserPortalRaffleTech -->
