<?xml version="1.0" encoding="UTF-8"?>
<!-- Generated by org.testng.reporters.JUnitReportReporter -->
<testsuite hostname="DESKTOP-PSRU67J" failures="0" tests="230" name="NewFrameWork.RedevRaffolux" time="250.452" errors="1" timestamp="2024-11-11T13:03:45 IST" skipped="0">
  <testcase classname="NewFrameWork.RedevRaffolux" name="RestApiFuntValidations" time="0.215"/>
  <system-out/>
  <testcase classname="NewFrameWork.RedevRaffolux" name="RestApiFuntValidations" time="0.491"/>
  <system-out/>
  <testcase classname="NewFrameWork.RedevRaffolux" name="RestApiFuntValidations" time="0.488"/>
  <system-out/>
  <testcase classname="NewFrameWork.RedevRaffolux" name="RestApiFuntValidations" time="0.461"/>
  <system-out/>
  <testcase classname="NewFrameWork.RedevRaffolux" name="RestApiFuntValidations" time="0.230"/>
  <system-out/>
  <testcase classname="NewFrameWork.RedevRaffolux" name="RestApiFuntValidations" time="0.217"/>
  <system-out/>
  <testcase classname="NewFrameWork.RedevRaffolux" name="RestApiFuntValidations" time="0.188"/>
  <system-out/>
  <testcase classname="NewFrameWork.RedevRaffolux" name="RestApiFuntValidations" time="4.806"/>
  <system-out/>
  <testcase classname="NewFrameWork.RedevRaffolux" name="RestApiFuntValidations" time="0.237"/>
  <system-out/>
  <testcase classname="NewFrameWork.RedevRaffolux" name="RestApiFuntValidations" time="0.506"/>
  <system-out/>
  <testcase classname="NewFrameWork.RedevRaffolux" name="RestApiFuntValidations" time="0.484"/>
  <system-out/>
  <testcase classname="NewFrameWork.RedevRaffolux" name="RestApiFuntValidations" time="0.241"/>
  <system-out/>
  <testcase classname="NewFrameWork.RedevRaffolux" name="RestApiFuntValidations" time="0.211"/>
  <system-out/>
  <testcase classname="NewFrameWork.RedevRaffolux" name="RestApiFuntValidations" time="0.222"/>
  <system-out/>
  <testcase classname="NewFrameWork.RedevRaffolux" name="RestApiFuntValidations" time="0.626"/>
  <system-out/>
  <testcase classname="NewFrameWork.RedevRaffolux" name="RestApiFuntValidations" time="0.226"/>
  <system-out/>
  <testcase classname="NewFrameWork.RedevRaffolux" name="RestApiFuntValidations" time="0.461"/>
  <system-out/>
  <testcase classname="NewFrameWork.RedevRaffolux" name="RestApiFuntValidations" time="0.486"/>
  <system-out/>
  <testcase classname="NewFrameWork.RedevRaffolux" name="RestApiFuntValidations" time="0.516"/>
  <system-out/>
  <testcase classname="NewFrameWork.RedevRaffolux" name="RestApiFuntValidations" time="0.467"/>
  <system-out/>
  <testcase classname="NewFrameWork.RedevRaffolux" name="RestApiFuntValidations" time="0.490"/>
  <system-out/>
  <testcase classname="NewFrameWork.RedevRaffolux" name="RestApiFuntValidations" time="0.509"/>
  <system-out/>
  <testcase classname="NewFrameWork.RedevRaffolux" name="RestApiFuntValidations" time="0.201"/>
  <system-out/>
  <testcase classname="NewFrameWork.RedevRaffolux" name="RestApiFuntValidations" time="0.209"/>
  <system-out/>
  <testcase classname="NewFrameWork.RedevRaffolux" name="RestApiFuntValidations" time="0.474"/>
  <system-out/>
  <testcase classname="NewFrameWork.RedevRaffolux" name="RestApiFuntValidations" time="0.214"/>
  <system-out/>
  <testcase classname="NewFrameWork.RedevRaffolux" name="RestApiFuntValidations" time="0.180"/>
  <system-out/>
  <testcase classname="NewFrameWork.RedevRaffolux" name="RestApiFuntValidations" time="0.189"/>
  <system-out/>
  <testcase classname="NewFrameWork.RedevRaffolux" name="RestApiFuntValidations" time="6.736"/>
  <system-out/>
  <testcase classname="NewFrameWork.RedevRaffolux" name="RestApiFuntValidations" time="0.507"/>
  <system-out/>
  <testcase classname="NewFrameWork.RedevRaffolux" name="RestApiFuntValidations" time="0.481"/>
  <system-out/>
  <testcase classname="NewFrameWork.RedevRaffolux" name="RestApiFuntValidations" time="0.473"/>
  <system-out/>
  <testcase classname="NewFrameWork.RedevRaffolux" name="RestApiFuntValidations" time="0.548"/>
  <system-out/>
  <testcase classname="NewFrameWork.RedevRaffolux" name="RestApiFuntValidations" time="0.469"/>
  <system-out/>
  <testcase classname="NewFrameWork.RedevRaffolux" name="RestApiFuntValidations" time="0.524"/>
  <system-out/>
  <testcase classname="NewFrameWork.RedevRaffolux" name="RestApiFuntValidations" time="0.499"/>
  <system-out/>
  <testcase classname="NewFrameWork.RedevRaffolux" name="RestApiFuntValidations" time="0.198"/>
  <system-out/>
  <testcase classname="NewFrameWork.RedevRaffolux" name="RestApiFuntValidations" time="0.608"/>
  <system-out/>
  <testcase classname="NewFrameWork.RedevRaffolux" name="RestApiFuntValidations" time="0.211"/>
  <system-out/>
  <testcase classname="NewFrameWork.RedevRaffolux" name="RestApiFuntValidations" time="0.199"/>
  <system-out/>
  <testcase classname="NewFrameWork.RedevRaffolux" name="RestApiFuntValidations" time="0.567"/>
  <system-out/>
  <testcase classname="NewFrameWork.RedevRaffolux" name="RestApiFuntValidations" time="0.472"/>
  <system-out/>
  <testcase classname="NewFrameWork.RedevRaffolux" name="RestApiFuntValidations" time="0.486"/>
  <system-out/>
  <testcase classname="NewFrameWork.RedevRaffolux" name="RestApiFuntValidations" time="0.546"/>
  <system-out/>
  <testcase classname="NewFrameWork.RedevRaffolux" name="RestApiFuntValidations" time="0.207"/>
  <system-out/>
  <testcase classname="NewFrameWork.RedevRaffolux" name="RestApiFuntValidations" time="0.514"/>
  <system-out/>
  <testcase classname="NewFrameWork.RedevRaffolux" name="RestApiFuntValidations" time="0.487"/>
  <system-out/>
  <testcase classname="NewFrameWork.RedevRaffolux" name="RestApiFuntValidations" time="0.249"/>
  <system-out/>
  <testcase classname="NewFrameWork.RedevRaffolux" name="RestApiFuntValidations" time="0.183"/>
  <system-out/>
  <testcase classname="NewFrameWork.RedevRaffolux" name="RestApiFuntValidations" time="0.463"/>
  <system-out/>
  <testcase classname="NewFrameWork.RedevRaffolux" name="RestApiFuntValidations" time="0.178"/>
  <system-out/>
  <testcase classname="NewFrameWork.RedevRaffolux" name="RestApiFuntValidations" time="0.279"/>
  <system-out/>
  <testcase classname="NewFrameWork.RedevRaffolux" name="RestApiFuntValidations" time="0.246"/>
  <system-out/>
  <testcase classname="NewFrameWork.RedevRaffolux" name="RestApiFuntValidations" time="0.194"/>
  <system-out/>
  <testcase classname="NewFrameWork.RedevRaffolux" name="RestApiFuntValidations" time="0.509"/>
  <system-out/>
  <testcase classname="NewFrameWork.RedevRaffolux" name="RestApiFuntValidations" time="0.196"/>
  <system-out/>
  <testcase classname="NewFrameWork.RedevRaffolux" name="RestApiFuntValidations" time="0.492"/>
  <system-out/>
  <testcase classname="NewFrameWork.RedevRaffolux" name="RestApiFuntValidations" time="0.499"/>
  <system-out/>
  <testcase classname="NewFrameWork.RedevRaffolux" name="RestApiFuntValidations" time="0.510"/>
  <system-out/>
  <testcase classname="NewFrameWork.RedevRaffolux" name="RestApiFuntValidations" time="0.216"/>
  <system-out/>
  <testcase classname="NewFrameWork.RedevRaffolux" name="RestApiFuntValidations" time="6.829"/>
  <system-out/>
  <testcase classname="NewFrameWork.RedevRaffolux" name="RestApiFuntValidations" time="0.465"/>
  <system-out/>
  <testcase classname="NewFrameWork.RedevRaffolux" name="RestApiFuntValidations" time="0.220"/>
  <system-out/>
  <testcase classname="NewFrameWork.RedevRaffolux" name="RestApiFuntValidations" time="0.514"/>
  <system-out/>
  <testcase classname="NewFrameWork.RedevRaffolux" name="RestApiFuntValidations" time="0.488"/>
  <system-out/>
  <testcase classname="NewFrameWork.RedevRaffolux" name="RestApiFuntValidations" time="0.543"/>
  <system-out/>
  <testcase classname="NewFrameWork.RedevRaffolux" name="RestApiFuntValidations" time="0.474"/>
  <system-out/>
  <testcase classname="NewFrameWork.RedevRaffolux" name="RestApiFuntValidations" time="0.463"/>
  <system-out/>
  <testcase classname="NewFrameWork.RedevRaffolux" name="RestApiFuntValidations" time="0.490"/>
  <system-out/>
  <testcase classname="NewFrameWork.RedevRaffolux" name="RestApiFuntValidations" time="0.304"/>
  <system-out/>
  <testcase classname="NewFrameWork.RedevRaffolux" name="RestApiFuntValidations" time="0.185"/>
  <system-out/>
  <testcase classname="NewFrameWork.RedevRaffolux" name="RestApiFuntValidations" time="0.247"/>
  <system-out/>
  <testcase classname="NewFrameWork.RedevRaffolux" name="RestApiFuntValidations" time="0.212"/>
  <system-out/>
  <testcase classname="NewFrameWork.RedevRaffolux" name="RestApiFuntValidations" time="0.198"/>
  <system-out/>
  <testcase classname="NewFrameWork.RedevRaffolux" name="RestApiFuntValidations" time="0.491"/>
  <system-out/>
  <testcase classname="NewFrameWork.RedevRaffolux" name="RestApiFuntValidations" time="0.472"/>
  <system-out/>
  <testcase classname="NewFrameWork.RedevRaffolux" name="RestApiFuntValidations" time="0.195"/>
  <system-out/>
  <testcase classname="NewFrameWork.RedevRaffolux" name="RestApiFuntValidations" time="0.498"/>
  <system-out/>
  <testcase classname="NewFrameWork.RedevRaffolux" name="RestApiFuntValidations" time="0.178"/>
  <system-out/>
  <testcase classname="NewFrameWork.RedevRaffolux" name="RestApiFuntValidations" time="0.220"/>
  <system-out/>
  <testcase classname="NewFrameWork.RedevRaffolux" name="RestApiFuntValidations" time="0.591"/>
  <system-out/>
  <testcase classname="NewFrameWork.RedevRaffolux" name="RestApiFuntValidations" time="0.482"/>
  <system-out/>
  <testcase classname="NewFrameWork.RedevRaffolux" name="RestApiFuntValidations" time="0.479"/>
  <system-out/>
  <testcase classname="NewFrameWork.RedevRaffolux" name="RestApiFuntValidations" time="0.487"/>
  <system-out/>
  <testcase classname="NewFrameWork.RedevRaffolux" name="RestApiFuntValidations" time="0.568"/>
  <system-out/>
  <testcase classname="NewFrameWork.RedevRaffolux" name="RestApiFuntValidations" time="6.752"/>
  <system-out/>
  <testcase classname="NewFrameWork.RedevRaffolux" name="RestApiFuntValidations" time="0.525"/>
  <system-out/>
  <testcase classname="NewFrameWork.RedevRaffolux" name="RestApiFuntValidations" time="0.187"/>
  <system-out/>
  <testcase classname="NewFrameWork.RedevRaffolux" name="RestApiFuntValidations" time="0.465"/>
  <system-out/>
  <testcase classname="NewFrameWork.RedevRaffolux" name="RestApiFuntValidations" time="127.541">
    <error message="
[public void NewFrameWork.RedevRaffolux.RestApiFuntValidations(java.lang.String,java.lang.String,java.lang.String,java.lang.String,java.lang.String,double,java.lang.String)] has no parameters defined but was found to be using a data provider (either explicitly specified or inherited from class level annotation).
Data provider mismatch
Method: RestApiFuntValidations([Parameter{index=0, type=java.lang.String, declaredAnnotations=[]}, Parameter{index=1, type=java.lang.String, declaredAnnotations=[]}, Parameter{index=2, type=java.lang.String, declaredAnnotations=[]}, Parameter{index=3, type=java.lang.String, declaredAnnotations=[]}, Parameter{index=4, type=java.lang.String, declaredAnnotations=[]}, Parameter{index=5, type=double, declaredAnnotations=[]}, Parameter{index=6, type=java.lang.String, declaredAnnotations=[]}])
Arguments: [null,null,null,null,null,null,null]" type="org.testng.internal.reflect.MethodMatcherException">
      <![CDATA[org.testng.internal.reflect.MethodMatcherException: 
[public void NewFrameWork.RedevRaffolux.RestApiFuntValidations(java.lang.String,java.lang.String,java.lang.String,java.lang.String,java.lang.String,double,java.lang.String)] has no parameters defined but was found to be using a data provider (either explicitly specified or inherited from class level annotation).
Data provider mismatch
Method: RestApiFuntValidations([Parameter{index=0, type=java.lang.String, declaredAnnotations=[]}, Parameter{index=1, type=java.lang.String, declaredAnnotations=[]}, Parameter{index=2, type=java.lang.String, declaredAnnotations=[]}, Parameter{index=3, type=java.lang.String, declaredAnnotations=[]}, Parameter{index=4, type=java.lang.String, declaredAnnotations=[]}, Parameter{index=5, type=double, declaredAnnotations=[]}, Parameter{index=6, type=java.lang.String, declaredAnnotations=[]}])
Arguments: [null,null,null,null,null,null,null]
at org.testng.internal.reflect.DataProviderMethodMatcher.getConformingArguments(DataProviderMethodMatcher.java:43)
at org.testng.internal.Parameters.injectParameters(Parameters.java:914)
at org.testng.internal.MethodRunner.runInSequence(MethodRunner.java:34)
at org.testng.internal.TestInvoker$MethodInvocationAgent.invoke(TestInvoker.java:824)
at org.testng.internal.TestInvoker.invokeTestMethods(TestInvoker.java:146)
at org.testng.internal.TestMethodWorker.invokeTestMethods(TestMethodWorker.java:146)
at org.testng.internal.TestMethodWorker.run(TestMethodWorker.java:128)
at java.base/java.util.ArrayList.forEach(ArrayList.java:1597)
at org.testng.TestRunner.privateRun(TestRunner.java:794)
at org.testng.TestRunner.run(TestRunner.java:596)
at org.testng.SuiteRunner.runTest(SuiteRunner.java:377)
at org.testng.SuiteRunner.runSequentially(SuiteRunner.java:371)
at org.testng.SuiteRunner.privateRun(SuiteRunner.java:332)
at org.testng.SuiteRunner.run(SuiteRunner.java:276)
at org.testng.SuiteRunnerWorker.runSuite(SuiteRunnerWorker.java:53)
at org.testng.SuiteRunnerWorker.run(SuiteRunnerWorker.java:96)
at org.testng.TestNG.runSuitesSequentially(TestNG.java:1212)
at org.testng.TestNG.runSuitesLocally(TestNG.java:1134)
at org.testng.TestNG.runSuites(TestNG.java:1063)
at org.testng.TestNG.run(TestNG.java:1031)
at org.testng.remote.AbstractRemoteTestNG.run(AbstractRemoteTestNG.java:115)
at org.testng.remote.RemoteTestNG.initAndRun(RemoteTestNG.java:293)
at org.testng.remote.RemoteTestNG.main(RemoteTestNG.java:91)
]]>
    </error>
  </testcase> <!-- RestApiFuntValidations -->
  <system-out/>
  <testcase classname="NewFrameWork.RedevRaffolux" name="RestApiFuntValidations" time="0.505"/>
  <system-out/>
  <testcase classname="NewFrameWork.RedevRaffolux" name="RestApiFuntValidations" time="0.198"/>
  <system-out/>
  <testcase classname="NewFrameWork.RedevRaffolux" name="RestApiFuntValidations" time="0.516"/>
  <system-out/>
  <testcase classname="NewFrameWork.RedevRaffolux" name="RestApiFuntValidations" time="0.205"/>
  <system-out/>
  <testcase classname="NewFrameWork.RedevRaffolux" name="RestApiFuntValidations" time="0.488"/>
  <system-out/>
  <testcase classname="NewFrameWork.RedevRaffolux" name="RestApiFuntValidations" time="3.737"/>
  <system-out/>
  <testcase classname="NewFrameWork.RedevRaffolux" name="RestApiFuntValidations" time="0.462"/>
  <system-out/>
  <testcase classname="NewFrameWork.RedevRaffolux" name="RestApiFuntValidations" time="0.505"/>
  <system-out/>
  <testcase classname="NewFrameWork.RedevRaffolux" name="RestApiFuntValidations" time="0.490"/>
  <system-out/>
  <testcase classname="NewFrameWork.RedevRaffolux" name="RestApiFuntValidations" time="0.484"/>
  <system-out/>
  <testcase classname="NewFrameWork.RedevRaffolux" name="RestApiFuntValidations" time="0.183"/>
  <system-out/>
  <testcase classname="NewFrameWork.RedevRaffolux" name="RestApiFuntValidations" time="0.215"/>
  <system-out/>
  <testcase classname="NewFrameWork.RedevRaffolux" name="RestApiFuntValidations" time="0.522"/>
  <system-out/>
  <testcase classname="NewFrameWork.RedevRaffolux" name="RestApiFuntValidations" time="0.470"/>
  <system-out/>
  <testcase classname="NewFrameWork.RedevRaffolux" name="RestApiFuntValidations" time="0.517"/>
  <system-out/>
  <testcase classname="NewFrameWork.RedevRaffolux" name="RestApiFuntValidations" time="0.464"/>
  <system-out/>
  <testcase classname="NewFrameWork.RedevRaffolux" name="RestApiFuntValidations" time="0.234"/>
  <system-out/>
  <testcase classname="NewFrameWork.RedevRaffolux" name="RestApiFuntValidations" time="0.467"/>
  <system-out/>
  <testcase classname="NewFrameWork.RedevRaffolux" name="RestApiFuntValidations" time="0.513"/>
  <system-out/>
  <testcase classname="NewFrameWork.RedevRaffolux" name="RestApiFuntValidations" time="0.524"/>
  <system-out/>
  <testcase classname="NewFrameWork.RedevRaffolux" name="RestApiFuntValidations" time="0.528"/>
  <system-out/>
  <testcase classname="NewFrameWork.RedevRaffolux" name="RestApiFuntValidations" time="0.219"/>
  <system-out/>
  <testcase classname="NewFrameWork.RedevRaffolux" name="RestApiFuntValidations" time="0.475"/>
  <system-out/>
  <testcase classname="NewFrameWork.RedevRaffolux" name="RestApiFuntValidations" time="0.195"/>
  <system-out/>
  <testcase classname="NewFrameWork.RedevRaffolux" name="RestApiFuntValidations" time="0.521"/>
  <system-out/>
  <testcase classname="NewFrameWork.RedevRaffolux" name="RestApiFuntValidations" time="0.477"/>
  <system-out/>
  <testcase classname="NewFrameWork.RedevRaffolux" name="RestApiFuntValidations" time="0.200"/>
  <system-out/>
  <testcase classname="NewFrameWork.RedevRaffolux" name="RestApiFuntValidations" time="0.185"/>
  <system-out/>
  <testcase classname="NewFrameWork.RedevRaffolux" name="RestApiFuntValidations" time="0.526"/>
  <system-out/>
  <testcase classname="NewFrameWork.RedevRaffolux" name="RestApiFuntValidations" time="1.362"/>
  <system-out/>
  <testcase classname="NewFrameWork.RedevRaffolux" name="RestApiFuntValidations" time="0.202"/>
  <system-out/>
  <testcase classname="NewFrameWork.RedevRaffolux" name="RestApiFuntValidations" time="0.213"/>
  <system-out/>
  <testcase classname="NewFrameWork.RedevRaffolux" name="RestApiFuntValidations" time="0.521"/>
  <system-out/>
  <testcase classname="NewFrameWork.RedevRaffolux" name="RestApiFuntValidations" time="0.227"/>
  <system-out/>
  <testcase classname="NewFrameWork.RedevRaffolux" name="RestApiFuntValidations" time="0.468"/>
  <system-out/>
  <testcase classname="NewFrameWork.RedevRaffolux" name="RestApiFuntValidations" time="0.509"/>
  <system-out/>
  <testcase classname="NewFrameWork.RedevRaffolux" name="RestApiFuntValidations" time="0.464"/>
  <system-out/>
  <testcase classname="NewFrameWork.RedevRaffolux" name="RestApiFuntValidations" time="0.461"/>
  <system-out/>
  <testcase classname="NewFrameWork.RedevRaffolux" name="RestApiFuntValidations" time="0.513"/>
  <system-out/>
  <testcase classname="NewFrameWork.RedevRaffolux" name="RestApiFuntValidations" time="0.481"/>
  <system-out/>
  <testcase classname="NewFrameWork.RedevRaffolux" name="RestApiFuntValidations" time="0.495"/>
  <system-out/>
  <testcase classname="NewFrameWork.RedevRaffolux" name="RestApiFuntValidations" time="0.559"/>
  <system-out/>
  <testcase classname="NewFrameWork.RedevRaffolux" name="RestApiFuntValidations" time="0.188"/>
  <system-out/>
  <testcase classname="NewFrameWork.RedevRaffolux" name="RestApiFuntValidations" time="0.516"/>
  <system-out/>
  <testcase classname="NewFrameWork.RedevRaffolux" name="RestApiFuntValidations" time="0.238"/>
  <system-out/>
  <testcase classname="NewFrameWork.RedevRaffolux" name="RestApiFuntValidations" time="1.890"/>
  <system-out/>
  <testcase classname="NewFrameWork.RedevRaffolux" name="RestApiFuntValidations" time="0.247"/>
  <system-out/>
  <testcase classname="NewFrameWork.RedevRaffolux" name="RestApiFuntValidations" time="0.288"/>
  <system-out/>
  <testcase classname="NewFrameWork.RedevRaffolux" name="RestApiFuntValidations" time="0.184"/>
  <system-out/>
  <testcase classname="NewFrameWork.RedevRaffolux" name="RestApiFuntValidations" time="0.207"/>
  <system-out/>
  <testcase classname="NewFrameWork.RedevRaffolux" name="RestApiFuntValidations" time="0.192"/>
  <system-out/>
  <testcase classname="NewFrameWork.RedevRaffolux" name="RestApiFuntValidations" time="0.469"/>
  <system-out/>
  <testcase classname="NewFrameWork.RedevRaffolux" name="RestApiFuntValidations" time="0.267"/>
  <system-out/>
  <testcase classname="NewFrameWork.RedevRaffolux" name="RestApiFuntValidations" time="0.450"/>
  <system-out/>
  <testcase classname="NewFrameWork.RedevRaffolux" name="RestApiFuntValidations" time="0.460"/>
  <system-out/>
  <testcase classname="NewFrameWork.RedevRaffolux" name="RestApiFuntValidations" time="0.231"/>
  <system-out/>
  <testcase classname="NewFrameWork.RedevRaffolux" name="RestApiFuntValidations" time="0.188"/>
  <system-out/>
  <testcase classname="NewFrameWork.RedevRaffolux" name="RestApiFuntValidations" time="0.471"/>
  <system-out/>
  <testcase classname="NewFrameWork.RedevRaffolux" name="RestApiFuntValidations" time="0.468"/>
  <system-out/>
  <testcase classname="NewFrameWork.RedevRaffolux" name="RestApiFuntValidations" time="0.487"/>
  <system-out/>
  <testcase classname="NewFrameWork.RedevRaffolux" name="RestApiFuntValidations" time="0.190"/>
  <system-out/>
  <testcase classname="NewFrameWork.RedevRaffolux" name="RestApiFuntValidations" time="0.469"/>
  <system-out/>
  <testcase classname="NewFrameWork.RedevRaffolux" name="RestApiFuntValidations" time="0.182"/>
  <system-out/>
  <testcase classname="NewFrameWork.RedevRaffolux" name="RestApiFuntValidations" time="0.478"/>
  <system-out/>
  <testcase classname="NewFrameWork.RedevRaffolux" name="RestApiFuntValidations" time="0.473"/>
  <system-out/>
  <testcase classname="NewFrameWork.RedevRaffolux" name="RestApiFuntValidations" time="0.458"/>
  <system-out/>
  <testcase classname="NewFrameWork.RedevRaffolux" name="RestApiFuntValidations" time="0.463"/>
  <system-out/>
  <testcase classname="NewFrameWork.RedevRaffolux" name="RestApiFuntValidations" time="0.205"/>
  <system-out/>
  <testcase classname="NewFrameWork.RedevRaffolux" name="RestApiFuntValidations" time="0.469"/>
  <system-out/>
  <testcase classname="NewFrameWork.RedevRaffolux" name="RestApiFuntValidations" time="0.212"/>
  <system-out/>
  <testcase classname="NewFrameWork.RedevRaffolux" name="RestApiFuntValidations" time="0.205"/>
  <system-out/>
  <testcase classname="NewFrameWork.RedevRaffolux" name="RestApiFuntValidations" time="0.518"/>
  <system-out/>
  <testcase classname="NewFrameWork.RedevRaffolux" name="RestApiFuntValidations" time="0.251"/>
  <system-out/>
  <testcase classname="NewFrameWork.RedevRaffolux" name="RestApiFuntValidations" time="0.466"/>
  <system-out/>
  <testcase classname="NewFrameWork.RedevRaffolux" name="RestApiFuntValidations" time="0.209"/>
  <system-out/>
  <testcase classname="NewFrameWork.RedevRaffolux" name="RestApiFuntValidations" time="0.190"/>
  <system-out/>
  <testcase classname="NewFrameWork.RedevRaffolux" name="RestApiFuntValidations" time="0.213"/>
  <system-out/>
  <testcase classname="NewFrameWork.RedevRaffolux" name="RestApiFuntValidations" time="0.530"/>
  <system-out/>
  <testcase classname="NewFrameWork.RedevRaffolux" name="RestApiFuntValidations" time="0.484"/>
  <system-out/>
  <testcase classname="NewFrameWork.RedevRaffolux" name="RestApiFuntValidations" time="0.491"/>
  <system-out/>
  <testcase classname="NewFrameWork.RedevRaffolux" name="RestApiFuntValidations" time="0.476"/>
  <system-out/>
  <testcase classname="NewFrameWork.RedevRaffolux" name="RestApiFuntValidations" time="0.510"/>
  <system-out/>
  <testcase classname="NewFrameWork.RedevRaffolux" name="RestApiFuntValidations" time="0.474"/>
  <system-out/>
  <testcase classname="NewFrameWork.RedevRaffolux" name="RestApiFuntValidations" time="0.494"/>
  <system-out/>
  <testcase classname="NewFrameWork.RedevRaffolux" name="RestApiFuntValidations" time="0.229"/>
  <system-out/>
  <testcase classname="NewFrameWork.RedevRaffolux" name="RestApiFuntValidations" time="0.475"/>
  <system-out/>
  <testcase classname="NewFrameWork.RedevRaffolux" name="RestApiFuntValidations" time="0.506"/>
  <system-out/>
  <testcase classname="NewFrameWork.RedevRaffolux" name="RestApiFuntValidations" time="0.240"/>
  <system-out/>
  <testcase classname="NewFrameWork.RedevRaffolux" name="RestApiFuntValidations" time="0.183"/>
  <system-out/>
  <testcase classname="NewFrameWork.RedevRaffolux" name="RestApiFuntValidations" time="0.201"/>
  <system-out/>
  <testcase classname="NewFrameWork.RedevRaffolux" name="RestApiFuntValidations" time="0.499"/>
  <system-out/>
  <testcase classname="NewFrameWork.RedevRaffolux" name="RestApiFuntValidations" time="0.473"/>
  <system-out/>
  <testcase classname="NewFrameWork.RedevRaffolux" name="RestApiFuntValidations" time="0.527"/>
  <system-out/>
  <testcase classname="NewFrameWork.RedevRaffolux" name="RestApiFuntValidations" time="0.229"/>
  <system-out/>
  <testcase classname="NewFrameWork.RedevRaffolux" name="RestApiFuntValidations" time="0.491"/>
  <system-out/>
  <testcase classname="NewFrameWork.RedevRaffolux" name="RestApiFuntValidations" time="0.225"/>
  <system-out/>
  <testcase classname="NewFrameWork.RedevRaffolux" name="RestApiFuntValidations" time="0.519"/>
  <system-out/>
  <testcase classname="NewFrameWork.RedevRaffolux" name="RestApiFuntValidations" time="0.235"/>
  <system-out/>
  <testcase classname="NewFrameWork.RedevRaffolux" name="RestApiFuntValidations" time="0.481"/>
  <system-out/>
  <testcase classname="NewFrameWork.RedevRaffolux" name="RestApiFuntValidations" time="0.476"/>
  <system-out/>
  <testcase classname="NewFrameWork.RedevRaffolux" name="RestApiFuntValidations" time="0.484"/>
  <system-out/>
  <testcase classname="NewFrameWork.RedevRaffolux" name="RestApiFuntValidations" time="0.474"/>
  <system-out/>
  <testcase classname="NewFrameWork.RedevRaffolux" name="RestApiFuntValidations" time="0.191"/>
  <system-out/>
  <testcase classname="NewFrameWork.RedevRaffolux" name="RestApiFuntValidations" time="0.469"/>
  <system-out/>
  <testcase classname="NewFrameWork.RedevRaffolux" name="RestApiFuntValidations" time="0.189"/>
  <system-out/>
  <testcase classname="NewFrameWork.RedevRaffolux" name="RestApiFuntValidations" time="0.247"/>
  <system-out/>
  <testcase classname="NewFrameWork.RedevRaffolux" name="RestApiFuntValidations" time="0.178"/>
  <system-out/>
  <testcase classname="NewFrameWork.RedevRaffolux" name="RestApiFuntValidations" time="0.500"/>
  <system-out/>
  <testcase classname="NewFrameWork.RedevRaffolux" name="RestApiFuntValidations" time="0.511"/>
  <system-out/>
  <testcase classname="NewFrameWork.RedevRaffolux" name="RestApiFuntValidations" time="0.235"/>
  <system-out/>
  <testcase classname="NewFrameWork.RedevRaffolux" name="RestApiFuntValidations" time="0.460"/>
  <system-out/>
  <testcase classname="NewFrameWork.RedevRaffolux" name="RestApiFuntValidations" time="0.594"/>
  <system-out/>
  <testcase classname="NewFrameWork.RedevRaffolux" name="RestApiFuntValidations" time="0.212"/>
  <system-out/>
  <testcase classname="NewFrameWork.RedevRaffolux" name="RestApiFuntValidations" time="6.689"/>
  <system-out/>
  <testcase classname="NewFrameWork.RedevRaffolux" name="RestApiFuntValidations" time="0.473"/>
  <system-out/>
  <testcase classname="NewFrameWork.RedevRaffolux" name="RestApiFuntValidations" time="0.192"/>
  <system-out/>
  <testcase classname="NewFrameWork.RedevRaffolux" name="RestApiFuntValidations" time="0.187"/>
  <system-out/>
  <testcase classname="NewFrameWork.RedevRaffolux" name="RestApiFuntValidations" time="0.454"/>
  <system-out/>
  <testcase classname="NewFrameWork.RedevRaffolux" name="RestApiFuntValidations" time="0.459"/>
  <system-out/>
  <testcase classname="NewFrameWork.RedevRaffolux" name="RestApiFuntValidations" time="0.474"/>
  <system-out/>
  <testcase classname="NewFrameWork.RedevRaffolux" name="RestApiFuntValidations" time="0.490"/>
  <system-out/>
  <testcase classname="NewFrameWork.RedevRaffolux" name="RestApiFuntValidations" time="0.220"/>
  <system-out/>
  <testcase classname="NewFrameWork.RedevRaffolux" name="RestApiFuntValidations" time="0.284"/>
  <system-out/>
  <testcase classname="NewFrameWork.RedevRaffolux" name="RestApiFuntValidations" time="0.446"/>
  <system-out/>
  <testcase classname="NewFrameWork.RedevRaffolux" name="RestApiFuntValidations" time="0.467"/>
  <system-out/>
  <testcase classname="NewFrameWork.RedevRaffolux" name="RestApiFuntValidations" time="0.211"/>
  <system-out/>
  <testcase classname="NewFrameWork.RedevRaffolux" name="RestApiFuntValidations" time="0.466"/>
  <system-out/>
  <testcase classname="NewFrameWork.RedevRaffolux" name="RestApiFuntValidations" time="0.509"/>
  <system-out/>
  <testcase classname="NewFrameWork.RedevRaffolux" name="RestApiFuntValidations" time="0.490"/>
  <system-out/>
  <testcase classname="NewFrameWork.RedevRaffolux" name="RestApiFuntValidations" time="0.481"/>
  <system-out/>
  <testcase classname="NewFrameWork.RedevRaffolux" name="RestApiFuntValidations" time="0.281"/>
  <system-out/>
  <testcase classname="NewFrameWork.RedevRaffolux" name="RestApiFuntValidations" time="0.526"/>
  <system-out/>
  <testcase classname="NewFrameWork.RedevRaffolux" name="RestApiFuntValidations" time="0.506"/>
  <system-out/>
  <testcase classname="NewFrameWork.RedevRaffolux" name="RestApiFuntValidations" time="0.248"/>
  <system-out/>
  <testcase classname="NewFrameWork.RedevRaffolux" name="RestApiFuntValidations" time="0.481"/>
  <system-out/>
  <testcase classname="NewFrameWork.RedevRaffolux" name="RestApiFuntValidations" time="0.508"/>
  <system-out/>
  <testcase classname="NewFrameWork.RedevRaffolux" name="RestApiFuntValidations" time="0.476"/>
  <system-out/>
  <testcase classname="NewFrameWork.RedevRaffolux" name="RestApiFuntValidations" time="0.217"/>
  <system-out/>
  <testcase classname="NewFrameWork.RedevRaffolux" name="RestApiFuntValidations" time="0.300"/>
  <system-out/>
  <testcase classname="NewFrameWork.RedevRaffolux" name="RestApiFuntValidations" time="0.179"/>
  <system-out/>
</testsuite> <!-- NewFrameWork.RedevRaffolux -->
