<?xml version="1.0" encoding="UTF-8"?>
<!-- Generated by org.testng.reporters.JUnitReportReporter -->
<testsuite hostname="DESKTOP-PSRU67J" failures="0" tests="24" name="NewFrameWork.RaiseHeroClientPortalTestClass" time="9.894" errors="0" timestamp="2024-11-11T15:56:39 IST" skipped="0">
  <testcase classname="NewFrameWork.RaiseHeroClientPortalTestClass" name="RestApiFuntValidations" time="1.022"/>
  <system-out/>
  <testcase classname="NewFrameWork.RaiseHeroClientPortalTestClass" name="RestApiFuntValidations" time="0.162"/>
  <system-out/>
  <testcase classname="NewFrameWork.RaiseHeroClientPortalTestClass" name="RestApiFuntValidations" time="0.678"/>
  <system-out/>
  <testcase classname="NewFrameWork.RaiseHeroClientPortalTestClass" name="RestApiFuntValidations" time="0.151"/>
  <system-out/>
  <testcase classname="NewFrameWork.RaiseHeroClientPortalTestClass" name="RestApiFuntValidations" time="0.128"/>
  <system-out/>
  <testcase classname="NewFrameWork.RaiseHeroClientPortalTestClass" name="RestApiFuntValidations" time="0.169"/>
  <system-out/>
  <testcase classname="NewFrameWork.RaiseHeroClientPortalTestClass" name="RestApiFuntValidations" time="0.476"/>
  <system-out/>
  <testcase classname="NewFrameWork.RaiseHeroClientPortalTestClass" name="RestApiFuntValidations" time="0.166"/>
  <system-out/>
  <testcase classname="NewFrameWork.RaiseHeroClientPortalTestClass" name="RestApiFuntValidations" time="0.243"/>
  <system-out/>
  <testcase classname="NewFrameWork.RaiseHeroClientPortalTestClass" name="RestApiFuntValidations" time="0.129"/>
  <system-out/>
  <testcase classname="NewFrameWork.RaiseHeroClientPortalTestClass" name="RestApiFuntValidations" time="0.160"/>
  <system-out/>
  <testcase classname="NewFrameWork.RaiseHeroClientPortalTestClass" name="RestApiFuntValidations" time="0.170"/>
  <system-out/>
  <testcase classname="NewFrameWork.RaiseHeroClientPortalTestClass" name="RestApiFuntValidations" time="0.194"/>
  <system-out/>
  <testcase classname="NewFrameWork.RaiseHeroClientPortalTestClass" name="RestApiFuntValidations" time="0.127"/>
  <system-out/>
  <testcase classname="NewFrameWork.RaiseHeroClientPortalTestClass" name="RestApiFuntValidations" time="0.174"/>
  <system-out/>
  <testcase classname="NewFrameWork.RaiseHeroClientPortalTestClass" name="RestApiFuntValidations" time="0.256"/>
  <system-out/>
  <testcase classname="NewFrameWork.RaiseHeroClientPortalTestClass" name="RestApiFuntValidations" time="4.377"/>
  <system-out/>
  <testcase classname="NewFrameWork.RaiseHeroClientPortalTestClass" name="RestApiFuntValidations" time="0.136"/>
  <system-out/>
  <testcase classname="NewFrameWork.RaiseHeroClientPortalTestClass" name="RestApiFuntValidations" time="0.154"/>
  <system-out/>
  <testcase classname="NewFrameWork.RaiseHeroClientPortalTestClass" name="RestApiFuntValidations" time="0.130"/>
  <system-out/>
  <testcase classname="NewFrameWork.RaiseHeroClientPortalTestClass" name="RestApiFuntValidations" time="0.181"/>
  <system-out/>
  <testcase classname="NewFrameWork.RaiseHeroClientPortalTestClass" name="RestApiFuntValidations" time="0.148"/>
  <system-out/>
  <testcase classname="NewFrameWork.RaiseHeroClientPortalTestClass" name="RestApiFuntValidations" time="0.192"/>
  <system-out/>
  <testcase classname="NewFrameWork.RaiseHeroClientPortalTestClass" name="RestApiFuntValidations" time="0.171"/>
  <system-out/>
</testsuite> <!-- NewFrameWork.RaiseHeroClientPortalTestClass -->
