<?xml version="1.0" encoding="UTF-8"?>
<!-- Generated by org.testng.reporters.JUnitReportReporter -->
<testsuite hostname="DESKTOP-4EHNAOM" failures="0" tests="245" name="com.MonacoTesting.MonacoTestClass" time="45.140" errors="0" timestamp="2024-05-23T15:34:42 IST" skipped="0">
  <testcase classname="com.MonacoTesting.MonacoTestClass" name="MWCRestApiFuntValidations" time="0.139"/>
  <system-out/>
  <testcase classname="com.MonacoTesting.MonacoTestClass" name="MWCRestApiFuntValidations" time="0.105"/>
  <system-out/>
  <testcase classname="com.MonacoTesting.MonacoTestClass" name="MWCRestApiFuntValidations" time="0.156"/>
  <system-out/>
  <testcase classname="com.MonacoTesting.MonacoTestClass" name="MWCRestApiFuntValidations" time="0.117"/>
  <system-out/>
  <testcase classname="com.MonacoTesting.MonacoTestClass" name="MWCRestApiFuntValidations" time="0.099"/>
  <system-out/>
  <testcase classname="com.MonacoTesting.MonacoTestClass" name="MWCRestApiFuntValidations" time="0.124"/>
  <system-out/>
  <testcase classname="com.MonacoTesting.MonacoTestClass" name="MWCRestApiFuntValidations" time="0.096"/>
  <system-out/>
  <testcase classname="com.MonacoTesting.MonacoTestClass" name="MWCRestApiFuntValidations" time="0.133"/>
  <system-out/>
  <testcase classname="com.MonacoTesting.MonacoTestClass" name="MWCRestApiFuntValidations" time="0.122"/>
  <system-out/>
  <testcase classname="com.MonacoTesting.MonacoTestClass" name="MWCRestApiFuntValidations" time="0.103"/>
  <system-out/>
  <testcase classname="com.MonacoTesting.MonacoTestClass" name="MWCRestApiFuntValidations" time="0.102"/>
  <system-out/>
  <testcase classname="com.MonacoTesting.MonacoTestClass" name="MWCRestApiFuntValidations" time="0.099"/>
  <system-out/>
  <testcase classname="com.MonacoTesting.MonacoTestClass" name="MWCRestApiFuntValidations" time="0.130"/>
  <system-out/>
  <testcase classname="com.MonacoTesting.MonacoTestClass" name="MWCRestApiFuntValidations" time="0.180"/>
  <system-out/>
  <testcase classname="com.MonacoTesting.MonacoTestClass" name="MWCRestApiFuntValidations" time="0.171"/>
  <system-out/>
  <testcase classname="com.MonacoTesting.MonacoTestClass" name="MWCRestApiFuntValidations" time="0.122"/>
  <system-out/>
  <testcase classname="com.MonacoTesting.MonacoTestClass" name="MWCRestApiFuntValidations" time="0.121"/>
  <system-out/>
  <testcase classname="com.MonacoTesting.MonacoTestClass" name="MWCRestApiFuntValidations" time="0.096"/>
  <system-out/>
  <testcase classname="com.MonacoTesting.MonacoTestClass" name="MWCRestApiFuntValidations" time="0.178"/>
  <system-out/>
  <testcase classname="com.MonacoTesting.MonacoTestClass" name="MWCRestApiFuntValidations" time="0.097"/>
  <system-out/>
  <testcase classname="com.MonacoTesting.MonacoTestClass" name="MWCRestApiFuntValidations" time="0.097"/>
  <system-out/>
  <testcase classname="com.MonacoTesting.MonacoTestClass" name="MWCRestApiFuntValidations" time="0.444"/>
  <system-out/>
  <testcase classname="com.MonacoTesting.MonacoTestClass" name="MWCRestApiFuntValidations" time="0.117"/>
  <system-out/>
  <testcase classname="com.MonacoTesting.MonacoTestClass" name="MWCRestApiFuntValidations" time="0.136"/>
  <system-out/>
  <testcase classname="com.MonacoTesting.MonacoTestClass" name="MWCRestApiFuntValidations" time="0.116"/>
  <system-out/>
  <testcase classname="com.MonacoTesting.MonacoTestClass" name="MWCRestApiFuntValidations" time="0.164"/>
  <system-out/>
  <testcase classname="com.MonacoTesting.MonacoTestClass" name="MWCRestApiFuntValidations" time="0.103"/>
  <system-out/>
  <testcase classname="com.MonacoTesting.MonacoTestClass" name="MWCRestApiFuntValidations" time="0.117"/>
  <system-out/>
  <testcase classname="com.MonacoTesting.MonacoTestClass" name="MWCRestApiFuntValidations" time="0.128"/>
  <system-out/>
  <testcase classname="com.MonacoTesting.MonacoTestClass" name="MWCRestApiFuntValidations" time="0.268"/>
  <system-out/>
  <testcase classname="com.MonacoTesting.MonacoTestClass" name="MWCRestApiFuntValidations" time="0.105"/>
  <system-out/>
  <testcase classname="com.MonacoTesting.MonacoTestClass" name="MWCRestApiFuntValidations" time="0.221"/>
  <system-out/>
  <testcase classname="com.MonacoTesting.MonacoTestClass" name="MWCRestApiFuntValidations" time="0.126"/>
  <system-out/>
  <testcase classname="com.MonacoTesting.MonacoTestClass" name="MWCRestApiFuntValidations" time="0.162"/>
  <system-out/>
  <testcase classname="com.MonacoTesting.MonacoTestClass" name="MWCRestApiFuntValidations" time="0.122"/>
  <system-out/>
  <testcase classname="com.MonacoTesting.MonacoTestClass" name="MWCRestApiFuntValidations" time="0.109"/>
  <system-out/>
  <testcase classname="com.MonacoTesting.MonacoTestClass" name="MWCRestApiFuntValidations" time="0.131"/>
  <system-out/>
  <testcase classname="com.MonacoTesting.MonacoTestClass" name="MWCRestApiFuntValidations" time="0.141"/>
  <system-out/>
  <testcase classname="com.MonacoTesting.MonacoTestClass" name="MWCRestApiFuntValidations" time="0.100"/>
  <system-out/>
  <testcase classname="com.MonacoTesting.MonacoTestClass" name="MWCRestApiFuntValidations" time="0.242"/>
  <system-out/>
  <testcase classname="com.MonacoTesting.MonacoTestClass" name="MWCRestApiFuntValidations" time="0.705"/>
  <system-out/>
  <testcase classname="com.MonacoTesting.MonacoTestClass" name="MWCRestApiFuntValidations" time="0.098"/>
  <system-out/>
  <testcase classname="com.MonacoTesting.MonacoTestClass" name="MWCRestApiFuntValidations" time="0.239"/>
  <system-out/>
  <testcase classname="com.MonacoTesting.MonacoTestClass" name="MWCRestApiFuntValidations" time="0.120"/>
  <system-out/>
  <testcase classname="com.MonacoTesting.MonacoTestClass" name="MWCRestApiFuntValidations" time="0.097"/>
  <system-out/>
  <testcase classname="com.MonacoTesting.MonacoTestClass" name="MWCRestApiFuntValidations" time="0.172"/>
  <system-out/>
  <testcase classname="com.MonacoTesting.MonacoTestClass" name="MWCRestApiFuntValidations" time="0.116"/>
  <system-out/>
  <testcase classname="com.MonacoTesting.MonacoTestClass" name="MWCRestApiFuntValidations" time="0.271"/>
  <system-out/>
  <testcase classname="com.MonacoTesting.MonacoTestClass" name="MWCRestApiFuntValidations" time="0.118"/>
  <system-out/>
  <testcase classname="com.MonacoTesting.MonacoTestClass" name="MWCRestApiFuntValidations" time="0.098"/>
  <system-out/>
  <testcase classname="com.MonacoTesting.MonacoTestClass" name="MWCRestApiFuntValidations" time="0.144"/>
  <system-out/>
  <testcase classname="com.MonacoTesting.MonacoTestClass" name="MWCRestApiFuntValidations" time="0.126"/>
  <system-out/>
  <testcase classname="com.MonacoTesting.MonacoTestClass" name="MWCRestApiFuntValidations" time="0.104"/>
  <system-out/>
  <testcase classname="com.MonacoTesting.MonacoTestClass" name="MWCRestApiFuntValidations" time="0.113"/>
  <system-out/>
  <testcase classname="com.MonacoTesting.MonacoTestClass" name="MWCRestApiFuntValidations" time="0.152"/>
  <system-out/>
  <testcase classname="com.MonacoTesting.MonacoTestClass" name="MWCRestApiFuntValidations" time="0.113"/>
  <system-out/>
  <testcase classname="com.MonacoTesting.MonacoTestClass" name="MWCRestApiFuntValidations" time="0.098"/>
  <system-out/>
  <testcase classname="com.MonacoTesting.MonacoTestClass" name="MWCRestApiFuntValidations" time="0.131"/>
  <system-out/>
  <testcase classname="com.MonacoTesting.MonacoTestClass" name="MWCRestApiFuntValidations" time="0.101"/>
  <system-out/>
  <testcase classname="com.MonacoTesting.MonacoTestClass" name="MWCRestApiFuntValidations" time="0.069"/>
  <system-out/>
  <testcase classname="com.MonacoTesting.MonacoTestClass" name="MWCRestApiFuntValidations" time="0.099"/>
  <system-out/>
  <testcase classname="com.MonacoTesting.MonacoTestClass" name="MWCRestApiFuntValidations" time="0.083"/>
  <system-out/>
  <testcase classname="com.MonacoTesting.MonacoTestClass" name="MWCRestApiFuntValidations" time="0.125"/>
  <system-out/>
  <testcase classname="com.MonacoTesting.MonacoTestClass" name="MWCRestApiFuntValidations" time="0.302"/>
  <system-out/>
  <testcase classname="com.MonacoTesting.MonacoTestClass" name="MWCRestApiFuntValidations" time="0.148"/>
  <system-out/>
  <testcase classname="com.MonacoTesting.MonacoTestClass" name="MWCRestApiFuntValidations" time="0.148"/>
  <system-out/>
  <testcase classname="com.MonacoTesting.MonacoTestClass" name="MWCRestApiFuntValidations" time="0.330"/>
  <system-out/>
  <testcase classname="com.MonacoTesting.MonacoTestClass" name="MWCRestApiFuntValidations" time="0.068"/>
  <system-out/>
  <testcase classname="com.MonacoTesting.MonacoTestClass" name="MWCRestApiFuntValidations" time="0.325"/>
  <system-out/>
  <testcase classname="com.MonacoTesting.MonacoTestClass" name="MWCRestApiFuntValidations" time="0.107"/>
  <system-out/>
  <testcase classname="com.MonacoTesting.MonacoTestClass" name="MWCRestApiFuntValidations" time="0.223"/>
  <system-out/>
  <testcase classname="com.MonacoTesting.MonacoTestClass" name="MWCRestApiFuntValidations" time="0.180"/>
  <system-out/>
  <testcase classname="com.MonacoTesting.MonacoTestClass" name="MWCRestApiFuntValidations" time="0.106"/>
  <system-out/>
  <testcase classname="com.MonacoTesting.MonacoTestClass" name="MWCRestApiFuntValidations" time="0.779"/>
  <system-out/>
  <testcase classname="com.MonacoTesting.MonacoTestClass" name="MWCRestApiFuntValidations" time="0.206"/>
  <system-out/>
  <testcase classname="com.MonacoTesting.MonacoTestClass" name="MWCRestApiFuntValidations" time="0.123"/>
  <system-out/>
  <testcase classname="com.MonacoTesting.MonacoTestClass" name="MWCRestApiFuntValidations" time="0.185"/>
  <system-out/>
  <testcase classname="com.MonacoTesting.MonacoTestClass" name="MWCRestApiFuntValidations" time="0.110"/>
  <system-out/>
  <testcase classname="com.MonacoTesting.MonacoTestClass" name="MWCRestApiFuntValidations" time="0.106"/>
  <system-out/>
  <testcase classname="com.MonacoTesting.MonacoTestClass" name="MWCRestApiFuntValidations" time="0.136"/>
  <system-out/>
  <testcase classname="com.MonacoTesting.MonacoTestClass" name="MWCRestApiFuntValidations" time="0.110"/>
  <system-out/>
  <testcase classname="com.MonacoTesting.MonacoTestClass" name="MWCRestApiFuntValidations" time="0.181"/>
  <system-out/>
  <testcase classname="com.MonacoTesting.MonacoTestClass" name="MWCRestApiFuntValidations" time="1.122"/>
  <system-out/>
  <testcase classname="com.MonacoTesting.MonacoTestClass" name="MWCRestApiFuntValidations" time="0.105"/>
  <system-out/>
  <testcase classname="com.MonacoTesting.MonacoTestClass" name="MWCRestApiFuntValidations" time="0.083"/>
  <system-out/>
  <testcase classname="com.MonacoTesting.MonacoTestClass" name="MWCRestApiFuntValidations" time="0.114"/>
  <system-out/>
  <testcase classname="com.MonacoTesting.MonacoTestClass" name="MWCRestApiFuntValidations" time="0.082"/>
  <system-out/>
  <testcase classname="com.MonacoTesting.MonacoTestClass" name="MWCRestApiFuntValidations" time="0.104"/>
  <system-out/>
  <testcase classname="com.MonacoTesting.MonacoTestClass" name="MWCRestApiFuntValidations" time="0.124"/>
  <system-out/>
  <testcase classname="com.MonacoTesting.MonacoTestClass" name="MWCRestApiFuntValidations" time="0.249"/>
  <system-out/>
  <testcase classname="com.MonacoTesting.MonacoTestClass" name="MWCRestApiFuntValidations" time="0.117"/>
  <system-out/>
  <testcase classname="com.MonacoTesting.MonacoTestClass" name="MWCRestApiFuntValidations" time="0.114"/>
  <system-out/>
  <testcase classname="com.MonacoTesting.MonacoTestClass" name="MWCRestApiFuntValidations" time="0.294"/>
  <system-out/>
  <testcase classname="com.MonacoTesting.MonacoTestClass" name="MWCRestApiFuntValidations" time="0.147"/>
  <system-out/>
  <testcase classname="com.MonacoTesting.MonacoTestClass" name="MWCRestApiFuntValidations" time="0.096"/>
  <system-out/>
  <testcase classname="com.MonacoTesting.MonacoTestClass" name="MWCRestApiFuntValidations" time="0.823"/>
  <system-out/>
  <testcase classname="com.MonacoTesting.MonacoTestClass" name="MWCRestApiFuntValidations" time="0.124"/>
  <system-out/>
  <testcase classname="com.MonacoTesting.MonacoTestClass" name="MWCRestApiFuntValidations" time="0.201"/>
  <system-out/>
  <testcase classname="com.MonacoTesting.MonacoTestClass" name="MWCRestApiFuntValidations" time="0.103"/>
  <system-out/>
  <testcase classname="com.MonacoTesting.MonacoTestClass" name="MWCRestApiFuntValidations" time="0.102"/>
  <system-out/>
  <testcase classname="com.MonacoTesting.MonacoTestClass" name="MWCRestApiFuntValidations" time="0.129"/>
  <system-out/>
  <testcase classname="com.MonacoTesting.MonacoTestClass" name="MWCRestApiFuntValidations" time="0.158"/>
  <system-out/>
  <testcase classname="com.MonacoTesting.MonacoTestClass" name="MWCRestApiFuntValidations" time="0.076"/>
  <system-out/>
  <testcase classname="com.MonacoTesting.MonacoTestClass" name="MWCRestApiFuntValidations" time="0.117"/>
  <system-out/>
  <testcase classname="com.MonacoTesting.MonacoTestClass" name="MWCRestApiFuntValidations" time="0.095"/>
  <system-out/>
  <testcase classname="com.MonacoTesting.MonacoTestClass" name="MWCRestApiFuntValidations" time="0.159"/>
  <system-out/>
  <testcase classname="com.MonacoTesting.MonacoTestClass" name="MWCRestApiFuntValidations" time="0.153"/>
  <system-out/>
  <testcase classname="com.MonacoTesting.MonacoTestClass" name="MWCRestApiFuntValidations" time="0.129"/>
  <system-out/>
  <testcase classname="com.MonacoTesting.MonacoTestClass" name="MWCRestApiFuntValidations" time="0.131"/>
  <system-out/>
  <testcase classname="com.MonacoTesting.MonacoTestClass" name="MWCRestApiFuntValidations" time="0.127"/>
  <system-out/>
  <testcase classname="com.MonacoTesting.MonacoTestClass" name="MWCRestApiFuntValidations" time="0.122"/>
  <system-out/>
  <testcase classname="com.MonacoTesting.MonacoTestClass" name="MWCRestApiFuntValidations" time="0.094"/>
  <system-out/>
  <testcase classname="com.MonacoTesting.MonacoTestClass" name="MWCRestApiFuntValidations" time="0.104"/>
  <system-out/>
  <testcase classname="com.MonacoTesting.MonacoTestClass" name="MWCRestApiFuntValidations" time="0.143"/>
  <system-out/>
  <testcase classname="com.MonacoTesting.MonacoTestClass" name="MWCRestApiFuntValidations" time="0.098"/>
  <system-out/>
  <testcase classname="com.MonacoTesting.MonacoTestClass" name="MWCRestApiFuntValidations" time="0.155"/>
  <system-out/>
  <testcase classname="com.MonacoTesting.MonacoTestClass" name="MWCRestApiFuntValidations" time="0.097"/>
  <system-out/>
  <testcase classname="com.MonacoTesting.MonacoTestClass" name="MWCRestApiFuntValidations" time="0.103"/>
  <system-out/>
  <testcase classname="com.MonacoTesting.MonacoTestClass" name="MWCRestApiFuntValidations" time="1.328"/>
  <system-out/>
  <testcase classname="com.MonacoTesting.MonacoTestClass" name="MWCRestApiFuntValidations" time="0.089"/>
  <system-out/>
  <testcase classname="com.MonacoTesting.MonacoTestClass" name="MWCRestApiFuntValidations" time="0.152"/>
  <system-out/>
  <testcase classname="com.MonacoTesting.MonacoTestClass" name="MWCRestApiFuntValidations" time="0.106"/>
  <system-out/>
  <testcase classname="com.MonacoTesting.MonacoTestClass" name="MWCRestApiFuntValidations" time="0.142"/>
  <system-out/>
  <testcase classname="com.MonacoTesting.MonacoTestClass" name="MWCRestApiFuntValidations" time="0.126"/>
  <system-out/>
  <testcase classname="com.MonacoTesting.MonacoTestClass" name="MWCRestApiFuntValidations" time="0.124"/>
  <system-out/>
  <testcase classname="com.MonacoTesting.MonacoTestClass" name="MWCRestApiFuntValidations" time="0.215"/>
  <system-out/>
  <testcase classname="com.MonacoTesting.MonacoTestClass" name="MWCRestApiFuntValidations" time="0.111"/>
  <system-out/>
  <testcase classname="com.MonacoTesting.MonacoTestClass" name="MWCRestApiFuntValidations" time="0.132"/>
  <system-out/>
  <testcase classname="com.MonacoTesting.MonacoTestClass" name="MWCRestApiFuntValidations" time="0.074"/>
  <system-out/>
  <testcase classname="com.MonacoTesting.MonacoTestClass" name="MWCRestApiFuntValidations" time="0.158"/>
  <system-out/>
  <testcase classname="com.MonacoTesting.MonacoTestClass" name="MWCRestApiFuntValidations" time="0.107"/>
  <system-out/>
  <testcase classname="com.MonacoTesting.MonacoTestClass" name="MWCRestApiFuntValidations" time="0.147"/>
  <system-out/>
  <testcase classname="com.MonacoTesting.MonacoTestClass" name="MWCRestApiFuntValidations" time="0.152"/>
  <system-out/>
  <testcase classname="com.MonacoTesting.MonacoTestClass" name="MWCRestApiFuntValidations" time="0.116"/>
  <system-out/>
  <testcase classname="com.MonacoTesting.MonacoTestClass" name="MWCRestApiFuntValidations" time="0.139"/>
  <system-out/>
  <testcase classname="com.MonacoTesting.MonacoTestClass" name="MWCRestApiFuntValidations" time="0.254"/>
  <system-out/>
  <testcase classname="com.MonacoTesting.MonacoTestClass" name="MWCRestApiFuntValidations" time="0.126"/>
  <system-out/>
  <testcase classname="com.MonacoTesting.MonacoTestClass" name="MWCRestApiFuntValidations" time="0.132"/>
  <system-out/>
  <testcase classname="com.MonacoTesting.MonacoTestClass" name="MWCRestApiFuntValidations" time="0.099"/>
  <system-out/>
  <testcase classname="com.MonacoTesting.MonacoTestClass" name="MWCRestApiFuntValidations" time="0.281"/>
  <system-out/>
  <testcase classname="com.MonacoTesting.MonacoTestClass" name="MWCRestApiFuntValidations" time="0.191"/>
  <system-out/>
  <testcase classname="com.MonacoTesting.MonacoTestClass" name="MWCRestApiFuntValidations" time="0.077"/>
  <system-out/>
  <testcase classname="com.MonacoTesting.MonacoTestClass" name="MWCRestApiFuntValidations" time="0.101"/>
  <system-out/>
  <testcase classname="com.MonacoTesting.MonacoTestClass" name="MWCRestApiFuntValidations" time="0.730"/>
  <system-out/>
  <testcase classname="com.MonacoTesting.MonacoTestClass" name="MWCRestApiFuntValidations" time="0.105"/>
  <system-out/>
  <testcase classname="com.MonacoTesting.MonacoTestClass" name="MWCRestApiFuntValidations" time="0.100"/>
  <system-out/>
  <testcase classname="com.MonacoTesting.MonacoTestClass" name="MWCRestApiFuntValidations" time="0.136"/>
  <system-out/>
  <testcase classname="com.MonacoTesting.MonacoTestClass" name="MWCRestApiFuntValidations" time="0.115"/>
  <system-out/>
  <testcase classname="com.MonacoTesting.MonacoTestClass" name="MWCRestApiFuntValidations" time="0.113"/>
  <system-out/>
  <testcase classname="com.MonacoTesting.MonacoTestClass" name="MWCRestApiFuntValidations" time="0.122"/>
  <system-out/>
  <testcase classname="com.MonacoTesting.MonacoTestClass" name="MWCRestApiFuntValidations" time="0.153"/>
  <system-out/>
  <testcase classname="com.MonacoTesting.MonacoTestClass" name="MWCRestApiFuntValidations" time="0.130"/>
  <system-out/>
  <testcase classname="com.MonacoTesting.MonacoTestClass" name="MWCRestApiFuntValidations" time="0.130"/>
  <system-out/>
  <testcase classname="com.MonacoTesting.MonacoTestClass" name="MWCRestApiFuntValidations" time="0.092"/>
  <system-out/>
  <testcase classname="com.MonacoTesting.MonacoTestClass" name="MWCRestApiFuntValidations" time="0.132"/>
  <system-out/>
  <testcase classname="com.MonacoTesting.MonacoTestClass" name="MWCRestApiFuntValidations" time="0.168"/>
  <system-out/>
  <testcase classname="com.MonacoTesting.MonacoTestClass" name="MWCRestApiFuntValidations" time="0.096"/>
  <system-out/>
  <testcase classname="com.MonacoTesting.MonacoTestClass" name="MWCRestApiFuntValidations" time="0.141"/>
  <system-out/>
  <testcase classname="com.MonacoTesting.MonacoTestClass" name="MWCRestApiFuntValidations" time="0.112"/>
  <system-out/>
  <testcase classname="com.MonacoTesting.MonacoTestClass" name="MWCRestApiFuntValidations" time="0.112"/>
  <system-out/>
  <testcase classname="com.MonacoTesting.MonacoTestClass" name="MWCRestApiFuntValidations" time="0.149"/>
  <system-out/>
  <testcase classname="com.MonacoTesting.MonacoTestClass" name="MWCRestApiFuntValidations" time="0.116"/>
  <system-out/>
  <testcase classname="com.MonacoTesting.MonacoTestClass" name="MWCRestApiFuntValidations" time="1.133"/>
  <system-out/>
  <testcase classname="com.MonacoTesting.MonacoTestClass" name="MWCRestApiFuntValidations" time="0.108"/>
  <system-out/>
  <testcase classname="com.MonacoTesting.MonacoTestClass" name="MWCRestApiFuntValidations" time="0.109"/>
  <system-out/>
  <testcase classname="com.MonacoTesting.MonacoTestClass" name="MWCRestApiFuntValidations" time="0.099"/>
  <system-out/>
  <testcase classname="com.MonacoTesting.MonacoTestClass" name="MWCRestApiFuntValidations" time="0.133"/>
  <system-out/>
  <testcase classname="com.MonacoTesting.MonacoTestClass" name="MWCRestApiFuntValidations" time="0.133"/>
  <system-out/>
  <testcase classname="com.MonacoTesting.MonacoTestClass" name="MWCRestApiFuntValidations" time="0.107"/>
  <system-out/>
  <testcase classname="com.MonacoTesting.MonacoTestClass" name="MWCRestApiFuntValidations" time="0.217"/>
  <system-out/>
  <testcase classname="com.MonacoTesting.MonacoTestClass" name="MWCRestApiFuntValidations" time="0.242"/>
  <system-out/>
  <testcase classname="com.MonacoTesting.MonacoTestClass" name="MWCRestApiFuntValidations" time="0.144"/>
  <system-out/>
  <testcase classname="com.MonacoTesting.MonacoTestClass" name="MWCRestApiFuntValidations" time="0.155"/>
  <system-out/>
  <testcase classname="com.MonacoTesting.MonacoTestClass" name="MWCRestApiFuntValidations" time="0.128"/>
  <system-out/>
  <testcase classname="com.MonacoTesting.MonacoTestClass" name="MWCRestApiFuntValidations" time="0.121"/>
  <system-out/>
  <testcase classname="com.MonacoTesting.MonacoTestClass" name="MWCRestApiFuntValidations" time="0.107"/>
  <system-out/>
  <testcase classname="com.MonacoTesting.MonacoTestClass" name="MWCRestApiFuntValidations" time="0.134"/>
  <system-out/>
  <testcase classname="com.MonacoTesting.MonacoTestClass" name="MWCRestApiFuntValidations" time="0.123"/>
  <system-out/>
  <testcase classname="com.MonacoTesting.MonacoTestClass" name="MWCRestApiFuntValidations" time="0.102"/>
  <system-out/>
  <testcase classname="com.MonacoTesting.MonacoTestClass" name="MWCRestApiFuntValidations" time="0.110"/>
  <system-out/>
  <testcase classname="com.MonacoTesting.MonacoTestClass" name="MWCRestApiFuntValidations" time="0.122"/>
  <system-out/>
  <testcase classname="com.MonacoTesting.MonacoTestClass" name="MWCRestApiFuntValidations" time="0.253"/>
  <system-out/>
  <testcase classname="com.MonacoTesting.MonacoTestClass" name="MWCRestApiFuntValidations" time="0.157"/>
  <system-out/>
  <testcase classname="com.MonacoTesting.MonacoTestClass" name="MWCRestApiFuntValidations" time="0.103"/>
  <system-out/>
  <testcase classname="com.MonacoTesting.MonacoTestClass" name="MWCRestApiFuntValidations" time="0.135"/>
  <system-out/>
  <testcase classname="com.MonacoTesting.MonacoTestClass" name="MWCRestApiFuntValidations" time="0.099"/>
  <system-out/>
  <testcase classname="com.MonacoTesting.MonacoTestClass" name="MWCRestApiFuntValidations" time="0.099"/>
  <system-out/>
  <testcase classname="com.MonacoTesting.MonacoTestClass" name="MWCRestApiFuntValidations" time="0.137"/>
  <system-out/>
  <testcase classname="com.MonacoTesting.MonacoTestClass" name="MWCRestApiFuntValidations" time="0.111"/>
  <system-out/>
  <testcase classname="com.MonacoTesting.MonacoTestClass" name="MWCRestApiFuntValidations" time="0.075"/>
  <system-out/>
  <testcase classname="com.MonacoTesting.MonacoTestClass" name="MWCRestApiFuntValidations" time="0.112"/>
  <system-out/>
  <testcase classname="com.MonacoTesting.MonacoTestClass" name="MWCRestApiFuntValidations" time="0.132"/>
  <system-out/>
  <testcase classname="com.MonacoTesting.MonacoTestClass" name="MWCRestApiFuntValidations" time="0.216"/>
  <system-out/>
  <testcase classname="com.MonacoTesting.MonacoTestClass" name="MWCRestApiFuntValidations" time="4.716"/>
  <system-out/>
  <testcase classname="com.MonacoTesting.MonacoTestClass" name="MWCRestApiFuntValidations" time="0.088"/>
  <system-out/>
  <testcase classname="com.MonacoTesting.MonacoTestClass" name="MWCRestApiFuntValidations" time="0.094"/>
  <system-out/>
  <testcase classname="com.MonacoTesting.MonacoTestClass" name="MWCRestApiFuntValidations" time="0.134"/>
  <system-out/>
  <testcase classname="com.MonacoTesting.MonacoTestClass" name="MWCRestApiFuntValidations" time="0.235"/>
  <system-out/>
  <testcase classname="com.MonacoTesting.MonacoTestClass" name="MWCRestApiFuntValidations" time="0.114"/>
  <system-out/>
  <testcase classname="com.MonacoTesting.MonacoTestClass" name="MWCRestApiFuntValidations" time="0.141"/>
  <system-out/>
  <testcase classname="com.MonacoTesting.MonacoTestClass" name="MWCRestApiFuntValidations" time="0.128"/>
  <system-out/>
  <testcase classname="com.MonacoTesting.MonacoTestClass" name="MWCRestApiFuntValidations" time="0.294"/>
  <system-out/>
  <testcase classname="com.MonacoTesting.MonacoTestClass" name="MWCRestApiFuntValidations" time="0.085"/>
  <system-out/>
  <testcase classname="com.MonacoTesting.MonacoTestClass" name="MWCRestApiFuntValidations" time="0.099"/>
  <system-out/>
  <testcase classname="com.MonacoTesting.MonacoTestClass" name="MWCRestApiFuntValidations" time="0.157"/>
  <system-out/>
  <testcase classname="com.MonacoTesting.MonacoTestClass" name="MWCRestApiFuntValidations" time="0.107"/>
  <system-out/>
  <testcase classname="com.MonacoTesting.MonacoTestClass" name="MWCRestApiFuntValidations" time="0.089"/>
  <system-out/>
  <testcase classname="com.MonacoTesting.MonacoTestClass" name="MWCRestApiFuntValidations" time="0.113"/>
  <system-out/>
  <testcase classname="com.MonacoTesting.MonacoTestClass" name="MWCRestApiFuntValidations" time="0.096"/>
  <system-out/>
  <testcase classname="com.MonacoTesting.MonacoTestClass" name="MWCRestApiFuntValidations" time="0.160"/>
  <system-out/>
  <testcase classname="com.MonacoTesting.MonacoTestClass" name="MWCRestApiFuntValidations" time="0.156"/>
  <system-out/>
  <testcase classname="com.MonacoTesting.MonacoTestClass" name="MWCRestApiFuntValidations" time="0.132"/>
  <system-out/>
  <testcase classname="com.MonacoTesting.MonacoTestClass" name="MWCRestApiFuntValidations" time="0.114"/>
  <system-out/>
  <testcase classname="com.MonacoTesting.MonacoTestClass" name="MWCRestApiFuntValidations" time="0.089"/>
  <system-out/>
  <testcase classname="com.MonacoTesting.MonacoTestClass" name="MWCRestApiFuntValidations" time="0.118"/>
  <system-out/>
  <testcase classname="com.MonacoTesting.MonacoTestClass" name="MWCRestApiFuntValidations" time="0.139"/>
  <system-out/>
  <testcase classname="com.MonacoTesting.MonacoTestClass" name="MWCRestApiFuntValidations" time="0.140"/>
  <system-out/>
  <testcase classname="com.MonacoTesting.MonacoTestClass" name="MWCRestApiFuntValidations" time="0.087"/>
  <system-out/>
  <testcase classname="com.MonacoTesting.MonacoTestClass" name="MWCRestApiFuntValidations" time="0.120"/>
  <system-out/>
  <testcase classname="com.MonacoTesting.MonacoTestClass" name="MWCRestApiFuntValidations" time="0.139"/>
  <system-out/>
  <testcase classname="com.MonacoTesting.MonacoTestClass" name="MWCRestApiFuntValidations" time="0.108"/>
  <system-out/>
  <testcase classname="com.MonacoTesting.MonacoTestClass" name="MWCRestApiFuntValidations" time="0.087"/>
  <system-out/>
  <testcase classname="com.MonacoTesting.MonacoTestClass" name="MWCRestApiFuntValidations" time="0.134"/>
  <system-out/>
  <testcase classname="com.MonacoTesting.MonacoTestClass" name="MWCRestApiFuntValidations" time="0.167"/>
  <system-out/>
  <testcase classname="com.MonacoTesting.MonacoTestClass" name="MWCRestApiFuntValidations" time="0.091"/>
  <system-out/>
  <testcase classname="com.MonacoTesting.MonacoTestClass" name="MWCRestApiFuntValidations" time="0.131"/>
  <system-out/>
  <testcase classname="com.MonacoTesting.MonacoTestClass" name="MWCRestApiFuntValidations" time="0.132"/>
  <system-out/>
  <testcase classname="com.MonacoTesting.MonacoTestClass" name="MWCRestApiFuntValidations" time="0.084"/>
  <system-out/>
  <testcase classname="com.MonacoTesting.MonacoTestClass" name="MWCRestApiFuntValidations" time="1.096"/>
  <system-out/>
  <testcase classname="com.MonacoTesting.MonacoTestClass" name="MWCRestApiFuntValidations" time="0.095"/>
  <system-out/>
  <testcase classname="com.MonacoTesting.MonacoTestClass" name="MWCRestApiFuntValidations" time="0.128"/>
  <system-out/>
  <testcase classname="com.MonacoTesting.MonacoTestClass" name="MWCRestApiFuntValidations" time="0.088"/>
  <system-out/>
  <testcase classname="com.MonacoTesting.MonacoTestClass" name="MWCRestApiFuntValidations" time="0.134"/>
  <system-out/>
  <testcase classname="com.MonacoTesting.MonacoTestClass" name="MWCRestApiFuntValidations" time="0.217"/>
  <system-out/>
  <testcase classname="com.MonacoTesting.MonacoTestClass" name="MWCRestApiFuntValidations" time="0.103"/>
  <system-out/>
  <testcase classname="com.MonacoTesting.MonacoTestClass" name="MWCRestApiFuntValidations" time="0.096"/>
  <system-out/>
  <testcase classname="com.MonacoTesting.MonacoTestClass" name="MWCRestApiFuntValidations" time="0.156"/>
  <system-out/>
  <testcase classname="com.MonacoTesting.MonacoTestClass" name="MWCRestApiFuntValidations" time="0.132"/>
  <system-out/>
  <testcase classname="com.MonacoTesting.MonacoTestClass" name="MWCRestApiFuntValidations" time="0.099"/>
  <system-out/>
  <testcase classname="com.MonacoTesting.MonacoTestClass" name="MWCRestApiFuntValidations" time="0.149"/>
  <system-out/>
  <testcase classname="com.MonacoTesting.MonacoTestClass" name="MWCRestApiFuntValidations" time="0.168"/>
  <system-out/>
  <testcase classname="com.MonacoTesting.MonacoTestClass" name="MWCRestApiFuntValidations" time="0.097"/>
  <system-out/>
  <testcase classname="com.MonacoTesting.MonacoTestClass" name="MWCRestApiFuntValidations" time="0.104"/>
  <system-out/>
  <testcase classname="com.MonacoTesting.MonacoTestClass" name="MWCRestApiFuntValidations" time="1.078"/>
  <system-out/>
  <testcase classname="com.MonacoTesting.MonacoTestClass" name="MWCRestApiFuntValidations" time="0.097"/>
  <system-out/>
</testsuite> <!-- com.MonacoTesting.MonacoTestClass -->
