<?xml version="1.0" encoding="UTF-8"?>
<!-- Generated by org.testng.reporters.JUnitReportReporter -->
<testsuite hostname="DESKTOP-PSRU67J" failures="0" tests="122" name="NewFrameWork.CrosSellingTest" time="50.126" errors="0" timestamp="2024-09-24T12:47:44 IST" skipped="0">
  <testcase classname="NewFrameWork.CrosSellingTest" name="MWCRestApiFuntValidations" time="0.475"/>
  <system-out/>
  <testcase classname="NewFrameWork.CrosSellingTest" name="MWCRestApiFuntValidations" time="0.221"/>
  <system-out/>
  <testcase classname="NewFrameWork.CrosSellingTest" name="MWCRestApiFuntValidations" time="0.479"/>
  <system-out/>
  <testcase classname="NewFrameWork.CrosSellingTest" name="MWCRestApiFuntValidations" time="0.489"/>
  <system-out/>
  <testcase classname="NewFrameWork.CrosSellingTest" name="MWCRestApiFuntValidations" time="0.196"/>
  <system-out/>
  <testcase classname="NewFrameWork.CrosSellingTest" name="MWCRestApiFuntValidations" time="0.203"/>
  <system-out/>
  <testcase classname="NewFrameWork.CrosSellingTest" name="MWCRestApiFuntValidations" time="0.224"/>
  <system-out/>
  <testcase classname="NewFrameWork.CrosSellingTest" name="MWCRestApiFuntValidations" time="0.211"/>
  <system-out/>
  <testcase classname="NewFrameWork.CrosSellingTest" name="MWCRestApiFuntValidations" time="0.509"/>
  <system-out/>
  <testcase classname="NewFrameWork.CrosSellingTest" name="MWCRestApiFuntValidations" time="0.214"/>
  <system-out/>
  <testcase classname="NewFrameWork.CrosSellingTest" name="MWCRestApiFuntValidations" time="0.201"/>
  <system-out/>
  <testcase classname="NewFrameWork.CrosSellingTest" name="MWCRestApiFuntValidations" time="0.542"/>
  <system-out/>
  <testcase classname="NewFrameWork.CrosSellingTest" name="MWCRestApiFuntValidations" time="0.497"/>
  <system-out/>
  <testcase classname="NewFrameWork.CrosSellingTest" name="MWCRestApiFuntValidations" time="1.493"/>
  <system-out/>
  <testcase classname="NewFrameWork.CrosSellingTest" name="MWCRestApiFuntValidations" time="0.512"/>
  <system-out/>
  <testcase classname="NewFrameWork.CrosSellingTest" name="MWCRestApiFuntValidations" time="0.190"/>
  <system-out/>
  <testcase classname="NewFrameWork.CrosSellingTest" name="MWCRestApiFuntValidations" time="0.541"/>
  <system-out/>
  <testcase classname="NewFrameWork.CrosSellingTest" name="MWCRestApiFuntValidations" time="0.229"/>
  <system-out/>
  <testcase classname="NewFrameWork.CrosSellingTest" name="MWCRestApiFuntValidations" time="0.479"/>
  <system-out/>
  <testcase classname="NewFrameWork.CrosSellingTest" name="MWCRestApiFuntValidations" time="0.478"/>
  <system-out/>
  <testcase classname="NewFrameWork.CrosSellingTest" name="MWCRestApiFuntValidations" time="0.262"/>
  <system-out/>
  <testcase classname="NewFrameWork.CrosSellingTest" name="MWCRestApiFuntValidations" time="0.214"/>
  <system-out/>
  <testcase classname="NewFrameWork.CrosSellingTest" name="MWCRestApiFuntValidations" time="0.498"/>
  <system-out/>
  <testcase classname="NewFrameWork.CrosSellingTest" name="MWCRestApiFuntValidations" time="0.535"/>
  <system-out/>
  <testcase classname="NewFrameWork.CrosSellingTest" name="MWCRestApiFuntValidations" time="0.205"/>
  <system-out/>
  <testcase classname="NewFrameWork.CrosSellingTest" name="MWCRestApiFuntValidations" time="0.461"/>
  <system-out/>
  <testcase classname="NewFrameWork.CrosSellingTest" name="MWCRestApiFuntValidations" time="0.216"/>
  <system-out/>
  <testcase classname="NewFrameWork.CrosSellingTest" name="MWCRestApiFuntValidations" time="0.194"/>
  <system-out/>
  <testcase classname="NewFrameWork.CrosSellingTest" name="MWCRestApiFuntValidations" time="0.235"/>
  <system-out/>
  <testcase classname="NewFrameWork.CrosSellingTest" name="MWCRestApiFuntValidations" time="0.334"/>
  <system-out/>
  <testcase classname="NewFrameWork.CrosSellingTest" name="MWCRestApiFuntValidations" time="0.489"/>
  <system-out/>
  <testcase classname="NewFrameWork.CrosSellingTest" name="MWCRestApiFuntValidations" time="0.211"/>
  <system-out/>
  <testcase classname="NewFrameWork.CrosSellingTest" name="MWCRestApiFuntValidations" time="0.227"/>
  <system-out/>
  <testcase classname="NewFrameWork.CrosSellingTest" name="MWCRestApiFuntValidations" time="0.493"/>
  <system-out/>
  <testcase classname="NewFrameWork.CrosSellingTest" name="MWCRestApiFuntValidations" time="0.212"/>
  <system-out/>
  <testcase classname="NewFrameWork.CrosSellingTest" name="MWCRestApiFuntValidations" time="0.473"/>
  <system-out/>
  <testcase classname="NewFrameWork.CrosSellingTest" name="MWCRestApiFuntValidations" time="0.495"/>
  <system-out/>
  <testcase classname="NewFrameWork.CrosSellingTest" name="MWCRestApiFuntValidations" time="0.469"/>
  <system-out/>
  <testcase classname="NewFrameWork.CrosSellingTest" name="MWCRestApiFuntValidations" time="0.513"/>
  <system-out/>
  <testcase classname="NewFrameWork.CrosSellingTest" name="MWCRestApiFuntValidations" time="0.470"/>
  <system-out/>
  <testcase classname="NewFrameWork.CrosSellingTest" name="MWCRestApiFuntValidations" time="0.249"/>
  <system-out/>
  <testcase classname="NewFrameWork.CrosSellingTest" name="MWCRestApiFuntValidations" time="0.207"/>
  <system-out/>
  <testcase classname="NewFrameWork.CrosSellingTest" name="MWCRestApiFuntValidations" time="0.565"/>
  <system-out/>
  <testcase classname="NewFrameWork.CrosSellingTest" name="MWCRestApiFuntValidations" time="0.471"/>
  <system-out/>
  <testcase classname="NewFrameWork.CrosSellingTest" name="MWCRestApiFuntValidations" time="0.194"/>
  <system-out/>
  <testcase classname="NewFrameWork.CrosSellingTest" name="MWCRestApiFuntValidations" time="0.238"/>
  <system-out/>
  <testcase classname="NewFrameWork.CrosSellingTest" name="MWCRestApiFuntValidations" time="0.210"/>
  <system-out/>
  <testcase classname="NewFrameWork.CrosSellingTest" name="MWCRestApiFuntValidations" time="0.476"/>
  <system-out/>
  <testcase classname="NewFrameWork.CrosSellingTest" name="MWCRestApiFuntValidations" time="0.238"/>
  <system-out/>
  <testcase classname="NewFrameWork.CrosSellingTest" name="MWCRestApiFuntValidations" time="0.458"/>
  <system-out/>
  <testcase classname="NewFrameWork.CrosSellingTest" name="MWCRestApiFuntValidations" time="0.475"/>
  <system-out/>
  <testcase classname="NewFrameWork.CrosSellingTest" name="MWCRestApiFuntValidations" time="0.222"/>
  <system-out/>
  <testcase classname="NewFrameWork.CrosSellingTest" name="MWCRestApiFuntValidations" time="0.232"/>
  <system-out/>
  <testcase classname="NewFrameWork.CrosSellingTest" name="MWCRestApiFuntValidations" time="0.474"/>
  <system-out/>
  <testcase classname="NewFrameWork.CrosSellingTest" name="MWCRestApiFuntValidations" time="0.290"/>
  <system-out/>
  <testcase classname="NewFrameWork.CrosSellingTest" name="MWCRestApiFuntValidations" time="0.481"/>
  <system-out/>
  <testcase classname="NewFrameWork.CrosSellingTest" name="MWCRestApiFuntValidations" time="0.216"/>
  <system-out/>
  <testcase classname="NewFrameWork.CrosSellingTest" name="MWCRestApiFuntValidations" time="0.295"/>
  <system-out/>
  <testcase classname="NewFrameWork.CrosSellingTest" name="MWCRestApiFuntValidations" time="0.309"/>
  <system-out/>
  <testcase classname="NewFrameWork.CrosSellingTest" name="MWCRestApiFuntValidations" time="0.490"/>
  <system-out/>
  <testcase classname="NewFrameWork.CrosSellingTest" name="MWCRestApiFuntValidations" time="0.460"/>
  <system-out/>
  <testcase classname="NewFrameWork.CrosSellingTest" name="MWCRestApiFuntValidations" time="0.494"/>
  <system-out/>
  <testcase classname="NewFrameWork.CrosSellingTest" name="MWCRestApiFuntValidations" time="0.517"/>
  <system-out/>
  <testcase classname="NewFrameWork.CrosSellingTest" name="MWCRestApiFuntValidations" time="0.474"/>
  <system-out/>
  <testcase classname="NewFrameWork.CrosSellingTest" name="MWCRestApiFuntValidations" time="0.240"/>
  <system-out/>
  <testcase classname="NewFrameWork.CrosSellingTest" name="MWCRestApiFuntValidations" time="0.191"/>
  <system-out/>
  <testcase classname="NewFrameWork.CrosSellingTest" name="MWCRestApiFuntValidations" time="0.462"/>
  <system-out/>
  <testcase classname="NewFrameWork.CrosSellingTest" name="MWCRestApiFuntValidations" time="0.285"/>
  <system-out/>
  <testcase classname="NewFrameWork.CrosSellingTest" name="MWCRestApiFuntValidations" time="5.215"/>
  <system-out/>
  <testcase classname="NewFrameWork.CrosSellingTest" name="MWCRestApiFuntValidations" time="0.209"/>
  <system-out/>
  <testcase classname="NewFrameWork.CrosSellingTest" name="MWCRestApiFuntValidations" time="0.215"/>
  <system-out/>
  <testcase classname="NewFrameWork.CrosSellingTest" name="MWCRestApiFuntValidations" time="0.527"/>
  <system-out/>
  <testcase classname="NewFrameWork.CrosSellingTest" name="MWCRestApiFuntValidations" time="0.486"/>
  <system-out/>
  <testcase classname="NewFrameWork.CrosSellingTest" name="MWCRestApiFuntValidations" time="0.511"/>
  <system-out/>
  <testcase classname="NewFrameWork.CrosSellingTest" name="MWCRestApiFuntValidations" time="0.225"/>
  <system-out/>
  <testcase classname="NewFrameWork.CrosSellingTest" name="MWCRestApiFuntValidations" time="0.474"/>
  <system-out/>
  <testcase classname="NewFrameWork.CrosSellingTest" name="MWCRestApiFuntValidations" time="0.250"/>
  <system-out/>
  <testcase classname="NewFrameWork.CrosSellingTest" name="MWCRestApiFuntValidations" time="0.499"/>
  <system-out/>
  <testcase classname="NewFrameWork.CrosSellingTest" name="MWCRestApiFuntValidations" time="0.459"/>
  <system-out/>
  <testcase classname="NewFrameWork.CrosSellingTest" name="MWCRestApiFuntValidations" time="0.525"/>
  <system-out/>
  <testcase classname="NewFrameWork.CrosSellingTest" name="MWCRestApiFuntValidations" time="0.197"/>
  <system-out/>
  <testcase classname="NewFrameWork.CrosSellingTest" name="MWCRestApiFuntValidations" time="0.217"/>
  <system-out/>
  <testcase classname="NewFrameWork.CrosSellingTest" name="MWCRestApiFuntValidations" time="0.232"/>
  <system-out/>
  <testcase classname="NewFrameWork.CrosSellingTest" name="MWCRestApiFuntValidations" time="0.222"/>
  <system-out/>
  <testcase classname="NewFrameWork.CrosSellingTest" name="MWCRestApiFuntValidations" time="0.474"/>
  <system-out/>
  <testcase classname="NewFrameWork.CrosSellingTest" name="MWCRestApiFuntValidations" time="0.183"/>
  <system-out/>
  <testcase classname="NewFrameWork.CrosSellingTest" name="MWCRestApiFuntValidations" time="0.470"/>
  <system-out/>
  <testcase classname="NewFrameWork.CrosSellingTest" name="MWCRestApiFuntValidations" time="0.464"/>
  <system-out/>
  <testcase classname="NewFrameWork.CrosSellingTest" name="MWCRestApiFuntValidations" time="0.290"/>
  <system-out/>
  <testcase classname="NewFrameWork.CrosSellingTest" name="MWCRestApiFuntValidations" time="0.457"/>
  <system-out/>
  <testcase classname="NewFrameWork.CrosSellingTest" name="MWCRestApiFuntValidations" time="0.469"/>
  <system-out/>
  <testcase classname="NewFrameWork.CrosSellingTest" name="MWCRestApiFuntValidations" time="0.473"/>
  <system-out/>
  <testcase classname="NewFrameWork.CrosSellingTest" name="MWCRestApiFuntValidations" time="0.551"/>
  <system-out/>
  <testcase classname="NewFrameWork.CrosSellingTest" name="MWCRestApiFuntValidations" time="0.196"/>
  <system-out/>
  <testcase classname="NewFrameWork.CrosSellingTest" name="MWCRestApiFuntValidations" time="0.212"/>
  <system-out/>
  <testcase classname="NewFrameWork.CrosSellingTest" name="MWCRestApiFuntValidations" time="0.471"/>
  <system-out/>
  <testcase classname="NewFrameWork.CrosSellingTest" name="MWCRestApiFuntValidations" time="0.528"/>
  <system-out/>
  <testcase classname="NewFrameWork.CrosSellingTest" name="MWCRestApiFuntValidations" time="0.256"/>
  <system-out/>
  <testcase classname="NewFrameWork.CrosSellingTest" name="MWCRestApiFuntValidations" time="0.227"/>
  <system-out/>
  <testcase classname="NewFrameWork.CrosSellingTest" name="MWCRestApiFuntValidations" time="0.215"/>
  <system-out/>
  <testcase classname="NewFrameWork.CrosSellingTest" name="MWCRestApiFuntValidations" time="0.494"/>
  <system-out/>
  <testcase classname="NewFrameWork.CrosSellingTest" name="MWCRestApiFuntValidations" time="0.492"/>
  <system-out/>
  <testcase classname="NewFrameWork.CrosSellingTest" name="MWCRestApiFuntValidations" time="0.460"/>
  <system-out/>
  <testcase classname="NewFrameWork.CrosSellingTest" name="MWCRestApiFuntValidations" time="0.200"/>
  <system-out/>
  <testcase classname="NewFrameWork.CrosSellingTest" name="MWCRestApiFuntValidations" time="0.276"/>
  <system-out/>
  <testcase classname="NewFrameWork.CrosSellingTest" name="MWCRestApiFuntValidations" time="0.471"/>
  <system-out/>
  <testcase classname="NewFrameWork.CrosSellingTest" name="MWCRestApiFuntValidations" time="0.524"/>
  <system-out/>
  <testcase classname="NewFrameWork.CrosSellingTest" name="MWCRestApiFuntValidations" time="0.465"/>
  <system-out/>
  <testcase classname="NewFrameWork.CrosSellingTest" name="MWCRestApiFuntValidations" time="0.208"/>
  <system-out/>
  <testcase classname="NewFrameWork.CrosSellingTest" name="MWCRestApiFuntValidations" time="0.185"/>
  <system-out/>
  <testcase classname="NewFrameWork.CrosSellingTest" name="MWCRestApiFuntValidations" time="0.210"/>
  <system-out/>
  <testcase classname="NewFrameWork.CrosSellingTest" name="MWCRestApiFuntValidations" time="0.477"/>
  <system-out/>
  <testcase classname="NewFrameWork.CrosSellingTest" name="MWCRestApiFuntValidations" time="0.503"/>
  <system-out/>
  <testcase classname="NewFrameWork.CrosSellingTest" name="MWCRestApiFuntValidations" time="0.210"/>
  <system-out/>
  <testcase classname="NewFrameWork.CrosSellingTest" name="MWCRestApiFuntValidations" time="0.476"/>
  <system-out/>
  <testcase classname="NewFrameWork.CrosSellingTest" name="MWCRestApiFuntValidations" time="0.210"/>
  <system-out/>
  <testcase classname="NewFrameWork.CrosSellingTest" name="MWCRestApiFuntValidations" time="0.256"/>
  <system-out/>
  <testcase classname="NewFrameWork.CrosSellingTest" name="MWCRestApiFuntValidations" time="0.481"/>
  <system-out/>
  <testcase classname="NewFrameWork.CrosSellingTest" name="MWCRestApiFuntValidations" time="0.483"/>
  <system-out/>
  <testcase classname="NewFrameWork.CrosSellingTest" name="MWCRestApiFuntValidations" time="0.202"/>
  <system-out/>
  <testcase classname="NewFrameWork.CrosSellingTest" name="MWCRestApiFuntValidations" time="0.464"/>
  <system-out/>
  <testcase classname="NewFrameWork.CrosSellingTest" name="MWCRestApiFuntValidations" time="0.478"/>
  <system-out/>
</testsuite> <!-- NewFrameWork.CrosSellingTest -->
