<?xml version="1.0" encoding="UTF-8"?>
<!-- Generated by org.testng.reporters.JUnitReportReporter -->
<testsuite hostname="DESKTOP-QJLSV9M" failures="0" tests="1" name="com.SpryntzApiTesting.CustomerApi" time="0.000" errors="0" timestamp="2023-09-04T14:45:50 IST" skipped="1">
  <testcase classname="com.SpryntzApiTesting.CustomerApi" name="SpryntzRestApiAfterLoginCustomer" time="0.000">
    <skipped/>
  </testcase> <!-- SpryntzRestApiAfterLoginCustomer -->
  <system-out/>
</testsuite> <!-- com.SpryntzApiTesting.CustomerApi -->
