<?xml version="1.0" encoding="UTF-8"?>
<!-- Generated by org.testng.reporters.JUnitReportReporter -->
<testsuite hostname="DESKTOP-4EHNAOM" failures="0" tests="27" name="com.SpryntzApiTesting.CustomerApi" time="48.357" errors="0" timestamp="2024-01-18T14:42:34 IST" skipped="0">
  <testcase classname="com.SpryntzApiTesting.CustomerApi" name="SpryntzRestApiAfterLoginCustomer" time="0.904"/>
  <system-out/>
  <testcase classname="com.SpryntzApiTesting.CustomerApi" name="SpryntzRestApiAfterLoginCustomer" time="6.885"/>
  <system-out/>
  <testcase classname="com.SpryntzApiTesting.CustomerApi" name="SpryntzRestApiAfterLoginCustomer" time="1.791"/>
  <system-out/>
  <testcase classname="com.SpryntzApiTesting.CustomerApi" name="SpryntzRestApiAfterLoginCustomer" time="1.135"/>
  <system-out/>
  <testcase classname="com.SpryntzApiTesting.CustomerApi" name="SpryntzRestApiAfterLoginCustomer" time="2.158"/>
  <system-out/>
  <testcase classname="com.SpryntzApiTesting.CustomerApi" name="SpryntzRestApiAfterLoginCustomer" time="1.061"/>
  <system-out/>
  <testcase classname="com.SpryntzApiTesting.CustomerApi" name="SpryntzRestApiAfterLoginCustomer" time="2.513"/>
  <system-out/>
  <testcase classname="com.SpryntzApiTesting.CustomerApi" name="SpryntzRestApiAfterLoginCustomer" time="2.114"/>
  <system-out/>
  <testcase classname="com.SpryntzApiTesting.CustomerApi" name="SpryntzRestApiAfterLoginCustomer" time="2.155"/>
  <system-out/>
  <testcase classname="com.SpryntzApiTesting.CustomerApi" name="SpryntzRestApiAfterLoginCustomer" time="2.346"/>
  <system-out/>
  <testcase classname="com.SpryntzApiTesting.CustomerApi" name="SpryntzRestApiAfterLoginCustomer" time="1.026"/>
  <system-out/>
  <testcase classname="com.SpryntzApiTesting.CustomerApi" name="SpryntzRestApiAfterLoginCustomer" time="0.990"/>
  <system-out/>
  <testcase classname="com.SpryntzApiTesting.CustomerApi" name="SpryntzRestApiAfterLoginCustomer" time="1.362"/>
  <system-out/>
  <testcase classname="com.SpryntzApiTesting.CustomerApi" name="SpryntzRestApiAfterLoginCustomer" time="2.182"/>
  <system-out/>
  <testcase classname="com.SpryntzApiTesting.CustomerApi" name="SpryntzRestApiAfterLoginCustomer" time="2.315"/>
  <system-out/>
  <testcase classname="com.SpryntzApiTesting.CustomerApi" name="SpryntzRestApiAfterLoginCustomer" time="0.935"/>
  <system-out/>
  <testcase classname="com.SpryntzApiTesting.CustomerApi" name="SpryntzRestApiAfterLoginCustomer" time="2.038"/>
  <system-out/>
  <testcase classname="com.SpryntzApiTesting.CustomerApi" name="SpryntzRestApiAfterLoginCustomer" time="1.036"/>
  <system-out/>
  <testcase classname="com.SpryntzApiTesting.CustomerApi" name="SpryntzRestApiAfterLoginCustomer" time="0.928"/>
  <system-out/>
  <testcase classname="com.SpryntzApiTesting.CustomerApi" name="SpryntzRestApiAfterLoginCustomer" time="2.277"/>
  <system-out/>
  <testcase classname="com.SpryntzApiTesting.CustomerApi" name="SpryntzRestApiAfterLoginCustomer" time="1.208"/>
  <system-out/>
  <testcase classname="com.SpryntzApiTesting.CustomerApi" name="SpryntzRestApiAfterLoginCustomer" time="2.126"/>
  <system-out/>
  <testcase classname="com.SpryntzApiTesting.CustomerApi" name="SpryntzRestApiAfterLoginCustomer" time="0.999"/>
  <system-out/>
  <testcase classname="com.SpryntzApiTesting.CustomerApi" name="SpryntzRestApiAfterLoginCustomer" time="1.613"/>
  <system-out/>
  <testcase classname="com.SpryntzApiTesting.CustomerApi" name="SpryntzRestApiAfterLoginCustomer" time="1.239"/>
  <system-out/>
  <testcase classname="com.SpryntzApiTesting.CustomerApi" name="SpryntzRestApiAfterLoginCustomer" time="2.027"/>
  <system-out/>
  <testcase classname="com.SpryntzApiTesting.CustomerApi" name="SpryntzRestApiAfterLoginCustomer" time="0.994"/>
  <system-out/>
</testsuite> <!-- com.SpryntzApiTesting.CustomerApi -->
