<?xml version="1.0" encoding="UTF-8"?>
<!-- Generated by org.testng.reporters.JUnitReportReporter -->
<testsuite hostname="DESKTOP-PSRU67J" failures="0" tests="256" name="NewFrameWork.RaffleTechAdminPortalTestClass" time="67.401" errors="0" timestamp="2024-10-14T10:14:08 IST" skipped="0">
  <testcase classname="NewFrameWork.RaffleTechAdminPortalTestClass" name="RestApiFuntValidations" time="0.175"/>
  <system-out/>
  <testcase classname="NewFrameWork.RaffleTechAdminPortalTestClass" name="RestApiFuntValidations" time="0.347"/>
  <system-out/>
  <testcase classname="NewFrameWork.RaffleTechAdminPortalTestClass" name="RestApiFuntValidations" time="0.193"/>
  <system-out/>
  <testcase classname="NewFrameWork.RaffleTechAdminPortalTestClass" name="RestApiFuntValidations" time="0.274"/>
  <system-out/>
  <testcase classname="NewFrameWork.RaffleTechAdminPortalTestClass" name="RestApiFuntValidations" time="0.260"/>
  <system-out/>
  <testcase classname="NewFrameWork.RaffleTechAdminPortalTestClass" name="RestApiFuntValidations" time="0.281"/>
  <system-out/>
  <testcase classname="NewFrameWork.RaffleTechAdminPortalTestClass" name="RestApiFuntValidations" time="0.234"/>
  <system-out/>
  <testcase classname="NewFrameWork.RaffleTechAdminPortalTestClass" name="RestApiFuntValidations" time="0.126"/>
  <system-out/>
  <testcase classname="NewFrameWork.RaffleTechAdminPortalTestClass" name="RestApiFuntValidations" time="0.234"/>
  <system-out/>
  <testcase classname="NewFrameWork.RaffleTechAdminPortalTestClass" name="RestApiFuntValidations" time="0.259"/>
  <system-out/>
  <testcase classname="NewFrameWork.RaffleTechAdminPortalTestClass" name="RestApiFuntValidations" time="0.353"/>
  <system-out/>
  <testcase classname="NewFrameWork.RaffleTechAdminPortalTestClass" name="RestApiFuntValidations" time="0.112"/>
  <system-out/>
  <testcase classname="NewFrameWork.RaffleTechAdminPortalTestClass" name="RestApiFuntValidations" time="0.232"/>
  <system-out/>
  <testcase classname="NewFrameWork.RaffleTechAdminPortalTestClass" name="RestApiFuntValidations" time="0.177"/>
  <system-out/>
  <testcase classname="NewFrameWork.RaffleTechAdminPortalTestClass" name="RestApiFuntValidations" time="0.278"/>
  <system-out/>
  <testcase classname="NewFrameWork.RaffleTechAdminPortalTestClass" name="RestApiFuntValidations" time="0.270"/>
  <system-out/>
  <testcase classname="NewFrameWork.RaffleTechAdminPortalTestClass" name="RestApiFuntValidations" time="0.203"/>
  <system-out/>
  <testcase classname="NewFrameWork.RaffleTechAdminPortalTestClass" name="RestApiFuntValidations" time="0.226"/>
  <system-out/>
  <testcase classname="NewFrameWork.RaffleTechAdminPortalTestClass" name="RestApiFuntValidations" time="0.358"/>
  <system-out/>
  <testcase classname="NewFrameWork.RaffleTechAdminPortalTestClass" name="RestApiFuntValidations" time="0.161"/>
  <system-out/>
  <testcase classname="NewFrameWork.RaffleTechAdminPortalTestClass" name="RestApiFuntValidations" time="0.339"/>
  <system-out/>
  <testcase classname="NewFrameWork.RaffleTechAdminPortalTestClass" name="RestApiFuntValidations" time="0.404"/>
  <system-out/>
  <testcase classname="NewFrameWork.RaffleTechAdminPortalTestClass" name="RestApiFuntValidations" time="0.261"/>
  <system-out/>
  <testcase classname="NewFrameWork.RaffleTechAdminPortalTestClass" name="RestApiFuntValidations" time="0.283"/>
  <system-out/>
  <testcase classname="NewFrameWork.RaffleTechAdminPortalTestClass" name="RestApiFuntValidations" time="0.245"/>
  <system-out/>
  <testcase classname="NewFrameWork.RaffleTechAdminPortalTestClass" name="RestApiFuntValidations" time="0.269"/>
  <system-out/>
  <testcase classname="NewFrameWork.RaffleTechAdminPortalTestClass" name="RestApiFuntValidations" time="0.283"/>
  <system-out/>
  <testcase classname="NewFrameWork.RaffleTechAdminPortalTestClass" name="RestApiFuntValidations" time="0.242"/>
  <system-out/>
  <testcase classname="NewFrameWork.RaffleTechAdminPortalTestClass" name="RestApiFuntValidations" time="0.165"/>
  <system-out/>
  <testcase classname="NewFrameWork.RaffleTechAdminPortalTestClass" name="RestApiFuntValidations" time="0.160"/>
  <system-out/>
  <testcase classname="NewFrameWork.RaffleTechAdminPortalTestClass" name="RestApiFuntValidations" time="0.203"/>
  <system-out/>
  <testcase classname="NewFrameWork.RaffleTechAdminPortalTestClass" name="RestApiFuntValidations" time="0.146"/>
  <system-out/>
  <testcase classname="NewFrameWork.RaffleTechAdminPortalTestClass" name="RestApiFuntValidations" time="0.221"/>
  <system-out/>
  <testcase classname="NewFrameWork.RaffleTechAdminPortalTestClass" name="RestApiFuntValidations" time="0.185"/>
  <system-out/>
  <testcase classname="NewFrameWork.RaffleTechAdminPortalTestClass" name="RestApiFuntValidations" time="0.457"/>
  <system-out/>
  <testcase classname="NewFrameWork.RaffleTechAdminPortalTestClass" name="RestApiFuntValidations" time="0.269"/>
  <system-out/>
  <testcase classname="NewFrameWork.RaffleTechAdminPortalTestClass" name="RestApiFuntValidations" time="0.216"/>
  <system-out/>
  <testcase classname="NewFrameWork.RaffleTechAdminPortalTestClass" name="RestApiFuntValidations" time="0.279"/>
  <system-out/>
  <testcase classname="NewFrameWork.RaffleTechAdminPortalTestClass" name="RestApiFuntValidations" time="0.391"/>
  <system-out/>
  <testcase classname="NewFrameWork.RaffleTechAdminPortalTestClass" name="RestApiFuntValidations" time="0.288"/>
  <system-out/>
  <testcase classname="NewFrameWork.RaffleTechAdminPortalTestClass" name="RestApiFuntValidations" time="0.227"/>
  <system-out/>
  <testcase classname="NewFrameWork.RaffleTechAdminPortalTestClass" name="RestApiFuntValidations" time="0.179"/>
  <system-out/>
  <testcase classname="NewFrameWork.RaffleTechAdminPortalTestClass" name="RestApiFuntValidations" time="0.168"/>
  <system-out/>
  <testcase classname="NewFrameWork.RaffleTechAdminPortalTestClass" name="RestApiFuntValidations" time="0.223"/>
  <system-out/>
  <testcase classname="NewFrameWork.RaffleTechAdminPortalTestClass" name="RestApiFuntValidations" time="0.208"/>
  <system-out/>
  <testcase classname="NewFrameWork.RaffleTechAdminPortalTestClass" name="RestApiFuntValidations" time="0.284"/>
  <system-out/>
  <testcase classname="NewFrameWork.RaffleTechAdminPortalTestClass" name="RestApiFuntValidations" time="0.323"/>
  <system-out/>
  <testcase classname="NewFrameWork.RaffleTechAdminPortalTestClass" name="RestApiFuntValidations" time="0.322"/>
  <system-out/>
  <testcase classname="NewFrameWork.RaffleTechAdminPortalTestClass" name="RestApiFuntValidations" time="0.252"/>
  <system-out/>
  <testcase classname="NewFrameWork.RaffleTechAdminPortalTestClass" name="RestApiFuntValidations" time="0.229"/>
  <system-out/>
  <testcase classname="NewFrameWork.RaffleTechAdminPortalTestClass" name="RestApiFuntValidations" time="0.302"/>
  <system-out/>
  <testcase classname="NewFrameWork.RaffleTechAdminPortalTestClass" name="RestApiFuntValidations" time="0.167"/>
  <system-out/>
  <testcase classname="NewFrameWork.RaffleTechAdminPortalTestClass" name="RestApiFuntValidations" time="0.418"/>
  <system-out/>
  <testcase classname="NewFrameWork.RaffleTechAdminPortalTestClass" name="RestApiFuntValidations" time="0.115"/>
  <system-out/>
  <testcase classname="NewFrameWork.RaffleTechAdminPortalTestClass" name="RestApiFuntValidations" time="0.225"/>
  <system-out/>
  <testcase classname="NewFrameWork.RaffleTechAdminPortalTestClass" name="RestApiFuntValidations" time="0.136"/>
  <system-out/>
  <testcase classname="NewFrameWork.RaffleTechAdminPortalTestClass" name="RestApiFuntValidations" time="0.269"/>
  <system-out/>
  <testcase classname="NewFrameWork.RaffleTechAdminPortalTestClass" name="RestApiFuntValidations" time="0.242"/>
  <system-out/>
  <testcase classname="NewFrameWork.RaffleTechAdminPortalTestClass" name="RestApiFuntValidations" time="0.260"/>
  <system-out/>
  <testcase classname="NewFrameWork.RaffleTechAdminPortalTestClass" name="RestApiFuntValidations" time="0.152"/>
  <system-out/>
  <testcase classname="NewFrameWork.RaffleTechAdminPortalTestClass" name="RestApiFuntValidations" time="0.236"/>
  <system-out/>
  <testcase classname="NewFrameWork.RaffleTechAdminPortalTestClass" name="RestApiFuntValidations" time="0.978"/>
  <system-out/>
  <testcase classname="NewFrameWork.RaffleTechAdminPortalTestClass" name="RestApiFuntValidations" time="0.206"/>
  <system-out/>
  <testcase classname="NewFrameWork.RaffleTechAdminPortalTestClass" name="RestApiFuntValidations" time="0.088"/>
  <system-out/>
  <testcase classname="NewFrameWork.RaffleTechAdminPortalTestClass" name="RestApiFuntValidations" time="0.245"/>
  <system-out/>
  <testcase classname="NewFrameWork.RaffleTechAdminPortalTestClass" name="RestApiFuntValidations" time="0.178"/>
  <system-out/>
  <testcase classname="NewFrameWork.RaffleTechAdminPortalTestClass" name="RestApiFuntValidations" time="0.292"/>
  <system-out/>
  <testcase classname="NewFrameWork.RaffleTechAdminPortalTestClass" name="RestApiFuntValidations" time="0.289"/>
  <system-out/>
  <testcase classname="NewFrameWork.RaffleTechAdminPortalTestClass" name="RestApiFuntValidations" time="0.166"/>
  <system-out/>
  <testcase classname="NewFrameWork.RaffleTechAdminPortalTestClass" name="RestApiFuntValidations" time="0.096"/>
  <system-out/>
  <testcase classname="NewFrameWork.RaffleTechAdminPortalTestClass" name="RestApiFuntValidations" time="0.242"/>
  <system-out/>
  <testcase classname="NewFrameWork.RaffleTechAdminPortalTestClass" name="RestApiFuntValidations" time="0.148"/>
  <system-out/>
  <testcase classname="NewFrameWork.RaffleTechAdminPortalTestClass" name="RestApiFuntValidations" time="0.791"/>
  <system-out/>
  <testcase classname="NewFrameWork.RaffleTechAdminPortalTestClass" name="RestApiFuntValidations" time="0.318"/>
  <system-out/>
  <testcase classname="NewFrameWork.RaffleTechAdminPortalTestClass" name="RestApiFuntValidations" time="0.230"/>
  <system-out/>
  <testcase classname="NewFrameWork.RaffleTechAdminPortalTestClass" name="RestApiFuntValidations" time="0.236"/>
  <system-out/>
  <testcase classname="NewFrameWork.RaffleTechAdminPortalTestClass" name="RestApiFuntValidations" time="0.186"/>
  <system-out/>
  <testcase classname="NewFrameWork.RaffleTechAdminPortalTestClass" name="RestApiFuntValidations" time="0.615"/>
  <system-out/>
  <testcase classname="NewFrameWork.RaffleTechAdminPortalTestClass" name="RestApiFuntValidations" time="0.226"/>
  <system-out/>
  <testcase classname="NewFrameWork.RaffleTechAdminPortalTestClass" name="RestApiFuntValidations" time="0.189"/>
  <system-out/>
  <testcase classname="NewFrameWork.RaffleTechAdminPortalTestClass" name="RestApiFuntValidations" time="0.136"/>
  <system-out/>
  <testcase classname="NewFrameWork.RaffleTechAdminPortalTestClass" name="RestApiFuntValidations" time="0.206"/>
  <system-out/>
  <testcase classname="NewFrameWork.RaffleTechAdminPortalTestClass" name="RestApiFuntValidations" time="0.076"/>
  <system-out/>
  <testcase classname="NewFrameWork.RaffleTechAdminPortalTestClass" name="RestApiFuntValidations" time="0.232"/>
  <system-out/>
  <testcase classname="NewFrameWork.RaffleTechAdminPortalTestClass" name="RestApiFuntValidations" time="0.279"/>
  <system-out/>
  <testcase classname="NewFrameWork.RaffleTechAdminPortalTestClass" name="RestApiFuntValidations" time="0.163"/>
  <system-out/>
  <testcase classname="NewFrameWork.RaffleTechAdminPortalTestClass" name="RestApiFuntValidations" time="0.200"/>
  <system-out/>
  <testcase classname="NewFrameWork.RaffleTechAdminPortalTestClass" name="RestApiFuntValidations" time="0.270"/>
  <system-out/>
  <testcase classname="NewFrameWork.RaffleTechAdminPortalTestClass" name="RestApiFuntValidations" time="0.302"/>
  <system-out/>
  <testcase classname="NewFrameWork.RaffleTechAdminPortalTestClass" name="RestApiFuntValidations" time="0.144"/>
  <system-out/>
  <testcase classname="NewFrameWork.RaffleTechAdminPortalTestClass" name="RestApiFuntValidations" time="0.411"/>
  <system-out/>
  <testcase classname="NewFrameWork.RaffleTechAdminPortalTestClass" name="RestApiFuntValidations" time="0.241"/>
  <system-out/>
  <testcase classname="NewFrameWork.RaffleTechAdminPortalTestClass" name="RestApiFuntValidations" time="0.493"/>
  <system-out/>
  <testcase classname="NewFrameWork.RaffleTechAdminPortalTestClass" name="RestApiFuntValidations" time="0.208"/>
  <system-out/>
  <testcase classname="NewFrameWork.RaffleTechAdminPortalTestClass" name="RestApiFuntValidations" time="0.219"/>
  <system-out/>
  <testcase classname="NewFrameWork.RaffleTechAdminPortalTestClass" name="RestApiFuntValidations" time="0.138"/>
  <system-out/>
  <testcase classname="NewFrameWork.RaffleTechAdminPortalTestClass" name="RestApiFuntValidations" time="0.473"/>
  <system-out/>
  <testcase classname="NewFrameWork.RaffleTechAdminPortalTestClass" name="RestApiFuntValidations" time="0.314"/>
  <system-out/>
  <testcase classname="NewFrameWork.RaffleTechAdminPortalTestClass" name="RestApiFuntValidations" time="0.156"/>
  <system-out/>
  <testcase classname="NewFrameWork.RaffleTechAdminPortalTestClass" name="RestApiFuntValidations" time="0.175"/>
  <system-out/>
  <testcase classname="NewFrameWork.RaffleTechAdminPortalTestClass" name="RestApiFuntValidations" time="0.108"/>
  <system-out/>
  <testcase classname="NewFrameWork.RaffleTechAdminPortalTestClass" name="RestApiFuntValidations" time="0.185"/>
  <system-out/>
  <testcase classname="NewFrameWork.RaffleTechAdminPortalTestClass" name="RestApiFuntValidations" time="0.324"/>
  <system-out/>
  <testcase classname="NewFrameWork.RaffleTechAdminPortalTestClass" name="RestApiFuntValidations" time="0.188"/>
  <system-out/>
  <testcase classname="NewFrameWork.RaffleTechAdminPortalTestClass" name="RestApiFuntValidations" time="0.445"/>
  <system-out/>
  <testcase classname="NewFrameWork.RaffleTechAdminPortalTestClass" name="RestApiFuntValidations" time="0.397"/>
  <system-out/>
  <testcase classname="NewFrameWork.RaffleTechAdminPortalTestClass" name="RestApiFuntValidations" time="0.248"/>
  <system-out/>
  <testcase classname="NewFrameWork.RaffleTechAdminPortalTestClass" name="RestApiFuntValidations" time="0.189"/>
  <system-out/>
  <testcase classname="NewFrameWork.RaffleTechAdminPortalTestClass" name="RestApiFuntValidations" time="0.209"/>
  <system-out/>
  <testcase classname="NewFrameWork.RaffleTechAdminPortalTestClass" name="RestApiFuntValidations" time="0.133"/>
  <system-out/>
  <testcase classname="NewFrameWork.RaffleTechAdminPortalTestClass" name="RestApiFuntValidations" time="0.263"/>
  <system-out/>
  <testcase classname="NewFrameWork.RaffleTechAdminPortalTestClass" name="RestApiFuntValidations" time="0.267"/>
  <system-out/>
  <testcase classname="NewFrameWork.RaffleTechAdminPortalTestClass" name="RestApiFuntValidations" time="0.253"/>
  <system-out/>
  <testcase classname="NewFrameWork.RaffleTechAdminPortalTestClass" name="RestApiFuntValidations" time="0.330"/>
  <system-out/>
  <testcase classname="NewFrameWork.RaffleTechAdminPortalTestClass" name="RestApiFuntValidations" time="0.200"/>
  <system-out/>
  <testcase classname="NewFrameWork.RaffleTechAdminPortalTestClass" name="RestApiFuntValidations" time="0.405"/>
  <system-out/>
  <testcase classname="NewFrameWork.RaffleTechAdminPortalTestClass" name="RestApiFuntValidations" time="0.309"/>
  <system-out/>
  <testcase classname="NewFrameWork.RaffleTechAdminPortalTestClass" name="RestApiFuntValidations" time="0.254"/>
  <system-out/>
  <testcase classname="NewFrameWork.RaffleTechAdminPortalTestClass" name="RestApiFuntValidations" time="0.173"/>
  <system-out/>
  <testcase classname="NewFrameWork.RaffleTechAdminPortalTestClass" name="RestApiFuntValidations" time="0.673"/>
  <system-out/>
  <testcase classname="NewFrameWork.RaffleTechAdminPortalTestClass" name="RestApiFuntValidations" time="0.202"/>
  <system-out/>
  <testcase classname="NewFrameWork.RaffleTechAdminPortalTestClass" name="RestApiFuntValidations" time="0.249"/>
  <system-out/>
  <testcase classname="NewFrameWork.RaffleTechAdminPortalTestClass" name="RestApiFuntValidations" time="0.237"/>
  <system-out/>
  <testcase classname="NewFrameWork.RaffleTechAdminPortalTestClass" name="RestApiFuntValidations" time="4.119"/>
  <system-out/>
  <testcase classname="NewFrameWork.RaffleTechAdminPortalTestClass" name="RestApiFuntValidations" time="0.348"/>
  <system-out/>
  <testcase classname="NewFrameWork.RaffleTechAdminPortalTestClass" name="RestApiFuntValidations" time="0.217"/>
  <system-out/>
  <testcase classname="NewFrameWork.RaffleTechAdminPortalTestClass" name="RestApiFuntValidations" time="0.100"/>
  <system-out/>
  <testcase classname="NewFrameWork.RaffleTechAdminPortalTestClass" name="RestApiFuntValidations" time="0.305"/>
  <system-out/>
  <testcase classname="NewFrameWork.RaffleTechAdminPortalTestClass" name="RestApiFuntValidations" time="0.215"/>
  <system-out/>
  <testcase classname="NewFrameWork.RaffleTechAdminPortalTestClass" name="RestApiFuntValidations" time="0.163"/>
  <system-out/>
  <testcase classname="NewFrameWork.RaffleTechAdminPortalTestClass" name="RestApiFuntValidations" time="0.136"/>
  <system-out/>
  <testcase classname="NewFrameWork.RaffleTechAdminPortalTestClass" name="RestApiFuntValidations" time="0.173"/>
  <system-out/>
  <testcase classname="NewFrameWork.RaffleTechAdminPortalTestClass" name="RestApiFuntValidations" time="0.225"/>
  <system-out/>
  <testcase classname="NewFrameWork.RaffleTechAdminPortalTestClass" name="RestApiFuntValidations" time="0.377"/>
  <system-out/>
  <testcase classname="NewFrameWork.RaffleTechAdminPortalTestClass" name="RestApiFuntValidations" time="0.197"/>
  <system-out/>
  <testcase classname="NewFrameWork.RaffleTechAdminPortalTestClass" name="RestApiFuntValidations" time="0.184"/>
  <system-out/>
  <testcase classname="NewFrameWork.RaffleTechAdminPortalTestClass" name="RestApiFuntValidations" time="0.103"/>
  <system-out/>
  <testcase classname="NewFrameWork.RaffleTechAdminPortalTestClass" name="RestApiFuntValidations" time="0.184"/>
  <system-out/>
  <testcase classname="NewFrameWork.RaffleTechAdminPortalTestClass" name="RestApiFuntValidations" time="0.196"/>
  <system-out/>
  <testcase classname="NewFrameWork.RaffleTechAdminPortalTestClass" name="RestApiFuntValidations" time="0.291"/>
  <system-out/>
  <testcase classname="NewFrameWork.RaffleTechAdminPortalTestClass" name="RestApiFuntValidations" time="0.152"/>
  <system-out/>
  <testcase classname="NewFrameWork.RaffleTechAdminPortalTestClass" name="RestApiFuntValidations" time="0.141"/>
  <system-out/>
  <testcase classname="NewFrameWork.RaffleTechAdminPortalTestClass" name="RestApiFuntValidations" time="0.240"/>
  <system-out/>
  <testcase classname="NewFrameWork.RaffleTechAdminPortalTestClass" name="RestApiFuntValidations" time="0.222"/>
  <system-out/>
  <testcase classname="NewFrameWork.RaffleTechAdminPortalTestClass" name="RestApiFuntValidations" time="0.303"/>
  <system-out/>
  <testcase classname="NewFrameWork.RaffleTechAdminPortalTestClass" name="RestApiFuntValidations" time="0.505"/>
  <system-out/>
  <testcase classname="NewFrameWork.RaffleTechAdminPortalTestClass" name="RestApiFuntValidations" time="0.180"/>
  <system-out/>
  <testcase classname="NewFrameWork.RaffleTechAdminPortalTestClass" name="RestApiFuntValidations" time="0.125"/>
  <system-out/>
  <testcase classname="NewFrameWork.RaffleTechAdminPortalTestClass" name="RestApiFuntValidations" time="0.189"/>
  <system-out/>
  <testcase classname="NewFrameWork.RaffleTechAdminPortalTestClass" name="RestApiFuntValidations" time="0.222"/>
  <system-out/>
  <testcase classname="NewFrameWork.RaffleTechAdminPortalTestClass" name="RestApiFuntValidations" time="0.321"/>
  <system-out/>
  <testcase classname="NewFrameWork.RaffleTechAdminPortalTestClass" name="RestApiFuntValidations" time="0.122"/>
  <system-out/>
  <testcase classname="NewFrameWork.RaffleTechAdminPortalTestClass" name="RestApiFuntValidations" time="0.226"/>
  <system-out/>
  <testcase classname="NewFrameWork.RaffleTechAdminPortalTestClass" name="RestApiFuntValidations" time="0.269"/>
  <system-out/>
  <testcase classname="NewFrameWork.RaffleTechAdminPortalTestClass" name="RestApiFuntValidations" time="0.216"/>
  <system-out/>
  <testcase classname="NewFrameWork.RaffleTechAdminPortalTestClass" name="RestApiFuntValidations" time="1.031"/>
  <system-out/>
  <testcase classname="NewFrameWork.RaffleTechAdminPortalTestClass" name="RestApiFuntValidations" time="0.281"/>
  <system-out/>
  <testcase classname="NewFrameWork.RaffleTechAdminPortalTestClass" name="RestApiFuntValidations" time="0.171"/>
  <system-out/>
  <testcase classname="NewFrameWork.RaffleTechAdminPortalTestClass" name="RestApiFuntValidations" time="0.141"/>
  <system-out/>
  <testcase classname="NewFrameWork.RaffleTechAdminPortalTestClass" name="RestApiFuntValidations" time="0.099"/>
  <system-out/>
  <testcase classname="NewFrameWork.RaffleTechAdminPortalTestClass" name="RestApiFuntValidations" time="0.170"/>
  <system-out/>
  <testcase classname="NewFrameWork.RaffleTechAdminPortalTestClass" name="RestApiFuntValidations" time="0.249"/>
  <system-out/>
  <testcase classname="NewFrameWork.RaffleTechAdminPortalTestClass" name="RestApiFuntValidations" time="0.142"/>
  <system-out/>
  <testcase classname="NewFrameWork.RaffleTechAdminPortalTestClass" name="RestApiFuntValidations" time="0.378"/>
  <system-out/>
  <testcase classname="NewFrameWork.RaffleTechAdminPortalTestClass" name="RestApiFuntValidations" time="0.225"/>
  <system-out/>
  <testcase classname="NewFrameWork.RaffleTechAdminPortalTestClass" name="RestApiFuntValidations" time="0.130"/>
  <system-out/>
  <testcase classname="NewFrameWork.RaffleTechAdminPortalTestClass" name="RestApiFuntValidations" time="0.172"/>
  <system-out/>
  <testcase classname="NewFrameWork.RaffleTechAdminPortalTestClass" name="RestApiFuntValidations" time="0.246"/>
  <system-out/>
  <testcase classname="NewFrameWork.RaffleTechAdminPortalTestClass" name="RestApiFuntValidations" time="0.141"/>
  <system-out/>
  <testcase classname="NewFrameWork.RaffleTechAdminPortalTestClass" name="RestApiFuntValidations" time="0.147"/>
  <system-out/>
  <testcase classname="NewFrameWork.RaffleTechAdminPortalTestClass" name="RestApiFuntValidations" time="0.265"/>
  <system-out/>
  <testcase classname="NewFrameWork.RaffleTechAdminPortalTestClass" name="RestApiFuntValidations" time="0.216"/>
  <system-out/>
  <testcase classname="NewFrameWork.RaffleTechAdminPortalTestClass" name="RestApiFuntValidations" time="0.276"/>
  <system-out/>
  <testcase classname="NewFrameWork.RaffleTechAdminPortalTestClass" name="RestApiFuntValidations" time="0.319"/>
  <system-out/>
  <testcase classname="NewFrameWork.RaffleTechAdminPortalTestClass" name="RestApiFuntValidations" time="0.260"/>
  <system-out/>
  <testcase classname="NewFrameWork.RaffleTechAdminPortalTestClass" name="RestApiFuntValidations" time="0.212"/>
  <system-out/>
  <testcase classname="NewFrameWork.RaffleTechAdminPortalTestClass" name="RestApiFuntValidations" time="0.361"/>
  <system-out/>
  <testcase classname="NewFrameWork.RaffleTechAdminPortalTestClass" name="RestApiFuntValidations" time="0.307"/>
  <system-out/>
  <testcase classname="NewFrameWork.RaffleTechAdminPortalTestClass" name="RestApiFuntValidations" time="0.352"/>
  <system-out/>
  <testcase classname="NewFrameWork.RaffleTechAdminPortalTestClass" name="RestApiFuntValidations" time="0.234"/>
  <system-out/>
  <testcase classname="NewFrameWork.RaffleTechAdminPortalTestClass" name="RestApiFuntValidations" time="0.347"/>
  <system-out/>
  <testcase classname="NewFrameWork.RaffleTechAdminPortalTestClass" name="RestApiFuntValidations" time="0.218"/>
  <system-out/>
  <testcase classname="NewFrameWork.RaffleTechAdminPortalTestClass" name="RestApiFuntValidations" time="0.143"/>
  <system-out/>
  <testcase classname="NewFrameWork.RaffleTechAdminPortalTestClass" name="RestApiFuntValidations" time="0.200"/>
  <system-out/>
  <testcase classname="NewFrameWork.RaffleTechAdminPortalTestClass" name="RestApiFuntValidations" time="0.259"/>
  <system-out/>
  <testcase classname="NewFrameWork.RaffleTechAdminPortalTestClass" name="RestApiFuntValidations" time="0.172"/>
  <system-out/>
  <testcase classname="NewFrameWork.RaffleTechAdminPortalTestClass" name="RestApiFuntValidations" time="0.353"/>
  <system-out/>
  <testcase classname="NewFrameWork.RaffleTechAdminPortalTestClass" name="RestApiFuntValidations" time="0.102"/>
  <system-out/>
  <testcase classname="NewFrameWork.RaffleTechAdminPortalTestClass" name="RestApiFuntValidations" time="0.158"/>
  <system-out/>
  <testcase classname="NewFrameWork.RaffleTechAdminPortalTestClass" name="RestApiFuntValidations" time="0.210"/>
  <system-out/>
  <testcase classname="NewFrameWork.RaffleTechAdminPortalTestClass" name="RestApiFuntValidations" time="0.255"/>
  <system-out/>
  <testcase classname="NewFrameWork.RaffleTechAdminPortalTestClass" name="RestApiFuntValidations" time="0.127"/>
  <system-out/>
  <testcase classname="NewFrameWork.RaffleTechAdminPortalTestClass" name="RestApiFuntValidations" time="0.129"/>
  <system-out/>
  <testcase classname="NewFrameWork.RaffleTechAdminPortalTestClass" name="RestApiFuntValidations" time="0.198"/>
  <system-out/>
  <testcase classname="NewFrameWork.RaffleTechAdminPortalTestClass" name="RestApiFuntValidations" time="0.318"/>
  <system-out/>
  <testcase classname="NewFrameWork.RaffleTechAdminPortalTestClass" name="RestApiFuntValidations" time="0.184"/>
  <system-out/>
  <testcase classname="NewFrameWork.RaffleTechAdminPortalTestClass" name="RestApiFuntValidations" time="0.315"/>
  <system-out/>
  <testcase classname="NewFrameWork.RaffleTechAdminPortalTestClass" name="RestApiFuntValidations" time="0.209"/>
  <system-out/>
  <testcase classname="NewFrameWork.RaffleTechAdminPortalTestClass" name="RestApiFuntValidations" time="0.308"/>
  <system-out/>
  <testcase classname="NewFrameWork.RaffleTechAdminPortalTestClass" name="RestApiFuntValidations" time="0.290"/>
  <system-out/>
  <testcase classname="NewFrameWork.RaffleTechAdminPortalTestClass" name="RestApiFuntValidations" time="0.243"/>
  <system-out/>
  <testcase classname="NewFrameWork.RaffleTechAdminPortalTestClass" name="RestApiFuntValidations" time="0.301"/>
  <system-out/>
  <testcase classname="NewFrameWork.RaffleTechAdminPortalTestClass" name="RestApiFuntValidations" time="0.163"/>
  <system-out/>
  <testcase classname="NewFrameWork.RaffleTechAdminPortalTestClass" name="RestApiFuntValidations" time="0.288"/>
  <system-out/>
  <testcase classname="NewFrameWork.RaffleTechAdminPortalTestClass" name="RestApiFuntValidations" time="0.205"/>
  <system-out/>
  <testcase classname="NewFrameWork.RaffleTechAdminPortalTestClass" name="RestApiFuntValidations" time="0.226"/>
  <system-out/>
  <testcase classname="NewFrameWork.RaffleTechAdminPortalTestClass" name="RestApiFuntValidations" time="0.240"/>
  <system-out/>
  <testcase classname="NewFrameWork.RaffleTechAdminPortalTestClass" name="RestApiFuntValidations" time="0.414"/>
  <system-out/>
  <testcase classname="NewFrameWork.RaffleTechAdminPortalTestClass" name="RestApiFuntValidations" time="0.218"/>
  <system-out/>
  <testcase classname="NewFrameWork.RaffleTechAdminPortalTestClass" name="RestApiFuntValidations" time="0.122"/>
  <system-out/>
  <testcase classname="NewFrameWork.RaffleTechAdminPortalTestClass" name="RestApiFuntValidations" time="0.104"/>
  <system-out/>
  <testcase classname="NewFrameWork.RaffleTechAdminPortalTestClass" name="RestApiFuntValidations" time="0.348"/>
  <system-out/>
  <testcase classname="NewFrameWork.RaffleTechAdminPortalTestClass" name="RestApiFuntValidations" time="0.120"/>
  <system-out/>
  <testcase classname="NewFrameWork.RaffleTechAdminPortalTestClass" name="RestApiFuntValidations" time="0.313"/>
  <system-out/>
  <testcase classname="NewFrameWork.RaffleTechAdminPortalTestClass" name="RestApiFuntValidations" time="0.289"/>
  <system-out/>
  <testcase classname="NewFrameWork.RaffleTechAdminPortalTestClass" name="RestApiFuntValidations" time="0.254"/>
  <system-out/>
  <testcase classname="NewFrameWork.RaffleTechAdminPortalTestClass" name="RestApiFuntValidations" time="0.223"/>
  <system-out/>
  <testcase classname="NewFrameWork.RaffleTechAdminPortalTestClass" name="RestApiFuntValidations" time="0.101"/>
  <system-out/>
  <testcase classname="NewFrameWork.RaffleTechAdminPortalTestClass" name="RestApiFuntValidations" time="0.284"/>
  <system-out/>
  <testcase classname="NewFrameWork.RaffleTechAdminPortalTestClass" name="RestApiFuntValidations" time="0.307"/>
  <system-out/>
  <testcase classname="NewFrameWork.RaffleTechAdminPortalTestClass" name="RestApiFuntValidations" time="0.166"/>
  <system-out/>
  <testcase classname="NewFrameWork.RaffleTechAdminPortalTestClass" name="RestApiFuntValidations" time="0.316"/>
  <system-out/>
  <testcase classname="NewFrameWork.RaffleTechAdminPortalTestClass" name="RestApiFuntValidations" time="0.216"/>
  <system-out/>
  <testcase classname="NewFrameWork.RaffleTechAdminPortalTestClass" name="RestApiFuntValidations" time="0.239"/>
  <system-out/>
  <testcase classname="NewFrameWork.RaffleTechAdminPortalTestClass" name="RestApiFuntValidations" time="0.175"/>
  <system-out/>
  <testcase classname="NewFrameWork.RaffleTechAdminPortalTestClass" name="RestApiFuntValidations" time="0.240"/>
  <system-out/>
  <testcase classname="NewFrameWork.RaffleTechAdminPortalTestClass" name="RestApiFuntValidations" time="0.365"/>
  <system-out/>
  <testcase classname="NewFrameWork.RaffleTechAdminPortalTestClass" name="RestApiFuntValidations" time="0.405"/>
  <system-out/>
  <testcase classname="NewFrameWork.RaffleTechAdminPortalTestClass" name="RestApiFuntValidations" time="0.181"/>
  <system-out/>
  <testcase classname="NewFrameWork.RaffleTechAdminPortalTestClass" name="RestApiFuntValidations" time="0.115"/>
  <system-out/>
  <testcase classname="NewFrameWork.RaffleTechAdminPortalTestClass" name="RestApiFuntValidations" time="0.244"/>
  <system-out/>
  <testcase classname="NewFrameWork.RaffleTechAdminPortalTestClass" name="RestApiFuntValidations" time="0.774"/>
  <system-out/>
  <testcase classname="NewFrameWork.RaffleTechAdminPortalTestClass" name="RestApiFuntValidations" time="0.124"/>
  <system-out/>
  <testcase classname="NewFrameWork.RaffleTechAdminPortalTestClass" name="RestApiFuntValidations" time="0.151"/>
  <system-out/>
  <testcase classname="NewFrameWork.RaffleTechAdminPortalTestClass" name="RestApiFuntValidations" time="0.226"/>
  <system-out/>
  <testcase classname="NewFrameWork.RaffleTechAdminPortalTestClass" name="RestApiFuntValidations" time="0.180"/>
  <system-out/>
  <testcase classname="NewFrameWork.RaffleTechAdminPortalTestClass" name="RestApiFuntValidations" time="0.363"/>
  <system-out/>
  <testcase classname="NewFrameWork.RaffleTechAdminPortalTestClass" name="RestApiFuntValidations" time="0.345"/>
  <system-out/>
  <testcase classname="NewFrameWork.RaffleTechAdminPortalTestClass" name="RestApiFuntValidations" time="0.324"/>
  <system-out/>
  <testcase classname="NewFrameWork.RaffleTechAdminPortalTestClass" name="RestApiFuntValidations" time="0.181"/>
  <system-out/>
  <testcase classname="NewFrameWork.RaffleTechAdminPortalTestClass" name="RestApiFuntValidations" time="0.334"/>
  <system-out/>
  <testcase classname="NewFrameWork.RaffleTechAdminPortalTestClass" name="RestApiFuntValidations" time="0.254"/>
  <system-out/>
  <testcase classname="NewFrameWork.RaffleTechAdminPortalTestClass" name="RestApiFuntValidations" time="0.171"/>
  <system-out/>
  <testcase classname="NewFrameWork.RaffleTechAdminPortalTestClass" name="RestApiFuntValidations" time="0.108"/>
  <system-out/>
  <testcase classname="NewFrameWork.RaffleTechAdminPortalTestClass" name="RestApiFuntValidations" time="0.166"/>
  <system-out/>
  <testcase classname="NewFrameWork.RaffleTechAdminPortalTestClass" name="RestApiFuntValidations" time="0.266"/>
  <system-out/>
  <testcase classname="NewFrameWork.RaffleTechAdminPortalTestClass" name="RestApiFuntValidations" time="0.253"/>
  <system-out/>
  <testcase classname="NewFrameWork.RaffleTechAdminPortalTestClass" name="RestApiFuntValidations" time="0.275"/>
  <system-out/>
  <testcase classname="NewFrameWork.RaffleTechAdminPortalTestClass" name="RestApiFuntValidations" time="0.248"/>
  <system-out/>
  <testcase classname="NewFrameWork.RaffleTechAdminPortalTestClass" name="RestApiFuntValidations" time="0.146"/>
  <system-out/>
  <testcase classname="NewFrameWork.RaffleTechAdminPortalTestClass" name="RestApiFuntValidations" time="0.174"/>
  <system-out/>
  <testcase classname="NewFrameWork.RaffleTechAdminPortalTestClass" name="RestApiFuntValidations" time="0.192"/>
  <system-out/>
  <testcase classname="NewFrameWork.RaffleTechAdminPortalTestClass" name="RestApiFuntValidations" time="0.141"/>
  <system-out/>
  <testcase classname="NewFrameWork.RaffleTechAdminPortalTestClass" name="RestApiFuntValidations" time="0.138"/>
  <system-out/>
  <testcase classname="NewFrameWork.RaffleTechAdminPortalTestClass" name="RestApiFuntValidations" time="0.277"/>
  <system-out/>
  <testcase classname="NewFrameWork.RaffleTechAdminPortalTestClass" name="RestApiFuntValidations" time="0.387"/>
  <system-out/>
</testsuite> <!-- NewFrameWork.RaffleTechAdminPortalTestClass -->
