<?xml version="1.0" encoding="UTF-8"?>
<!-- Generated by org.testng.reporters.JUnitReportReporter -->
<testsuite hostname="DESKTOP-4EHNAOM" failures="0" tests="344" name="MonacoAdminPortalPKG.MWCApiTestclass" time="86.291" errors="0" timestamp="2024-05-14T17:09:54 IST" skipped="0">
  <testcase classname="MonacoAdminPortalPKG.MWCApiTestclass" name="MWCAdminRestApiTest" time="0.057"/>
  <system-out/>
  <testcase classname="MonacoAdminPortalPKG.MWCApiTestclass" name="MWCAdminRestApiTest" time="0.208"/>
  <system-out/>
  <testcase classname="MonacoAdminPortalPKG.MWCApiTestclass" name="MWCAdminRestApiTest" time="0.298"/>
  <system-out/>
  <testcase classname="MonacoAdminPortalPKG.MWCApiTestclass" name="MWCAdminRestApiTest" time="0.214"/>
  <system-out/>
  <testcase classname="MonacoAdminPortalPKG.MWCApiTestclass" name="MWCAdminRestApiTest" time="0.258"/>
  <system-out/>
  <testcase classname="MonacoAdminPortalPKG.MWCApiTestclass" name="MWCAdminRestApiTest" time="0.206"/>
  <system-out/>
  <testcase classname="MonacoAdminPortalPKG.MWCApiTestclass" name="MWCAdminRestApiTest" time="0.018"/>
  <system-out/>
  <testcase classname="MonacoAdminPortalPKG.MWCApiTestclass" name="MWCAdminRestApiTest" time="0.299"/>
  <system-out/>
  <testcase classname="MonacoAdminPortalPKG.MWCApiTestclass" name="MWCAdminRestApiTest" time="0.257"/>
  <system-out/>
  <testcase classname="MonacoAdminPortalPKG.MWCApiTestclass" name="MWCAdminRestApiTest" time="0.255"/>
  <system-out/>
  <testcase classname="MonacoAdminPortalPKG.MWCApiTestclass" name="MWCAdminRestApiTest" time="0.207"/>
  <system-out/>
  <testcase classname="MonacoAdminPortalPKG.MWCApiTestclass" name="MWCAdminRestApiTest" time="0.231"/>
  <system-out/>
  <testcase classname="MonacoAdminPortalPKG.MWCApiTestclass" name="MWCAdminRestApiTest" time="0.233"/>
  <system-out/>
  <testcase classname="MonacoAdminPortalPKG.MWCApiTestclass" name="MWCAdminRestApiTest" time="0.285"/>
  <system-out/>
  <testcase classname="MonacoAdminPortalPKG.MWCApiTestclass" name="MWCAdminRestApiTest" time="0.236"/>
  <system-out/>
  <testcase classname="MonacoAdminPortalPKG.MWCApiTestclass" name="MWCAdminRestApiTest" time="0.252"/>
  <system-out/>
  <testcase classname="MonacoAdminPortalPKG.MWCApiTestclass" name="MWCAdminRestApiTest" time="0.202"/>
  <system-out/>
  <testcase classname="MonacoAdminPortalPKG.MWCApiTestclass" name="MWCAdminRestApiTest" time="0.325"/>
  <system-out/>
  <testcase classname="MonacoAdminPortalPKG.MWCApiTestclass" name="MWCAdminRestApiTest" time="0.211"/>
  <system-out/>
  <testcase classname="MonacoAdminPortalPKG.MWCApiTestclass" name="MWCAdminRestApiTest" time="0.324"/>
  <system-out/>
  <testcase classname="MonacoAdminPortalPKG.MWCApiTestclass" name="MWCAdminRestApiTest" time="0.429"/>
  <system-out/>
  <testcase classname="MonacoAdminPortalPKG.MWCApiTestclass" name="MWCAdminRestApiTest" time="0.040"/>
  <system-out/>
  <testcase classname="MonacoAdminPortalPKG.MWCApiTestclass" name="MWCAdminRestApiTest" time="0.256"/>
  <system-out/>
  <testcase classname="MonacoAdminPortalPKG.MWCApiTestclass" name="MWCAdminRestApiTest" time="0.214"/>
  <system-out/>
  <testcase classname="MonacoAdminPortalPKG.MWCApiTestclass" name="MWCAdminRestApiTest" time="0.306"/>
  <system-out/>
  <testcase classname="MonacoAdminPortalPKG.MWCApiTestclass" name="MWCAdminRestApiTest" time="0.237"/>
  <system-out/>
  <testcase classname="MonacoAdminPortalPKG.MWCApiTestclass" name="MWCAdminRestApiTest" time="0.270"/>
  <system-out/>
  <testcase classname="MonacoAdminPortalPKG.MWCApiTestclass" name="MWCAdminRestApiTest" time="0.234"/>
  <system-out/>
  <testcase classname="MonacoAdminPortalPKG.MWCApiTestclass" name="MWCAdminRestApiTest" time="0.200"/>
  <system-out/>
  <testcase classname="MonacoAdminPortalPKG.MWCApiTestclass" name="MWCAdminRestApiTest" time="0.241"/>
  <system-out/>
  <testcase classname="MonacoAdminPortalPKG.MWCApiTestclass" name="MWCAdminRestApiTest" time="0.243"/>
  <system-out/>
  <testcase classname="MonacoAdminPortalPKG.MWCApiTestclass" name="MWCAdminRestApiTest" time="0.220"/>
  <system-out/>
  <testcase classname="MonacoAdminPortalPKG.MWCApiTestclass" name="MWCAdminRestApiTest" time="0.528"/>
  <system-out/>
  <testcase classname="MonacoAdminPortalPKG.MWCApiTestclass" name="MWCAdminRestApiTest" time="0.245"/>
  <system-out/>
  <testcase classname="MonacoAdminPortalPKG.MWCApiTestclass" name="MWCAdminRestApiTest" time="0.237"/>
  <system-out/>
  <testcase classname="MonacoAdminPortalPKG.MWCApiTestclass" name="MWCAdminRestApiTest" time="0.256"/>
  <system-out/>
  <testcase classname="MonacoAdminPortalPKG.MWCApiTestclass" name="MWCAdminRestApiTest" time="0.256"/>
  <system-out/>
  <testcase classname="MonacoAdminPortalPKG.MWCApiTestclass" name="MWCAdminRestApiTest" time="0.025"/>
  <system-out/>
  <testcase classname="MonacoAdminPortalPKG.MWCApiTestclass" name="MWCAdminRestApiTest" time="0.230"/>
  <system-out/>
  <testcase classname="MonacoAdminPortalPKG.MWCApiTestclass" name="MWCAdminRestApiTest" time="0.219"/>
  <system-out/>
  <testcase classname="MonacoAdminPortalPKG.MWCApiTestclass" name="MWCAdminRestApiTest" time="0.247"/>
  <system-out/>
  <testcase classname="MonacoAdminPortalPKG.MWCApiTestclass" name="MWCAdminRestApiTest" time="0.300"/>
  <system-out/>
  <testcase classname="MonacoAdminPortalPKG.MWCApiTestclass" name="MWCAdminRestApiTest" time="0.024"/>
  <system-out/>
  <testcase classname="MonacoAdminPortalPKG.MWCApiTestclass" name="MWCAdminRestApiTest" time="0.571"/>
  <system-out/>
  <testcase classname="MonacoAdminPortalPKG.MWCApiTestclass" name="MWCAdminRestApiTest" time="0.288"/>
  <system-out/>
  <testcase classname="MonacoAdminPortalPKG.MWCApiTestclass" name="MWCAdminRestApiTest" time="0.253"/>
  <system-out/>
  <testcase classname="MonacoAdminPortalPKG.MWCApiTestclass" name="MWCAdminRestApiTest" time="0.239"/>
  <system-out/>
  <testcase classname="MonacoAdminPortalPKG.MWCApiTestclass" name="MWCAdminRestApiTest" time="0.218"/>
  <system-out/>
  <testcase classname="MonacoAdminPortalPKG.MWCApiTestclass" name="MWCAdminRestApiTest" time="0.038"/>
  <system-out/>
  <testcase classname="MonacoAdminPortalPKG.MWCApiTestclass" name="MWCAdminRestApiTest" time="0.015"/>
  <system-out/>
  <testcase classname="MonacoAdminPortalPKG.MWCApiTestclass" name="MWCAdminRestApiTest" time="0.258"/>
  <system-out/>
  <testcase classname="MonacoAdminPortalPKG.MWCApiTestclass" name="MWCAdminRestApiTest" time="0.061"/>
  <system-out/>
  <testcase classname="MonacoAdminPortalPKG.MWCApiTestclass" name="MWCAdminRestApiTest" time="0.037"/>
  <system-out/>
  <testcase classname="MonacoAdminPortalPKG.MWCApiTestclass" name="MWCAdminRestApiTest" time="0.222"/>
  <system-out/>
  <testcase classname="MonacoAdminPortalPKG.MWCApiTestclass" name="MWCAdminRestApiTest" time="0.052"/>
  <system-out/>
  <testcase classname="MonacoAdminPortalPKG.MWCApiTestclass" name="MWCAdminRestApiTest" time="0.236"/>
  <system-out/>
  <testcase classname="MonacoAdminPortalPKG.MWCApiTestclass" name="MWCAdminRestApiTest" time="0.033"/>
  <system-out/>
  <testcase classname="MonacoAdminPortalPKG.MWCApiTestclass" name="MWCAdminRestApiTest" time="0.246"/>
  <system-out/>
  <testcase classname="MonacoAdminPortalPKG.MWCApiTestclass" name="MWCAdminRestApiTest" time="0.228"/>
  <system-out/>
  <testcase classname="MonacoAdminPortalPKG.MWCApiTestclass" name="MWCAdminRestApiTest" time="0.543"/>
  <system-out/>
  <testcase classname="MonacoAdminPortalPKG.MWCApiTestclass" name="MWCAdminRestApiTest" time="0.067"/>
  <system-out/>
  <testcase classname="MonacoAdminPortalPKG.MWCApiTestclass" name="MWCAdminRestApiTest" time="0.212"/>
  <system-out/>
  <testcase classname="MonacoAdminPortalPKG.MWCApiTestclass" name="MWCAdminRestApiTest" time="0.206"/>
  <system-out/>
  <testcase classname="MonacoAdminPortalPKG.MWCApiTestclass" name="MWCAdminRestApiTest" time="0.196"/>
  <system-out/>
  <testcase classname="MonacoAdminPortalPKG.MWCApiTestclass" name="MWCAdminRestApiTest" time="0.290"/>
  <system-out/>
  <testcase classname="MonacoAdminPortalPKG.MWCApiTestclass" name="MWCAdminRestApiTest" time="0.249"/>
  <system-out/>
  <testcase classname="MonacoAdminPortalPKG.MWCApiTestclass" name="MWCAdminRestApiTest" time="0.224"/>
  <system-out/>
  <testcase classname="MonacoAdminPortalPKG.MWCApiTestclass" name="MWCAdminRestApiTest" time="0.270"/>
  <system-out/>
  <testcase classname="MonacoAdminPortalPKG.MWCApiTestclass" name="MWCAdminRestApiTest" time="0.264"/>
  <system-out/>
  <testcase classname="MonacoAdminPortalPKG.MWCApiTestclass" name="MWCAdminRestApiTest" time="0.226"/>
  <system-out/>
  <testcase classname="MonacoAdminPortalPKG.MWCApiTestclass" name="MWCAdminRestApiTest" time="0.055"/>
  <system-out/>
  <testcase classname="MonacoAdminPortalPKG.MWCApiTestclass" name="MWCAdminRestApiTest" time="0.218"/>
  <system-out/>
  <testcase classname="MonacoAdminPortalPKG.MWCApiTestclass" name="MWCAdminRestApiTest" time="0.242"/>
  <system-out/>
  <testcase classname="MonacoAdminPortalPKG.MWCApiTestclass" name="MWCAdminRestApiTest" time="0.273"/>
  <system-out/>
  <testcase classname="MonacoAdminPortalPKG.MWCApiTestclass" name="MWCAdminRestApiTest" time="0.251"/>
  <system-out/>
  <testcase classname="MonacoAdminPortalPKG.MWCApiTestclass" name="MWCAdminRestApiTest" time="0.632"/>
  <system-out/>
  <testcase classname="MonacoAdminPortalPKG.MWCApiTestclass" name="MWCAdminRestApiTest" time="0.224"/>
  <system-out/>
  <testcase classname="MonacoAdminPortalPKG.MWCApiTestclass" name="MWCAdminRestApiTest" time="0.047"/>
  <system-out/>
  <testcase classname="MonacoAdminPortalPKG.MWCApiTestclass" name="MWCAdminRestApiTest" time="0.058"/>
  <system-out/>
  <testcase classname="MonacoAdminPortalPKG.MWCApiTestclass" name="MWCAdminRestApiTest" time="0.068"/>
  <system-out/>
  <testcase classname="MonacoAdminPortalPKG.MWCApiTestclass" name="MWCAdminRestApiTest" time="0.300"/>
  <system-out/>
  <testcase classname="MonacoAdminPortalPKG.MWCApiTestclass" name="MWCAdminRestApiTest" time="0.280"/>
  <system-out/>
  <testcase classname="MonacoAdminPortalPKG.MWCApiTestclass" name="MWCAdminRestApiTest" time="0.320"/>
  <system-out/>
  <testcase classname="MonacoAdminPortalPKG.MWCApiTestclass" name="MWCAdminRestApiTest" time="0.032"/>
  <system-out/>
  <testcase classname="MonacoAdminPortalPKG.MWCApiTestclass" name="MWCAdminRestApiTest" time="0.299"/>
  <system-out/>
  <testcase classname="MonacoAdminPortalPKG.MWCApiTestclass" name="MWCAdminRestApiTest" time="0.324"/>
  <system-out/>
  <testcase classname="MonacoAdminPortalPKG.MWCApiTestclass" name="MWCAdminRestApiTest" time="0.206"/>
  <system-out/>
  <testcase classname="MonacoAdminPortalPKG.MWCApiTestclass" name="MWCAdminRestApiTest" time="0.319"/>
  <system-out/>
  <testcase classname="MonacoAdminPortalPKG.MWCApiTestclass" name="MWCAdminRestApiTest" time="0.383"/>
  <system-out/>
  <testcase classname="MonacoAdminPortalPKG.MWCApiTestclass" name="MWCAdminRestApiTest" time="0.036"/>
  <system-out/>
  <testcase classname="MonacoAdminPortalPKG.MWCApiTestclass" name="MWCAdminRestApiTest" time="0.192"/>
  <system-out/>
  <testcase classname="MonacoAdminPortalPKG.MWCApiTestclass" name="MWCAdminRestApiTest" time="0.269"/>
  <system-out/>
  <testcase classname="MonacoAdminPortalPKG.MWCApiTestclass" name="MWCAdminRestApiTest" time="0.378"/>
  <system-out/>
  <testcase classname="MonacoAdminPortalPKG.MWCApiTestclass" name="MWCAdminRestApiTest" time="0.231"/>
  <system-out/>
  <testcase classname="MonacoAdminPortalPKG.MWCApiTestclass" name="MWCAdminRestApiTest" time="0.235"/>
  <system-out/>
  <testcase classname="MonacoAdminPortalPKG.MWCApiTestclass" name="MWCAdminRestApiTest" time="0.237"/>
  <system-out/>
  <testcase classname="MonacoAdminPortalPKG.MWCApiTestclass" name="MWCAdminRestApiTest" time="0.032"/>
  <system-out/>
  <testcase classname="MonacoAdminPortalPKG.MWCApiTestclass" name="MWCAdminRestApiTest" time="0.327"/>
  <system-out/>
  <testcase classname="MonacoAdminPortalPKG.MWCApiTestclass" name="MWCAdminRestApiTest" time="0.044"/>
  <system-out/>
  <testcase classname="MonacoAdminPortalPKG.MWCApiTestclass" name="MWCAdminRestApiTest" time="0.200"/>
  <system-out/>
  <testcase classname="MonacoAdminPortalPKG.MWCApiTestclass" name="MWCAdminRestApiTest" time="0.033"/>
  <system-out/>
  <testcase classname="MonacoAdminPortalPKG.MWCApiTestclass" name="MWCAdminRestApiTest" time="0.205"/>
  <system-out/>
  <testcase classname="MonacoAdminPortalPKG.MWCApiTestclass" name="MWCAdminRestApiTest" time="0.052"/>
  <system-out/>
  <testcase classname="MonacoAdminPortalPKG.MWCApiTestclass" name="MWCAdminRestApiTest" time="0.322"/>
  <system-out/>
  <testcase classname="MonacoAdminPortalPKG.MWCApiTestclass" name="MWCAdminRestApiTest" time="0.240"/>
  <system-out/>
  <testcase classname="MonacoAdminPortalPKG.MWCApiTestclass" name="MWCAdminRestApiTest" time="0.250"/>
  <system-out/>
  <testcase classname="MonacoAdminPortalPKG.MWCApiTestclass" name="MWCAdminRestApiTest" time="0.294"/>
  <system-out/>
  <testcase classname="MonacoAdminPortalPKG.MWCApiTestclass" name="MWCAdminRestApiTest" time="0.287"/>
  <system-out/>
  <testcase classname="MonacoAdminPortalPKG.MWCApiTestclass" name="MWCAdminRestApiTest" time="0.227"/>
  <system-out/>
  <testcase classname="MonacoAdminPortalPKG.MWCApiTestclass" name="MWCAdminRestApiTest" time="0.234"/>
  <system-out/>
  <testcase classname="MonacoAdminPortalPKG.MWCApiTestclass" name="MWCAdminRestApiTest" time="0.032"/>
  <system-out/>
  <testcase classname="MonacoAdminPortalPKG.MWCApiTestclass" name="MWCAdminRestApiTest" time="0.259"/>
  <system-out/>
  <testcase classname="MonacoAdminPortalPKG.MWCApiTestclass" name="MWCAdminRestApiTest" time="0.223"/>
  <system-out/>
  <testcase classname="MonacoAdminPortalPKG.MWCApiTestclass" name="MWCAdminRestApiTest" time="0.075"/>
  <system-out/>
  <testcase classname="MonacoAdminPortalPKG.MWCApiTestclass" name="MWCAdminRestApiTest" time="0.223"/>
  <system-out/>
  <testcase classname="MonacoAdminPortalPKG.MWCApiTestclass" name="MWCAdminRestApiTest" time="0.255"/>
  <system-out/>
  <testcase classname="MonacoAdminPortalPKG.MWCApiTestclass" name="MWCAdminRestApiTest" time="0.269"/>
  <system-out/>
  <testcase classname="MonacoAdminPortalPKG.MWCApiTestclass" name="MWCAdminRestApiTest" time="0.042"/>
  <system-out/>
  <testcase classname="MonacoAdminPortalPKG.MWCApiTestclass" name="MWCAdminRestApiTest" time="0.264"/>
  <system-out/>
  <testcase classname="MonacoAdminPortalPKG.MWCApiTestclass" name="MWCAdminRestApiTest" time="0.271"/>
  <system-out/>
  <testcase classname="MonacoAdminPortalPKG.MWCApiTestclass" name="MWCAdminRestApiTest" time="0.041"/>
  <system-out/>
  <testcase classname="MonacoAdminPortalPKG.MWCApiTestclass" name="MWCAdminRestApiTest" time="0.324"/>
  <system-out/>
  <testcase classname="MonacoAdminPortalPKG.MWCApiTestclass" name="MWCAdminRestApiTest" time="0.230"/>
  <system-out/>
  <testcase classname="MonacoAdminPortalPKG.MWCApiTestclass" name="MWCAdminRestApiTest" time="0.035"/>
  <system-out/>
  <testcase classname="MonacoAdminPortalPKG.MWCApiTestclass" name="MWCAdminRestApiTest" time="0.321"/>
  <system-out/>
  <testcase classname="MonacoAdminPortalPKG.MWCApiTestclass" name="MWCAdminRestApiTest" time="0.208"/>
  <system-out/>
  <testcase classname="MonacoAdminPortalPKG.MWCApiTestclass" name="MWCAdminRestApiTest" time="0.251"/>
  <system-out/>
  <testcase classname="MonacoAdminPortalPKG.MWCApiTestclass" name="MWCAdminRestApiTest" time="0.041"/>
  <system-out/>
  <testcase classname="MonacoAdminPortalPKG.MWCApiTestclass" name="MWCAdminRestApiTest" time="0.479"/>
  <system-out/>
  <testcase classname="MonacoAdminPortalPKG.MWCApiTestclass" name="MWCAdminRestApiTest" time="0.266"/>
  <system-out/>
  <testcase classname="MonacoAdminPortalPKG.MWCApiTestclass" name="MWCAdminRestApiTest" time="0.201"/>
  <system-out/>
  <testcase classname="MonacoAdminPortalPKG.MWCApiTestclass" name="MWCAdminRestApiTest" time="0.219"/>
  <system-out/>
  <testcase classname="MonacoAdminPortalPKG.MWCApiTestclass" name="MWCAdminRestApiTest" time="0.214"/>
  <system-out/>
  <testcase classname="MonacoAdminPortalPKG.MWCApiTestclass" name="MWCAdminRestApiTest" time="0.386"/>
  <system-out/>
  <testcase classname="MonacoAdminPortalPKG.MWCApiTestclass" name="MWCAdminRestApiTest" time="6.859"/>
  <system-out/>
  <testcase classname="MonacoAdminPortalPKG.MWCApiTestclass" name="MWCAdminRestApiTest" time="0.258"/>
  <system-out/>
  <testcase classname="MonacoAdminPortalPKG.MWCApiTestclass" name="MWCAdminRestApiTest" time="0.072"/>
  <system-out/>
  <testcase classname="MonacoAdminPortalPKG.MWCApiTestclass" name="MWCAdminRestApiTest" time="0.207"/>
  <system-out/>
  <testcase classname="MonacoAdminPortalPKG.MWCApiTestclass" name="MWCAdminRestApiTest" time="0.021"/>
  <system-out/>
  <testcase classname="MonacoAdminPortalPKG.MWCApiTestclass" name="MWCAdminRestApiTest" time="0.038"/>
  <system-out/>
  <testcase classname="MonacoAdminPortalPKG.MWCApiTestclass" name="MWCAdminRestApiTest" time="0.053"/>
  <system-out/>
  <testcase classname="MonacoAdminPortalPKG.MWCApiTestclass" name="MWCAdminRestApiTest" time="0.339"/>
  <system-out/>
  <testcase classname="MonacoAdminPortalPKG.MWCApiTestclass" name="MWCAdminRestApiTest" time="0.270"/>
  <system-out/>
  <testcase classname="MonacoAdminPortalPKG.MWCApiTestclass" name="MWCAdminRestApiTest" time="0.208"/>
  <system-out/>
  <testcase classname="MonacoAdminPortalPKG.MWCApiTestclass" name="MWCAdminRestApiTest" time="0.280"/>
  <system-out/>
  <testcase classname="MonacoAdminPortalPKG.MWCApiTestclass" name="MWCAdminRestApiTest" time="0.244"/>
  <system-out/>
  <testcase classname="MonacoAdminPortalPKG.MWCApiTestclass" name="MWCAdminRestApiTest" time="0.273"/>
  <system-out/>
  <testcase classname="MonacoAdminPortalPKG.MWCApiTestclass" name="MWCAdminRestApiTest" time="0.260"/>
  <system-out/>
  <testcase classname="MonacoAdminPortalPKG.MWCApiTestclass" name="MWCAdminRestApiTest" time="0.241"/>
  <system-out/>
  <testcase classname="MonacoAdminPortalPKG.MWCApiTestclass" name="MWCAdminRestApiTest" time="0.035"/>
  <system-out/>
  <testcase classname="MonacoAdminPortalPKG.MWCApiTestclass" name="MWCAdminRestApiTest" time="0.034"/>
  <system-out/>
  <testcase classname="MonacoAdminPortalPKG.MWCApiTestclass" name="MWCAdminRestApiTest" time="0.275"/>
  <system-out/>
  <testcase classname="MonacoAdminPortalPKG.MWCApiTestclass" name="MWCAdminRestApiTest" time="0.229"/>
  <system-out/>
  <testcase classname="MonacoAdminPortalPKG.MWCApiTestclass" name="MWCAdminRestApiTest" time="0.295"/>
  <system-out/>
  <testcase classname="MonacoAdminPortalPKG.MWCApiTestclass" name="MWCAdminRestApiTest" time="0.232"/>
  <system-out/>
  <testcase classname="MonacoAdminPortalPKG.MWCApiTestclass" name="MWCAdminRestApiTest" time="0.064"/>
  <system-out/>
  <testcase classname="MonacoAdminPortalPKG.MWCApiTestclass" name="MWCAdminRestApiTest" time="0.213"/>
  <system-out/>
  <testcase classname="MonacoAdminPortalPKG.MWCApiTestclass" name="MWCAdminRestApiTest" time="0.256"/>
  <system-out/>
  <testcase classname="MonacoAdminPortalPKG.MWCApiTestclass" name="MWCAdminRestApiTest" time="0.434"/>
  <system-out/>
  <testcase classname="MonacoAdminPortalPKG.MWCApiTestclass" name="MWCAdminRestApiTest" time="0.065"/>
  <system-out/>
  <testcase classname="MonacoAdminPortalPKG.MWCApiTestclass" name="MWCAdminRestApiTest" time="0.229"/>
  <system-out/>
  <testcase classname="MonacoAdminPortalPKG.MWCApiTestclass" name="MWCAdminRestApiTest" time="0.040"/>
  <system-out/>
  <testcase classname="MonacoAdminPortalPKG.MWCApiTestclass" name="MWCAdminRestApiTest" time="0.229"/>
  <system-out/>
  <testcase classname="MonacoAdminPortalPKG.MWCApiTestclass" name="MWCAdminRestApiTest" time="0.300"/>
  <system-out/>
  <testcase classname="MonacoAdminPortalPKG.MWCApiTestclass" name="MWCAdminRestApiTest" time="0.521"/>
  <system-out/>
  <testcase classname="MonacoAdminPortalPKG.MWCApiTestclass" name="MWCAdminRestApiTest" time="0.422"/>
  <system-out/>
  <testcase classname="MonacoAdminPortalPKG.MWCApiTestclass" name="MWCAdminRestApiTest" time="0.223"/>
  <system-out/>
  <testcase classname="MonacoAdminPortalPKG.MWCApiTestclass" name="MWCAdminRestApiTest" time="0.311"/>
  <system-out/>
  <testcase classname="MonacoAdminPortalPKG.MWCApiTestclass" name="MWCAdminRestApiTest" time="0.400"/>
  <system-out/>
  <testcase classname="MonacoAdminPortalPKG.MWCApiTestclass" name="MWCAdminRestApiTest" time="0.251"/>
  <system-out/>
  <testcase classname="MonacoAdminPortalPKG.MWCApiTestclass" name="MWCAdminRestApiTest" time="0.296"/>
  <system-out/>
  <testcase classname="MonacoAdminPortalPKG.MWCApiTestclass" name="MWCAdminRestApiTest" time="0.215"/>
  <system-out/>
  <testcase classname="MonacoAdminPortalPKG.MWCApiTestclass" name="MWCAdminRestApiTest" time="0.254"/>
  <system-out/>
  <testcase classname="MonacoAdminPortalPKG.MWCApiTestclass" name="MWCAdminRestApiTest" time="0.354"/>
  <system-out/>
  <testcase classname="MonacoAdminPortalPKG.MWCApiTestclass" name="MWCAdminRestApiTest" time="0.423"/>
  <system-out/>
  <testcase classname="MonacoAdminPortalPKG.MWCApiTestclass" name="MWCAdminRestApiTest" time="0.052"/>
  <system-out/>
  <testcase classname="MonacoAdminPortalPKG.MWCApiTestclass" name="MWCAdminRestApiTest" time="0.062"/>
  <system-out/>
  <testcase classname="MonacoAdminPortalPKG.MWCApiTestclass" name="MWCAdminRestApiTest" time="0.280"/>
  <system-out/>
  <testcase classname="MonacoAdminPortalPKG.MWCApiTestclass" name="MWCAdminRestApiTest" time="0.218"/>
  <system-out/>
  <testcase classname="MonacoAdminPortalPKG.MWCApiTestclass" name="MWCAdminRestApiTest" time="0.282"/>
  <system-out/>
  <testcase classname="MonacoAdminPortalPKG.MWCApiTestclass" name="MWCAdminRestApiTest" time="0.053"/>
  <system-out/>
  <testcase classname="MonacoAdminPortalPKG.MWCApiTestclass" name="MWCAdminRestApiTest" time="0.222"/>
  <system-out/>
  <testcase classname="MonacoAdminPortalPKG.MWCApiTestclass" name="MWCAdminRestApiTest" time="0.033"/>
  <system-out/>
  <testcase classname="MonacoAdminPortalPKG.MWCApiTestclass" name="MWCAdminRestApiTest" time="0.279"/>
  <system-out/>
  <testcase classname="MonacoAdminPortalPKG.MWCApiTestclass" name="MWCAdminRestApiTest" time="0.223"/>
  <system-out/>
  <testcase classname="MonacoAdminPortalPKG.MWCApiTestclass" name="MWCAdminRestApiTest" time="0.224"/>
  <system-out/>
  <testcase classname="MonacoAdminPortalPKG.MWCApiTestclass" name="MWCAdminRestApiTest" time="0.076"/>
  <system-out/>
  <testcase classname="MonacoAdminPortalPKG.MWCApiTestclass" name="MWCAdminRestApiTest" time="0.573"/>
  <system-out/>
  <testcase classname="MonacoAdminPortalPKG.MWCApiTestclass" name="MWCAdminRestApiTest" time="0.057"/>
  <system-out/>
  <testcase classname="MonacoAdminPortalPKG.MWCApiTestclass" name="MWCAdminRestApiTest" time="0.265"/>
  <system-out/>
  <testcase classname="MonacoAdminPortalPKG.MWCApiTestclass" name="MWCAdminRestApiTest" time="0.040"/>
  <system-out/>
  <testcase classname="MonacoAdminPortalPKG.MWCApiTestclass" name="MWCAdminRestApiTest" time="0.253"/>
  <system-out/>
  <testcase classname="MonacoAdminPortalPKG.MWCApiTestclass" name="MWCAdminRestApiTest" time="0.308"/>
  <system-out/>
  <testcase classname="MonacoAdminPortalPKG.MWCApiTestclass" name="MWCAdminRestApiTest" time="0.222"/>
  <system-out/>
  <testcase classname="MonacoAdminPortalPKG.MWCApiTestclass" name="MWCAdminRestApiTest" time="0.040"/>
  <system-out/>
  <testcase classname="MonacoAdminPortalPKG.MWCApiTestclass" name="MWCAdminRestApiTest" time="0.201"/>
  <system-out/>
  <testcase classname="MonacoAdminPortalPKG.MWCApiTestclass" name="MWCAdminRestApiTest" time="0.052"/>
  <system-out/>
  <testcase classname="MonacoAdminPortalPKG.MWCApiTestclass" name="MWCAdminRestApiTest" time="0.254"/>
  <system-out/>
  <testcase classname="MonacoAdminPortalPKG.MWCApiTestclass" name="MWCAdminRestApiTest" time="0.276"/>
  <system-out/>
  <testcase classname="MonacoAdminPortalPKG.MWCApiTestclass" name="MWCAdminRestApiTest" time="0.214"/>
  <system-out/>
  <testcase classname="MonacoAdminPortalPKG.MWCApiTestclass" name="MWCAdminRestApiTest" time="0.214"/>
  <system-out/>
  <testcase classname="MonacoAdminPortalPKG.MWCApiTestclass" name="MWCAdminRestApiTest" time="0.221"/>
  <system-out/>
  <testcase classname="MonacoAdminPortalPKG.MWCApiTestclass" name="MWCAdminRestApiTest" time="0.206"/>
  <system-out/>
  <testcase classname="MonacoAdminPortalPKG.MWCApiTestclass" name="MWCAdminRestApiTest" time="0.251"/>
  <system-out/>
  <testcase classname="MonacoAdminPortalPKG.MWCApiTestclass" name="MWCAdminRestApiTest" time="0.299"/>
  <system-out/>
  <testcase classname="MonacoAdminPortalPKG.MWCApiTestclass" name="MWCAdminRestApiTest" time="0.207"/>
  <system-out/>
  <testcase classname="MonacoAdminPortalPKG.MWCApiTestclass" name="MWCAdminRestApiTest" time="0.294"/>
  <system-out/>
  <testcase classname="MonacoAdminPortalPKG.MWCApiTestclass" name="MWCAdminRestApiTest" time="0.267"/>
  <system-out/>
  <testcase classname="MonacoAdminPortalPKG.MWCApiTestclass" name="MWCAdminRestApiTest" time="0.205"/>
  <system-out/>
  <testcase classname="MonacoAdminPortalPKG.MWCApiTestclass" name="MWCAdminRestApiTest" time="0.343"/>
  <system-out/>
  <testcase classname="MonacoAdminPortalPKG.MWCApiTestclass" name="MWCAdminRestApiTest" time="0.221"/>
  <system-out/>
  <testcase classname="MonacoAdminPortalPKG.MWCApiTestclass" name="MWCAdminRestApiTest" time="0.235"/>
  <system-out/>
  <testcase classname="MonacoAdminPortalPKG.MWCApiTestclass" name="MWCAdminRestApiTest" time="0.227"/>
  <system-out/>
  <testcase classname="MonacoAdminPortalPKG.MWCApiTestclass" name="MWCAdminRestApiTest" time="0.362"/>
  <system-out/>
  <testcase classname="MonacoAdminPortalPKG.MWCApiTestclass" name="MWCAdminRestApiTest" time="0.321"/>
  <system-out/>
  <testcase classname="MonacoAdminPortalPKG.MWCApiTestclass" name="MWCAdminRestApiTest" time="0.071"/>
  <system-out/>
  <testcase classname="MonacoAdminPortalPKG.MWCApiTestclass" name="MWCAdminRestApiTest" time="0.250"/>
  <system-out/>
  <testcase classname="MonacoAdminPortalPKG.MWCApiTestclass" name="MWCAdminRestApiTest" time="0.052"/>
  <system-out/>
  <testcase classname="MonacoAdminPortalPKG.MWCApiTestclass" name="MWCAdminRestApiTest" time="0.255"/>
  <system-out/>
  <testcase classname="MonacoAdminPortalPKG.MWCApiTestclass" name="MWCAdminRestApiTest" time="0.251"/>
  <system-out/>
  <testcase classname="MonacoAdminPortalPKG.MWCApiTestclass" name="MWCAdminRestApiTest" time="0.232"/>
  <system-out/>
  <testcase classname="MonacoAdminPortalPKG.MWCApiTestclass" name="MWCAdminRestApiTest" time="0.227"/>
  <system-out/>
  <testcase classname="MonacoAdminPortalPKG.MWCApiTestclass" name="MWCAdminRestApiTest" time="0.252"/>
  <system-out/>
  <testcase classname="MonacoAdminPortalPKG.MWCApiTestclass" name="MWCAdminRestApiTest" time="0.260"/>
  <system-out/>
  <testcase classname="MonacoAdminPortalPKG.MWCApiTestclass" name="MWCAdminRestApiTest" time="0.277"/>
  <system-out/>
  <testcase classname="MonacoAdminPortalPKG.MWCApiTestclass" name="MWCAdminRestApiTest" time="0.235"/>
  <system-out/>
  <testcase classname="MonacoAdminPortalPKG.MWCApiTestclass" name="MWCAdminRestApiTest" time="0.247"/>
  <system-out/>
  <testcase classname="MonacoAdminPortalPKG.MWCApiTestclass" name="MWCAdminRestApiTest" time="0.281"/>
  <system-out/>
  <testcase classname="MonacoAdminPortalPKG.MWCApiTestclass" name="MWCAdminRestApiTest" time="0.239"/>
  <system-out/>
  <testcase classname="MonacoAdminPortalPKG.MWCApiTestclass" name="MWCAdminRestApiTest" time="0.277"/>
  <system-out/>
  <testcase classname="MonacoAdminPortalPKG.MWCApiTestclass" name="MWCAdminRestApiTest" time="0.287"/>
  <system-out/>
  <testcase classname="MonacoAdminPortalPKG.MWCApiTestclass" name="MWCAdminRestApiTest" time="0.519"/>
  <system-out/>
  <testcase classname="MonacoAdminPortalPKG.MWCApiTestclass" name="MWCAdminRestApiTest" time="0.237"/>
  <system-out/>
  <testcase classname="MonacoAdminPortalPKG.MWCApiTestclass" name="MWCAdminRestApiTest" time="0.245"/>
  <system-out/>
  <testcase classname="MonacoAdminPortalPKG.MWCApiTestclass" name="MWCAdminRestApiTest" time="0.216"/>
  <system-out/>
  <testcase classname="MonacoAdminPortalPKG.MWCApiTestclass" name="MWCAdminRestApiTest" time="0.249"/>
  <system-out/>
  <testcase classname="MonacoAdminPortalPKG.MWCApiTestclass" name="MWCAdminRestApiTest" time="0.245"/>
  <system-out/>
  <testcase classname="MonacoAdminPortalPKG.MWCApiTestclass" name="MWCAdminRestApiTest" time="0.320"/>
  <system-out/>
  <testcase classname="MonacoAdminPortalPKG.MWCApiTestclass" name="MWCAdminRestApiTest" time="0.226"/>
  <system-out/>
  <testcase classname="MonacoAdminPortalPKG.MWCApiTestclass" name="MWCAdminRestApiTest" time="0.213"/>
  <system-out/>
  <testcase classname="MonacoAdminPortalPKG.MWCApiTestclass" name="MWCAdminRestApiTest" time="0.330"/>
  <system-out/>
  <testcase classname="MonacoAdminPortalPKG.MWCApiTestclass" name="MWCAdminRestApiTest" time="0.234"/>
  <system-out/>
  <testcase classname="MonacoAdminPortalPKG.MWCApiTestclass" name="MWCAdminRestApiTest" time="0.083"/>
  <system-out/>
  <testcase classname="MonacoAdminPortalPKG.MWCApiTestclass" name="MWCAdminRestApiTest" time="0.245"/>
  <system-out/>
  <testcase classname="MonacoAdminPortalPKG.MWCApiTestclass" name="MWCAdminRestApiTest" time="0.220"/>
  <system-out/>
  <testcase classname="MonacoAdminPortalPKG.MWCApiTestclass" name="MWCAdminRestApiTest" time="0.057"/>
  <system-out/>
  <testcase classname="MonacoAdminPortalPKG.MWCApiTestclass" name="MWCAdminRestApiTest" time="0.282"/>
  <system-out/>
  <testcase classname="MonacoAdminPortalPKG.MWCApiTestclass" name="MWCAdminRestApiTest" time="0.278"/>
  <system-out/>
  <testcase classname="MonacoAdminPortalPKG.MWCApiTestclass" name="MWCAdminRestApiTest" time="0.306"/>
  <system-out/>
  <testcase classname="MonacoAdminPortalPKG.MWCApiTestclass" name="MWCAdminRestApiTest" time="0.413"/>
  <system-out/>
  <testcase classname="MonacoAdminPortalPKG.MWCApiTestclass" name="MWCAdminRestApiTest" time="0.241"/>
  <system-out/>
  <testcase classname="MonacoAdminPortalPKG.MWCApiTestclass" name="MWCAdminRestApiTest" time="0.060"/>
  <system-out/>
  <testcase classname="MonacoAdminPortalPKG.MWCApiTestclass" name="MWCAdminRestApiTest" time="0.274"/>
  <system-out/>
  <testcase classname="MonacoAdminPortalPKG.MWCApiTestclass" name="MWCAdminRestApiTest" time="0.186"/>
  <system-out/>
  <testcase classname="MonacoAdminPortalPKG.MWCApiTestclass" name="MWCAdminRestApiTest" time="0.209"/>
  <system-out/>
  <testcase classname="MonacoAdminPortalPKG.MWCApiTestclass" name="MWCAdminRestApiTest" time="0.062"/>
  <system-out/>
  <testcase classname="MonacoAdminPortalPKG.MWCApiTestclass" name="MWCAdminRestApiTest" time="0.247"/>
  <system-out/>
  <testcase classname="MonacoAdminPortalPKG.MWCApiTestclass" name="MWCAdminRestApiTest" time="0.262"/>
  <system-out/>
  <testcase classname="MonacoAdminPortalPKG.MWCApiTestclass" name="MWCAdminRestApiTest" time="0.039"/>
  <system-out/>
  <testcase classname="MonacoAdminPortalPKG.MWCApiTestclass" name="MWCAdminRestApiTest" time="0.063"/>
  <system-out/>
  <testcase classname="MonacoAdminPortalPKG.MWCApiTestclass" name="MWCAdminRestApiTest" time="0.247"/>
  <system-out/>
  <testcase classname="MonacoAdminPortalPKG.MWCApiTestclass" name="MWCAdminRestApiTest" time="0.029"/>
  <system-out/>
  <testcase classname="MonacoAdminPortalPKG.MWCApiTestclass" name="MWCAdminRestApiTest" time="0.087"/>
  <system-out/>
  <testcase classname="MonacoAdminPortalPKG.MWCApiTestclass" name="MWCAdminRestApiTest" time="0.280"/>
  <system-out/>
  <testcase classname="MonacoAdminPortalPKG.MWCApiTestclass" name="MWCAdminRestApiTest" time="0.257"/>
  <system-out/>
  <testcase classname="MonacoAdminPortalPKG.MWCApiTestclass" name="MWCAdminRestApiTest" time="0.315"/>
  <system-out/>
  <testcase classname="MonacoAdminPortalPKG.MWCApiTestclass" name="MWCAdminRestApiTest" time="0.217"/>
  <system-out/>
  <testcase classname="MonacoAdminPortalPKG.MWCApiTestclass" name="MWCAdminRestApiTest" time="0.537"/>
  <system-out/>
  <testcase classname="MonacoAdminPortalPKG.MWCApiTestclass" name="MWCAdminRestApiTest" time="0.241"/>
  <system-out/>
  <testcase classname="MonacoAdminPortalPKG.MWCApiTestclass" name="MWCAdminRestApiTest" time="0.439"/>
  <system-out/>
  <testcase classname="MonacoAdminPortalPKG.MWCApiTestclass" name="MWCAdminRestApiTest" time="0.340"/>
  <system-out/>
  <testcase classname="MonacoAdminPortalPKG.MWCApiTestclass" name="MWCAdminRestApiTest" time="0.213"/>
  <system-out/>
  <testcase classname="MonacoAdminPortalPKG.MWCApiTestclass" name="MWCAdminRestApiTest" time="0.212"/>
  <system-out/>
  <testcase classname="MonacoAdminPortalPKG.MWCApiTestclass" name="MWCAdminRestApiTest" time="0.261"/>
  <system-out/>
  <testcase classname="MonacoAdminPortalPKG.MWCApiTestclass" name="MWCAdminRestApiTest" time="0.231"/>
  <system-out/>
  <testcase classname="MonacoAdminPortalPKG.MWCApiTestclass" name="MWCAdminRestApiTest" time="0.238"/>
  <system-out/>
  <testcase classname="MonacoAdminPortalPKG.MWCApiTestclass" name="MWCAdminRestApiTest" time="0.226"/>
  <system-out/>
  <testcase classname="MonacoAdminPortalPKG.MWCApiTestclass" name="MWCAdminRestApiTest" time="0.250"/>
  <system-out/>
  <testcase classname="MonacoAdminPortalPKG.MWCApiTestclass" name="MWCAdminRestApiTest" time="0.239"/>
  <system-out/>
  <testcase classname="MonacoAdminPortalPKG.MWCApiTestclass" name="MWCAdminRestApiTest" time="0.418"/>
  <system-out/>
  <testcase classname="MonacoAdminPortalPKG.MWCApiTestclass" name="MWCAdminRestApiTest" time="0.263"/>
  <system-out/>
  <testcase classname="MonacoAdminPortalPKG.MWCApiTestclass" name="MWCAdminRestApiTest" time="0.223"/>
  <system-out/>
  <testcase classname="MonacoAdminPortalPKG.MWCApiTestclass" name="MWCAdminRestApiTest" time="0.275"/>
  <system-out/>
  <testcase classname="MonacoAdminPortalPKG.MWCApiTestclass" name="MWCAdminRestApiTest" time="0.213"/>
  <system-out/>
  <testcase classname="MonacoAdminPortalPKG.MWCApiTestclass" name="MWCAdminRestApiTest" time="0.289"/>
  <system-out/>
  <testcase classname="MonacoAdminPortalPKG.MWCApiTestclass" name="MWCAdminRestApiTest" time="0.335"/>
  <system-out/>
  <testcase classname="MonacoAdminPortalPKG.MWCApiTestclass" name="MWCAdminRestApiTest" time="0.218"/>
  <system-out/>
  <testcase classname="MonacoAdminPortalPKG.MWCApiTestclass" name="MWCAdminRestApiTest" time="0.051"/>
  <system-out/>
  <testcase classname="MonacoAdminPortalPKG.MWCApiTestclass" name="MWCAdminRestApiTest" time="0.253"/>
  <system-out/>
  <testcase classname="MonacoAdminPortalPKG.MWCApiTestclass" name="MWCAdminRestApiTest" time="0.233"/>
  <system-out/>
  <testcase classname="MonacoAdminPortalPKG.MWCApiTestclass" name="MWCAdminRestApiTest" time="0.239"/>
  <system-out/>
  <testcase classname="MonacoAdminPortalPKG.MWCApiTestclass" name="MWCAdminRestApiTest" time="0.722"/>
  <system-out/>
  <testcase classname="MonacoAdminPortalPKG.MWCApiTestclass" name="MWCAdminRestApiTest" time="0.211"/>
  <system-out/>
  <testcase classname="MonacoAdminPortalPKG.MWCApiTestclass" name="MWCAdminRestApiTest" time="0.332"/>
  <system-out/>
  <testcase classname="MonacoAdminPortalPKG.MWCApiTestclass" name="MWCAdminRestApiTest" time="0.344"/>
  <system-out/>
  <testcase classname="MonacoAdminPortalPKG.MWCApiTestclass" name="MWCAdminRestApiTest" time="0.265"/>
  <system-out/>
  <testcase classname="MonacoAdminPortalPKG.MWCApiTestclass" name="MWCAdminRestApiTest" time="0.205"/>
  <system-out/>
  <testcase classname="MonacoAdminPortalPKG.MWCApiTestclass" name="MWCAdminRestApiTest" time="0.271"/>
  <system-out/>
  <testcase classname="MonacoAdminPortalPKG.MWCApiTestclass" name="MWCAdminRestApiTest" time="0.216"/>
  <system-out/>
  <testcase classname="MonacoAdminPortalPKG.MWCApiTestclass" name="MWCAdminRestApiTest" time="0.237"/>
  <system-out/>
  <testcase classname="MonacoAdminPortalPKG.MWCApiTestclass" name="MWCAdminRestApiTest" time="0.304"/>
  <system-out/>
  <testcase classname="MonacoAdminPortalPKG.MWCApiTestclass" name="MWCAdminRestApiTest" time="0.214"/>
  <system-out/>
  <testcase classname="MonacoAdminPortalPKG.MWCApiTestclass" name="MWCAdminRestApiTest" time="0.337"/>
  <system-out/>
  <testcase classname="MonacoAdminPortalPKG.MWCApiTestclass" name="MWCAdminRestApiTest" time="0.254"/>
  <system-out/>
  <testcase classname="MonacoAdminPortalPKG.MWCApiTestclass" name="MWCAdminRestApiTest" time="0.230"/>
  <system-out/>
  <testcase classname="MonacoAdminPortalPKG.MWCApiTestclass" name="MWCAdminRestApiTest" time="0.236"/>
  <system-out/>
  <testcase classname="MonacoAdminPortalPKG.MWCApiTestclass" name="MWCAdminRestApiTest" time="0.227"/>
  <system-out/>
  <testcase classname="MonacoAdminPortalPKG.MWCApiTestclass" name="MWCAdminRestApiTest" time="0.041"/>
  <system-out/>
  <testcase classname="MonacoAdminPortalPKG.MWCApiTestclass" name="MWCAdminRestApiTest" time="1.681"/>
  <system-out/>
  <testcase classname="MonacoAdminPortalPKG.MWCApiTestclass" name="MWCAdminRestApiTest" time="0.044"/>
  <system-out/>
  <testcase classname="MonacoAdminPortalPKG.MWCApiTestclass" name="MWCAdminRestApiTest" time="0.034"/>
  <system-out/>
  <testcase classname="MonacoAdminPortalPKG.MWCApiTestclass" name="MWCAdminRestApiTest" time="0.061"/>
  <system-out/>
  <testcase classname="MonacoAdminPortalPKG.MWCApiTestclass" name="MWCAdminRestApiTest" time="0.226"/>
  <system-out/>
  <testcase classname="MonacoAdminPortalPKG.MWCApiTestclass" name="MWCAdminRestApiTest" time="0.283"/>
  <system-out/>
  <testcase classname="MonacoAdminPortalPKG.MWCApiTestclass" name="MWCAdminRestApiTest" time="0.207"/>
  <system-out/>
  <testcase classname="MonacoAdminPortalPKG.MWCApiTestclass" name="MWCAdminRestApiTest" time="0.251"/>
  <system-out/>
  <testcase classname="MonacoAdminPortalPKG.MWCApiTestclass" name="MWCAdminRestApiTest" time="0.069"/>
  <system-out/>
  <testcase classname="MonacoAdminPortalPKG.MWCApiTestclass" name="MWCAdminRestApiTest" time="0.305"/>
  <system-out/>
  <testcase classname="MonacoAdminPortalPKG.MWCApiTestclass" name="MWCAdminRestApiTest" time="0.264"/>
  <system-out/>
  <testcase classname="MonacoAdminPortalPKG.MWCApiTestclass" name="MWCAdminRestApiTest" time="0.222"/>
  <system-out/>
  <testcase classname="MonacoAdminPortalPKG.MWCApiTestclass" name="MWCAdminRestApiTest" time="0.262"/>
  <system-out/>
  <testcase classname="MonacoAdminPortalPKG.MWCApiTestclass" name="MWCAdminRestApiTest" time="0.242"/>
  <system-out/>
  <testcase classname="MonacoAdminPortalPKG.MWCApiTestclass" name="MWCAdminRestApiTest" time="0.424"/>
  <system-out/>
  <testcase classname="MonacoAdminPortalPKG.MWCApiTestclass" name="MWCAdminRestApiTest" time="0.295"/>
  <system-out/>
  <testcase classname="MonacoAdminPortalPKG.MWCApiTestclass" name="MWCAdminRestApiTest" time="0.276"/>
  <system-out/>
  <testcase classname="MonacoAdminPortalPKG.MWCApiTestclass" name="MWCAdminRestApiTest" time="0.246"/>
  <system-out/>
  <testcase classname="MonacoAdminPortalPKG.MWCApiTestclass" name="MWCAdminRestApiTest" time="0.229"/>
  <system-out/>
  <testcase classname="MonacoAdminPortalPKG.MWCApiTestclass" name="MWCAdminRestApiTest" time="0.015"/>
  <system-out/>
  <testcase classname="MonacoAdminPortalPKG.MWCApiTestclass" name="MWCAdminRestApiTest" time="0.296"/>
  <system-out/>
  <testcase classname="MonacoAdminPortalPKG.MWCApiTestclass" name="MWCAdminRestApiTest" time="0.285"/>
  <system-out/>
  <testcase classname="MonacoAdminPortalPKG.MWCApiTestclass" name="MWCAdminRestApiTest" time="0.239"/>
  <system-out/>
  <testcase classname="MonacoAdminPortalPKG.MWCApiTestclass" name="MWCAdminRestApiTest" time="0.249"/>
  <system-out/>
  <testcase classname="MonacoAdminPortalPKG.MWCApiTestclass" name="MWCAdminRestApiTest" time="0.034"/>
  <system-out/>
  <testcase classname="MonacoAdminPortalPKG.MWCApiTestclass" name="MWCAdminRestApiTest" time="0.255"/>
  <system-out/>
  <testcase classname="MonacoAdminPortalPKG.MWCApiTestclass" name="MWCAdminRestApiTest" time="0.070"/>
  <system-out/>
  <testcase classname="MonacoAdminPortalPKG.MWCApiTestclass" name="MWCAdminRestApiTest" time="0.249"/>
  <system-out/>
  <testcase classname="MonacoAdminPortalPKG.MWCApiTestclass" name="MWCAdminRestApiTest" time="0.267"/>
  <system-out/>
  <testcase classname="MonacoAdminPortalPKG.MWCApiTestclass" name="MWCAdminRestApiTest" time="0.268"/>
  <system-out/>
  <testcase classname="MonacoAdminPortalPKG.MWCApiTestclass" name="MWCAdminRestApiTest" time="0.027"/>
  <system-out/>
  <testcase classname="MonacoAdminPortalPKG.MWCApiTestclass" name="MWCAdminRestApiTest" time="0.207"/>
  <system-out/>
  <testcase classname="MonacoAdminPortalPKG.MWCApiTestclass" name="MWCAdminRestApiTest" time="0.257"/>
  <system-out/>
  <testcase classname="MonacoAdminPortalPKG.MWCApiTestclass" name="MWCAdminRestApiTest" time="0.044"/>
  <system-out/>
  <testcase classname="MonacoAdminPortalPKG.MWCApiTestclass" name="MWCAdminRestApiTest" time="0.266"/>
  <system-out/>
  <testcase classname="MonacoAdminPortalPKG.MWCApiTestclass" name="MWCAdminRestApiTest" time="0.258"/>
  <system-out/>
</testsuite> <!-- MonacoAdminPortalPKG.MWCApiTestclass -->
