<?xml version="1.0" encoding="UTF-8"?>
<!-- Generated by org.testng.reporters.JUnitReportReporter -->
<testsuite hostname="DESKTOP-4EHNAOM" failures="0" tests="55" name="MonacoPKG.MWCApiTestclass" time="24.588" errors="0" timestamp="2024-04-04T11:57:12 IST" skipped="0">
  <testcase classname="MonacoPKG.MWCApiTestclass" name="ChariotRestApiFuntValidations" time="0.304"/>
  <system-out/>
  <testcase classname="MonacoPKG.MWCApiTestclass" name="ChariotRestApiFuntValidations" time="0.266"/>
  <system-out/>
  <testcase classname="MonacoPKG.MWCApiTestclass" name="ChariotRestApiFuntValidations" time="0.308"/>
  <system-out/>
  <testcase classname="MonacoPKG.MWCApiTestclass" name="ChariotRestApiFuntValidations" time="0.301"/>
  <system-out/>
  <testcase classname="MonacoPKG.MWCApiTestclass" name="ChariotRestApiFuntValidations" time="0.258"/>
  <system-out/>
  <testcase classname="MonacoPKG.MWCApiTestclass" name="ChariotRestApiFuntValidations" time="0.273"/>
  <system-out/>
  <testcase classname="MonacoPKG.MWCApiTestclass" name="ChariotRestApiFuntValidations" time="0.319"/>
  <system-out/>
  <testcase classname="MonacoPKG.MWCApiTestclass" name="ChariotRestApiFuntValidations" time="0.299"/>
  <system-out/>
  <testcase classname="MonacoPKG.MWCApiTestclass" name="ChariotRestApiFuntValidations" time="0.264"/>
  <system-out/>
  <testcase classname="MonacoPKG.MWCApiTestclass" name="ChariotRestApiFuntValidations" time="0.300"/>
  <system-out/>
  <testcase classname="MonacoPKG.MWCApiTestclass" name="ChariotRestApiFuntValidations" time="0.223"/>
  <system-out/>
  <testcase classname="MonacoPKG.MWCApiTestclass" name="ChariotRestApiFuntValidations" time="0.263"/>
  <system-out/>
  <testcase classname="MonacoPKG.MWCApiTestclass" name="ChariotRestApiFuntValidations" time="0.210"/>
  <system-out/>
  <testcase classname="MonacoPKG.MWCApiTestclass" name="ChariotRestApiFuntValidations" time="0.291"/>
  <system-out/>
  <testcase classname="MonacoPKG.MWCApiTestclass" name="ChariotRestApiFuntValidations" time="0.301"/>
  <system-out/>
  <testcase classname="MonacoPKG.MWCApiTestclass" name="ChariotRestApiFuntValidations" time="0.290"/>
  <system-out/>
  <testcase classname="MonacoPKG.MWCApiTestclass" name="ChariotRestApiFuntValidations" time="0.310"/>
  <system-out/>
  <testcase classname="MonacoPKG.MWCApiTestclass" name="ChariotRestApiFuntValidations" time="0.215"/>
  <system-out/>
  <testcase classname="MonacoPKG.MWCApiTestclass" name="ChariotRestApiFuntValidations" time="0.210"/>
  <system-out/>
  <testcase classname="MonacoPKG.MWCApiTestclass" name="ChariotRestApiFuntValidations" time="0.878"/>
  <system-out/>
  <testcase classname="MonacoPKG.MWCApiTestclass" name="ChariotRestApiFuntValidations" time="0.263"/>
  <system-out/>
  <testcase classname="MonacoPKG.MWCApiTestclass" name="ChariotRestApiFuntValidations" time="0.342"/>
  <system-out/>
  <testcase classname="MonacoPKG.MWCApiTestclass" name="ChariotRestApiFuntValidations" time="0.312"/>
  <system-out/>
  <testcase classname="MonacoPKG.MWCApiTestclass" name="ChariotRestApiFuntValidations" time="0.252"/>
  <system-out/>
  <testcase classname="MonacoPKG.MWCApiTestclass" name="ChariotRestApiFuntValidations" time="0.230"/>
  <system-out/>
  <testcase classname="MonacoPKG.MWCApiTestclass" name="ChariotRestApiFuntValidations" time="0.321"/>
  <system-out/>
  <testcase classname="MonacoPKG.MWCApiTestclass" name="ChariotRestApiFuntValidations" time="0.542"/>
  <system-out/>
  <testcase classname="MonacoPKG.MWCApiTestclass" name="ChariotRestApiFuntValidations" time="0.282"/>
  <system-out/>
  <testcase classname="MonacoPKG.MWCApiTestclass" name="ChariotRestApiFuntValidations" time="0.233"/>
  <system-out/>
  <testcase classname="MonacoPKG.MWCApiTestclass" name="ChariotRestApiFuntValidations" time="0.315"/>
  <system-out/>
  <testcase classname="MonacoPKG.MWCApiTestclass" name="ChariotRestApiFuntValidations" time="0.356"/>
  <system-out/>
  <testcase classname="MonacoPKG.MWCApiTestclass" name="ChariotRestApiFuntValidations" time="0.237"/>
  <system-out/>
  <testcase classname="MonacoPKG.MWCApiTestclass" name="ChariotRestApiFuntValidations" time="0.209"/>
  <system-out/>
  <testcase classname="MonacoPKG.MWCApiTestclass" name="ChariotRestApiFuntValidations" time="0.313"/>
  <system-out/>
  <testcase classname="MonacoPKG.MWCApiTestclass" name="ChariotRestApiFuntValidations" time="0.320"/>
  <system-out/>
  <testcase classname="MonacoPKG.MWCApiTestclass" name="ChariotRestApiFuntValidations" time="0.282"/>
  <system-out/>
  <testcase classname="MonacoPKG.MWCApiTestclass" name="ChariotRestApiFuntValidations" time="0.219"/>
  <system-out/>
  <testcase classname="MonacoPKG.MWCApiTestclass" name="ChariotRestApiFuntValidations" time="0.314"/>
  <system-out/>
  <testcase classname="MonacoPKG.MWCApiTestclass" name="ChariotRestApiFuntValidations" time="0.971"/>
  <system-out/>
  <testcase classname="MonacoPKG.MWCApiTestclass" name="ChariotRestApiFuntValidations" time="0.209"/>
  <system-out/>
  <testcase classname="MonacoPKG.MWCApiTestclass" name="ChariotRestApiFuntValidations" time="0.237"/>
  <system-out/>
  <testcase classname="MonacoPKG.MWCApiTestclass" name="ChariotRestApiFuntValidations" time="0.320"/>
  <system-out/>
  <testcase classname="MonacoPKG.MWCApiTestclass" name="ChariotRestApiFuntValidations" time="0.309"/>
  <system-out/>
  <testcase classname="MonacoPKG.MWCApiTestclass" name="ChariotRestApiFuntValidations" time="0.527"/>
  <system-out/>
  <testcase classname="MonacoPKG.MWCApiTestclass" name="ChariotRestApiFuntValidations" time="0.275"/>
  <system-out/>
  <testcase classname="MonacoPKG.MWCApiTestclass" name="ChariotRestApiFuntValidations" time="0.260"/>
  <system-out/>
  <testcase classname="MonacoPKG.MWCApiTestclass" name="ChariotRestApiFuntValidations" time="0.229"/>
  <system-out/>
  <testcase classname="MonacoPKG.MWCApiTestclass" name="ChariotRestApiFuntValidations" time="7.331"/>
  <system-out/>
  <testcase classname="MonacoPKG.MWCApiTestclass" name="ChariotRestApiFuntValidations" time="0.238"/>
  <system-out/>
  <testcase classname="MonacoPKG.MWCApiTestclass" name="ChariotRestApiFuntValidations" time="0.290"/>
  <system-out/>
  <testcase classname="MonacoPKG.MWCApiTestclass" name="ChariotRestApiFuntValidations" time="0.309"/>
  <system-out/>
  <testcase classname="MonacoPKG.MWCApiTestclass" name="ChariotRestApiFuntValidations" time="0.456"/>
  <system-out/>
  <testcase classname="MonacoPKG.MWCApiTestclass" name="ChariotRestApiFuntValidations" time="0.267"/>
  <system-out/>
  <testcase classname="MonacoPKG.MWCApiTestclass" name="ChariotRestApiFuntValidations" time="0.589"/>
  <system-out/>
  <testcase classname="MonacoPKG.MWCApiTestclass" name="ChariotRestApiFuntValidations" time="0.346"/>
  <system-out/>
</testsuite> <!-- MonacoPKG.MWCApiTestclass -->
