<?xml version="1.0" encoding="UTF-8"?>
<!-- Generated by org.testng.reporters.JUnitReportReporter -->
<testsuite hostname="DESKTOP-4EHNAOM" failures="0" tests="341" name="MonacoAdminPortalPKG.MWCApiTestclass" time="75.795" errors="0" timestamp="2024-06-03T12:12:17 IST" skipped="0">
  <testcase classname="MonacoAdminPortalPKG.MWCApiTestclass" name="MWCAdminRestApiTest" time="0.191"/>
  <system-out/>
  <testcase classname="MonacoAdminPortalPKG.MWCApiTestclass" name="MWCAdminRestApiTest" time="0.141"/>
  <system-out/>
  <testcase classname="MonacoAdminPortalPKG.MWCApiTestclass" name="MWCAdminRestApiTest" time="0.231"/>
  <system-out/>
  <testcase classname="MonacoAdminPortalPKG.MWCApiTestclass" name="MWCAdminRestApiTest" time="0.352"/>
  <system-out/>
  <testcase classname="MonacoAdminPortalPKG.MWCApiTestclass" name="MWCAdminRestApiTest" time="0.148"/>
  <system-out/>
  <testcase classname="MonacoAdminPortalPKG.MWCApiTestclass" name="MWCAdminRestApiTest" time="0.197"/>
  <system-out/>
  <testcase classname="MonacoAdminPortalPKG.MWCApiTestclass" name="MWCAdminRestApiTest" time="0.313"/>
  <system-out/>
  <testcase classname="MonacoAdminPortalPKG.MWCApiTestclass" name="MWCAdminRestApiTest" time="0.238"/>
  <system-out/>
  <testcase classname="MonacoAdminPortalPKG.MWCApiTestclass" name="MWCAdminRestApiTest" time="0.155"/>
  <system-out/>
  <testcase classname="MonacoAdminPortalPKG.MWCApiTestclass" name="MWCAdminRestApiTest" time="0.237"/>
  <system-out/>
  <testcase classname="MonacoAdminPortalPKG.MWCApiTestclass" name="MWCAdminRestApiTest" time="0.289"/>
  <system-out/>
  <testcase classname="MonacoAdminPortalPKG.MWCApiTestclass" name="MWCAdminRestApiTest" time="0.203"/>
  <system-out/>
  <testcase classname="MonacoAdminPortalPKG.MWCApiTestclass" name="MWCAdminRestApiTest" time="0.175"/>
  <system-out/>
  <testcase classname="MonacoAdminPortalPKG.MWCApiTestclass" name="MWCAdminRestApiTest" time="0.586"/>
  <system-out/>
  <testcase classname="MonacoAdminPortalPKG.MWCApiTestclass" name="MWCAdminRestApiTest" time="0.153"/>
  <system-out/>
  <testcase classname="MonacoAdminPortalPKG.MWCApiTestclass" name="MWCAdminRestApiTest" time="0.207"/>
  <system-out/>
  <testcase classname="MonacoAdminPortalPKG.MWCApiTestclass" name="MWCAdminRestApiTest" time="0.036"/>
  <system-out/>
  <testcase classname="MonacoAdminPortalPKG.MWCApiTestclass" name="MWCAdminRestApiTest" time="0.217"/>
  <system-out/>
  <testcase classname="MonacoAdminPortalPKG.MWCApiTestclass" name="MWCAdminRestApiTest" time="0.076"/>
  <system-out/>
  <testcase classname="MonacoAdminPortalPKG.MWCApiTestclass" name="MWCAdminRestApiTest" time="0.218"/>
  <system-out/>
  <testcase classname="MonacoAdminPortalPKG.MWCApiTestclass" name="MWCAdminRestApiTest" time="0.045"/>
  <system-out/>
  <testcase classname="MonacoAdminPortalPKG.MWCApiTestclass" name="MWCAdminRestApiTest" time="0.303"/>
  <system-out/>
  <testcase classname="MonacoAdminPortalPKG.MWCApiTestclass" name="MWCAdminRestApiTest" time="0.158"/>
  <system-out/>
  <testcase classname="MonacoAdminPortalPKG.MWCApiTestclass" name="MWCAdminRestApiTest" time="0.040"/>
  <system-out/>
  <testcase classname="MonacoAdminPortalPKG.MWCApiTestclass" name="MWCAdminRestApiTest" time="0.232"/>
  <system-out/>
  <testcase classname="MonacoAdminPortalPKG.MWCApiTestclass" name="MWCAdminRestApiTest" time="0.145"/>
  <system-out/>
  <testcase classname="MonacoAdminPortalPKG.MWCApiTestclass" name="MWCAdminRestApiTest" time="0.208"/>
  <system-out/>
  <testcase classname="MonacoAdminPortalPKG.MWCApiTestclass" name="MWCAdminRestApiTest" time="0.130"/>
  <system-out/>
  <testcase classname="MonacoAdminPortalPKG.MWCApiTestclass" name="MWCAdminRestApiTest" time="0.311"/>
  <system-out/>
  <testcase classname="MonacoAdminPortalPKG.MWCApiTestclass" name="MWCAdminRestApiTest" time="0.266"/>
  <system-out/>
  <testcase classname="MonacoAdminPortalPKG.MWCApiTestclass" name="MWCAdminRestApiTest" time="0.037"/>
  <system-out/>
  <testcase classname="MonacoAdminPortalPKG.MWCApiTestclass" name="MWCAdminRestApiTest" time="0.287"/>
  <system-out/>
  <testcase classname="MonacoAdminPortalPKG.MWCApiTestclass" name="MWCAdminRestApiTest" time="0.154"/>
  <system-out/>
  <testcase classname="MonacoAdminPortalPKG.MWCApiTestclass" name="MWCAdminRestApiTest" time="0.347"/>
  <system-out/>
  <testcase classname="MonacoAdminPortalPKG.MWCApiTestclass" name="MWCAdminRestApiTest" time="0.191"/>
  <system-out/>
  <testcase classname="MonacoAdminPortalPKG.MWCApiTestclass" name="MWCAdminRestApiTest" time="0.285"/>
  <system-out/>
  <testcase classname="MonacoAdminPortalPKG.MWCApiTestclass" name="MWCAdminRestApiTest" time="0.562"/>
  <system-out/>
  <testcase classname="MonacoAdminPortalPKG.MWCApiTestclass" name="MWCAdminRestApiTest" time="0.400"/>
  <system-out/>
  <testcase classname="MonacoAdminPortalPKG.MWCApiTestclass" name="MWCAdminRestApiTest" time="0.237"/>
  <system-out/>
  <testcase classname="MonacoAdminPortalPKG.MWCApiTestclass" name="MWCAdminRestApiTest" time="0.269"/>
  <system-out/>
  <testcase classname="MonacoAdminPortalPKG.MWCApiTestclass" name="MWCAdminRestApiTest" time="0.405"/>
  <system-out/>
  <testcase classname="MonacoAdminPortalPKG.MWCApiTestclass" name="MWCAdminRestApiTest" time="0.119"/>
  <system-out/>
  <testcase classname="MonacoAdminPortalPKG.MWCApiTestclass" name="MWCAdminRestApiTest" time="0.116"/>
  <system-out/>
  <testcase classname="MonacoAdminPortalPKG.MWCApiTestclass" name="MWCAdminRestApiTest" time="0.211"/>
  <system-out/>
  <testcase classname="MonacoAdminPortalPKG.MWCApiTestclass" name="MWCAdminRestApiTest" time="0.463"/>
  <system-out/>
  <testcase classname="MonacoAdminPortalPKG.MWCApiTestclass" name="MWCAdminRestApiTest" time="0.124"/>
  <system-out/>
  <testcase classname="MonacoAdminPortalPKG.MWCApiTestclass" name="MWCAdminRestApiTest" time="0.238"/>
  <system-out/>
  <testcase classname="MonacoAdminPortalPKG.MWCApiTestclass" name="MWCAdminRestApiTest" time="0.295"/>
  <system-out/>
  <testcase classname="MonacoAdminPortalPKG.MWCApiTestclass" name="MWCAdminRestApiTest" time="0.200"/>
  <system-out/>
  <testcase classname="MonacoAdminPortalPKG.MWCApiTestclass" name="MWCAdminRestApiTest" time="0.187"/>
  <system-out/>
  <testcase classname="MonacoAdminPortalPKG.MWCApiTestclass" name="MWCAdminRestApiTest" time="0.140"/>
  <system-out/>
  <testcase classname="MonacoAdminPortalPKG.MWCApiTestclass" name="MWCAdminRestApiTest" time="0.230"/>
  <system-out/>
  <testcase classname="MonacoAdminPortalPKG.MWCApiTestclass" name="MWCAdminRestApiTest" time="0.321"/>
  <system-out/>
  <testcase classname="MonacoAdminPortalPKG.MWCApiTestclass" name="MWCAdminRestApiTest" time="0.457"/>
  <system-out/>
  <testcase classname="MonacoAdminPortalPKG.MWCApiTestclass" name="MWCAdminRestApiTest" time="0.134"/>
  <system-out/>
  <testcase classname="MonacoAdminPortalPKG.MWCApiTestclass" name="MWCAdminRestApiTest" time="0.196"/>
  <system-out/>
  <testcase classname="MonacoAdminPortalPKG.MWCApiTestclass" name="MWCAdminRestApiTest" time="0.123"/>
  <system-out/>
  <testcase classname="MonacoAdminPortalPKG.MWCApiTestclass" name="MWCAdminRestApiTest" time="0.176"/>
  <system-out/>
  <testcase classname="MonacoAdminPortalPKG.MWCApiTestclass" name="MWCAdminRestApiTest" time="0.117"/>
  <system-out/>
  <testcase classname="MonacoAdminPortalPKG.MWCApiTestclass" name="MWCAdminRestApiTest" time="0.357"/>
  <system-out/>
  <testcase classname="MonacoAdminPortalPKG.MWCApiTestclass" name="MWCAdminRestApiTest" time="0.213"/>
  <system-out/>
  <testcase classname="MonacoAdminPortalPKG.MWCApiTestclass" name="MWCAdminRestApiTest" time="0.319"/>
  <system-out/>
  <testcase classname="MonacoAdminPortalPKG.MWCApiTestclass" name="MWCAdminRestApiTest" time="0.329"/>
  <system-out/>
  <testcase classname="MonacoAdminPortalPKG.MWCApiTestclass" name="MWCAdminRestApiTest" time="0.187"/>
  <system-out/>
  <testcase classname="MonacoAdminPortalPKG.MWCApiTestclass" name="MWCAdminRestApiTest" time="0.442"/>
  <system-out/>
  <testcase classname="MonacoAdminPortalPKG.MWCApiTestclass" name="MWCAdminRestApiTest" time="0.172"/>
  <system-out/>
  <testcase classname="MonacoAdminPortalPKG.MWCApiTestclass" name="MWCAdminRestApiTest" time="0.191"/>
  <system-out/>
  <testcase classname="MonacoAdminPortalPKG.MWCApiTestclass" name="MWCAdminRestApiTest" time="0.171"/>
  <system-out/>
  <testcase classname="MonacoAdminPortalPKG.MWCApiTestclass" name="MWCAdminRestApiTest" time="0.287"/>
  <system-out/>
  <testcase classname="MonacoAdminPortalPKG.MWCApiTestclass" name="MWCAdminRestApiTest" time="0.170"/>
  <system-out/>
  <testcase classname="MonacoAdminPortalPKG.MWCApiTestclass" name="MWCAdminRestApiTest" time="0.367"/>
  <system-out/>
  <testcase classname="MonacoAdminPortalPKG.MWCApiTestclass" name="MWCAdminRestApiTest" time="0.296"/>
  <system-out/>
  <testcase classname="MonacoAdminPortalPKG.MWCApiTestclass" name="MWCAdminRestApiTest" time="0.217"/>
  <system-out/>
  <testcase classname="MonacoAdminPortalPKG.MWCApiTestclass" name="MWCAdminRestApiTest" time="0.233"/>
  <system-out/>
  <testcase classname="MonacoAdminPortalPKG.MWCApiTestclass" name="MWCAdminRestApiTest" time="0.021"/>
  <system-out/>
  <testcase classname="MonacoAdminPortalPKG.MWCApiTestclass" name="MWCAdminRestApiTest" time="0.332"/>
  <system-out/>
  <testcase classname="MonacoAdminPortalPKG.MWCApiTestclass" name="MWCAdminRestApiTest" time="0.170"/>
  <system-out/>
  <testcase classname="MonacoAdminPortalPKG.MWCApiTestclass" name="MWCAdminRestApiTest" time="0.120"/>
  <system-out/>
  <testcase classname="MonacoAdminPortalPKG.MWCApiTestclass" name="MWCAdminRestApiTest" time="0.216"/>
  <system-out/>
  <testcase classname="MonacoAdminPortalPKG.MWCApiTestclass" name="MWCAdminRestApiTest" time="0.165"/>
  <system-out/>
  <testcase classname="MonacoAdminPortalPKG.MWCApiTestclass" name="MWCAdminRestApiTest" time="0.026"/>
  <system-out/>
  <testcase classname="MonacoAdminPortalPKG.MWCApiTestclass" name="MWCAdminRestApiTest" time="0.132"/>
  <system-out/>
  <testcase classname="MonacoAdminPortalPKG.MWCApiTestclass" name="MWCAdminRestApiTest" time="0.507"/>
  <system-out/>
  <testcase classname="MonacoAdminPortalPKG.MWCApiTestclass" name="MWCAdminRestApiTest" time="0.239"/>
  <system-out/>
  <testcase classname="MonacoAdminPortalPKG.MWCApiTestclass" name="MWCAdminRestApiTest" time="0.241"/>
  <system-out/>
  <testcase classname="MonacoAdminPortalPKG.MWCApiTestclass" name="MWCAdminRestApiTest" time="0.140"/>
  <system-out/>
  <testcase classname="MonacoAdminPortalPKG.MWCApiTestclass" name="MWCAdminRestApiTest" time="0.032"/>
  <system-out/>
  <testcase classname="MonacoAdminPortalPKG.MWCApiTestclass" name="MWCAdminRestApiTest" time="0.327"/>
  <system-out/>
  <testcase classname="MonacoAdminPortalPKG.MWCApiTestclass" name="MWCAdminRestApiTest" time="0.070"/>
  <system-out/>
  <testcase classname="MonacoAdminPortalPKG.MWCApiTestclass" name="MWCAdminRestApiTest" time="0.251"/>
  <system-out/>
  <testcase classname="MonacoAdminPortalPKG.MWCApiTestclass" name="MWCAdminRestApiTest" time="0.178"/>
  <system-out/>
  <testcase classname="MonacoAdminPortalPKG.MWCApiTestclass" name="MWCAdminRestApiTest" time="0.139"/>
  <system-out/>
  <testcase classname="MonacoAdminPortalPKG.MWCApiTestclass" name="MWCAdminRestApiTest" time="0.286"/>
  <system-out/>
  <testcase classname="MonacoAdminPortalPKG.MWCApiTestclass" name="MWCAdminRestApiTest" time="0.100"/>
  <system-out/>
  <testcase classname="MonacoAdminPortalPKG.MWCApiTestclass" name="MWCAdminRestApiTest" time="0.161"/>
  <system-out/>
  <testcase classname="MonacoAdminPortalPKG.MWCApiTestclass" name="MWCAdminRestApiTest" time="0.220"/>
  <system-out/>
  <testcase classname="MonacoAdminPortalPKG.MWCApiTestclass" name="MWCAdminRestApiTest" time="0.141"/>
  <system-out/>
  <testcase classname="MonacoAdminPortalPKG.MWCApiTestclass" name="MWCAdminRestApiTest" time="0.059"/>
  <system-out/>
  <testcase classname="MonacoAdminPortalPKG.MWCApiTestclass" name="MWCAdminRestApiTest" time="0.047"/>
  <system-out/>
  <testcase classname="MonacoAdminPortalPKG.MWCApiTestclass" name="MWCAdminRestApiTest" time="0.171"/>
  <system-out/>
  <testcase classname="MonacoAdminPortalPKG.MWCApiTestclass" name="MWCAdminRestApiTest" time="0.164"/>
  <system-out/>
  <testcase classname="MonacoAdminPortalPKG.MWCApiTestclass" name="MWCAdminRestApiTest" time="0.190"/>
  <system-out/>
  <testcase classname="MonacoAdminPortalPKG.MWCApiTestclass" name="MWCAdminRestApiTest" time="0.160"/>
  <system-out/>
  <testcase classname="MonacoAdminPortalPKG.MWCApiTestclass" name="MWCAdminRestApiTest" time="0.162"/>
  <system-out/>
  <testcase classname="MonacoAdminPortalPKG.MWCApiTestclass" name="MWCAdminRestApiTest" time="0.150"/>
  <system-out/>
  <testcase classname="MonacoAdminPortalPKG.MWCApiTestclass" name="MWCAdminRestApiTest" time="0.128"/>
  <system-out/>
  <testcase classname="MonacoAdminPortalPKG.MWCApiTestclass" name="MWCAdminRestApiTest" time="0.132"/>
  <system-out/>
  <testcase classname="MonacoAdminPortalPKG.MWCApiTestclass" name="MWCAdminRestApiTest" time="0.216"/>
  <system-out/>
  <testcase classname="MonacoAdminPortalPKG.MWCApiTestclass" name="MWCAdminRestApiTest" time="0.134"/>
  <system-out/>
  <testcase classname="MonacoAdminPortalPKG.MWCApiTestclass" name="MWCAdminRestApiTest" time="0.312"/>
  <system-out/>
  <testcase classname="MonacoAdminPortalPKG.MWCApiTestclass" name="MWCAdminRestApiTest" time="0.055"/>
  <system-out/>
  <testcase classname="MonacoAdminPortalPKG.MWCApiTestclass" name="MWCAdminRestApiTest" time="0.387"/>
  <system-out/>
  <testcase classname="MonacoAdminPortalPKG.MWCApiTestclass" name="MWCAdminRestApiTest" time="0.095"/>
  <system-out/>
  <testcase classname="MonacoAdminPortalPKG.MWCApiTestclass" name="MWCAdminRestApiTest" time="0.249"/>
  <system-out/>
  <testcase classname="MonacoAdminPortalPKG.MWCApiTestclass" name="MWCAdminRestApiTest" time="0.189"/>
  <system-out/>
  <testcase classname="MonacoAdminPortalPKG.MWCApiTestclass" name="MWCAdminRestApiTest" time="0.151"/>
  <system-out/>
  <testcase classname="MonacoAdminPortalPKG.MWCApiTestclass" name="MWCAdminRestApiTest" time="0.293"/>
  <system-out/>
  <testcase classname="MonacoAdminPortalPKG.MWCApiTestclass" name="MWCAdminRestApiTest" time="0.200"/>
  <system-out/>
  <testcase classname="MonacoAdminPortalPKG.MWCApiTestclass" name="MWCAdminRestApiTest" time="0.204"/>
  <system-out/>
  <testcase classname="MonacoAdminPortalPKG.MWCApiTestclass" name="MWCAdminRestApiTest" time="2.671"/>
  <system-out/>
  <testcase classname="MonacoAdminPortalPKG.MWCApiTestclass" name="MWCAdminRestApiTest" time="0.338"/>
  <system-out/>
  <testcase classname="MonacoAdminPortalPKG.MWCApiTestclass" name="MWCAdminRestApiTest" time="0.193"/>
  <system-out/>
  <testcase classname="MonacoAdminPortalPKG.MWCApiTestclass" name="MWCAdminRestApiTest" time="0.167"/>
  <system-out/>
  <testcase classname="MonacoAdminPortalPKG.MWCApiTestclass" name="MWCAdminRestApiTest" time="0.163"/>
  <system-out/>
  <testcase classname="MonacoAdminPortalPKG.MWCApiTestclass" name="MWCAdminRestApiTest" time="0.072"/>
  <system-out/>
  <testcase classname="MonacoAdminPortalPKG.MWCApiTestclass" name="MWCAdminRestApiTest" time="0.199"/>
  <system-out/>
  <testcase classname="MonacoAdminPortalPKG.MWCApiTestclass" name="MWCAdminRestApiTest" time="0.158"/>
  <system-out/>
  <testcase classname="MonacoAdminPortalPKG.MWCApiTestclass" name="MWCAdminRestApiTest" time="0.149"/>
  <system-out/>
  <testcase classname="MonacoAdminPortalPKG.MWCApiTestclass" name="MWCAdminRestApiTest" time="0.243"/>
  <system-out/>
  <testcase classname="MonacoAdminPortalPKG.MWCApiTestclass" name="MWCAdminRestApiTest" time="0.158"/>
  <system-out/>
  <testcase classname="MonacoAdminPortalPKG.MWCApiTestclass" name="MWCAdminRestApiTest" time="0.181"/>
  <system-out/>
  <testcase classname="MonacoAdminPortalPKG.MWCApiTestclass" name="MWCAdminRestApiTest" time="0.189"/>
  <system-out/>
  <testcase classname="MonacoAdminPortalPKG.MWCApiTestclass" name="MWCAdminRestApiTest" time="0.179"/>
  <system-out/>
  <testcase classname="MonacoAdminPortalPKG.MWCApiTestclass" name="MWCAdminRestApiTest" time="0.302"/>
  <system-out/>
  <testcase classname="MonacoAdminPortalPKG.MWCApiTestclass" name="MWCAdminRestApiTest" time="0.479"/>
  <system-out/>
  <testcase classname="MonacoAdminPortalPKG.MWCApiTestclass" name="MWCAdminRestApiTest" time="0.130"/>
  <system-out/>
  <testcase classname="MonacoAdminPortalPKG.MWCApiTestclass" name="MWCAdminRestApiTest" time="0.172"/>
  <system-out/>
  <testcase classname="MonacoAdminPortalPKG.MWCApiTestclass" name="MWCAdminRestApiTest" time="0.136"/>
  <system-out/>
  <testcase classname="MonacoAdminPortalPKG.MWCApiTestclass" name="MWCAdminRestApiTest" time="0.198"/>
  <system-out/>
  <testcase classname="MonacoAdminPortalPKG.MWCApiTestclass" name="MWCAdminRestApiTest" time="0.309"/>
  <system-out/>
  <testcase classname="MonacoAdminPortalPKG.MWCApiTestclass" name="MWCAdminRestApiTest" time="0.121"/>
  <system-out/>
  <testcase classname="MonacoAdminPortalPKG.MWCApiTestclass" name="MWCAdminRestApiTest" time="0.127"/>
  <system-out/>
  <testcase classname="MonacoAdminPortalPKG.MWCApiTestclass" name="MWCAdminRestApiTest" time="0.280"/>
  <system-out/>
  <testcase classname="MonacoAdminPortalPKG.MWCApiTestclass" name="MWCAdminRestApiTest" time="0.166"/>
  <system-out/>
  <testcase classname="MonacoAdminPortalPKG.MWCApiTestclass" name="MWCAdminRestApiTest" time="0.240"/>
  <system-out/>
  <testcase classname="MonacoAdminPortalPKG.MWCApiTestclass" name="MWCAdminRestApiTest" time="0.290"/>
  <system-out/>
  <testcase classname="MonacoAdminPortalPKG.MWCApiTestclass" name="MWCAdminRestApiTest" time="0.054"/>
  <system-out/>
  <testcase classname="MonacoAdminPortalPKG.MWCApiTestclass" name="MWCAdminRestApiTest" time="0.198"/>
  <system-out/>
  <testcase classname="MonacoAdminPortalPKG.MWCApiTestclass" name="MWCAdminRestApiTest" time="0.047"/>
  <system-out/>
  <testcase classname="MonacoAdminPortalPKG.MWCApiTestclass" name="MWCAdminRestApiTest" time="0.185"/>
  <system-out/>
  <testcase classname="MonacoAdminPortalPKG.MWCApiTestclass" name="MWCAdminRestApiTest" time="0.085"/>
  <system-out/>
  <testcase classname="MonacoAdminPortalPKG.MWCApiTestclass" name="MWCAdminRestApiTest" time="0.133"/>
  <system-out/>
  <testcase classname="MonacoAdminPortalPKG.MWCApiTestclass" name="MWCAdminRestApiTest" time="0.067"/>
  <system-out/>
  <testcase classname="MonacoAdminPortalPKG.MWCApiTestclass" name="MWCAdminRestApiTest" time="0.217"/>
  <system-out/>
  <testcase classname="MonacoAdminPortalPKG.MWCApiTestclass" name="MWCAdminRestApiTest" time="0.253"/>
  <system-out/>
  <testcase classname="MonacoAdminPortalPKG.MWCApiTestclass" name="MWCAdminRestApiTest" time="0.180"/>
  <system-out/>
  <testcase classname="MonacoAdminPortalPKG.MWCApiTestclass" name="MWCAdminRestApiTest" time="0.194"/>
  <system-out/>
  <testcase classname="MonacoAdminPortalPKG.MWCApiTestclass" name="MWCAdminRestApiTest" time="0.133"/>
  <system-out/>
  <testcase classname="MonacoAdminPortalPKG.MWCApiTestclass" name="MWCAdminRestApiTest" time="0.432"/>
  <system-out/>
  <testcase classname="MonacoAdminPortalPKG.MWCApiTestclass" name="MWCAdminRestApiTest" time="0.148"/>
  <system-out/>
  <testcase classname="MonacoAdminPortalPKG.MWCApiTestclass" name="MWCAdminRestApiTest" time="0.183"/>
  <system-out/>
  <testcase classname="MonacoAdminPortalPKG.MWCApiTestclass" name="MWCAdminRestApiTest" time="0.025"/>
  <system-out/>
  <testcase classname="MonacoAdminPortalPKG.MWCApiTestclass" name="MWCAdminRestApiTest" time="0.204"/>
  <system-out/>
  <testcase classname="MonacoAdminPortalPKG.MWCApiTestclass" name="MWCAdminRestApiTest" time="0.131"/>
  <system-out/>
  <testcase classname="MonacoAdminPortalPKG.MWCApiTestclass" name="MWCAdminRestApiTest" time="0.146"/>
  <system-out/>
  <testcase classname="MonacoAdminPortalPKG.MWCApiTestclass" name="MWCAdminRestApiTest" time="0.121"/>
  <system-out/>
  <testcase classname="MonacoAdminPortalPKG.MWCApiTestclass" name="MWCAdminRestApiTest" time="0.193"/>
  <system-out/>
  <testcase classname="MonacoAdminPortalPKG.MWCApiTestclass" name="MWCAdminRestApiTest" time="0.073"/>
  <system-out/>
  <testcase classname="MonacoAdminPortalPKG.MWCApiTestclass" name="MWCAdminRestApiTest" time="0.085"/>
  <system-out/>
  <testcase classname="MonacoAdminPortalPKG.MWCApiTestclass" name="MWCAdminRestApiTest" time="0.383"/>
  <system-out/>
  <testcase classname="MonacoAdminPortalPKG.MWCApiTestclass" name="MWCAdminRestApiTest" time="0.242"/>
  <system-out/>
  <testcase classname="MonacoAdminPortalPKG.MWCApiTestclass" name="MWCAdminRestApiTest" time="0.110"/>
  <system-out/>
  <testcase classname="MonacoAdminPortalPKG.MWCApiTestclass" name="MWCAdminRestApiTest" time="0.148"/>
  <system-out/>
  <testcase classname="MonacoAdminPortalPKG.MWCApiTestclass" name="MWCAdminRestApiTest" time="0.292"/>
  <system-out/>
  <testcase classname="MonacoAdminPortalPKG.MWCApiTestclass" name="MWCAdminRestApiTest" time="0.569"/>
  <system-out/>
  <testcase classname="MonacoAdminPortalPKG.MWCApiTestclass" name="MWCAdminRestApiTest" time="0.148"/>
  <system-out/>
  <testcase classname="MonacoAdminPortalPKG.MWCApiTestclass" name="MWCAdminRestApiTest" time="0.119"/>
  <system-out/>
  <testcase classname="MonacoAdminPortalPKG.MWCApiTestclass" name="MWCAdminRestApiTest" time="0.217"/>
  <system-out/>
  <testcase classname="MonacoAdminPortalPKG.MWCApiTestclass" name="MWCAdminRestApiTest" time="0.044"/>
  <system-out/>
  <testcase classname="MonacoAdminPortalPKG.MWCApiTestclass" name="MWCAdminRestApiTest" time="0.188"/>
  <system-out/>
  <testcase classname="MonacoAdminPortalPKG.MWCApiTestclass" name="MWCAdminRestApiTest" time="0.125"/>
  <system-out/>
  <testcase classname="MonacoAdminPortalPKG.MWCApiTestclass" name="MWCAdminRestApiTest" time="0.033"/>
  <system-out/>
  <testcase classname="MonacoAdminPortalPKG.MWCApiTestclass" name="MWCAdminRestApiTest" time="0.159"/>
  <system-out/>
  <testcase classname="MonacoAdminPortalPKG.MWCApiTestclass" name="MWCAdminRestApiTest" time="0.127"/>
  <system-out/>
  <testcase classname="MonacoAdminPortalPKG.MWCApiTestclass" name="MWCAdminRestApiTest" time="0.142"/>
  <system-out/>
  <testcase classname="MonacoAdminPortalPKG.MWCApiTestclass" name="MWCAdminRestApiTest" time="0.434"/>
  <system-out/>
  <testcase classname="MonacoAdminPortalPKG.MWCApiTestclass" name="MWCAdminRestApiTest" time="0.249"/>
  <system-out/>
  <testcase classname="MonacoAdminPortalPKG.MWCApiTestclass" name="MWCAdminRestApiTest" time="0.255"/>
  <system-out/>
  <testcase classname="MonacoAdminPortalPKG.MWCApiTestclass" name="MWCAdminRestApiTest" time="0.153"/>
  <system-out/>
  <testcase classname="MonacoAdminPortalPKG.MWCApiTestclass" name="MWCAdminRestApiTest" time="0.192"/>
  <system-out/>
  <testcase classname="MonacoAdminPortalPKG.MWCApiTestclass" name="MWCAdminRestApiTest" time="0.170"/>
  <system-out/>
  <testcase classname="MonacoAdminPortalPKG.MWCApiTestclass" name="MWCAdminRestApiTest" time="0.266"/>
  <system-out/>
  <testcase classname="MonacoAdminPortalPKG.MWCApiTestclass" name="MWCAdminRestApiTest" time="0.226"/>
  <system-out/>
  <testcase classname="MonacoAdminPortalPKG.MWCApiTestclass" name="MWCAdminRestApiTest" time="0.063"/>
  <system-out/>
  <testcase classname="MonacoAdminPortalPKG.MWCApiTestclass" name="MWCAdminRestApiTest" time="0.157"/>
  <system-out/>
  <testcase classname="MonacoAdminPortalPKG.MWCApiTestclass" name="MWCAdminRestApiTest" time="0.224"/>
  <system-out/>
  <testcase classname="MonacoAdminPortalPKG.MWCApiTestclass" name="MWCAdminRestApiTest" time="0.404"/>
  <system-out/>
  <testcase classname="MonacoAdminPortalPKG.MWCApiTestclass" name="MWCAdminRestApiTest" time="0.086"/>
  <system-out/>
  <testcase classname="MonacoAdminPortalPKG.MWCApiTestclass" name="MWCAdminRestApiTest" time="0.171"/>
  <system-out/>
  <testcase classname="MonacoAdminPortalPKG.MWCApiTestclass" name="MWCAdminRestApiTest" time="0.161"/>
  <system-out/>
  <testcase classname="MonacoAdminPortalPKG.MWCApiTestclass" name="MWCAdminRestApiTest" time="0.182"/>
  <system-out/>
  <testcase classname="MonacoAdminPortalPKG.MWCApiTestclass" name="MWCAdminRestApiTest" time="0.044"/>
  <system-out/>
  <testcase classname="MonacoAdminPortalPKG.MWCApiTestclass" name="MWCAdminRestApiTest" time="0.154"/>
  <system-out/>
  <testcase classname="MonacoAdminPortalPKG.MWCApiTestclass" name="MWCAdminRestApiTest" time="0.180"/>
  <system-out/>
  <testcase classname="MonacoAdminPortalPKG.MWCApiTestclass" name="MWCAdminRestApiTest" time="0.120"/>
  <system-out/>
  <testcase classname="MonacoAdminPortalPKG.MWCApiTestclass" name="MWCAdminRestApiTest" time="0.166"/>
  <system-out/>
  <testcase classname="MonacoAdminPortalPKG.MWCApiTestclass" name="MWCAdminRestApiTest" time="0.249"/>
  <system-out/>
  <testcase classname="MonacoAdminPortalPKG.MWCApiTestclass" name="MWCAdminRestApiTest" time="0.252"/>
  <system-out/>
  <testcase classname="MonacoAdminPortalPKG.MWCApiTestclass" name="MWCAdminRestApiTest" time="0.149"/>
  <system-out/>
  <testcase classname="MonacoAdminPortalPKG.MWCApiTestclass" name="MWCAdminRestApiTest" time="0.225"/>
  <system-out/>
  <testcase classname="MonacoAdminPortalPKG.MWCApiTestclass" name="MWCAdminRestApiTest" time="0.193"/>
  <system-out/>
  <testcase classname="MonacoAdminPortalPKG.MWCApiTestclass" name="MWCAdminRestApiTest" time="0.059"/>
  <system-out/>
  <testcase classname="MonacoAdminPortalPKG.MWCApiTestclass" name="MWCAdminRestApiTest" time="0.082"/>
  <system-out/>
  <testcase classname="MonacoAdminPortalPKG.MWCApiTestclass" name="MWCAdminRestApiTest" time="0.080"/>
  <system-out/>
  <testcase classname="MonacoAdminPortalPKG.MWCApiTestclass" name="MWCAdminRestApiTest" time="0.262"/>
  <system-out/>
  <testcase classname="MonacoAdminPortalPKG.MWCApiTestclass" name="MWCAdminRestApiTest" time="0.181"/>
  <system-out/>
  <testcase classname="MonacoAdminPortalPKG.MWCApiTestclass" name="MWCAdminRestApiTest" time="0.056"/>
  <system-out/>
  <testcase classname="MonacoAdminPortalPKG.MWCApiTestclass" name="MWCAdminRestApiTest" time="0.145"/>
  <system-out/>
  <testcase classname="MonacoAdminPortalPKG.MWCApiTestclass" name="MWCAdminRestApiTest" time="0.032"/>
  <system-out/>
  <testcase classname="MonacoAdminPortalPKG.MWCApiTestclass" name="MWCAdminRestApiTest" time="0.197"/>
  <system-out/>
  <testcase classname="MonacoAdminPortalPKG.MWCApiTestclass" name="MWCAdminRestApiTest" time="0.056"/>
  <system-out/>
  <testcase classname="MonacoAdminPortalPKG.MWCApiTestclass" name="MWCAdminRestApiTest" time="0.143"/>
  <system-out/>
  <testcase classname="MonacoAdminPortalPKG.MWCApiTestclass" name="MWCAdminRestApiTest" time="0.060"/>
  <system-out/>
  <testcase classname="MonacoAdminPortalPKG.MWCApiTestclass" name="MWCAdminRestApiTest" time="0.245"/>
  <system-out/>
  <testcase classname="MonacoAdminPortalPKG.MWCApiTestclass" name="MWCAdminRestApiTest" time="0.155"/>
  <system-out/>
  <testcase classname="MonacoAdminPortalPKG.MWCApiTestclass" name="MWCAdminRestApiTest" time="0.041"/>
  <system-out/>
  <testcase classname="MonacoAdminPortalPKG.MWCApiTestclass" name="MWCAdminRestApiTest" time="0.154"/>
  <system-out/>
  <testcase classname="MonacoAdminPortalPKG.MWCApiTestclass" name="MWCAdminRestApiTest" time="0.209"/>
  <system-out/>
  <testcase classname="MonacoAdminPortalPKG.MWCApiTestclass" name="MWCAdminRestApiTest" time="0.049"/>
  <system-out/>
  <testcase classname="MonacoAdminPortalPKG.MWCApiTestclass" name="MWCAdminRestApiTest" time="0.160"/>
  <system-out/>
  <testcase classname="MonacoAdminPortalPKG.MWCApiTestclass" name="MWCAdminRestApiTest" time="0.240"/>
  <system-out/>
  <testcase classname="MonacoAdminPortalPKG.MWCApiTestclass" name="MWCAdminRestApiTest" time="0.221"/>
  <system-out/>
  <testcase classname="MonacoAdminPortalPKG.MWCApiTestclass" name="MWCAdminRestApiTest" time="0.112"/>
  <system-out/>
  <testcase classname="MonacoAdminPortalPKG.MWCApiTestclass" name="MWCAdminRestApiTest" time="0.249"/>
  <system-out/>
  <testcase classname="MonacoAdminPortalPKG.MWCApiTestclass" name="MWCAdminRestApiTest" time="0.210"/>
  <system-out/>
  <testcase classname="MonacoAdminPortalPKG.MWCApiTestclass" name="MWCAdminRestApiTest" time="0.228"/>
  <system-out/>
  <testcase classname="MonacoAdminPortalPKG.MWCApiTestclass" name="MWCAdminRestApiTest" time="0.303"/>
  <system-out/>
  <testcase classname="MonacoAdminPortalPKG.MWCApiTestclass" name="MWCAdminRestApiTest" time="0.295"/>
  <system-out/>
  <testcase classname="MonacoAdminPortalPKG.MWCApiTestclass" name="MWCAdminRestApiTest" time="0.192"/>
  <system-out/>
  <testcase classname="MonacoAdminPortalPKG.MWCApiTestclass" name="MWCAdminRestApiTest" time="0.139"/>
  <system-out/>
  <testcase classname="MonacoAdminPortalPKG.MWCApiTestclass" name="MWCAdminRestApiTest" time="0.151"/>
  <system-out/>
  <testcase classname="MonacoAdminPortalPKG.MWCApiTestclass" name="MWCAdminRestApiTest" time="0.226"/>
  <system-out/>
  <testcase classname="MonacoAdminPortalPKG.MWCApiTestclass" name="MWCAdminRestApiTest" time="8.125"/>
  <system-out/>
  <testcase classname="MonacoAdminPortalPKG.MWCApiTestclass" name="MWCAdminRestApiTest" time="0.121"/>
  <system-out/>
  <testcase classname="MonacoAdminPortalPKG.MWCApiTestclass" name="MWCAdminRestApiTest" time="0.189"/>
  <system-out/>
  <testcase classname="MonacoAdminPortalPKG.MWCApiTestclass" name="MWCAdminRestApiTest" time="0.095"/>
  <system-out/>
  <testcase classname="MonacoAdminPortalPKG.MWCApiTestclass" name="MWCAdminRestApiTest" time="0.145"/>
  <system-out/>
  <testcase classname="MonacoAdminPortalPKG.MWCApiTestclass" name="MWCAdminRestApiTest" time="0.279"/>
  <system-out/>
  <testcase classname="MonacoAdminPortalPKG.MWCApiTestclass" name="MWCAdminRestApiTest" time="0.114"/>
  <system-out/>
  <testcase classname="MonacoAdminPortalPKG.MWCApiTestclass" name="MWCAdminRestApiTest" time="0.117"/>
  <system-out/>
  <testcase classname="MonacoAdminPortalPKG.MWCApiTestclass" name="MWCAdminRestApiTest" time="0.186"/>
  <system-out/>
  <testcase classname="MonacoAdminPortalPKG.MWCApiTestclass" name="MWCAdminRestApiTest" time="0.128"/>
  <system-out/>
  <testcase classname="MonacoAdminPortalPKG.MWCApiTestclass" name="MWCAdminRestApiTest" time="0.026"/>
  <system-out/>
  <testcase classname="MonacoAdminPortalPKG.MWCApiTestclass" name="MWCAdminRestApiTest" time="0.253"/>
  <system-out/>
  <testcase classname="MonacoAdminPortalPKG.MWCApiTestclass" name="MWCAdminRestApiTest" time="0.053"/>
  <system-out/>
  <testcase classname="MonacoAdminPortalPKG.MWCApiTestclass" name="MWCAdminRestApiTest" time="0.111"/>
  <system-out/>
  <testcase classname="MonacoAdminPortalPKG.MWCApiTestclass" name="MWCAdminRestApiTest" time="0.239"/>
  <system-out/>
  <testcase classname="MonacoAdminPortalPKG.MWCApiTestclass" name="MWCAdminRestApiTest" time="0.177"/>
  <system-out/>
  <testcase classname="MonacoAdminPortalPKG.MWCApiTestclass" name="MWCAdminRestApiTest" time="0.159"/>
  <system-out/>
  <testcase classname="MonacoAdminPortalPKG.MWCApiTestclass" name="MWCAdminRestApiTest" time="0.344"/>
  <system-out/>
  <testcase classname="MonacoAdminPortalPKG.MWCApiTestclass" name="MWCAdminRestApiTest" time="0.069"/>
  <system-out/>
  <testcase classname="MonacoAdminPortalPKG.MWCApiTestclass" name="MWCAdminRestApiTest" time="0.257"/>
  <system-out/>
  <testcase classname="MonacoAdminPortalPKG.MWCApiTestclass" name="MWCAdminRestApiTest" time="0.179"/>
  <system-out/>
  <testcase classname="MonacoAdminPortalPKG.MWCApiTestclass" name="MWCAdminRestApiTest" time="0.222"/>
  <system-out/>
  <testcase classname="MonacoAdminPortalPKG.MWCApiTestclass" name="MWCAdminRestApiTest" time="0.114"/>
  <system-out/>
  <testcase classname="MonacoAdminPortalPKG.MWCApiTestclass" name="MWCAdminRestApiTest" time="0.130"/>
  <system-out/>
  <testcase classname="MonacoAdminPortalPKG.MWCApiTestclass" name="MWCAdminRestApiTest" time="0.277"/>
  <system-out/>
  <testcase classname="MonacoAdminPortalPKG.MWCApiTestclass" name="MWCAdminRestApiTest" time="0.170"/>
  <system-out/>
  <testcase classname="MonacoAdminPortalPKG.MWCApiTestclass" name="MWCAdminRestApiTest" time="0.275"/>
  <system-out/>
  <testcase classname="MonacoAdminPortalPKG.MWCApiTestclass" name="MWCAdminRestApiTest" time="0.327"/>
  <system-out/>
  <testcase classname="MonacoAdminPortalPKG.MWCApiTestclass" name="MWCAdminRestApiTest" time="0.058"/>
  <system-out/>
  <testcase classname="MonacoAdminPortalPKG.MWCApiTestclass" name="MWCAdminRestApiTest" time="0.199"/>
  <system-out/>
  <testcase classname="MonacoAdminPortalPKG.MWCApiTestclass" name="MWCAdminRestApiTest" time="0.137"/>
  <system-out/>
  <testcase classname="MonacoAdminPortalPKG.MWCApiTestclass" name="MWCAdminRestApiTest" time="0.526"/>
  <system-out/>
  <testcase classname="MonacoAdminPortalPKG.MWCApiTestclass" name="MWCAdminRestApiTest" time="0.161"/>
  <system-out/>
  <testcase classname="MonacoAdminPortalPKG.MWCApiTestclass" name="MWCAdminRestApiTest" time="0.113"/>
  <system-out/>
  <testcase classname="MonacoAdminPortalPKG.MWCApiTestclass" name="MWCAdminRestApiTest" time="0.328"/>
  <system-out/>
  <testcase classname="MonacoAdminPortalPKG.MWCApiTestclass" name="MWCAdminRestApiTest" time="0.136"/>
  <system-out/>
  <testcase classname="MonacoAdminPortalPKG.MWCApiTestclass" name="MWCAdminRestApiTest" time="0.207"/>
  <system-out/>
  <testcase classname="MonacoAdminPortalPKG.MWCApiTestclass" name="MWCAdminRestApiTest" time="0.181"/>
  <system-out/>
  <testcase classname="MonacoAdminPortalPKG.MWCApiTestclass" name="MWCAdminRestApiTest" time="0.241"/>
  <system-out/>
  <testcase classname="MonacoAdminPortalPKG.MWCApiTestclass" name="MWCAdminRestApiTest" time="0.051"/>
  <system-out/>
  <testcase classname="MonacoAdminPortalPKG.MWCApiTestclass" name="MWCAdminRestApiTest" time="0.184"/>
  <system-out/>
  <testcase classname="MonacoAdminPortalPKG.MWCApiTestclass" name="MWCAdminRestApiTest" time="0.053"/>
  <system-out/>
  <testcase classname="MonacoAdminPortalPKG.MWCApiTestclass" name="MWCAdminRestApiTest" time="0.095"/>
  <system-out/>
  <testcase classname="MonacoAdminPortalPKG.MWCApiTestclass" name="MWCAdminRestApiTest" time="0.208"/>
  <system-out/>
  <testcase classname="MonacoAdminPortalPKG.MWCApiTestclass" name="MWCAdminRestApiTest" time="0.135"/>
  <system-out/>
  <testcase classname="MonacoAdminPortalPKG.MWCApiTestclass" name="MWCAdminRestApiTest" time="0.070"/>
  <system-out/>
  <testcase classname="MonacoAdminPortalPKG.MWCApiTestclass" name="MWCAdminRestApiTest" time="0.138"/>
  <system-out/>
  <testcase classname="MonacoAdminPortalPKG.MWCApiTestclass" name="MWCAdminRestApiTest" time="0.774"/>
  <system-out/>
  <testcase classname="MonacoAdminPortalPKG.MWCApiTestclass" name="MWCAdminRestApiTest" time="0.198"/>
  <system-out/>
  <testcase classname="MonacoAdminPortalPKG.MWCApiTestclass" name="MWCAdminRestApiTest" time="0.400"/>
  <system-out/>
  <testcase classname="MonacoAdminPortalPKG.MWCApiTestclass" name="MWCAdminRestApiTest" time="0.492"/>
  <system-out/>
  <testcase classname="MonacoAdminPortalPKG.MWCApiTestclass" name="MWCAdminRestApiTest" time="0.154"/>
  <system-out/>
  <testcase classname="MonacoAdminPortalPKG.MWCApiTestclass" name="MWCAdminRestApiTest" time="0.133"/>
  <system-out/>
  <testcase classname="MonacoAdminPortalPKG.MWCApiTestclass" name="MWCAdminRestApiTest" time="0.099"/>
  <system-out/>
  <testcase classname="MonacoAdminPortalPKG.MWCApiTestclass" name="MWCAdminRestApiTest" time="0.110"/>
  <system-out/>
  <testcase classname="MonacoAdminPortalPKG.MWCApiTestclass" name="MWCAdminRestApiTest" time="0.181"/>
  <system-out/>
  <testcase classname="MonacoAdminPortalPKG.MWCApiTestclass" name="MWCAdminRestApiTest" time="0.124"/>
  <system-out/>
  <testcase classname="MonacoAdminPortalPKG.MWCApiTestclass" name="MWCAdminRestApiTest" time="0.167"/>
  <system-out/>
  <testcase classname="MonacoAdminPortalPKG.MWCApiTestclass" name="MWCAdminRestApiTest" time="0.083"/>
  <system-out/>
  <testcase classname="MonacoAdminPortalPKG.MWCApiTestclass" name="MWCAdminRestApiTest" time="0.326"/>
  <system-out/>
  <testcase classname="MonacoAdminPortalPKG.MWCApiTestclass" name="MWCAdminRestApiTest" time="0.229"/>
  <system-out/>
  <testcase classname="MonacoAdminPortalPKG.MWCApiTestclass" name="MWCAdminRestApiTest" time="0.044"/>
  <system-out/>
  <testcase classname="MonacoAdminPortalPKG.MWCApiTestclass" name="MWCAdminRestApiTest" time="0.139"/>
  <system-out/>
  <testcase classname="MonacoAdminPortalPKG.MWCApiTestclass" name="MWCAdminRestApiTest" time="0.035"/>
  <system-out/>
  <testcase classname="MonacoAdminPortalPKG.MWCApiTestclass" name="MWCAdminRestApiTest" time="0.375"/>
  <system-out/>
  <testcase classname="MonacoAdminPortalPKG.MWCApiTestclass" name="MWCAdminRestApiTest" time="0.090"/>
  <system-out/>
  <testcase classname="MonacoAdminPortalPKG.MWCApiTestclass" name="MWCAdminRestApiTest" time="0.167"/>
  <system-out/>
  <testcase classname="MonacoAdminPortalPKG.MWCApiTestclass" name="MWCAdminRestApiTest" time="0.252"/>
  <system-out/>
  <testcase classname="MonacoAdminPortalPKG.MWCApiTestclass" name="MWCAdminRestApiTest" time="0.161"/>
  <system-out/>
  <testcase classname="MonacoAdminPortalPKG.MWCApiTestclass" name="MWCAdminRestApiTest" time="0.205"/>
  <system-out/>
  <testcase classname="MonacoAdminPortalPKG.MWCApiTestclass" name="MWCAdminRestApiTest" time="0.070"/>
  <system-out/>
  <testcase classname="MonacoAdminPortalPKG.MWCApiTestclass" name="MWCAdminRestApiTest" time="0.116"/>
  <system-out/>
  <testcase classname="MonacoAdminPortalPKG.MWCApiTestclass" name="MWCAdminRestApiTest" time="0.246"/>
  <system-out/>
  <testcase classname="MonacoAdminPortalPKG.MWCApiTestclass" name="MWCAdminRestApiTest" time="0.193"/>
  <system-out/>
  <testcase classname="MonacoAdminPortalPKG.MWCApiTestclass" name="MWCAdminRestApiTest" time="0.285"/>
  <system-out/>
  <testcase classname="MonacoAdminPortalPKG.MWCApiTestclass" name="MWCAdminRestApiTest" time="0.171"/>
  <system-out/>
  <testcase classname="MonacoAdminPortalPKG.MWCApiTestclass" name="MWCAdminRestApiTest" time="0.136"/>
  <system-out/>
  <testcase classname="MonacoAdminPortalPKG.MWCApiTestclass" name="MWCAdminRestApiTest" time="0.057"/>
  <system-out/>
  <testcase classname="MonacoAdminPortalPKG.MWCApiTestclass" name="MWCAdminRestApiTest" time="0.177"/>
  <system-out/>
  <testcase classname="MonacoAdminPortalPKG.MWCApiTestclass" name="MWCAdminRestApiTest" time="0.153"/>
  <system-out/>
  <testcase classname="MonacoAdminPortalPKG.MWCApiTestclass" name="MWCAdminRestApiTest" time="0.257"/>
  <system-out/>
  <testcase classname="MonacoAdminPortalPKG.MWCApiTestclass" name="MWCAdminRestApiTest" time="0.306"/>
  <system-out/>
  <testcase classname="MonacoAdminPortalPKG.MWCApiTestclass" name="MWCAdminRestApiTest" time="0.165"/>
  <system-out/>
  <testcase classname="MonacoAdminPortalPKG.MWCApiTestclass" name="MWCAdminRestApiTest" time="0.178"/>
  <system-out/>
  <testcase classname="MonacoAdminPortalPKG.MWCApiTestclass" name="MWCAdminRestApiTest" time="0.132"/>
  <system-out/>
  <testcase classname="MonacoAdminPortalPKG.MWCApiTestclass" name="MWCAdminRestApiTest" time="0.047"/>
  <system-out/>
  <testcase classname="MonacoAdminPortalPKG.MWCApiTestclass" name="MWCAdminRestApiTest" time="0.210"/>
  <system-out/>
  <testcase classname="MonacoAdminPortalPKG.MWCApiTestclass" name="MWCAdminRestApiTest" time="0.167"/>
  <system-out/>
  <testcase classname="MonacoAdminPortalPKG.MWCApiTestclass" name="MWCAdminRestApiTest" time="0.384"/>
  <system-out/>
  <testcase classname="MonacoAdminPortalPKG.MWCApiTestclass" name="MWCAdminRestApiTest" time="0.185"/>
  <system-out/>
  <testcase classname="MonacoAdminPortalPKG.MWCApiTestclass" name="MWCAdminRestApiTest" time="0.155"/>
  <system-out/>
  <testcase classname="MonacoAdminPortalPKG.MWCApiTestclass" name="MWCAdminRestApiTest" time="0.087"/>
  <system-out/>
  <testcase classname="MonacoAdminPortalPKG.MWCApiTestclass" name="MWCAdminRestApiTest" time="0.306"/>
  <system-out/>
  <testcase classname="MonacoAdminPortalPKG.MWCApiTestclass" name="MWCAdminRestApiTest" time="0.112"/>
  <system-out/>
  <testcase classname="MonacoAdminPortalPKG.MWCApiTestclass" name="MWCAdminRestApiTest" time="0.184"/>
  <system-out/>
  <testcase classname="MonacoAdminPortalPKG.MWCApiTestclass" name="MWCAdminRestApiTest" time="0.164"/>
  <system-out/>
  <testcase classname="MonacoAdminPortalPKG.MWCApiTestclass" name="MWCAdminRestApiTest" time="0.136"/>
  <system-out/>
  <testcase classname="MonacoAdminPortalPKG.MWCApiTestclass" name="MWCAdminRestApiTest" time="0.058"/>
  <system-out/>
  <testcase classname="MonacoAdminPortalPKG.MWCApiTestclass" name="MWCAdminRestApiTest" time="0.083"/>
  <system-out/>
</testsuite> <!-- MonacoAdminPortalPKG.MWCApiTestclass -->
